==================================================
 Volatility 3 Feature Extraction
 Family:    WannaCry
 Snapshot:  /mnt/d/Patrick/VMSnapshots/WannaCry_20260326_193131/T030_rep01/WannaCry_T030_rep01.vmem
 Started:   2026-03-29 14:45:15
==================================================

[+] Running windows.pstree to find WannaCry PIDs (hints: ['wannacry', 'tasksche', 'mssecsvc'])...
==================================================
 Volatility 3 Feature Extraction
 Family:    WannaCry
 Snapshot:  /mnt/d/Patrick/VMSnapshots/WannaCry_20260326_193131/T030_rep01/WannaCry_T030_rep01.vmem
 Started:   2026-03-29 14:47:50
==================================================

[+] Running windows.pstree to find WannaCry PIDs (hints: ['wannacry', 'tasksche', 'mssecsvc'])...
==================================================
 Volatility 3 Feature Extraction
 Family:    WannaCry
 Snapshot:  /mnt/d/Patrick/VMSnapshots/WannaCry_20260326_193131/T030_rep01/WannaCry_T030_rep01.vmem
 Started:   2026-03-29 19:22:49
==================================================

[+] Running windows.pstree to find WannaCry PIDs (hints: ['wannacry', 'tasksche', 'mssecsvc'])...
    -> Parsed 96 processes
    [+] Found WannaCry process: WannaCry.exe PID=7984
    [+] Added child: @WanaDecryptor PID=5528
    [+] Added child: taskhsvc.exe PID=5636
    [+] Added child: conhost.exe PID=6112
    [+] Total WannaCry PIDs: ['5528', '5636', '6112', '7984']

[+] Running windows.pslist...
    4 rows

[+] Running windows.psscan...
    4 rows

[+] Running windows.cmdline...
    4 rows

[+] Running windows.dlllist...
    136 rows

[+] Running windows.ldrmodules...
    138 rows

[+] Running windows.malfind...
    4 rows

[+] Running windows.vadinfo...
==================================================
 Volatility 3 Feature Extraction
 Family:    WannaCry
 Snapshot:  /mnt/d/Patrick/VMSnapshots/WannaCry_20260326_193131/T030_rep01/WannaCry_T030_rep01.vmem
 Started:   2026-03-29 19:26:12
==================================================

[+] Running windows.pstree to find WannaCry PIDs (hints: ['wannacry', 'tasksche', 'mssecsvc'])...
    -> Parsed 96 processes
    [+] Found WannaCry process: WannaCry.exe PID=7984
    [+] Added child: @WanaDecryptor PID=5528
    [+] Added child: taskhsvc.exe PID=5636
    [+] Added child: conhost.exe PID=6112
    [+] Total WannaCry PIDs: ['5528', '5636', '6112', '7984']

[+] Running windows.pslist...
    4 rows

[+] Running windows.psscan...
    4 rows

[+] Running windows.cmdline...
    4 rows

[+] Running windows.dlllist...
    136 rows

[+] Running windows.ldrmodules...
    138 rows

[+] Running windows.malfind...
    4 rows

[+] Running windows.vadinfo...
    334 rows

[+] Running windows.handles...
    633 rows

[+] Running windows.filescan...
    4040 rows

[+] Running windows.svcscan...
    49087 rows

[+] Running windows.privileges...
    140 rows

[+] Running windows.netstat...
    3 rows

[✓] CSV saved: /mnt/d/Patrick/VMSnapshots/WannaCry_20260326_193131/T030_rep01/vol3_combined.csv
[✓] Total rows: 54527
[+] Done. Total time: 0:11:44.392797
[+] Output directory: /mnt/d/Patrick/VMSnapshots/WannaCry_20260326_193131/T030_rep01
