==================================================
 Volatility 3 Feature Extraction
 Family:    Jigsaw
 Snapshot:  /mnt/d/Patrick/VMSnapshots/Jigsaw_20260326_171020/T120_rep01/Jigsaw_T120_rep01.vmem
 Started:   2026-03-29 16:20:39
==================================================

[+] Running windows.pstree to find Jigsaw PIDs (hints: ['jigsaw'])...
    -> Parsed 88 processes
    [!] No Jigsaw processes found. Running without PID filter.

[+] Running windows.pslist...
    88 rows

[+] Running windows.psscan...
    90 rows

[+] Running windows.cmdline...
    88 rows

[+] Running windows.dlllist...
    4955 rows

[+] Running windows.ldrmodules...
    124 rows

[+] Running windows.malfind...
    10 rows

[+] Running windows.vadinfo...
    15726 rows

[+] Running windows.handles...
    36943 rows

[+] Running windows.filescan...
    4180 rows

[+] Running windows.svcscan...
    1412 rows

[+] Running windows.privileges...
    3080 rows

[+] Running windows.netstat...
    41 rows

[✓] CSV saved: /mnt/d/Patrick/VMSnapshots/Jigsaw_20260326_171020/T120_rep01/vol3_combined.csv
[✓] Total rows: 66737
[+] Done. Total time: 0:07:57.953538
[+] Output directory: /mnt/d/Patrick/VMSnapshots/Jigsaw_20260326_171020/T120_rep01
