==================================================
 Volatility 3 Feature Extraction
 Family:    Jigsaw
 Snapshot:  /mnt/d/Patrick/VMSnapshots/Jigsaw_20260330_052031/T060_rep04/Jigsaw_T060_rep04.vmem
 Started:   2026-03-30 15:46:03
==================================================

[+] Running windows.pstree to find Jigsaw PIDs (hints: ['jigsaw'])...
    -> Parsed 88 processes
    [!] No Jigsaw processes found. Running without PID filter.
[+] Done: windows.netstat
[+] Done: windows.privileges
[+] Done: windows.pslist
[+] Done: windows.cmdline
[+] Done: windows.dlllist
[+] Done: windows.svcscan
[+] Done: windows.psscan
[+] Done: windows.ldrmodules
[+] Done: windows.filescan
[+] Done: windows.handles
[+] Done: windows.malfind
[+] Done: windows.vadinfo
    windows.pslist: 88 rows
    windows.psscan: 100 rows
    windows.cmdline: 88 rows
    windows.dlllist: 4937 rows
    windows.ldrmodules: 19 rows
    windows.malfind: 4 rows
    windows.vadinfo: 16263 rows
    windows.handles: 36727 rows
    windows.filescan: 5649 rows
    windows.svcscan: 1380 rows
    windows.privileges: 3080 rows
    windows.netstat: 40 rows

[✓] CSV saved: /mnt/d/Patrick/VMSnapshots/Jigsaw_20260330_052031/T060_rep04/vol3_combined.csv
[✓] Total rows: 68375
[+] Done. Total time: 0:03:35.601688
[+] Output directory: /mnt/d/Patrick/VMSnapshots/Jigsaw_20260330_052031/T060_rep04
