==================================================
 Volatility 3 Feature Extraction
 Family:    Benign
 Snapshot:  /mnt/d/Patrick/VMSnapshots/Datasets/Benign_20260409_121408/T030_rep03/Benign_T030_rep03_130311.vmem
 Started:   2026-04-09 17:36:16
==================================================

[+] Benign family — no PID filter, capturing all processes.
[+] Done: windows.pslist
[+] Done: windows.netstat
[+] Done: windows.privileges
[+] Done: windows.cmdline
[+] Done: windows.dlllist
[+] Done: windows.svcscan
[+] Done: windows.psscan
[+] Done: windows.ldrmodules
[+] Done: windows.filescan
[+] Done: windows.handles
[+] Done: windows.malfind
[+] Done: windows.vadinfo
    windows.pslist: 97 rows
    windows.psscan: 109 rows
    windows.cmdline: 97 rows
    windows.dlllist: 4844 rows
    windows.ldrmodules: 216 rows
    windows.malfind: 3 rows
    windows.vadinfo: 17818 rows
    windows.handles: 37223 rows
    windows.filescan: 5845 rows
    windows.svcscan: 1420 rows
    windows.privileges: 3395 rows
    windows.netstat: 40 rows

[✓] CSV saved: /mnt/d/Patrick/VMSnapshots/Datasets/Benign_20260409_121408/T030_rep03/vol3_combined.csv
[✓] Total rows: 71107
[+] Done. Total time: 0:04:08.754456
[+] Output directory: /mnt/d/Patrick/VMSnapshots/Datasets/Benign_20260409_121408/T030_rep03
