==================================================
 Volatility 3 Feature Extraction
 Family:    Cerber
 Snapshot:  /mnt/d/Patrick/VMSnapshots/Cerber_20260330_020139/T120_rep02/Cerber_T120_rep02.vmem
 Started:   2026-03-30 11:18:07
==================================================

[+] Running windows.pstree to find Cerber PIDs (hints: ['cerber'])...
    -> Parsed 92 processes
    [!] No Cerber processes found. Running without PID filter.
[+] Done: windows.pslist
[+] Done: windows.cmdline
[+] Done: windows.privileges
[+] Done: windows.netstat
[+] Done: windows.dlllist
[+] Done: windows.svcscan
[+] Done: windows.psscan
[+] Done: windows.ldrmodules
[+] Done: windows.filescan
[+] Done: windows.handles
[+] Done: windows.malfind
[+] Done: windows.vadinfo
    windows.pslist: 92 rows
    windows.psscan: 99 rows
    windows.cmdline: 92 rows
    windows.dlllist: 5249 rows
    windows.ldrmodules: 248 rows
    windows.malfind: 4 rows
    windows.vadinfo: 16279 rows
    windows.handles: 38571 rows
    windows.filescan: 5945 rows
    windows.svcscan: 1388 rows
    windows.privileges: 3220 rows
    windows.netstat: 40 rows

[✓] CSV saved: /mnt/d/Patrick/VMSnapshots/Cerber_20260330_020139/T120_rep02/vol3_combined.csv
[✓] Total rows: 71227
[+] Done. Total time: 0:03:38.919136
[+] Output directory: /mnt/d/Patrick/VMSnapshots/Cerber_20260330_020139/T120_rep02
