==================================================
 Volatility 3 Feature Extraction
 Family:    Benign
 Snapshot:  /mnt/d/Patrick/VMSnapshots/Datasets/Benign_20260409_121408/T060_rep07/Benign_T060_rep07_143154.vmem
 Started:   2026-04-09 18:36:56
==================================================

[+] Benign family — no PID filter, capturing all processes.
[+] Done: windows.pslist
[+] Done: windows.privileges
[+] Done: windows.cmdline
[+] Done: windows.netstat
[+] Done: windows.dlllist
[+] Done: windows.svcscan
[+] Done: windows.psscan
[+] Done: windows.ldrmodules
[+] Done: windows.filescan
[+] Done: windows.handles
[+] Done: windows.malfind
[+] Done: windows.vadinfo
    windows.pslist: 96 rows
    windows.psscan: 109 rows
    windows.cmdline: 96 rows
    windows.dlllist: 4875 rows
    windows.ldrmodules: 349 rows
    windows.malfind: 3 rows
    windows.vadinfo: 17879 rows
    windows.handles: 37677 rows
    windows.filescan: 5918 rows
    windows.svcscan: 1390 rows
    windows.privileges: 3360 rows
    windows.netstat: 40 rows

[✓] CSV saved: /mnt/d/Patrick/VMSnapshots/Datasets/Benign_20260409_121408/T060_rep07/vol3_combined.csv
[✓] Total rows: 71792
[+] Done. Total time: 0:04:09.635509
[+] Output directory: /mnt/d/Patrick/VMSnapshots/Datasets/Benign_20260409_121408/T060_rep07
