==================================================
 Volatility 3 Feature Extraction
 Family:    Dharma
 Snapshot:  /mnt/d/Patrick/VMSnapshots/Dharma_20260329_230514/T030_rep02/Dharma_T030_rep02.vmem
 Started:   2026-03-30 01:45:20
==================================================

[+] Running windows.pstree to find Dharma PIDs (hints: ['dharma', 'csrss'])...
    -> Parsed 105 processes
    [+] Found Dharma process: csrss.exe PID=420
    [+] Found Dharma process: Dharma.exe PID=9208
    [+] Found Dharma process: csrss.exe PID=504
    [+] Added child: mshta.exe PID=724
    [+] Added child: cmd.exe PID=6644
    [+] Added child: mode.com PID=3920
    [+] Added child: vssadmin.exe PID=8616
    [+] Added child: cmd.exe PID=3300
    [+] Added child: vssadmin.exe PID=8904
    [+] Added child: mode.com PID=5964
    [+] Added child: mshta.exe PID=6824
    [+] Total Dharma PIDs: ['420', '504', '724', '3300', '3920', '5964', '6644', '6824', '8616', '8904', '9208']
[+] Done: windows.pslist
[+] Done: windows.cmdline
[+] Done: windows.netstat
[+] Done: windows.privileges
[+] Done: windows.dlllist
[+] Done: windows.svcscan
[+] Done: windows.ldrmodules
[+] Done: windows.psscan
[+] Done: windows.handles
[+] Done: windows.filescan
[+] Done: windows.malfind
[+] Done: windows.vadinfo
    windows.pslist: 11 rows
    windows.psscan: 11 rows
    windows.cmdline: 11 rows
    windows.dlllist: 215 rows
    windows.ldrmodules: 202 rows
    windows.malfind: 0 rows
    windows.vadinfo: 679 rows
    windows.handles: 1960 rows
    windows.filescan: 6868 rows
    windows.svcscan: 1372 rows
    windows.privileges: 385 rows
    windows.netstat: 40 rows

[✓] CSV saved: /mnt/d/Patrick/VMSnapshots/Dharma_20260329_230514/T030_rep02/vol3_combined.csv
[✓] Total rows: 11754
[+] Done. Total time: 0:02:48.218978
[+] Output directory: /mnt/d/Patrick/VMSnapshots/Dharma_20260329_230514/T030_rep02
