==================================================
 Volatility 3 Feature Extraction
 Family:    Dharma
 Snapshot:  /mnt/d/Patrick/VMSnapshots/Dharma_20260330_034041/T120_rep03/Dharma_T120_rep03.vmem
 Started:   2026-03-30 14:19:23
==================================================

[+] Running windows.pstree to find Dharma PIDs (hints: ['dharma', 'csrss'])...
    -> Parsed 104 processes
    [+] Found Dharma process: csrss.exe PID=420
    [+] Found Dharma process: Dharma.exe PID=5136
    [+] Found Dharma process: csrss.exe PID=504
    [+] Added child: cmd.exe PID=5512
    [+] Added child: vssadmin.exe PID=2936
    [+] Added child: mode.com PID=5380
    [+] Added child: mshta.exe PID=4756
    [+] Added child: cmd.exe PID=4972
    [+] Added child: mode.com PID=8664
    [+] Added child: vssadmin.exe PID=3508
    [+] Added child: mshta.exe PID=7012
    [+] Total Dharma PIDs: ['420', '504', '2936', '3508', '4756', '4972', '5136', '5380', '5512', '7012', '8664']
[+] Done: windows.pslist
[+] Done: windows.privileges
[+] Done: windows.cmdline
[+] Done: windows.netstat
[+] Done: windows.svcscan
[+] Done: windows.dlllist
[+] Done: windows.ldrmodules
[+] Done: windows.psscan
[+] Done: windows.handles
[+] Done: windows.filescan
[+] Done: windows.malfind
[+] Done: windows.vadinfo
    windows.pslist: 11 rows
    windows.psscan: 12 rows
    windows.cmdline: 11 rows
    windows.dlllist: 183 rows
    windows.ldrmodules: 7 rows
    windows.malfind: 0 rows
    windows.vadinfo: 657 rows
    windows.handles: 1926 rows
    windows.filescan: 5909 rows
    windows.svcscan: 0 rows
    windows.privileges: 385 rows
    windows.netstat: 40 rows

[✓] CSV saved: /mnt/d/Patrick/VMSnapshots/Dharma_20260330_034041/T120_rep03/vol3_combined.csv
[✓] Total rows: 9141
[+] Done. Total time: 0:03:53.064280
[+] Output directory: /mnt/d/Patrick/VMSnapshots/Dharma_20260330_034041/T120_rep03
