==================================================
 Volatility 3 Feature Extraction
 Family:    Benign
 Snapshot:  /mnt/d/Patrick/VMSnapshots/Datasets/Benign_20260409_121408/T060_rep10/Benign_T060_rep10_153622.vmem
 Started:   2026-04-09 18:50:30
==================================================

[+] Benign family — no PID filter, capturing all processes.
[+] Done: windows.privileges
[+] Done: windows.pslist
[+] Done: windows.cmdline
[+] Done: windows.netstat
[+] Done: windows.dlllist
[+] Done: windows.svcscan
[+] Done: windows.psscan
[+] Done: windows.ldrmodules
[+] Done: windows.filescan
[+] Done: windows.handles
[+] Done: windows.malfind
[+] Done: windows.vadinfo
    windows.pslist: 93 rows
    windows.psscan: 103 rows
    windows.cmdline: 93 rows
    windows.dlllist: 5256 rows
    windows.ldrmodules: 129 rows
    windows.malfind: 4 rows
    windows.vadinfo: 16955 rows
    windows.handles: 39473 rows
    windows.filescan: 5906 rows
    windows.svcscan: 1419 rows
    windows.privileges: 3255 rows
    windows.netstat: 40 rows

[✓] CSV saved: /mnt/d/Patrick/VMSnapshots/Datasets/Benign_20260409_121408/T060_rep10/vol3_combined.csv
[✓] Total rows: 72726
[+] Done. Total time: 0:03:48.690311
[+] Output directory: /mnt/d/Patrick/VMSnapshots/Datasets/Benign_20260409_121408/T060_rep10
