==================================================
 Volatility 3 Feature Extraction
 Family:    Benign
 Snapshot:  /mnt/d/Patrick/VMSnapshots/Datasets/Benign_20260409_121408/T180_rep05/Benign_T180_rep05_135931.vmem
 Started:   2026-04-09 20:08:55
==================================================

[+] Benign family — no PID filter, capturing all processes.
[+] Done: windows.privileges
[+] Done: windows.pslist
[+] Done: windows.netstat
[+] Done: windows.cmdline
[+] Done: windows.dlllist
[+] Done: windows.svcscan
[+] Done: windows.psscan
[+] Done: windows.ldrmodules
[+] Done: windows.filescan
[+] Done: windows.handles
[+] Done: windows.malfind
[+] Done: windows.vadinfo
    windows.pslist: 94 rows
    windows.psscan: 109 rows
    windows.cmdline: 94 rows
    windows.dlllist: 5064 rows
    windows.ldrmodules: 133 rows
    windows.malfind: 3 rows
    windows.vadinfo: 17133 rows
    windows.handles: 38907 rows
    windows.filescan: 5933 rows
    windows.svcscan: 1363 rows
    windows.privileges: 3290 rows
    windows.netstat: 40 rows

[✓] CSV saved: /mnt/d/Patrick/VMSnapshots/Datasets/Benign_20260409_121408/T180_rep05/vol3_combined.csv
[✓] Total rows: 72163
[+] Done. Total time: 0:04:10.324219
[+] Output directory: /mnt/d/Patrick/VMSnapshots/Datasets/Benign_20260409_121408/T180_rep05
