==================================================
 Volatility 3 Feature Extraction
 Family:    WannaCry
 Snapshot:  /mnt/d/Patrick/VMSnapshots/WannaCry_20260326_193131/T015_rep01/WannaCry_T015_rep01.vmem
 Started:   2026-03-29 14:45:14
==================================================

[+] Running windows.pstree to find WannaCry PIDs (hints: ['wannacry', 'tasksche', 'mssecsvc'])...
==================================================
 Volatility 3 Feature Extraction
 Family:    WannaCry
 Snapshot:  /mnt/d/Patrick/VMSnapshots/WannaCry_20260326_193131/T015_rep01/WannaCry_T015_rep01.vmem
 Started:   2026-03-29 14:47:50
==================================================

[+] Running windows.pstree to find WannaCry PIDs (hints: ['wannacry', 'tasksche', 'mssecsvc'])...
==================================================
 Volatility 3 Feature Extraction
 Family:    WannaCry
 Snapshot:  /mnt/d/Patrick/VMSnapshots/WannaCry_20260326_193131/T015_rep01/WannaCry_T015_rep01.vmem
 Started:   2026-03-29 14:50:25
==================================================

[+] Running windows.pstree to find WannaCry PIDs (hints: ['wannacry', 'tasksche', 'mssecsvc'])...
    -> Parsed 94 processes
    [+] Found WannaCry process: WannaCry.exe PID=1016
    [+] Total WannaCry PIDs: ['1016']

[+] Running windows.pslist...
    1 rows

[+] Running windows.psscan...
    1 rows

[+] Running windows.cmdline...
    1 rows

[+] Running windows.dlllist...
    34 rows

[+] Running windows.ldrmodules...
    34 rows

[+] Running windows.malfind...
==================================================
 Volatility 3 Feature Extraction
 Family:    WannaCry
 Snapshot:  /mnt/d/Patrick/VMSnapshots/WannaCry_20260326_193131/T015_rep01/WannaCry_T015_rep01.vmem
 Started:   2026-03-29 18:44:55
==================================================

[+] Running windows.pstree to find WannaCry PIDs (hints: ['wannacry', 'tasksche', 'mssecsvc'])...
    -> Parsed 94 processes
    [+] Found WannaCry process: WannaCry.exe PID=1016
    [+] Total WannaCry PIDs: ['1016']

[+] Running windows.pslist...
    1 rows

[+] Running windows.psscan...
    1 rows

[+] Running windows.cmdline...
    1 rows

[+] Running windows.dlllist...
    34 rows

[+] Running windows.ldrmodules...
    34 rows

[+] Running windows.malfind...
    2 rows

[+] Running windows.vadinfo...
    93 rows

[+] Running windows.handles...
    172 rows

[+] Running windows.filescan...
    5186 rows

[+] Running windows.svcscan...
    1065 rows

[+] Running windows.privileges...
    35 rows

[+] Running windows.netstat...
    0 rows

[✓] CSV saved: /mnt/d/Patrick/VMSnapshots/WannaCry_20260326_193131/T015_rep01/vol3_combined.csv
[✓] Total rows: 6624
[+] Done. Total time: 0:07:59.058721
[+] Output directory: /mnt/d/Patrick/VMSnapshots/WannaCry_20260326_193131/T015_rep01
