==================================================
 Volatility 3 Feature Extraction
 Family:    Dharma
 Snapshot:  /mnt/d/Patrick/VMSnapshots/Dharma_20260329_230514/T030_rep03/Dharma_T030_rep03.vmem
 Started:   2026-03-30 01:48:08
==================================================

[+] Running windows.pstree to find Dharma PIDs (hints: ['dharma', 'csrss'])...
    -> Parsed 102 processes
    [+] Found Dharma process: csrss.exe PID=420
    [+] Found Dharma process: Dharma.exe PID=3200
    [+] Found Dharma process: csrss.exe PID=504
    [+] Added child: cmd.exe PID=5688
    [+] Added child: vssadmin.exe PID=4808
    [+] Added child: mode.com PID=2716
    [+] Added child: mshta.exe PID=2816
    [+] Added child: mshta.exe PID=1492
    [+] Added child: cmd.exe PID=3876
    [+] Added child: mode.com PID=1220
    [+] Added child: vssadmin.exe PID=8740
    [+] Total Dharma PIDs: ['420', '504', '1220', '1492', '2716', '2816', '3200', '3876', '4808', '5688', '8740']
[+] Done: windows.pslist
[+] Done: windows.netstat
[+] Done: windows.privileges
[+] Done: windows.cmdline
[+] Done: windows.dlllist
[+] Done: windows.svcscan
[+] Done: windows.ldrmodules
[+] Done: windows.psscan
[+] Done: windows.handles
[+] Done: windows.filescan
[+] Done: windows.malfind
[+] Done: windows.vadinfo
    windows.pslist: 11 rows
    windows.psscan: 11 rows
    windows.cmdline: 11 rows
    windows.dlllist: 214 rows
    windows.ldrmodules: 203 rows
    windows.malfind: 1 rows
    windows.vadinfo: 677 rows
    windows.handles: 1983 rows
    windows.filescan: 6849 rows
    windows.svcscan: 1369 rows
    windows.privileges: 385 rows
    windows.netstat: 40 rows

[✓] CSV saved: /mnt/d/Patrick/VMSnapshots/Dharma_20260329_230514/T030_rep03/vol3_combined.csv
[✓] Total rows: 11754
[+] Done. Total time: 0:02:45.174117
[+] Output directory: /mnt/d/Patrick/VMSnapshots/Dharma_20260329_230514/T030_rep03
