==================================================
 Volatility 3 Feature Extraction
 Family:    Dharma
 Snapshot:  /mnt/d/Patrick/VMSnapshots/Dharma_20260329_230514/T120_rep04/Dharma_T120_rep04.vmem
 Started:   2026-03-30 12:23:29
==================================================

[+] Running windows.pstree to find Dharma PIDs (hints: ['dharma', 'csrss'])...
    -> Parsed 107 processes
    [+] Found Dharma process: csrss.exe PID=420
    [+] Found Dharma process: Dharma.exe PID=2560
    [+] Found Dharma process: csrss.exe PID=504
    [+] Added child: cmd.exe PID=8456
    [+] Added child: mode.com PID=2872
    [+] Added child: vssadmin.exe PID=9480
    [+] Total Dharma PIDs: ['420', '504', '2560', '2872', '8456', '9480']
[+] Done: windows.pslist
[+] Done: windows.privileges
[+] Done: windows.cmdline
[+] Done: windows.netstat
[+] Done: windows.dlllist
[+] Done: windows.svcscan
[+] Done: windows.ldrmodules
[+] Done: windows.psscan
[+] Done: windows.handles
[+] Done: windows.filescan
[+] Done: windows.malfind
[+] Done: windows.vadinfo
    windows.pslist: 6 rows
    windows.psscan: 6 rows
    windows.cmdline: 6 rows
    windows.dlllist: 35 rows
    windows.ldrmodules: 0 rows
    windows.malfind: 22 rows
    windows.vadinfo: 322 rows
    windows.handles: 1055 rows
    windows.filescan: 6144 rows
    windows.svcscan: 1364 rows
    windows.privileges: 210 rows
    windows.netstat: 40 rows

[✓] CSV saved: /mnt/d/Patrick/VMSnapshots/Dharma_20260329_230514/T120_rep04/vol3_combined.csv
[✓] Total rows: 9210
[+] Done. Total time: 0:02:35.743178
[+] Output directory: /mnt/d/Patrick/VMSnapshots/Dharma_20260329_230514/T120_rep04
