==================================================
 Volatility 3 Feature Extraction
 Family:    Cerber
 Snapshot:  /mnt/d/Patrick/VMSnapshots/Cerber_20260326_150808/T060_rep02/Cerber_T060_rep02.vmem
 Started:   2026-03-29 16:48:03
==================================================

[+] Running windows.pstree to find Cerber PIDs (hints: ['cerber'])...
    -> Parsed 100 processes
    [!] No Cerber processes found. Running without PID filter.

[+] Running windows.pslist...
    100 rows

[+] Running windows.psscan...
    101 rows

[+] Running windows.cmdline...
    100 rows

[+] Running windows.dlllist...
    5278 rows

[+] Running windows.ldrmodules...
    5383 rows

[+] Running windows.malfind...
    16 rows

[+] Running windows.vadinfo...
    17258 rows

[+] Running windows.handles...
    43114 rows

[+] Running windows.filescan...
    4684 rows

[+] Running windows.svcscan...
    1366 rows

[+] Running windows.privileges...
    3500 rows

[+] Running windows.netstat...
    41 rows

[✓] CSV saved: /mnt/d/Patrick/VMSnapshots/Cerber_20260326_150808/T060_rep02/vol3_combined.csv
[✓] Total rows: 80941
[+] Done. Total time: 0:08:33.324943
[+] Output directory: /mnt/d/Patrick/VMSnapshots/Cerber_20260326_150808/T060_rep02
