==================================================
 Volatility 3 Feature Extraction
 Family:    Jigsaw
 Snapshot:  /mnt/d/Patrick/VMSnapshots/Jigsaw_20260326_171020/T240_rep02/Jigsaw_T240_rep02.vmem
 Started:   2026-03-29 18:07:09
==================================================

[+] Running windows.pstree to find Jigsaw PIDs (hints: ['jigsaw'])...
    -> Parsed 116 processes
    [!] No Jigsaw processes found. Running without PID filter.

[+] Running windows.pslist...
    116 rows

[+] Running windows.psscan...
    116 rows

[+] Running windows.cmdline...
    116 rows

[+] Running windows.dlllist...
    4320 rows

[+] Running windows.ldrmodules...
    468 rows

[+] Running windows.malfind...
    18 rows

[+] Running windows.vadinfo...
    18082 rows

[+] Running windows.handles...
    40695 rows

[+] Running windows.filescan...
    11137 rows

[+] Running windows.svcscan...
    3739 rows

[+] Running windows.privileges...
    4060 rows

[+] Running windows.netstat...
    41 rows

[✓] CSV saved: /mnt/d/Patrick/VMSnapshots/Jigsaw_20260326_171020/T240_rep02/vol3_combined.csv
[✓] Total rows: 82908
[+] Done. Total time: 0:09:07.964578
[+] Output directory: /mnt/d/Patrick/VMSnapshots/Jigsaw_20260326_171020/T240_rep02
