==================================================
 Volatility 3 Feature Extraction
 Family:    WannaCry
 Snapshot:  /mnt/d/Patrick/VMSnapshots/WannaCry_20260326_193131/T180_rep03/WannaCry_T180_rep03.vmem
 Started:   2026-03-29 14:45:17
==================================================

[+] Running windows.pstree to find WannaCry PIDs (hints: ['wannacry', 'tasksche', 'mssecsvc'])...
==================================================
 Volatility 3 Feature Extraction
 Family:    WannaCry
 Snapshot:  /mnt/d/Patrick/VMSnapshots/WannaCry_20260326_193131/T180_rep03/WannaCry_T180_rep03.vmem
 Started:   2026-03-29 14:47:53
==================================================

[+] Running windows.pstree to find WannaCry PIDs (hints: ['wannacry', 'tasksche', 'mssecsvc'])...
==================================================
 Volatility 3 Feature Extraction
 Family:    WannaCry
 Snapshot:  /mnt/d/Patrick/VMSnapshots/WannaCry_20260326_193131/T180_rep03/WannaCry_T180_rep03.vmem
 Started:   2026-03-29 20:35:44
==================================================

[+] Running windows.pstree to find WannaCry PIDs (hints: ['wannacry', 'tasksche', 'mssecsvc'])...
    -> Parsed 95 processes
    [+] Found WannaCry process: WannaCry.exe PID=2292
    [+] Added child: @WanaDecryptor PID=8132
    [+] Added child: @WanaDecryptor PID=5676
    [+] Added child: taskhsvc.exe PID=3380
    [+] Added child: conhost.exe PID=6956
    [+] Total WannaCry PIDs: ['2292', '3380', '5676', '6956', '8132']

[+] Running windows.pslist...
    5 rows

[+] Running windows.psscan...
    5 rows

[+] Running windows.cmdline...
    5 rows

[+] Running windows.dlllist...
    46 rows

[+] Running windows.ldrmodules...
    2 rows

[+] Running windows.malfind...
    0 rows

[+] Running windows.vadinfo...
    404 rows

[+] Running windows.handles...
    625 rows

[+] Running windows.filescan...
    3391 rows

[+] Running windows.svcscan...
    14318 rows

[+] Running windows.privileges...
    175 rows

[+] Running windows.netstat...
    5 rows

[✓] CSV saved: /mnt/d/Patrick/VMSnapshots/WannaCry_20260326_193131/T180_rep03/vol3_combined.csv
[✓] Total rows: 18981
[+] Done. Total time: 0:08:03.903201
[+] Output directory: /mnt/d/Patrick/VMSnapshots/WannaCry_20260326_193131/T180_rep03
