==================================================
 Volatility 3 Feature Extraction
 Family:    Cerber
 Snapshot:  /mnt/d/Patrick/VMSnapshots/Cerber_20260326_150808/T120_rep04/Cerber_T120_rep04.vmem
 Started:   2026-03-29 17:45:06
==================================================

[+] Running windows.pstree to find Cerber PIDs (hints: ['cerber'])...
    -> Parsed 93 processes
    [!] No Cerber processes found. Running without PID filter.

[+] Running windows.pslist...
    93 rows

[+] Running windows.psscan...
    97 rows

[+] Running windows.cmdline...
    93 rows

[+] Running windows.dlllist...
    4746 rows

[+] Running windows.ldrmodules...
    109 rows

[+] Running windows.malfind...
    8 rows

[+] Running windows.vadinfo...
    16267 rows

[+] Running windows.handles...
    37836 rows

[+] Running windows.filescan...
    4275 rows

[+] Running windows.svcscan...
    1435 rows

[+] Running windows.privileges...
    3255 rows

[+] Running windows.netstat...
    41 rows

[✓] CSV saved: /mnt/d/Patrick/VMSnapshots/Cerber_20260326_150808/T120_rep04/vol3_combined.csv
[✓] Total rows: 68255
[+] Done. Total time: 0:07:57.900495
[+] Output directory: /mnt/d/Patrick/VMSnapshots/Cerber_20260326_150808/T120_rep04
