==================================================
 Volatility 3 Feature Extraction
 Family:    Benign
 Snapshot:  /mnt/d/Patrick/VMSnapshots/Datasets/Benign_20260409_121408/T015_rep10/Benign_T015_rep10_152904.vmem
 Started:   2026-04-09 17:21:30
==================================================

[+] Benign family — no PID filter, capturing all processes.
[+] Done: windows.pslist
[+] Done: windows.privileges
[+] Done: windows.netstat
[+] Done: windows.cmdline
[+] Done: windows.dlllist
[+] Done: windows.psscan
[+] Done: windows.ldrmodules
[+] Done: windows.filescan
[+] Done: windows.handles
[+] Done: windows.malfind
[+] Done: windows.svcscan
[+] Done: windows.vadinfo
    windows.pslist: 111 rows
    windows.psscan: 113 rows
    windows.cmdline: 111 rows
    windows.dlllist: 2853 rows
    windows.ldrmodules: 747 rows
    windows.malfind: 36 rows
    windows.vadinfo: 20622 rows
    windows.handles: 34887 rows
    windows.filescan: 4912 rows
    windows.svcscan: 31636 rows
    windows.privileges: 3850 rows
    windows.netstat: 44 rows

[✓] CSV saved: /mnt/d/Patrick/VMSnapshots/Datasets/Benign_20260409_121408/T015_rep10/vol3_combined.csv
[✓] Total rows: 99922
[+] Done. Total time: 0:05:37.469097
[+] Output directory: /mnt/d/Patrick/VMSnapshots/Datasets/Benign_20260409_121408/T015_rep10
