==================================================
 Volatility 3 Feature Extraction
 Family:    WannaCry
 Snapshot:  /mnt/d/Patrick/VMSnapshots/WannaCry_20260326_193131/T120_rep04/WannaCry_T120_rep04.vmem
 Started:   2026-03-29 14:45:17
==================================================

[+] Running windows.pstree to find WannaCry PIDs (hints: ['wannacry', 'tasksche', 'mssecsvc'])...
==================================================
 Volatility 3 Feature Extraction
 Family:    WannaCry
 Snapshot:  /mnt/d/Patrick/VMSnapshots/WannaCry_20260326_193131/T120_rep04/WannaCry_T120_rep04.vmem
 Started:   2026-03-29 14:47:52
==================================================

[+] Running windows.pstree to find WannaCry PIDs (hints: ['wannacry', 'tasksche', 'mssecsvc'])...
==================================================
 Volatility 3 Feature Extraction
 Family:    WannaCry
 Snapshot:  /mnt/d/Patrick/VMSnapshots/WannaCry_20260326_193131/T120_rep04/WannaCry_T120_rep04.vmem
 Started:   2026-03-29 19:52:54
==================================================

[+] Running windows.pstree to find WannaCry PIDs (hints: ['wannacry', 'tasksche', 'mssecsvc'])...
    -> Parsed 96 processes
    [+] Found WannaCry process: WannaCry.exe PID=4932
    [+] Added child: @WanaDecryptor PID=7808
    [+] Added child: @WanaDecryptor PID=6084
    [+] Added child: taskhsvc.exe PID=4256
    [+] Added child: conhost.exe PID=3256
    [+] Total WannaCry PIDs: ['3256', '4256', '4932', '6084', '7808']

[+] Running windows.pslist...
    5 rows

[+] Running windows.psscan...
    5 rows

[+] Running windows.cmdline...
    5 rows

[+] Running windows.dlllist...
    5 rows

[+] Running windows.ldrmodules...
    2 rows

[+] Running windows.malfind...
    2 rows

[+] Running windows.vadinfo...
    418 rows

[+] Running windows.handles...
    627 rows

[+] Running windows.filescan...
    3505 rows

[+] Running windows.svcscan...
    16599 rows

[+] Running windows.privileges...
    175 rows

[+] Running windows.netstat...
    5 rows

[✓] CSV saved: /mnt/d/Patrick/VMSnapshots/WannaCry_20260326_193131/T120_rep04/vol3_combined.csv
[✓] Total rows: 21353
[+] Done. Total time: 0:07:28.860136
[+] Output directory: /mnt/d/Patrick/VMSnapshots/WannaCry_20260326_193131/T120_rep04
