==================================================
 Volatility 3 Feature Extraction
 Family:    Benign
 Snapshot:  /mnt/d/Patrick/VMSnapshots/Datasets/Benign_20260409_121408/T180_rep07/Benign_T180_rep07_144210.vmem
 Started:   2026-04-09 20:16:51
==================================================

[+] Benign family — no PID filter, capturing all processes.
[+] Done: windows.privileges
[+] Done: windows.pslist
[+] Done: windows.cmdline
[+] Done: windows.netstat
[+] Done: windows.dlllist
[+] Done: windows.psscan
[+] Done: windows.ldrmodules
[+] Done: windows.filescan
[+] Done: windows.handles
[+] Done: windows.malfind
[+] Done: windows.vadinfo
[+] Done: windows.svcscan
    windows.pslist: 105 rows
    windows.psscan: 110 rows
    windows.cmdline: 105 rows
    windows.dlllist: 4949 rows
    windows.ldrmodules: 132 rows
    windows.malfind: 13 rows
    windows.vadinfo: 19813 rows
    windows.handles: 40565 rows
    windows.filescan: 5415 rows
    windows.svcscan: 45691 rows
    windows.privileges: 3675 rows
    windows.netstat: 44 rows

[✓] CSV saved: /mnt/d/Patrick/VMSnapshots/Datasets/Benign_20260409_121408/T180_rep07/vol3_combined.csv
[✓] Total rows: 120617
[+] Done. Total time: 0:07:05.539679
[+] Output directory: /mnt/d/Patrick/VMSnapshots/Datasets/Benign_20260409_121408/T180_rep07
