==================================================
 Volatility 3 Feature Extraction
 Family:    Jigsaw
 Snapshot:  /mnt/d/Patrick/VMSnapshots/Jigsaw_20260330_052031/T030_rep04/Jigsaw_T030_rep04.vmem
 Started:   2026-03-30 15:27:56
==================================================

[+] Running windows.pstree to find Jigsaw PIDs (hints: ['jigsaw'])...
    -> Parsed 88 processes
    [!] No Jigsaw processes found. Running without PID filter.
[+] Done: windows.privileges
[+] Done: windows.pslist
[+] Done: windows.cmdline
[+] Done: windows.netstat
[+] Done: windows.dlllist
[+] Done: windows.svcscan
[+] Done: windows.psscan
[+] Done: windows.ldrmodules
[+] Done: windows.filescan
[+] Done: windows.handles
[+] Done: windows.malfind
[+] Done: windows.vadinfo
    windows.pslist: 88 rows
    windows.psscan: 101 rows
    windows.cmdline: 88 rows
    windows.dlllist: 4947 rows
    windows.ldrmodules: 224 rows
    windows.malfind: 4 rows
    windows.vadinfo: 16173 rows
    windows.handles: 36879 rows
    windows.filescan: 5650 rows
    windows.svcscan: 1380 rows
    windows.privileges: 3080 rows
    windows.netstat: 40 rows

[✓] CSV saved: /mnt/d/Patrick/VMSnapshots/Jigsaw_20260330_052031/T030_rep04/vol3_combined.csv
[✓] Total rows: 68654
[+] Done. Total time: 0:03:45.067439
[+] Output directory: /mnt/d/Patrick/VMSnapshots/Jigsaw_20260330_052031/T030_rep04
