==================================================
 Volatility 3 Feature Extraction
 Family:    Benign
 Snapshot:  /mnt/d/Patrick/VMSnapshots/Datasets/Benign_20260409_121408/T180_rep08/Benign_T180_rep08_150357.vmem
 Started:   2026-04-09 20:23:56
==================================================

[+] Benign family — no PID filter, capturing all processes.
[+] Done: windows.pslist
[+] Done: windows.netstat
[+] Done: windows.privileges
[+] Done: windows.cmdline
[+] Done: windows.dlllist
[+] Done: windows.svcscan
[+] Done: windows.psscan
[+] Done: windows.ldrmodules
[+] Done: windows.filescan
[+] Done: windows.handles
[+] Done: windows.malfind
[+] Done: windows.vadinfo
    windows.pslist: 93 rows
    windows.psscan: 106 rows
    windows.cmdline: 93 rows
    windows.dlllist: 5058 rows
    windows.ldrmodules: 126 rows
    windows.malfind: 2 rows
    windows.vadinfo: 17127 rows
    windows.handles: 38246 rows
    windows.filescan: 6023 rows
    windows.svcscan: 1362 rows
    windows.privileges: 3255 rows
    windows.netstat: 40 rows

[✓] CSV saved: /mnt/d/Patrick/VMSnapshots/Datasets/Benign_20260409_121408/T180_rep08/vol3_combined.csv
[✓] Total rows: 71531
[+] Done. Total time: 0:03:52.132559
[+] Output directory: /mnt/d/Patrick/VMSnapshots/Datasets/Benign_20260409_121408/T180_rep08
