==================================================
 Volatility 3 Feature Extraction
 Family:    Jigsaw
 Snapshot:  /mnt/d/Patrick/VMSnapshots/Jigsaw_20260330_052031/T180_rep05/Jigsaw_T180_rep05.vmem
 Started:   2026-03-30 16:24:31
==================================================

[+] Running windows.pstree to find Jigsaw PIDs (hints: ['jigsaw'])...
    -> Parsed 86 processes
    [!] No Jigsaw processes found. Running without PID filter.
[+] Done: windows.pslist
[+] Done: windows.privileges
[+] Done: windows.netstat
[+] Done: windows.cmdline
[+] Done: windows.dlllist
[+] Done: windows.svcscan
[+] Done: windows.psscan
[+] Done: windows.ldrmodules
[+] Done: windows.filescan
[+] Done: windows.handles
[+] Done: windows.malfind
[+] Done: windows.vadinfo
    windows.pslist: 86 rows
    windows.psscan: 96 rows
    windows.cmdline: 86 rows
    windows.dlllist: 4909 rows
    windows.ldrmodules: 40 rows
    windows.malfind: 3 rows
    windows.vadinfo: 15431 rows
    windows.handles: 36251 rows
    windows.filescan: 5696 rows
    windows.svcscan: 1395 rows
    windows.privileges: 3010 rows
    windows.netstat: 40 rows

[✓] CSV saved: /mnt/d/Patrick/VMSnapshots/Jigsaw_20260330_052031/T180_rep05/vol3_combined.csv
[✓] Total rows: 67043
[+] Done. Total time: 0:03:23.478853
[+] Output directory: /mnt/d/Patrick/VMSnapshots/Jigsaw_20260330_052031/T180_rep05
