[02:01:39] ============================================
[02:01:39]  Cerber Collection Session
[02:01:39]  Guest path:  C:\Malware\Cerber\Cerber.exe
[02:01:39]  Runs/offset: 5
[02:01:39]  Offsets:     15s, 30s, 60s, 120s, 180s
[02:01:39]  Total runs:  25
[02:01:39]  Output:      D:\Patrick\VMSnapshots\Cerber_20260330_020139
[02:01:39] ============================================
[02:01:39] 
[02:01:39] ==========================================
[02:01:39]  RUN 1 / 25 - Cerber @ T+15s (rep 1)
[02:01:39] ==========================================
[02:01:39] [+] Stopping VM...
[02:01:42] [+] Reverting to CleanFamily5...
[02:01:43]     -> Reverted
[02:01:43] [+] Starting VM...
[02:07:17] [+] Waiting 20s for boot...
[02:07:37] [+] Launching Cerber...
[02:07:38]     -> Cerber launched
[02:07:38] [+] Sleeping 14s (target T+15s)...
[02:07:52] [+] Snapshot at T+15s: Cerber_T015_rep01
[02:07:53]   [vmrun] snapshot error: Error: A snapshot with the name already exists
[02:07:53]     [!] Snapshot failed
[02:07:53] 
[02:07:53] ==========================================
[02:07:53]  RUN 2 / 25 - Cerber @ T+30s (rep 1)
[02:07:53] ==========================================
[02:07:53] [+] Stopping VM...
[02:07:56] [+] Reverting to CleanFamily5...
[02:07:58]     -> Reverted
[02:07:58] [+] Starting VM...
[02:08:16] [+] Waiting 20s for boot...
[02:08:36] [+] Launching Cerber...
[02:08:36]     -> Cerber launched
[02:08:36] [+] Sleeping 29s (target T+30s)...
[02:09:05] [+] Snapshot at T+30s: Cerber_T030_rep01
[02:10:21]     -> Taken
[02:10:21] [+] Waiting 30s for VMware to flush vmem...
[02:10:51]   [VMEM] Copying -> D:\Patrick\VMSnapshots\Cerber_20260330_020139\T030_rep01\Cerber_T030_rep01.vmem
[02:10:58]   [VMEM] Copied 2048 MB
[02:11:00] [+] Run 2 complete.
[02:11:00] 
[02:11:00] ==========================================
[02:11:00]  RUN 3 / 25 - Cerber @ T+60s (rep 1)
[02:11:00] ==========================================
[02:11:00] [+] Stopping VM...
[02:11:04] [+] Reverting to CleanFamily5...
[02:11:05]     -> Reverted
[02:11:05] [+] Starting VM...
[02:11:22] [+] Waiting 20s for boot...
[02:11:42] [+] Launching Cerber...
[02:11:43]     -> Cerber launched
[02:11:43] [+] Sleeping 59s (target T+60s)...
[02:12:42] [+] Snapshot at T+60s: Cerber_T060_rep01
[02:13:33]     -> Taken
[02:13:33] [+] Waiting 30s for VMware to flush vmem...
[02:14:03]   [VMEM] Copying -> D:\Patrick\VMSnapshots\Cerber_20260330_020139\T060_rep01\Cerber_T060_rep01.vmem
[02:14:11]   [VMEM] Copied 2048 MB
[02:14:12]   [vmrun] deleteSnapshot error: Error: A snapshot operation is already in progress
[02:14:12] [+] Run 3 complete.
[02:14:12] 
[02:14:12] ==========================================
[02:14:12]  RUN 4 / 25 - Cerber @ T+120s (rep 1)
[02:14:12] ==========================================
[02:14:12] [+] Stopping VM...
[02:14:16] [+] Reverting to CleanFamily5...
[02:14:17]     -> Reverted
[02:14:17] [+] Starting VM...
[02:15:16] [+] Waiting 20s for boot...
[02:15:36] [+] Launching Cerber...
[02:15:37]   [vmrun] -gu error: Error: The virtual machine is not powered on: C:\Users\Patrick\Documents\Virtual Machines\Windows 10 x64\Windows 10 x64.vmx
[02:15:37] [!] Launch failed - skipping
[02:15:37] 
[02:15:37] ==========================================
[02:15:37]  RUN 5 / 25 - Cerber @ T+180s (rep 1)
[02:15:37] ==========================================
[02:15:37] [+] Stopping VM...
[02:15:37]   [vmrun] stop error: Error: The virtual machine is not powered on: C:\Users\Patrick\Documents\Virtual Machines\Windows 10 x64\Windows 10 x64.vmx
[02:15:39] [+] Reverting to CleanFamily5...
[02:15:41]     -> Reverted
[02:15:41] [+] Starting VM...
[02:15:52] [+] Waiting 20s for boot...
[02:16:12] [+] Launching Cerber...
[02:16:12]     -> Cerber launched
[02:16:12] [+] Sleeping 179s (target T+180s)...
[02:19:11] [+] Snapshot at T+180s: Cerber_T180_rep01
[02:20:21]     -> Taken
[02:20:21] [+] Waiting 30s for VMware to flush vmem...
[02:20:51]   [VMEM] Copying -> D:\Patrick\VMSnapshots\Cerber_20260330_020139\T180_rep01\Cerber_T180_rep01.vmem
[02:21:05]   [VMEM] Copied 2048 MB
[02:21:53] [+] Run 5 complete.
[02:21:53] 
[02:21:53] ==========================================
[02:21:53]  RUN 6 / 25 - Cerber @ T+15s (rep 2)
[02:21:53] ==========================================
[02:21:53] [+] Stopping VM...
[02:21:57] [+] Reverting to CleanFamily5...
[02:21:58]     -> Reverted
[02:21:58] [+] Starting VM...
[02:22:12] [+] Waiting 20s for boot...
[02:22:32] [+] Launching Cerber...
[02:22:33]     -> Cerber launched
[02:22:33] [+] Sleeping 14s (target T+15s)...
[02:22:47] [+] Snapshot at T+15s: Cerber_T015_rep02
[02:23:48]     -> Taken
[02:23:48] [+] Waiting 30s for VMware to flush vmem...
[02:24:18]   [VMEM] Copying -> D:\Patrick\VMSnapshots\Cerber_20260330_020139\T015_rep02\Cerber_T015_rep02.vmem
[02:24:34]   [VMEM] Copied 2048 MB
[02:24:36] [+] Run 6 complete.
[02:24:36] 
[02:24:36] ==========================================
[02:24:36]  RUN 7 / 25 - Cerber @ T+30s (rep 2)
[02:24:36] ==========================================
[02:24:36] [+] Stopping VM...
[02:24:40] [+] Reverting to CleanFamily5...
[02:24:41]     -> Reverted
[02:24:41] [+] Starting VM...
[02:24:58] [+] Waiting 20s for boot...
[02:25:18] [+] Launching Cerber...
[02:25:19]     -> Cerber launched
[02:25:19] [+] Sleeping 29s (target T+30s)...
[02:25:48] [+] Snapshot at T+30s: Cerber_T030_rep02
[02:27:00]     -> Taken
[02:27:00] [+] Waiting 30s for VMware to flush vmem...
[02:27:30]   [VMEM] Copying -> D:\Patrick\VMSnapshots\Cerber_20260330_020139\T030_rep02\Cerber_T030_rep02.vmem
[02:28:04]   [VMEM] Copied 2048 MB
[02:28:06] [+] Run 7 complete.
[02:28:06] 
[02:28:06] ==========================================
[02:28:06]  RUN 8 / 25 - Cerber @ T+60s (rep 2)
[02:28:06] ==========================================
[02:28:06] [+] Stopping VM...
[02:28:10] [+] Reverting to CleanFamily5...
[02:28:11]     -> Reverted
[02:28:11] [+] Starting VM...
[02:28:25] [+] Waiting 20s for boot...
[02:28:45] [+] Launching Cerber...
[02:28:46]     -> Cerber launched
[02:28:46] [+] Sleeping 59s (target T+60s)...
[02:29:45] [+] Snapshot at T+60s: Cerber_T060_rep02
[02:30:45]     -> Taken
[02:30:45] [+] Waiting 30s for VMware to flush vmem...
[02:31:15]   [VMEM] Copying -> D:\Patrick\VMSnapshots\Cerber_20260330_020139\T060_rep02\Cerber_T060_rep02.vmem
[02:31:34]   [VMEM] Copied 2048 MB
[02:31:36] [+] Run 8 complete.
[02:31:36] 
[02:31:36] ==========================================
[02:31:36]  RUN 9 / 25 - Cerber @ T+120s (rep 2)
[02:31:36] ==========================================
[02:31:36] [+] Stopping VM...
[02:31:39] [+] Reverting to CleanFamily5...
[02:31:40]     -> Reverted
[02:31:40] [+] Starting VM...
[02:31:54] [+] Waiting 20s for boot...
[02:32:14] [+] Launching Cerber...
[02:32:15]     -> Cerber launched
[02:32:15] [+] Sleeping 119s (target T+120s)...
[02:34:14] [+] Snapshot at T+120s: Cerber_T120_rep02
[02:35:19]     -> Taken
[02:35:19] [+] Waiting 30s for VMware to flush vmem...
[02:35:49]   [VMEM] Copying -> D:\Patrick\VMSnapshots\Cerber_20260330_020139\T120_rep02\Cerber_T120_rep02.vmem
[02:36:11]   [VMEM] Copied 2048 MB
[02:36:18] [+] Run 9 complete.
[02:36:18] 
[02:36:18] ==========================================
[02:36:18]  RUN 10 / 25 - Cerber @ T+180s (rep 2)
[02:36:18] ==========================================
[02:36:18] [+] Stopping VM...
[02:36:21] [+] Reverting to CleanFamily5...
[02:36:22]     -> Reverted
[02:36:22] [+] Starting VM...
[02:36:37] [+] Waiting 20s for boot...
[02:36:57] [+] Launching Cerber...
[02:36:58]     -> Cerber launched
[02:36:58] [+] Sleeping 179s (target T+180s)...
[02:39:57] [+] Snapshot at T+180s: Cerber_T180_rep02
[02:40:56]     -> Taken
[02:40:56] [+] Waiting 30s for VMware to flush vmem...
[02:41:26]   [VMEM] Copying -> D:\Patrick\VMSnapshots\Cerber_20260330_020139\T180_rep02\Cerber_T180_rep02.vmem
[02:41:36]   [VMEM] Copied 2048 MB
[02:41:44] [+] Run 10 complete.
[02:41:44] 
[02:41:44] ==========================================
[02:41:44]  RUN 11 / 25 - Cerber @ T+15s (rep 3)
[02:41:44] ==========================================
[02:41:44] [+] Stopping VM...
[02:41:47] [+] Reverting to CleanFamily5...
[02:41:48]     -> Reverted
[02:41:48] [+] Starting VM...
[02:42:02] [+] Waiting 20s for boot...
[02:42:22] [+] Launching Cerber...
[02:42:23]     -> Cerber launched
[02:42:23] [+] Sleeping 14s (target T+15s)...
[02:42:37] [+] Snapshot at T+15s: Cerber_T015_rep03
[02:43:39]     -> Taken
[02:43:39] [+] Waiting 30s for VMware to flush vmem...
[02:44:09]   [VMEM] Copying -> D:\Patrick\VMSnapshots\Cerber_20260330_020139\T015_rep03\Cerber_T015_rep03.vmem
[02:44:30]   [VMEM] Copied 2048 MB
[02:44:32] [+] Run 11 complete.
[02:44:32] 
[02:44:32] ==========================================
[02:44:32]  RUN 12 / 25 - Cerber @ T+30s (rep 3)
[02:44:32] ==========================================
[02:44:32] [+] Stopping VM...
[02:44:35] [+] Reverting to CleanFamily5...
[02:44:36]     -> Reverted
[02:44:36] [+] Starting VM...
[02:44:50] [+] Waiting 20s for boot...
[02:45:10] [+] Launching Cerber...
[02:45:11]     -> Cerber launched
[02:45:11] [+] Sleeping 29s (target T+30s)...
[02:45:40] [+] Snapshot at T+30s: Cerber_T030_rep03
[02:46:53]     -> Taken
[02:46:53] [+] Waiting 30s for VMware to flush vmem...
[02:47:23]   [VMEM] Copying -> D:\Patrick\VMSnapshots\Cerber_20260330_020139\T030_rep03\Cerber_T030_rep03.vmem
[02:47:48]   [VMEM] Copied 2048 MB
[02:47:50] [+] Run 12 complete.
[02:47:50] 
[02:47:50] ==========================================
[02:47:50]  RUN 13 / 25 - Cerber @ T+60s (rep 3)
[02:47:50] ==========================================
[02:47:50] [+] Stopping VM...
[02:47:54] [+] Reverting to CleanFamily5...
[02:47:55]     -> Reverted
[02:47:55] [+] Starting VM...
[02:48:11] [+] Waiting 20s for boot...
[02:48:31] [+] Launching Cerber...
[02:48:32]     -> Cerber launched
[02:48:32] [+] Sleeping 59s (target T+60s)...
[02:49:31] [+] Snapshot at T+60s: Cerber_T060_rep03
[02:50:27]     -> Taken
[02:50:27] [+] Waiting 30s for VMware to flush vmem...
[02:50:57]   [VMEM] Copying -> D:\Patrick\VMSnapshots\Cerber_20260330_020139\T060_rep03\Cerber_T060_rep03.vmem
[02:51:11]   [VMEM] Copied 2048 MB
[02:51:14] [+] Run 13 complete.
[02:51:14] 
[02:51:14] ==========================================
[02:51:14]  RUN 14 / 25 - Cerber @ T+120s (rep 3)
[02:51:14] ==========================================
[02:51:14] [+] Stopping VM...
[02:51:17] [+] Reverting to CleanFamily5...
[02:51:18]     -> Reverted
[02:51:18] [+] Starting VM...
[02:51:35] [+] Waiting 20s for boot...
[02:51:55] [+] Launching Cerber...
[02:51:56]     -> Cerber launched
[02:51:56] [+] Sleeping 119s (target T+120s)...
[02:53:55] [+] Snapshot at T+120s: Cerber_T120_rep03
[02:54:57]     -> Taken
[02:54:57] [+] Waiting 30s for VMware to flush vmem...
[02:55:27]   [VMEM] Copying -> D:\Patrick\VMSnapshots\Cerber_20260330_020139\T120_rep03\Cerber_T120_rep03.vmem
[02:55:57]   [VMEM] Copied 2048 MB
[02:56:03] [+] Run 14 complete.
[02:56:03] 
[02:56:03] ==========================================
[02:56:03]  RUN 15 / 25 - Cerber @ T+180s (rep 3)
[02:56:03] ==========================================
[02:56:03] [+] Stopping VM...
[02:56:07] [+] Reverting to CleanFamily5...
[02:56:08]     -> Reverted
[02:56:08] [+] Starting VM...
[02:56:22] [+] Waiting 20s for boot...
[02:56:42] [+] Launching Cerber...
[02:56:43]     -> Cerber launched
[02:56:43] [+] Sleeping 179s (target T+180s)...
[02:59:42] [+] Snapshot at T+180s: Cerber_T180_rep03
[03:00:35]     -> Taken
[03:00:35] [+] Waiting 30s for VMware to flush vmem...
[03:01:05]   [VMEM] Copying -> D:\Patrick\VMSnapshots\Cerber_20260330_020139\T180_rep03\Cerber_T180_rep03.vmem
[03:01:13]   [VMEM] Copied 2048 MB
[03:01:33] [+] Run 15 complete.
[03:01:33] 
[03:01:33] ==========================================
[03:01:33]  RUN 16 / 25 - Cerber @ T+15s (rep 4)
[03:01:33] ==========================================
[03:01:33] [+] Stopping VM...
[03:01:36] [+] Reverting to CleanFamily5...
[03:01:38]     -> Reverted
[03:01:38] [+] Starting VM...
[03:01:52] [+] Waiting 20s for boot...
[03:02:12] [+] Launching Cerber...
[03:02:13]     -> Cerber launched
[03:02:13] [+] Sleeping 14s (target T+15s)...
[03:02:27] [+] Snapshot at T+15s: Cerber_T015_rep04
[03:03:30]     -> Taken
[03:03:30] [+] Waiting 30s for VMware to flush vmem...
[03:04:00]   [VMEM] Copying -> D:\Patrick\VMSnapshots\Cerber_20260330_020139\T015_rep04\Cerber_T015_rep04.vmem
[03:04:10]   [VMEM] Copied 2048 MB
[03:04:12] [+] Run 16 complete.
[03:04:12] 
[03:04:12] ==========================================
[03:04:12]  RUN 17 / 25 - Cerber @ T+30s (rep 4)
[03:04:12] ==========================================
[03:04:12] [+] Stopping VM...
[03:04:15] [+] Reverting to CleanFamily5...
[03:04:16]     -> Reverted
[03:04:16] [+] Starting VM...
[03:04:34] [+] Waiting 20s for boot...
[03:04:54] [+] Launching Cerber...
[03:04:55]     -> Cerber launched
[03:04:55] [+] Sleeping 29s (target T+30s)...
[03:05:24] [+] Snapshot at T+30s: Cerber_T030_rep04
[03:06:35]     -> Taken
[03:06:35] [+] Waiting 30s for VMware to flush vmem...
[03:07:05]   [VMEM] Copying -> D:\Patrick\VMSnapshots\Cerber_20260330_020139\T030_rep04\Cerber_T030_rep04.vmem
[03:07:16]   [VMEM] Copied 2048 MB
[03:07:18] [+] Run 17 complete.
[03:07:18] 
[03:07:18] ==========================================
[03:07:18]  RUN 18 / 25 - Cerber @ T+60s (rep 4)
[03:07:18] ==========================================
[03:07:18] [+] Stopping VM...
[03:07:21] [+] Reverting to CleanFamily5...
[03:07:22]     -> Reverted
[03:07:22] [+] Starting VM...
[03:07:39] [+] Waiting 20s for boot...
[03:07:59] [+] Launching Cerber...
[03:07:59]     -> Cerber launched
[03:07:59] [+] Sleeping 59s (target T+60s)...
[03:08:58] [+] Snapshot at T+60s: Cerber_T060_rep04
[03:09:57]     -> Taken
[03:09:57] [+] Waiting 30s for VMware to flush vmem...
[03:10:27]   [VMEM] Copying -> D:\Patrick\VMSnapshots\Cerber_20260330_020139\T060_rep04\Cerber_T060_rep04.vmem
[03:10:38]   [VMEM] Copied 2048 MB
[03:10:40] [+] Run 18 complete.
[03:10:40] 
[03:10:40] ==========================================
[03:10:40]  RUN 19 / 25 - Cerber @ T+120s (rep 4)
[03:10:40] ==========================================
[03:10:40] [+] Stopping VM...
[03:10:44] [+] Reverting to CleanFamily5...
[03:10:45]     -> Reverted
[03:10:45] [+] Starting VM...
[03:10:58] [+] Waiting 20s for boot...
[03:11:18] [+] Launching Cerber...
[03:11:18]     -> Cerber launched
[03:11:18] [+] Sleeping 119s (target T+120s)...
[03:13:17] [+] Snapshot at T+120s: Cerber_T120_rep04
[03:14:22]     -> Taken
[03:14:22] [+] Waiting 30s for VMware to flush vmem...
[03:14:52]   [VMEM] Copying -> D:\Patrick\VMSnapshots\Cerber_20260330_020139\T120_rep04\Cerber_T120_rep04.vmem
[03:15:14]   [VMEM] Copied 2048 MB
[03:15:20] [+] Run 19 complete.
[03:15:20] 
[03:15:20] ==========================================
[03:15:20]  RUN 20 / 25 - Cerber @ T+180s (rep 4)
[03:15:20] ==========================================
[03:15:20] [+] Stopping VM...
[03:15:23] [+] Reverting to CleanFamily5...
[03:15:24]     -> Reverted
[03:15:24] [+] Starting VM...
[03:15:42] [+] Waiting 20s for boot...
[03:16:02] [+] Launching Cerber...
[03:16:03]     -> Cerber launched
[03:16:03] [+] Sleeping 179s (target T+180s)...
[03:19:02] [+] Snapshot at T+180s: Cerber_T180_rep04
[03:19:59]     -> Taken
[03:19:59] [+] Waiting 30s for VMware to flush vmem...
[03:20:29]   [VMEM] Copying -> D:\Patrick\VMSnapshots\Cerber_20260330_020139\T180_rep04\Cerber_T180_rep04.vmem
[03:20:37]   [VMEM] Copied 2048 MB
[03:20:56] [+] Run 20 complete.
[03:20:56] 
[03:20:56] ==========================================
[03:20:56]  RUN 21 / 25 - Cerber @ T+15s (rep 5)
[03:20:56] ==========================================
[03:20:56] [+] Stopping VM...
[03:21:00] [+] Reverting to CleanFamily5...
[03:21:01]     -> Reverted
[03:21:01] [+] Starting VM...
[03:21:15] [+] Waiting 20s for boot...
[03:21:35] [+] Launching Cerber...
[03:21:36]     -> Cerber launched
[03:21:36] [+] Sleeping 14s (target T+15s)...
[03:21:50] [+] Snapshot at T+15s: Cerber_T015_rep05
[03:22:47]     -> Taken
[03:22:47] [+] Waiting 30s for VMware to flush vmem...
[03:23:17]   [VMEM] Copying -> D:\Patrick\VMSnapshots\Cerber_20260330_020139\T015_rep05\Cerber_T015_rep05.vmem
[03:23:33]   [VMEM] Copied 2048 MB
[03:23:35] [+] Run 21 complete.
[03:23:35] 
[03:23:35] ==========================================
[03:23:35]  RUN 22 / 25 - Cerber @ T+30s (rep 5)
[03:23:35] ==========================================
[03:23:35] [+] Stopping VM...
[03:23:39] [+] Reverting to CleanFamily5...
[03:23:40]     -> Reverted
[03:23:40] [+] Starting VM...
[03:23:54] [+] Waiting 20s for boot...
[03:24:14] [+] Launching Cerber...
[03:24:15]     -> Cerber launched
[03:24:15] [+] Sleeping 29s (target T+30s)...
[03:24:44] [+] Snapshot at T+30s: Cerber_T030_rep05
[03:25:56]     -> Taken
[03:25:56] [+] Waiting 30s for VMware to flush vmem...
[03:26:26]   [VMEM] Copying -> D:\Patrick\VMSnapshots\Cerber_20260330_020139\T030_rep05\Cerber_T030_rep05.vmem
[03:26:43]   [VMEM] Copied 2048 MB
[03:26:45] [+] Run 22 complete.
[03:26:45] 
[03:26:45] ==========================================
[03:26:45]  RUN 23 / 25 - Cerber @ T+60s (rep 5)
[03:26:45] ==========================================
[03:26:45] [+] Stopping VM...
[03:26:49] [+] Reverting to CleanFamily5...
[03:26:49]     -> Reverted
[03:26:49] [+] Starting VM...
[03:27:03] [+] Waiting 20s for boot...
[03:27:23] [+] Launching Cerber...
[03:27:24]     -> Cerber launched
[03:27:24] [+] Sleeping 59s (target T+60s)...
[03:28:23] [+] Snapshot at T+60s: Cerber_T060_rep05
[03:29:22]     -> Taken
[03:29:22] [+] Waiting 30s for VMware to flush vmem...
[03:29:52]   [VMEM] Copying -> D:\Patrick\VMSnapshots\Cerber_20260330_020139\T060_rep05\Cerber_T060_rep05.vmem
[03:30:10]   [VMEM] Copied 2048 MB
[03:30:12] [+] Run 23 complete.
[03:30:12] 
[03:30:12] ==========================================
[03:30:12]  RUN 24 / 25 - Cerber @ T+120s (rep 5)
[03:30:12] ==========================================
[03:30:12] [+] Stopping VM...
[03:30:16] [+] Reverting to CleanFamily5...
[03:30:17]     -> Reverted
[03:30:17] [+] Starting VM...
[03:30:31] [+] Waiting 20s for boot...
[03:30:51] [+] Launching Cerber...
[03:30:52]     -> Cerber launched
[03:30:52] [+] Sleeping 119s (target T+120s)...
[03:32:51] [+] Snapshot at T+120s: Cerber_T120_rep05
[03:33:54]     -> Taken
[03:33:54] [+] Waiting 30s for VMware to flush vmem...
[03:34:24]   [VMEM] Copying -> D:\Patrick\VMSnapshots\Cerber_20260330_020139\T120_rep05\Cerber_T120_rep05.vmem
[03:34:45]   [VMEM] Copied 2048 MB
[03:34:49] [+] Run 24 complete.
[03:34:49] 
[03:34:49] ==========================================
[03:34:49]  RUN 25 / 25 - Cerber @ T+180s (rep 5)
[03:34:49] ==========================================
[03:34:49] [+] Stopping VM...
[03:34:53] [+] Reverting to CleanFamily5...
[03:34:54]     -> Reverted
[03:34:54] [+] Starting VM...
[03:35:11] [+] Waiting 20s for boot...
[03:35:31] [+] Launching Cerber...
[03:35:32]     -> Cerber launched
[03:35:32] [+] Sleeping 179s (target T+180s)...
[03:38:31] [+] Snapshot at T+180s: Cerber_T180_rep05
[03:39:28]     -> Taken
[03:39:28] [+] Waiting 30s for VMware to flush vmem...
[03:39:58]   [VMEM] Copying -> D:\Patrick\VMSnapshots\Cerber_20260330_020139\T180_rep05\Cerber_T180_rep05.vmem
[03:40:06]   [VMEM] Copied 2048 MB
[03:40:36] [+] Run 25 complete.
[03:40:36] 
[03:40:36] [+] All cycles done. Reverting to clean snapshot...
[03:40:41]     -> Reverted to CleanFamily5
[03:40:41] 
[03:40:41] ============================================
[03:40:41]  Session complete.
[03:40:41]  Family:  Cerber
[03:40:41]  Output:  D:\Patrick\VMSnapshots\Cerber_20260330_020139
[03:40:41] ============================================
