[15:08:08] ============================================
[15:08:08]  Cerber Collection Session
[15:08:08]  Guest path:  C:\Malware\Cerber\Cerber.exe
[15:08:08]  Runs/offset: 5
[15:08:08]  Offsets:     15s, 30s, 60s, 120s, 180s, 240s
[15:08:08]  Total runs:  30
[15:08:08]  Output:      D:\Patrick\VMSnapshots\Cerber_20260326_150808
[15:08:08] ============================================
[15:08:08] 
[15:08:08] ==========================================
[15:08:08]  RUN 1 / 30 - Cerber @ T+15s (rep 1)
[15:08:08] ==========================================
[15:08:08] [+] Stopping VM...
[15:08:12] [+] Reverting to CleanFamily3...
[15:08:13]     -> Reverted
[15:08:13] [+] Starting VM...
[15:08:20] [+] Waiting 20s for boot...
[15:08:40] [+] Launching Cerber...
[15:08:40]     -> Cerber launched
[15:08:40] [+] Sleeping 14s (target T+15s)...
[15:08:54] [+] Snapshot at T+15s: Cerber_T015_rep01
[15:08:55]   [vmrun] snapshot error: Error: A snapshot with the name already exists
[15:08:55]     [!] Snapshot failed
[15:08:55] 
[15:08:55] ==========================================
[15:08:55]  RUN 2 / 30 - Cerber @ T+30s (rep 1)
[15:08:55] ==========================================
[15:08:55] [+] Stopping VM...
[15:08:58] [+] Reverting to CleanFamily3...
[15:08:59]     -> Reverted
[15:08:59] [+] Starting VM...
[15:09:04] [+] Waiting 20s for boot...
[15:09:24] [+] Launching Cerber...
[15:09:25]     -> Cerber launched
[15:09:25] [+] Sleeping 29s (target T+30s)...
[15:09:54] [+] Snapshot at T+30s: Cerber_T030_rep01
[15:10:43]     -> Taken
[15:10:43] [+] Waiting 30s for VMware to flush vmem...
[15:11:13]   [VMEM] Copying -> D:\Patrick\VMSnapshots\Cerber_20260326_150808\T030_rep01\Cerber_T030_rep01.vmem
[15:11:40]   [VMEM] Copied 2048 MB
[15:11:42] [+] Run 2 complete.
[15:11:42] 
[15:11:42] ==========================================
[15:11:42]  RUN 3 / 30 - Cerber @ T+60s (rep 1)
[15:11:42] ==========================================
[15:11:42] [+] Stopping VM...
[15:11:45] [+] Reverting to CleanFamily3...
[15:11:46]     -> Reverted
[15:11:46] [+] Starting VM...
[15:11:52] [+] Waiting 20s for boot...
[15:12:12] [+] Launching Cerber...
[15:12:12]     -> Cerber launched
[15:12:12] [+] Sleeping 59s (target T+60s)...
[15:13:11] [+] Snapshot at T+60s: Cerber_T060_rep01
[15:14:07]     -> Taken
[15:14:07] [+] Waiting 30s for VMware to flush vmem...
[15:14:37]   [VMEM] Copying -> D:\Patrick\VMSnapshots\Cerber_20260326_150808\T060_rep01\Cerber_T060_rep01.vmem
[15:15:01]   [VMEM] Copied 2048 MB
[15:15:03] [+] Run 3 complete.
[15:15:03] 
[15:15:03] ==========================================
[15:15:03]  RUN 4 / 30 - Cerber @ T+120s (rep 1)
[15:15:03] ==========================================
[15:15:03] [+] Stopping VM...
[15:15:06] [+] Reverting to CleanFamily3...
[15:15:07]     -> Reverted
[15:15:07] [+] Starting VM...
[15:15:13] [+] Waiting 20s for boot...
[15:15:33] [+] Launching Cerber...
[15:15:34]     -> Cerber launched
[15:15:34] [+] Sleeping 119s (target T+120s)...
[15:17:33] [+] Snapshot at T+120s: Cerber_T120_rep01
[15:18:36]     -> Taken
[15:18:36] [+] Waiting 30s for VMware to flush vmem...
[15:19:06]   [VMEM] Copying -> D:\Patrick\VMSnapshots\Cerber_20260326_150808\T120_rep01\Cerber_T120_rep01.vmem
[15:19:19]   [VMEM] Copied 2048 MB
[15:19:21] [+] Run 4 complete.
[15:19:21] 
[15:19:21] ==========================================
[15:19:21]  RUN 5 / 30 - Cerber @ T+180s (rep 1)
[15:19:21] ==========================================
[15:19:21] [+] Stopping VM...
[15:19:24] [+] Reverting to CleanFamily3...
[15:19:25]     -> Reverted
[15:19:25] [+] Starting VM...
[15:19:31] [+] Waiting 20s for boot...
[15:19:51] [+] Launching Cerber...
[15:19:52]     -> Cerber launched
[15:19:52] [+] Sleeping 179s (target T+180s)...
[15:22:51] [+] Snapshot at T+180s: Cerber_T180_rep01
[15:23:34]     -> Taken
[15:23:34] [+] Waiting 30s for VMware to flush vmem...
[15:24:04]   [VMEM] Copying -> D:\Patrick\VMSnapshots\Cerber_20260326_150808\T180_rep01\Cerber_T180_rep01.vmem
[15:24:12]   [VMEM] Copied 2048 MB
[15:24:31] [+] Run 5 complete.
[15:24:31] 
[15:24:31] ==========================================
[15:24:31]  RUN 6 / 30 - Cerber @ T+240s (rep 1)
[15:24:31] ==========================================
[15:24:31] [+] Stopping VM...
[15:24:34] [+] Reverting to CleanFamily3...
[15:24:35]     -> Reverted
[15:24:35] [+] Starting VM...
[15:24:48] [+] Waiting 20s for boot...
[15:25:08] [+] Launching Cerber...
[15:25:09]     -> Cerber launched
[15:25:09] [+] Sleeping 239s (target T+240s)...
[15:29:08] [+] Snapshot at T+240s: Cerber_T240_rep01
[15:29:54]     -> Taken
[15:29:54] [+] Waiting 30s for VMware to flush vmem...
[15:30:24]   [VMEM] Copying -> D:\Patrick\VMSnapshots\Cerber_20260326_150808\T240_rep01\Cerber_T240_rep01.vmem
[15:30:33]   [VMEM] Copied 2048 MB
[15:31:04] [+] Run 6 complete.
[15:31:04] 
[15:31:04] ==========================================
[15:31:04]  RUN 7 / 30 - Cerber @ T+15s (rep 2)
[15:31:04] ==========================================
[15:31:04] [+] Stopping VM...
[15:31:08] [+] Reverting to CleanFamily3...
[15:31:09]     -> Reverted
[15:31:09] [+] Starting VM...
[15:31:28] [+] Waiting 20s for boot...
[15:31:48] [+] Launching Cerber...
[15:31:48]     -> Cerber launched
[15:31:48] [+] Sleeping 14s (target T+15s)...
[15:32:02] [+] Snapshot at T+15s: Cerber_T015_rep02
[15:33:00]     -> Taken
[15:33:00] [+] Waiting 30s for VMware to flush vmem...
[15:33:30]   [VMEM] Copying -> D:\Patrick\VMSnapshots\Cerber_20260326_150808\T015_rep02\Cerber_T015_rep02.vmem
[15:34:01]   [VMEM] Copied 2048 MB
[15:34:04] [+] Run 7 complete.
[15:34:04] 
[15:34:04] ==========================================
[15:34:04]  RUN 8 / 30 - Cerber @ T+30s (rep 2)
[15:34:04] ==========================================
[15:34:04] [+] Stopping VM...
[15:34:07] [+] Reverting to CleanFamily3...
[15:34:08]     -> Reverted
[15:34:08] [+] Starting VM...
[15:34:18] [+] Waiting 20s for boot...
[15:34:38] [+] Launching Cerber...
[15:34:38]     -> Cerber launched
[15:34:38] [+] Sleeping 29s (target T+30s)...
[15:35:07] [+] Snapshot at T+30s: Cerber_T030_rep02
[15:35:08]   [vmrun] snapshot error: Error: A snapshot with the name already exists
[15:35:08]     [!] Snapshot failed
[15:35:08] 
[15:35:08] ==========================================
[15:35:08]  RUN 9 / 30 - Cerber @ T+60s (rep 2)
[15:35:08] ==========================================
[15:35:08] [+] Stopping VM...
[15:35:11] [+] Reverting to CleanFamily3...
[15:35:12]     -> Reverted
[15:35:12] [+] Starting VM...
[15:35:17] [+] Waiting 20s for boot...
[15:35:37] [+] Launching Cerber...
[15:35:37]     -> Cerber launched
[15:35:38] [+] Sleeping 59s (target T+60s)...
[15:36:37] [+] Snapshot at T+60s: Cerber_T060_rep02
[15:37:31]     -> Taken
[15:37:31] [+] Waiting 30s for VMware to flush vmem...
[15:38:01]   [VMEM] Copying -> D:\Patrick\VMSnapshots\Cerber_20260326_150808\T060_rep02\Cerber_T060_rep02.vmem
[15:38:13]   [VMEM] Copied 2048 MB
[15:38:15] [+] Run 9 complete.
[15:38:15] 
[15:38:15] ==========================================
[15:38:15]  RUN 10 / 30 - Cerber @ T+120s (rep 2)
[15:38:15] ==========================================
[15:38:15] [+] Stopping VM...
[15:38:18] [+] Reverting to CleanFamily3...
[15:38:19]     -> Reverted
[15:38:19] [+] Starting VM...
[15:38:29] [+] Waiting 20s for boot...
[15:38:49] [+] Launching Cerber...
[15:38:50]     -> Cerber launched
[15:38:50] [+] Sleeping 119s (target T+120s)...
[15:40:49] [+] Snapshot at T+120s: Cerber_T120_rep02
[15:41:51]     -> Taken
[15:41:51] [+] Waiting 30s for VMware to flush vmem...
[15:42:21]   [VMEM] Copying -> D:\Patrick\VMSnapshots\Cerber_20260326_150808\T120_rep02\Cerber_T120_rep02.vmem
[15:42:41]   [VMEM] Copied 2048 MB
[15:42:46] [+] Run 10 complete.
[15:42:46] 
[15:42:46] ==========================================
[15:42:46]  RUN 11 / 30 - Cerber @ T+180s (rep 2)
[15:42:46] ==========================================
[15:42:46] [+] Stopping VM...
[15:42:50] [+] Reverting to CleanFamily3...
[15:42:51]     -> Reverted
[15:42:51] [+] Starting VM...
[15:43:04] [+] Waiting 20s for boot...
[15:43:24] [+] Launching Cerber...
[15:43:25]     -> Cerber launched
[15:43:25] [+] Sleeping 179s (target T+180s)...
[15:46:24] [+] Snapshot at T+180s: Cerber_T180_rep02
[15:47:09]     -> Taken
[15:47:09] [+] Waiting 30s for VMware to flush vmem...
[15:47:39]   [VMEM] Copying -> D:\Patrick\VMSnapshots\Cerber_20260326_150808\T180_rep02\Cerber_T180_rep02.vmem
[15:47:47]   [VMEM] Copied 2048 MB
[15:48:17] [+] Run 11 complete.
[15:48:17] 
[15:48:17] ==========================================
[15:48:17]  RUN 12 / 30 - Cerber @ T+240s (rep 2)
[15:48:17] ==========================================
[15:48:17] [+] Stopping VM...
[15:48:21] [+] Reverting to CleanFamily3...
[15:48:22]     -> Reverted
[15:48:22] [+] Starting VM...
[15:48:35] [+] Waiting 20s for boot...
[15:48:55] [+] Launching Cerber...
[15:48:56]     -> Cerber launched
[15:48:56] [+] Sleeping 239s (target T+240s)...
[15:52:55] [+] Snapshot at T+240s: Cerber_T240_rep02
[15:53:39]     -> Taken
[15:53:39] [+] Waiting 30s for VMware to flush vmem...
[15:54:09]   [VMEM] Copying -> D:\Patrick\VMSnapshots\Cerber_20260326_150808\T240_rep02\Cerber_T240_rep02.vmem
[15:54:17]   [VMEM] Copied 2048 MB
[15:54:42] [+] Run 12 complete.
[15:54:42] 
[15:54:42] ==========================================
[15:54:42]  RUN 13 / 30 - Cerber @ T+15s (rep 3)
[15:54:42] ==========================================
[15:54:42] [+] Stopping VM...
[15:54:46] [+] Reverting to CleanFamily3...
[15:54:47]     -> Reverted
[15:54:47] [+] Starting VM...
[15:55:00] [+] Waiting 20s for boot...
[15:55:20] [+] Launching Cerber...
[15:55:21]     -> Cerber launched
[15:55:21] [+] Sleeping 14s (target T+15s)...
[15:55:35] [+] Snapshot at T+15s: Cerber_T015_rep03
[15:56:26]     -> Taken
[15:56:26] [+] Waiting 30s for VMware to flush vmem...
[15:56:56]   [VMEM] Copying -> D:\Patrick\VMSnapshots\Cerber_20260326_150808\T015_rep03\Cerber_T015_rep03.vmem
[15:57:20]   [VMEM] Copied 2048 MB
[15:57:22] [+] Run 13 complete.
[15:57:22] 
[15:57:22] ==========================================
[15:57:22]  RUN 14 / 30 - Cerber @ T+30s (rep 3)
[15:57:22] ==========================================
[15:57:22] [+] Stopping VM...
[15:57:25] [+] Reverting to CleanFamily3...
[15:57:26]     -> Reverted
[15:57:26] [+] Starting VM...
[15:57:33] [+] Waiting 20s for boot...
[15:57:53] [+] Launching Cerber...
[15:57:54]     -> Cerber launched
[15:57:54] [+] Sleeping 29s (target T+30s)...
[15:58:23] [+] Snapshot at T+30s: Cerber_T030_rep03
[15:59:13]     -> Taken
[15:59:13] [+] Waiting 30s for VMware to flush vmem...
[15:59:43]   [VMEM] Copying -> D:\Patrick\VMSnapshots\Cerber_20260326_150808\T030_rep03\Cerber_T030_rep03.vmem
[16:00:14]   [VMEM] Copied 2048 MB
[16:00:16] [+] Run 14 complete.
[16:00:16] 
[16:00:16] ==========================================
[16:00:16]  RUN 15 / 30 - Cerber @ T+60s (rep 3)
[16:00:16] ==========================================
[16:00:16] [+] Stopping VM...
[16:00:19] [+] Reverting to CleanFamily3...
[16:00:20]     -> Reverted
[16:00:20] [+] Starting VM...
[16:00:27] [+] Waiting 20s for boot...
[16:00:47] [+] Launching Cerber...
[16:00:48]     -> Cerber launched
[16:00:48] [+] Sleeping 59s (target T+60s)...
[16:01:47] [+] Snapshot at T+60s: Cerber_T060_rep03
[16:02:39]     -> Taken
[16:02:39] [+] Waiting 30s for VMware to flush vmem...
[16:03:09]   [VMEM] Copying -> D:\Patrick\VMSnapshots\Cerber_20260326_150808\T060_rep03\Cerber_T060_rep03.vmem
[16:03:33]   [VMEM] Copied 2048 MB
[16:03:35] [+] Run 15 complete.
[16:03:35] 
[16:03:35] ==========================================
[16:03:35]  RUN 16 / 30 - Cerber @ T+120s (rep 3)
[16:03:35] ==========================================
[16:03:35] [+] Stopping VM...
[16:03:38] [+] Reverting to CleanFamily3...
[16:03:39]     -> Reverted
[16:03:39] [+] Starting VM...
[16:03:47] [+] Waiting 20s for boot...
[16:04:07] [+] Launching Cerber...
[16:04:08]     -> Cerber launched
[16:04:08] [+] Sleeping 119s (target T+120s)...
[16:06:07] [+] Snapshot at T+120s: Cerber_T120_rep03
[16:07:10]     -> Taken
[16:07:10] [+] Waiting 30s for VMware to flush vmem...
[16:07:40]   [VMEM] Copying -> D:\Patrick\VMSnapshots\Cerber_20260326_150808\T120_rep03\Cerber_T120_rep03.vmem
[16:08:04]   [VMEM] Copied 2048 MB
[16:08:05] [+] Run 16 complete.
[16:08:05] 
[16:08:05] ==========================================
[16:08:05]  RUN 17 / 30 - Cerber @ T+180s (rep 3)
[16:08:05] ==========================================
[16:08:05] [+] Stopping VM...
[16:08:09] [+] Reverting to CleanFamily3...
[16:08:09]     -> Reverted
[16:08:09] [+] Starting VM...
[16:08:17] [+] Waiting 20s for boot...
[16:08:37] [+] Launching Cerber...
[16:08:38]     -> Cerber launched
[16:08:38] [+] Sleeping 179s (target T+180s)...
[16:11:37] [+] Snapshot at T+180s: Cerber_T180_rep03
[16:12:25]     -> Taken
[16:12:25] [+] Waiting 30s for VMware to flush vmem...
[16:12:55]   [VMEM] Copying -> D:\Patrick\VMSnapshots\Cerber_20260326_150808\T180_rep03\Cerber_T180_rep03.vmem
[16:13:02]   [VMEM] Copied 2048 MB
[16:13:17] [+] Run 17 complete.
[16:13:17] 
[16:13:17] ==========================================
[16:13:17]  RUN 18 / 30 - Cerber @ T+240s (rep 3)
[16:13:17] ==========================================
[16:13:17] [+] Stopping VM...
[16:13:20] [+] Reverting to CleanFamily3...
[16:13:21]     -> Reverted
[16:13:21] [+] Starting VM...
[16:13:35] [+] Waiting 20s for boot...
[16:13:55] [+] Launching Cerber...
[16:13:55]     -> Cerber launched
[16:13:55] [+] Sleeping 239s (target T+240s)...
[16:17:54] [+] Snapshot at T+240s: Cerber_T240_rep03
[16:18:43]     -> Taken
[16:18:43] [+] Waiting 30s for VMware to flush vmem...
[16:19:13]   [VMEM] Copying -> D:\Patrick\VMSnapshots\Cerber_20260326_150808\T240_rep03\Cerber_T240_rep03.vmem
[16:19:23]   [VMEM] Copied 2048 MB
[16:19:50] [+] Run 18 complete.
[16:19:50] 
[16:19:50] ==========================================
[16:19:50]  RUN 19 / 30 - Cerber @ T+15s (rep 4)
[16:19:50] ==========================================
[16:19:50] [+] Stopping VM...
[16:19:54] [+] Reverting to CleanFamily3...
[16:19:55]     -> Reverted
[16:19:55] [+] Starting VM...
[16:20:07] [+] Waiting 20s for boot...
[16:20:28] [+] Launching Cerber...
[16:20:28]     -> Cerber launched
[16:20:28] [+] Sleeping 14s (target T+15s)...
[16:20:42] [+] Snapshot at T+15s: Cerber_T015_rep04
[16:21:35]     -> Taken
[16:21:35] [+] Waiting 30s for VMware to flush vmem...
[16:22:05]   [VMEM] Copying -> D:\Patrick\VMSnapshots\Cerber_20260326_150808\T015_rep04\Cerber_T015_rep04.vmem
[16:22:18]   [VMEM] Copied 2048 MB
[16:22:20] [+] Run 19 complete.
[16:22:20] 
[16:22:20] ==========================================
[16:22:20]  RUN 20 / 30 - Cerber @ T+30s (rep 4)
[16:22:20] ==========================================
[16:22:20] [+] Stopping VM...
[16:22:25] [+] Reverting to CleanFamily3...
[16:22:26]     -> Reverted
[16:22:26] [+] Starting VM...
[16:22:34] [+] Waiting 20s for boot...
[16:22:54] [+] Launching Cerber...
[16:22:55]     -> Cerber launched
[16:22:55] [+] Sleeping 29s (target T+30s)...
[16:23:24] [+] Snapshot at T+30s: Cerber_T030_rep04
[16:24:13]     -> Taken
[16:24:13] [+] Waiting 30s for VMware to flush vmem...
[16:24:43]   [VMEM] Copying -> D:\Patrick\VMSnapshots\Cerber_20260326_150808\T030_rep04\Cerber_T030_rep04.vmem
[16:25:13]   [VMEM] Copied 2048 MB
[16:25:15] [+] Run 20 complete.
[16:25:15] 
[16:25:15] ==========================================
[16:25:15]  RUN 21 / 30 - Cerber @ T+60s (rep 4)
[16:25:15] ==========================================
[16:25:15] [+] Stopping VM...
[16:25:18] [+] Reverting to CleanFamily3...
[16:25:19]     -> Reverted
[16:25:19] [+] Starting VM...
[16:25:27] [+] Waiting 20s for boot...
[16:25:47] [+] Launching Cerber...
[16:25:48]     -> Cerber launched
[16:25:48] [+] Sleeping 59s (target T+60s)...
[16:26:47] [+] Snapshot at T+60s: Cerber_T060_rep04
[16:27:41]     -> Taken
[16:27:41] [+] Waiting 30s for VMware to flush vmem...
[16:28:11]   [VMEM] Copying -> D:\Patrick\VMSnapshots\Cerber_20260326_150808\T060_rep04\Cerber_T060_rep04.vmem
[16:28:36]   [VMEM] Copied 2048 MB
[16:28:38] [+] Run 21 complete.
[16:28:38] 
[16:28:38] ==========================================
[16:28:38]  RUN 22 / 30 - Cerber @ T+120s (rep 4)
[16:28:38] ==========================================
[16:28:38] [+] Stopping VM...
[16:28:41] [+] Reverting to CleanFamily3...
[16:28:42]     -> Reverted
[16:28:42] [+] Starting VM...
[16:28:50] [+] Waiting 20s for boot...
[16:29:10] [+] Launching Cerber...
[16:29:11]     -> Cerber launched
[16:29:11] [+] Sleeping 119s (target T+120s)...
[16:31:10] [+] Snapshot at T+120s: Cerber_T120_rep04
[16:32:12]     -> Taken
[16:32:12] [+] Waiting 30s for VMware to flush vmem...
[16:32:42]   [VMEM] Copying -> D:\Patrick\VMSnapshots\Cerber_20260326_150808\T120_rep04\Cerber_T120_rep04.vmem
[16:33:00]   [VMEM] Copied 2048 MB
[16:33:03] [+] Run 22 complete.
[16:33:03] 
[16:33:03] ==========================================
[16:33:03]  RUN 23 / 30 - Cerber @ T+180s (rep 4)
[16:33:03] ==========================================
[16:33:03] [+] Stopping VM...
[16:33:07] [+] Reverting to CleanFamily3...
[16:33:08]     -> Reverted
[16:33:08] [+] Starting VM...
[16:33:19] [+] Waiting 20s for boot...
[16:33:39] [+] Launching Cerber...
[16:33:39]     -> Cerber launched
[16:33:39] [+] Sleeping 179s (target T+180s)...
[16:36:38] [+] Snapshot at T+180s: Cerber_T180_rep04
[16:37:23]     -> Taken
[16:37:23] [+] Waiting 30s for VMware to flush vmem...
[16:37:53]   [VMEM] Copying -> D:\Patrick\VMSnapshots\Cerber_20260326_150808\T180_rep04\Cerber_T180_rep04.vmem
[16:38:01]   [VMEM] Copied 2048 MB
[16:38:21] [+] Run 23 complete.
[16:38:21] 
[16:38:21] ==========================================
[16:38:21]  RUN 24 / 30 - Cerber @ T+240s (rep 4)
[16:38:21] ==========================================
[16:38:21] [+] Stopping VM...
[16:38:24] [+] Reverting to CleanFamily3...
[16:38:25]     -> Reverted
[16:38:25] [+] Starting VM...
[16:38:38] [+] Waiting 20s for boot...
[16:38:58] [+] Launching Cerber...
[16:38:59]     -> Cerber launched
[16:38:59] [+] Sleeping 239s (target T+240s)...
[16:42:58] [+] Snapshot at T+240s: Cerber_T240_rep04
[16:43:43]     -> Taken
[16:43:43] [+] Waiting 30s for VMware to flush vmem...
[16:44:13]   [VMEM] Copying -> D:\Patrick\VMSnapshots\Cerber_20260326_150808\T240_rep04\Cerber_T240_rep04.vmem
[16:44:23]   [VMEM] Copied 2048 MB
[16:44:48] [+] Run 24 complete.
[16:44:48] 
[16:44:48] ==========================================
[16:44:48]  RUN 25 / 30 - Cerber @ T+15s (rep 5)
[16:44:48] ==========================================
[16:44:48] [+] Stopping VM...
[16:44:52] [+] Reverting to CleanFamily3...
[16:44:53]     -> Reverted
[16:44:53] [+] Starting VM...
[16:45:05] [+] Waiting 20s for boot...
[16:45:25] [+] Launching Cerber...
[16:45:26]     -> Cerber launched
[16:45:26] [+] Sleeping 14s (target T+15s)...
[16:45:40] [+] Snapshot at T+15s: Cerber_T015_rep05
[16:46:32]     -> Taken
[16:46:32] [+] Waiting 30s for VMware to flush vmem...
[16:47:02]   [VMEM] Copying -> D:\Patrick\VMSnapshots\Cerber_20260326_150808\T015_rep05\Cerber_T015_rep05.vmem
[16:47:37]   [VMEM] Copied 2048 MB
[16:47:39] [+] Run 25 complete.
[16:47:39] 
[16:47:39] ==========================================
[16:47:39]  RUN 26 / 30 - Cerber @ T+30s (rep 5)
[16:47:39] ==========================================
[16:47:39] [+] Stopping VM...
[16:47:42] [+] Reverting to CleanFamily3...
[16:47:43]     -> Reverted
[16:47:43] [+] Starting VM...
[16:47:50] [+] Waiting 20s for boot...
[16:48:10] [+] Launching Cerber...
[16:48:10]     -> Cerber launched
[16:48:10] [+] Sleeping 29s (target T+30s)...
[16:48:39] [+] Snapshot at T+30s: Cerber_T030_rep05
[16:49:29]     -> Taken
[16:49:29] [+] Waiting 30s for VMware to flush vmem...
[16:49:59]   [VMEM] Copying -> D:\Patrick\VMSnapshots\Cerber_20260326_150808\T030_rep05\Cerber_T030_rep05.vmem
[16:50:22]   [VMEM] Copied 2048 MB
[16:50:24] [+] Run 26 complete.
[16:50:24] 
[16:50:24] ==========================================
[16:50:24]  RUN 27 / 30 - Cerber @ T+60s (rep 5)
[16:50:24] ==========================================
[16:50:24] [+] Stopping VM...
[16:50:31] [+] Reverting to CleanFamily3...
[16:50:32]     -> Reverted
[16:50:32] [+] Starting VM...
[16:50:40] [+] Waiting 20s for boot...
[16:51:00] [+] Launching Cerber...
[16:51:01]     -> Cerber launched
[16:51:01] [+] Sleeping 59s (target T+60s)...
[16:52:00] [+] Snapshot at T+60s: Cerber_T060_rep05
[16:52:57]     -> Taken
[16:52:57] [+] Waiting 30s for VMware to flush vmem...
[16:53:27]   [VMEM] Copying -> D:\Patrick\VMSnapshots\Cerber_20260326_150808\T060_rep05\Cerber_T060_rep05.vmem
[16:53:47]   [VMEM] Copied 2048 MB
[16:53:49] [+] Run 27 complete.
[16:53:49] 
[16:53:49] ==========================================
[16:53:49]  RUN 28 / 30 - Cerber @ T+120s (rep 5)
[16:53:49] ==========================================
[16:53:49] [+] Stopping VM...
[16:53:52] [+] Reverting to CleanFamily3...
[16:53:53]     -> Reverted
[16:53:53] [+] Starting VM...
[16:54:01] [+] Waiting 20s for boot...
[16:54:21] [+] Launching Cerber...
[16:54:22]     -> Cerber launched
[16:54:22] [+] Sleeping 119s (target T+120s)...
[16:56:21] [+] Snapshot at T+120s: Cerber_T120_rep05
[16:57:23]     -> Taken
[16:57:23] [+] Waiting 30s for VMware to flush vmem...
[16:57:53]   [VMEM] Copying -> D:\Patrick\VMSnapshots\Cerber_20260326_150808\T120_rep05\Cerber_T120_rep05.vmem
[16:58:16]   [VMEM] Copied 2048 MB
[16:58:18] [+] Run 28 complete.
[16:58:18] 
[16:58:18] ==========================================
[16:58:18]  RUN 29 / 30 - Cerber @ T+180s (rep 5)
[16:58:18] ==========================================
[16:58:18] [+] Stopping VM...
[16:58:21] [+] Reverting to CleanFamily3...
[16:58:22]     -> Reverted
[16:58:22] [+] Starting VM...
[16:58:30] [+] Waiting 20s for boot...
[16:58:50] [+] Launching Cerber...
[16:58:51]     -> Cerber launched
[16:58:51] [+] Sleeping 179s (target T+180s)...
[17:01:50] [+] Snapshot at T+180s: Cerber_T180_rep05
[17:02:34]     -> Taken
[17:02:34] [+] Waiting 30s for VMware to flush vmem...
[17:03:04]   [VMEM] Copying -> D:\Patrick\VMSnapshots\Cerber_20260326_150808\T180_rep05\Cerber_T180_rep05.vmem
[17:03:12]   [VMEM] Copied 2048 MB
[17:03:48] [+] Run 29 complete.
[17:03:48] 
[17:03:48] ==========================================
[17:03:48]  RUN 30 / 30 - Cerber @ T+240s (rep 5)
[17:03:48] ==========================================
[17:03:48] [+] Stopping VM...
[17:03:51] [+] Reverting to CleanFamily3...
[17:03:52]     -> Reverted
[17:03:52] [+] Starting VM...
[17:04:05] [+] Waiting 20s for boot...
[17:04:25] [+] Launching Cerber...
[17:04:26]     -> Cerber launched
[17:04:26] [+] Sleeping 239s (target T+240s)...
[17:08:25] [+] Snapshot at T+240s: Cerber_T240_rep05
[17:09:10]     -> Taken
[17:09:10] [+] Waiting 30s for VMware to flush vmem...
[17:09:40]   [VMEM] Copying -> D:\Patrick\VMSnapshots\Cerber_20260326_150808\T240_rep05\Cerber_T240_rep05.vmem
[17:09:50]   [VMEM] Copied 2048 MB
[17:10:16] [+] Run 30 complete.
[17:10:16] 
[17:10:16] [+] All cycles done. Reverting to clean snapshot...
[17:10:20]     -> Reverted to CleanFamily3
[17:10:20] 
[17:10:20] ============================================
[17:10:20]  Session complete.
[17:10:20]  Family:  Cerber
[17:10:20]  Output:  D:\Patrick\VMSnapshots\Cerber_20260326_150808
[17:10:20] ============================================
