==================================================
 Volatility 3 Feature Extraction
 Family:    Jigsaw
 Snapshot:  /mnt/d/Patrick/VMSnapshots/Jigsaw_20260326_171020/T030_rep03/Jigsaw_T030_rep03.vmem
 Started:   2026-03-29 14:11:56
==================================================

[+] Running windows.pstree to find Jigsaw PIDs (hints: ['jigsaw'])...
    -> Parsed 93 processes
    [!] No Jigsaw processes found. Running without PID filter.

[+] Running windows.pslist...
    93 rows

[+] Running windows.psscan...
    95 rows

[+] Running windows.cmdline...
    93 rows

[+] Running windows.dlllist...
    5399 rows

[+] Running windows.ldrmodules...
    5421 rows

[+] Running windows.malfind...
    11 rows

[+] Running windows.vadinfo...
    16371 rows

[+] Running windows.handles...
    40580 rows

[+] Running windows.filescan...
    4384 rows

[+] Running windows.svcscan...
    1395 rows

[+] Running windows.privileges...
    3255 rows

[+] Running windows.netstat...
    39 rows

[✓] CSV saved: /mnt/d/Patrick/VMSnapshots/Jigsaw_20260326_171020/T030_rep03/vol3_combined.csv
[✓] Total rows: 77136
[+] Done. Total time: 0:09:44.755616
[+] Output directory: /mnt/d/Patrick/VMSnapshots/Jigsaw_20260326_171020/T030_rep03
