==================================================
 Volatility 3 Feature Extraction
 Family:    Benign
 Snapshot:  /mnt/d/Patrick/VMSnapshots/Datasets/Benign_20260409_121408/T060_rep02/Benign_T060_rep02_124537.vmem
 Started:   2026-04-09 18:14:30
==================================================

[+] Benign family — no PID filter, capturing all processes.
[+] Done: windows.pslist
[+] Done: windows.netstat
[+] Done: windows.cmdline
[+] Done: windows.privileges
[+] Done: windows.svcscan
[+] Done: windows.dlllist
[+] Done: windows.psscan
[+] Done: windows.ldrmodules
[+] Done: windows.filescan
[+] Done: windows.handles
[+] Done: windows.malfind
[+] Done: windows.vadinfo
    windows.pslist: 112 rows
    windows.psscan: 114 rows
    windows.cmdline: 112 rows
    windows.dlllist: 2886 rows
    windows.ldrmodules: 652 rows
    windows.malfind: 23 rows
    windows.vadinfo: 20895 rows
    windows.handles: 34419 rows
    windows.filescan: 4605 rows
    windows.svcscan: 0 rows
    windows.privileges: 3885 rows
    windows.netstat: 44 rows

[✓] CSV saved: /mnt/d/Patrick/VMSnapshots/Datasets/Benign_20260409_121408/T060_rep02/vol3_combined.csv
[✓] Total rows: 67747
[+] Done. Total time: 0:05:16.769602
[+] Output directory: /mnt/d/Patrick/VMSnapshots/Datasets/Benign_20260409_121408/T060_rep02
