==================================================
 Volatility 3 Feature Extraction
 Family:    WannaCry
 Snapshot:  /mnt/d/Patrick/VMSnapshots/WannaCry_20260330_065934/T060_rep03/WannaCry_T060_rep03.vmem
 Started:   2026-03-30 17:13:46
==================================================

[+] Running windows.pstree to find WannaCry PIDs (hints: ['wannacry', 'tasksche', 'mssecsvc'])...
    -> Parsed 96 processes
    [+] Found WannaCry process: WannaCry.exe PID=8548
    [+] Added child: @WanaDecryptor PID=8660
    [+] Added child: taskhsvc.exe PID=1556
    [+] Added child: conhost.exe PID=9692
    [+] Added child: @WanaDecryptor PID=5684
    [+] Total WannaCry PIDs: ['1556', '5684', '8548', '8660', '9692']
[+] Done: windows.pslist
[+] Done: windows.cmdline
[+] Done: windows.privileges
[+] Done: windows.netstat
[+] Done: windows.dlllist
[+] Done: windows.ldrmodules
[+] Done: windows.psscan
[+] Done: windows.filescan
[+] Done: windows.handles
[+] Done: windows.svcscan
[+] Done: windows.malfind
[+] Done: windows.vadinfo
    windows.pslist: 5 rows
    windows.psscan: 6 rows
    windows.cmdline: 5 rows
    windows.dlllist: 177 rows
    windows.ldrmodules: 178 rows
    windows.malfind: 0 rows
    windows.vadinfo: 432 rows
    windows.handles: 781 rows
    windows.filescan: 3509 rows
    windows.svcscan: 25727 rows
    windows.privileges: 175 rows
    windows.netstat: 45 rows

[✓] CSV saved: /mnt/d/Patrick/VMSnapshots/WannaCry_20260330_065934/T060_rep03/vol3_combined.csv
[✓] Total rows: 31040
[+] Done. Total time: 0:04:01.576541
[+] Output directory: /mnt/d/Patrick/VMSnapshots/WannaCry_20260330_065934/T060_rep03
