==================================================
 Volatility 3 Feature Extraction
 Family:    WannaCry
 Snapshot:  /mnt/d/Patrick/VMSnapshots/WannaCry_20260330_065934/T030_rep03/WannaCry_T030_rep03.vmem
 Started:   2026-03-30 16:53:54
==================================================

[+] Running windows.pstree to find WannaCry PIDs (hints: ['wannacry', 'tasksche', 'mssecsvc'])...
    -> Parsed 95 processes
    [+] Found WannaCry process: WannaCry.exe PID=8352
    [+] Added child: @WanaDecryptor PID=8820
    [+] Added child: taskhsvc.exe PID=6980
    [+] Added child: conhost.exe PID=1664
    [+] Total WannaCry PIDs: ['1664', '6980', '8352', '8820']
[+] Done: windows.pslist
[+] Done: windows.privileges
[+] Done: windows.netstat
[+] Done: windows.cmdline
[+] Done: windows.dlllist
[+] Done: windows.psscan
[+] Done: windows.ldrmodules
[+] Done: windows.svcscan
[+] Done: windows.filescan
[+] Done: windows.handles
[+] Done: windows.malfind
[+] Done: windows.vadinfo
    windows.pslist: 4 rows
    windows.psscan: 4 rows
    windows.cmdline: 4 rows
    windows.dlllist: 136 rows
    windows.ldrmodules: 138 rows
    windows.malfind: 2 rows
    windows.vadinfo: 332 rows
    windows.handles: 631 rows
    windows.filescan: 4191 rows
    windows.svcscan: 10839 rows
    windows.privileges: 140 rows
    windows.netstat: 43 rows

[✓] CSV saved: /mnt/d/Patrick/VMSnapshots/WannaCry_20260330_065934/T030_rep03/vol3_combined.csv
[✓] Total rows: 16464
[+] Done. Total time: 0:03:50.434492
[+] Output directory: /mnt/d/Patrick/VMSnapshots/WannaCry_20260330_065934/T030_rep03
