==================================================
 Volatility 3 Feature Extraction
 Family:    WannaCry
 Snapshot:  /mnt/d/Patrick/VMSnapshots/WannaCry_20260326_193131/T180_rep02/WannaCry_T180_rep02.vmem
 Started:   2026-03-29 14:45:17
==================================================

[+] Running windows.pstree to find WannaCry PIDs (hints: ['wannacry', 'tasksche', 'mssecsvc'])...
==================================================
 Volatility 3 Feature Extraction
 Family:    WannaCry
 Snapshot:  /mnt/d/Patrick/VMSnapshots/WannaCry_20260326_193131/T180_rep02/WannaCry_T180_rep02.vmem
 Started:   2026-03-29 14:47:53
==================================================

[+] Running windows.pstree to find WannaCry PIDs (hints: ['wannacry', 'tasksche', 'mssecsvc'])...
==================================================
 Volatility 3 Feature Extraction
 Family:    WannaCry
 Snapshot:  /mnt/d/Patrick/VMSnapshots/WannaCry_20260326_193131/T180_rep02/WannaCry_T180_rep02.vmem
 Started:   2026-03-29 20:26:21
==================================================

[+] Running windows.pstree to find WannaCry PIDs (hints: ['wannacry', 'tasksche', 'mssecsvc'])...
    -> Parsed 96 processes
    [+] Found WannaCry process: WannaCry.exe PID=4868
    [+] Added child: @WanaDecryptor PID=5528
    [+] Added child: taskhsvc.exe PID=7320
    [+] Added child: conhost.exe PID=5636
    [+] Added child: @WanaDecryptor PID=7844
    [+] Total WannaCry PIDs: ['4868', '5528', '5636', '7320', '7844']

[+] Running windows.pslist...
    5 rows

[+] Running windows.psscan...
    5 rows

[+] Running windows.cmdline...
    5 rows

[+] Running windows.dlllist...
    75 rows

[+] Running windows.ldrmodules...
    2 rows

[+] Running windows.malfind...
    0 rows

[+] Running windows.vadinfo...
    404 rows

[+] Running windows.handles...
    625 rows

[+] Running windows.filescan...
    3398 rows

[+] Running windows.svcscan...
    29998 rows

[+] Running windows.privileges...
    175 rows

[+] Running windows.netstat...
    5 rows

[✓] CSV saved: /mnt/d/Patrick/VMSnapshots/WannaCry_20260326_193131/T180_rep02/vol3_combined.csv
[✓] Total rows: 34697
[+] Done. Total time: 0:09:19.396374
[+] Output directory: /mnt/d/Patrick/VMSnapshots/WannaCry_20260326_193131/T180_rep02
