[19:31:31] ============================================
[19:31:31]  WannaCry Collection Session
[19:31:31]  Guest path:  C:\Malware\WannaCry\WannaCry.exe
[19:31:31]  Runs/offset: 5
[19:31:31]  Offsets:     15s, 30s, 60s, 120s, 180s, 240s
[19:31:31]  Total runs:  30
[19:31:31]  Output:      D:\Patrick\VMSnapshots\WannaCry_20260326_193131
[19:31:31] ============================================
[19:31:31] 
[19:31:31] ==========================================
[19:31:31]  RUN 1 / 30 - WannaCry @ T+15s (rep 1)
[19:31:31] ==========================================
[19:31:31] [+] Stopping VM...
[19:31:32]   [vmrun] stop error: Error: The virtual machine is not powered on: C:\Users\Patrick\Documents\Virtual Machines\Windows 10 x64\Windows 10 x64.vmx
[19:31:34] [+] Reverting to CleanFamily3...
[19:31:34]     -> Reverted
[19:31:34] [+] Starting VM...
[19:31:39] [+] Waiting 20s for boot...
[19:31:59] [+] Launching WannaCry...
[19:32:00]     -> WannaCry launched
[19:32:00] [+] Sleeping 14s (target T+15s)...
[19:32:14] [+] Snapshot at T+15s: WannaCry_T015_rep01
[19:33:01]     -> Taken
[19:33:01] [+] Waiting 30s for VMware to flush vmem...
[19:33:31]   [VMEM] Copying -> D:\Patrick\VMSnapshots\WannaCry_20260326_193131\T015_rep01\WannaCry_T015_rep01.vmem
[19:34:02]   [VMEM] Copied 2048 MB
[19:34:13] [+] Run 1 complete.
[19:34:13] 
[19:34:13] ==========================================
[19:34:13]  RUN 2 / 30 - WannaCry @ T+30s (rep 1)
[19:34:13] ==========================================
[19:34:13] [+] Stopping VM...
[19:34:17] [+] Reverting to CleanFamily3...
[19:34:18]     -> Reverted
[19:34:18] [+] Starting VM...
[19:34:31] [+] Waiting 20s for boot...
[19:34:51] [+] Launching WannaCry...
[19:34:52]     -> WannaCry launched
[19:34:52] [+] Sleeping 29s (target T+30s)...
[19:35:21] [+] Snapshot at T+30s: WannaCry_T030_rep01
[19:36:07]     -> Taken
[19:36:07] [+] Waiting 30s for VMware to flush vmem...
[19:36:37]   [VMEM] Copying -> D:\Patrick\VMSnapshots\WannaCry_20260326_193131\T030_rep01\WannaCry_T030_rep01.vmem
[19:36:46]   [VMEM] Copied 2048 MB
[19:36:54] [+] Run 2 complete.
[19:36:54] 
[19:36:54] ==========================================
[19:36:54]  RUN 3 / 30 - WannaCry @ T+60s (rep 1)
[19:36:54] ==========================================
[19:36:54] [+] Stopping VM...
[19:36:58] [+] Reverting to CleanFamily3...
[19:36:59]     -> Reverted
[19:36:59] [+] Starting VM...
[19:37:12] [+] Waiting 20s for boot...
[19:37:32] [+] Launching WannaCry...
[19:37:33]     -> WannaCry launched
[19:37:33] [+] Sleeping 59s (target T+60s)...
[19:38:32] [+] Snapshot at T+60s: WannaCry_T060_rep01
[19:39:20]     -> Taken
[19:39:20] [+] Waiting 30s for VMware to flush vmem...
[19:39:50]   [VMEM] Copying -> D:\Patrick\VMSnapshots\WannaCry_20260326_193131\T060_rep01\WannaCry_T060_rep01.vmem
[19:40:17]   [VMEM] Copied 2048 MB
[19:40:23] [+] Run 3 complete.
[19:40:23] 
[19:40:23] ==========================================
[19:40:24]  RUN 4 / 30 - WannaCry @ T+120s (rep 1)
[19:40:24] ==========================================
[19:40:24] [+] Stopping VM...
[19:40:27] [+] Reverting to CleanFamily3...
[19:40:28]     -> Reverted
[19:40:28] [+] Starting VM...
[19:40:41] [+] Waiting 20s for boot...
[19:41:01] [+] Launching WannaCry...
[19:41:02]     -> WannaCry launched
[19:41:02] [+] Sleeping 119s (target T+120s)...
[19:43:01] [+] Snapshot at T+120s: WannaCry_T120_rep01
[19:43:47]     -> Taken
[19:43:47] [+] Waiting 30s for VMware to flush vmem...
[19:44:17]   [VMEM] Copying -> D:\Patrick\VMSnapshots\WannaCry_20260326_193131\T120_rep01\WannaCry_T120_rep01.vmem
[19:44:43]   [VMEM] Copied 2048 MB
[19:44:50] [+] Run 4 complete.
[19:44:50] 
[19:44:50] ==========================================
[19:44:50]  RUN 5 / 30 - WannaCry @ T+180s (rep 1)
[19:44:50] ==========================================
[19:44:50] [+] Stopping VM...
[19:44:53] [+] Reverting to CleanFamily3...
[19:44:54]     -> Reverted
[19:44:54] [+] Starting VM...
[19:45:08] [+] Waiting 20s for boot...
[19:45:28] [+] Launching WannaCry...
[19:45:28]     -> WannaCry launched
[19:45:28] [+] Sleeping 179s (target T+180s)...
[19:48:27] [+] Snapshot at T+180s: WannaCry_T180_rep01
[19:49:14]     -> Taken
[19:49:14] [+] Waiting 30s for VMware to flush vmem...
[19:49:44]   [VMEM] Copying -> D:\Patrick\VMSnapshots\WannaCry_20260326_193131\T180_rep01\WannaCry_T180_rep01.vmem
[19:49:52]   [VMEM] Copied 2048 MB
[19:50:36] [+] Run 5 complete.
[19:50:36] 
[19:50:36] ==========================================
[19:50:36]  RUN 6 / 30 - WannaCry @ T+240s (rep 1)
[19:50:36] ==========================================
[19:50:36] [+] Stopping VM...
[19:50:39] [+] Reverting to CleanFamily3...
[19:50:41]     -> Reverted
[19:50:41] [+] Starting VM...
[19:50:54] [+] Waiting 20s for boot...
[19:51:14] [+] Launching WannaCry...
[19:51:15]     -> WannaCry launched
[19:51:15] [+] Sleeping 239s (target T+240s)...
[19:55:14] [+] Snapshot at T+240s: WannaCry_T240_rep01
[19:56:01]     -> Taken
[19:56:01] [+] Waiting 30s for VMware to flush vmem...
[19:56:31]   [VMEM] Copying -> D:\Patrick\VMSnapshots\WannaCry_20260326_193131\T240_rep01\WannaCry_T240_rep01.vmem
[19:56:40]   [VMEM] Copied 2048 MB
[19:58:39] [+] Run 6 complete.
[19:58:39] 
[19:58:39] ==========================================
[19:58:39]  RUN 7 / 30 - WannaCry @ T+15s (rep 2)
[19:58:39] ==========================================
[19:58:39] [+] Stopping VM...
[19:58:42] [+] Reverting to CleanFamily3...
[19:58:44]     -> Reverted
[19:58:44] [+] Starting VM...
[19:58:58] [+] Waiting 20s for boot...
[19:59:18] [+] Launching WannaCry...
[19:59:18]     -> WannaCry launched
[19:59:18] [+] Sleeping 14s (target T+15s)...
[19:59:32] [+] Snapshot at T+15s: WannaCry_T015_rep02
[20:00:19]     -> Taken
[20:00:19] [+] Waiting 30s for VMware to flush vmem...
[20:00:49]   [VMEM] Copying -> D:\Patrick\VMSnapshots\WannaCry_20260326_193131\T015_rep02\WannaCry_T015_rep02.vmem
[20:01:06]   [VMEM] Copied 2048 MB
[20:01:16] [+] Run 7 complete.
[20:01:16] 
[20:01:16] ==========================================
[20:01:16]  RUN 8 / 30 - WannaCry @ T+30s (rep 2)
[20:01:16] ==========================================
[20:01:16] [+] Stopping VM...
[20:01:19] [+] Reverting to CleanFamily3...
[20:01:20]     -> Reverted
[20:01:20] [+] Starting VM...
[20:01:34] [+] Waiting 20s for boot...
[20:01:54] [+] Launching WannaCry...
[20:01:54]     -> WannaCry launched
[20:01:54] [+] Sleeping 29s (target T+30s)...
[20:02:23] [+] Snapshot at T+30s: WannaCry_T030_rep02
[20:03:08]     -> Taken
[20:03:08] [+] Waiting 30s for VMware to flush vmem...
[20:03:38]   [VMEM] Copying -> D:\Patrick\VMSnapshots\WannaCry_20260326_193131\T030_rep02\WannaCry_T030_rep02.vmem
[20:04:07]   [VMEM] Copied 2048 MB
[20:04:16] [+] Run 8 complete.
[20:04:16] 
[20:04:16] ==========================================
[20:04:16]  RUN 9 / 30 - WannaCry @ T+60s (rep 2)
[20:04:16] ==========================================
[20:04:16] [+] Stopping VM...
[20:04:19] [+] Reverting to CleanFamily3...
[20:04:20]     -> Reverted
[20:04:20] [+] Starting VM...
[20:04:34] [+] Waiting 20s for boot...
[20:04:54] [+] Launching WannaCry...
[20:04:55]     -> WannaCry launched
[20:04:55] [+] Sleeping 59s (target T+60s)...
[20:05:54] [+] Snapshot at T+60s: WannaCry_T060_rep02
[20:06:41]     -> Taken
[20:06:41] [+] Waiting 30s for VMware to flush vmem...
[20:07:11]   [VMEM] Copying -> D:\Patrick\VMSnapshots\WannaCry_20260326_193131\T060_rep02\WannaCry_T060_rep02.vmem
[20:07:39]   [VMEM] Copied 2048 MB
[20:07:47] [+] Run 9 complete.
[20:07:47] 
[20:07:47] ==========================================
[20:07:47]  RUN 10 / 30 - WannaCry @ T+120s (rep 2)
[20:07:47] ==========================================
[20:07:47] [+] Stopping VM...
[20:07:51] [+] Reverting to CleanFamily3...
[20:07:52]     -> Reverted
[20:07:52] [+] Starting VM...
[20:08:05] [+] Waiting 20s for boot...
[20:08:25] [+] Launching WannaCry...
[20:08:26]     -> WannaCry launched
[20:08:26] [+] Sleeping 119s (target T+120s)...
[20:10:25] [+] Snapshot at T+120s: WannaCry_T120_rep02
[20:11:11]     -> Taken
[20:11:11] [+] Waiting 30s for VMware to flush vmem...
[20:11:41]   [VMEM] Copying -> D:\Patrick\VMSnapshots\WannaCry_20260326_193131\T120_rep02\WannaCry_T120_rep02.vmem
[20:12:05]   [VMEM] Copied 2048 MB
[20:12:14] [+] Run 10 complete.
[20:12:14] 
[20:12:14] ==========================================
[20:12:14]  RUN 11 / 30 - WannaCry @ T+180s (rep 2)
[20:12:14] ==========================================
[20:12:14] [+] Stopping VM...
[20:12:17] [+] Reverting to CleanFamily3...
[20:12:18]     -> Reverted
[20:12:18] [+] Starting VM...
[20:12:31] [+] Waiting 20s for boot...
[20:12:51] [+] Launching WannaCry...
[20:12:52]     -> WannaCry launched
[20:12:52] [+] Sleeping 179s (target T+180s)...
[20:15:51] [+] Snapshot at T+180s: WannaCry_T180_rep02
[20:16:39]     -> Taken
[20:16:39] [+] Waiting 30s for VMware to flush vmem...
[20:17:09]   [VMEM] Copying -> D:\Patrick\VMSnapshots\WannaCry_20260326_193131\T180_rep02\WannaCry_T180_rep02.vmem
[20:17:23]   [VMEM] Copied 2048 MB
[20:17:55] [+] Run 11 complete.
[20:17:55] 
[20:17:55] ==========================================
[20:17:55]  RUN 12 / 30 - WannaCry @ T+240s (rep 2)
[20:17:55] ==========================================
[20:17:55] [+] Stopping VM...
[20:17:58] [+] Reverting to CleanFamily3...
[20:17:59]     -> Reverted
[20:17:59] [+] Starting VM...
[20:18:13] [+] Waiting 20s for boot...
[20:18:33] [+] Launching WannaCry...
[20:18:33]     -> WannaCry launched
[20:18:33] [+] Sleeping 239s (target T+240s)...
[20:22:32] [+] Snapshot at T+240s: WannaCry_T240_rep02
[20:23:16]     -> Taken
[20:23:16] [+] Waiting 30s for VMware to flush vmem...
[20:23:46]   [VMEM] Copying -> D:\Patrick\VMSnapshots\WannaCry_20260326_193131\T240_rep02\WannaCry_T240_rep02.vmem
[20:23:57]   [VMEM] Copied 2048 MB
[20:25:34] [+] Run 12 complete.
[20:25:34] 
[20:25:34] ==========================================
[20:25:34]  RUN 13 / 30 - WannaCry @ T+15s (rep 3)
[20:25:34] ==========================================
[20:25:34] [+] Stopping VM...
[20:25:37] [+] Reverting to CleanFamily3...
[20:25:38]     -> Reverted
[20:25:38] [+] Starting VM...
[20:25:53] [+] Waiting 20s for boot...
[20:26:13] [+] Launching WannaCry...
[20:26:13]     -> WannaCry launched
[20:26:13] [+] Sleeping 14s (target T+15s)...
[20:26:27] [+] Snapshot at T+15s: WannaCry_T015_rep03
[20:27:12]     -> Taken
[20:27:12] [+] Waiting 30s for VMware to flush vmem...
[20:27:42]   [VMEM] Copying -> D:\Patrick\VMSnapshots\WannaCry_20260326_193131\T015_rep03\WannaCry_T015_rep03.vmem
[20:28:02]   [VMEM] Copied 2048 MB
[20:28:11] [+] Run 13 complete.
[20:28:11] 
[20:28:11] ==========================================
[20:28:11]  RUN 14 / 30 - WannaCry @ T+30s (rep 3)
[20:28:11] ==========================================
[20:28:11] [+] Stopping VM...
[20:28:14] [+] Reverting to CleanFamily3...
[20:28:15]     -> Reverted
[20:28:15] [+] Starting VM...
[20:28:28] [+] Waiting 20s for boot...
[20:28:48] [+] Launching WannaCry...
[20:28:49]     -> WannaCry launched
[20:28:49] [+] Sleeping 29s (target T+30s)...
[20:29:18] [+] Snapshot at T+30s: WannaCry_T030_rep03
[20:30:03]     -> Taken
[20:30:03] [+] Waiting 30s for VMware to flush vmem...
[20:30:33]   [VMEM] Copying -> D:\Patrick\VMSnapshots\WannaCry_20260326_193131\T030_rep03\WannaCry_T030_rep03.vmem
[20:30:42]   [VMEM] Copied 2048 MB
[20:30:48] [+] Run 14 complete.
[20:30:48] 
[20:30:48] ==========================================
[20:30:48]  RUN 15 / 30 - WannaCry @ T+60s (rep 3)
[20:30:48] ==========================================
[20:30:48] [+] Stopping VM...
[20:30:51] [+] Reverting to CleanFamily3...
[20:30:52]     -> Reverted
[20:30:52] [+] Starting VM...
[20:31:05] [+] Waiting 20s for boot...
[20:31:25] [+] Launching WannaCry...
[20:31:25]     -> WannaCry launched
[20:31:25] [+] Sleeping 59s (target T+60s)...
[20:32:24] [+] Snapshot at T+60s: WannaCry_T060_rep03
[20:33:26]     -> Taken
[20:33:26] [+] Waiting 30s for VMware to flush vmem...
[20:33:56]   [VMEM] Copying -> D:\Patrick\VMSnapshots\WannaCry_20260326_193131\T060_rep03\WannaCry_T060_rep03.vmem
[20:34:17]   [VMEM] Copied 2048 MB
[20:34:25] [+] Run 15 complete.
[20:34:25] 
[20:34:25] ==========================================
[20:34:25]  RUN 16 / 30 - WannaCry @ T+120s (rep 3)
[20:34:25] ==========================================
[20:34:25] [+] Stopping VM...
[20:34:28] [+] Reverting to CleanFamily3...
[20:34:29]     -> Reverted
[20:34:29] [+] Starting VM...
[20:34:42] [+] Waiting 20s for boot...
[20:35:02] [+] Launching WannaCry...
[20:35:03]     -> WannaCry launched
[20:35:03] [+] Sleeping 119s (target T+120s)...
[20:37:02] [+] Snapshot at T+120s: WannaCry_T120_rep03
[20:37:49]     -> Taken
[20:37:49] [+] Waiting 30s for VMware to flush vmem...
[20:38:19]   [VMEM] Copying -> D:\Patrick\VMSnapshots\WannaCry_20260326_193131\T120_rep03\WannaCry_T120_rep03.vmem
[20:38:35]   [VMEM] Copied 2048 MB
[20:38:41] [+] Run 16 complete.
[20:38:41] 
[20:38:41] ==========================================
[20:38:41]  RUN 17 / 30 - WannaCry @ T+180s (rep 3)
[20:38:41] ==========================================
[20:38:41] [+] Stopping VM...
[20:38:44] [+] Reverting to CleanFamily3...
[20:38:45]     -> Reverted
[20:38:45] [+] Starting VM...
[20:38:58] [+] Waiting 20s for boot...
[20:39:18] [+] Launching WannaCry...
[20:39:19]     -> WannaCry launched
[20:39:19] [+] Sleeping 179s (target T+180s)...
[20:42:18] [+] Snapshot at T+180s: WannaCry_T180_rep03
[20:43:06]     -> Taken
[20:43:06] [+] Waiting 30s for VMware to flush vmem...
[20:43:36]   [VMEM] Copying -> D:\Patrick\VMSnapshots\WannaCry_20260326_193131\T180_rep03\WannaCry_T180_rep03.vmem
[20:44:02]   [VMEM] Copied 2048 MB
[20:44:13] [+] Run 17 complete.
[20:44:13] 
[20:44:13] ==========================================
[20:44:13]  RUN 18 / 30 - WannaCry @ T+240s (rep 3)
[20:44:13] ==========================================
[20:44:13] [+] Stopping VM...
[20:44:16] [+] Reverting to CleanFamily3...
[20:44:17]     -> Reverted
[20:44:17] [+] Starting VM...
[20:44:31] [+] Waiting 20s for boot...
[20:44:51] [+] Launching WannaCry...
[20:44:51]     -> WannaCry launched
[20:44:51] [+] Sleeping 239s (target T+240s)...
[20:48:50] [+] Snapshot at T+240s: WannaCry_T240_rep03
[20:49:37]     -> Taken
[20:49:37] [+] Waiting 30s for VMware to flush vmem...
[20:50:07]   [VMEM] Copying -> D:\Patrick\VMSnapshots\WannaCry_20260326_193131\T240_rep03\WannaCry_T240_rep03.vmem
[20:50:18]   [VMEM] Copied 2048 MB
[20:51:31] [+] Run 18 complete.
[20:51:31] 
[20:51:31] ==========================================
[20:51:31]  RUN 19 / 30 - WannaCry @ T+15s (rep 4)
[20:51:31] ==========================================
[20:51:31] [+] Stopping VM...
[20:51:35] [+] Reverting to CleanFamily3...
[20:51:36]     -> Reverted
[20:51:36] [+] Starting VM...
[20:51:49] [+] Waiting 20s for boot...
[20:52:09] [+] Launching WannaCry...
[20:52:10]     -> WannaCry launched
[20:52:10] [+] Sleeping 14s (target T+15s)...
[20:52:24] [+] Snapshot at T+15s: WannaCry_T015_rep04
[20:53:10]     -> Taken
[20:53:10] [+] Waiting 30s for VMware to flush vmem...
[20:53:40]   [VMEM] Copying -> D:\Patrick\VMSnapshots\WannaCry_20260326_193131\T015_rep04\WannaCry_T015_rep04.vmem
[20:53:59]   [VMEM] Copied 2048 MB
[20:54:07] [+] Run 19 complete.
[20:54:07] 
[20:54:07] ==========================================
[20:54:07]  RUN 20 / 30 - WannaCry @ T+30s (rep 4)
[20:54:07] ==========================================
[20:54:07] [+] Stopping VM...
[20:54:10] [+] Reverting to CleanFamily3...
[20:54:11]     -> Reverted
[20:54:11] [+] Starting VM...
[20:54:24] [+] Waiting 20s for boot...
[20:54:44] [+] Launching WannaCry...
[20:54:45]     -> WannaCry launched
[20:54:45] [+] Sleeping 29s (target T+30s)...
[20:55:14] [+] Snapshot at T+30s: WannaCry_T030_rep04
[20:55:59]     -> Taken
[20:55:59] [+] Waiting 30s for VMware to flush vmem...
[20:56:29]   [VMEM] Copying -> D:\Patrick\VMSnapshots\WannaCry_20260326_193131\T030_rep04\WannaCry_T030_rep04.vmem
[20:56:47]   [VMEM] Copied 2048 MB
[20:56:55] [+] Run 20 complete.
[20:56:55] 
[20:56:55] ==========================================
[20:56:55]  RUN 21 / 30 - WannaCry @ T+60s (rep 4)
[20:56:55] ==========================================
[20:56:55] [+] Stopping VM...
[20:56:59] [+] Reverting to CleanFamily3...
[20:57:00]     -> Reverted
[20:57:00] [+] Starting VM...
[20:57:13] [+] Waiting 20s for boot...
[20:57:33] [+] Launching WannaCry...
[20:57:34]     -> WannaCry launched
[20:57:34] [+] Sleeping 59s (target T+60s)...
[20:58:33] [+] Snapshot at T+60s: WannaCry_T060_rep04
[20:59:20]     -> Taken
[20:59:20] [+] Waiting 30s for VMware to flush vmem...
[20:59:50]   [VMEM] Copying -> D:\Patrick\VMSnapshots\WannaCry_20260326_193131\T060_rep04\WannaCry_T060_rep04.vmem
[20:59:58]   [VMEM] Copied 2048 MB
[21:00:04] [+] Run 21 complete.
[21:00:04] 
[21:00:04] ==========================================
[21:00:04]  RUN 22 / 30 - WannaCry @ T+120s (rep 4)
[21:00:04] ==========================================
[21:00:04] [+] Stopping VM...
[21:00:07] [+] Reverting to CleanFamily3...
[21:00:08]     -> Reverted
[21:00:08] [+] Starting VM...
[21:00:21] [+] Waiting 20s for boot...
[21:00:41] [+] Launching WannaCry...
[21:00:42]     -> WannaCry launched
[21:00:42] [+] Sleeping 119s (target T+120s)...
[21:02:41] [+] Snapshot at T+120s: WannaCry_T120_rep04
[21:03:27]     -> Taken
[21:03:27] [+] Waiting 30s for VMware to flush vmem...
[21:03:57]   [VMEM] Copying -> D:\Patrick\VMSnapshots\WannaCry_20260326_193131\T120_rep04\WannaCry_T120_rep04.vmem
[21:04:33]   [VMEM] Copied 2048 MB
[21:04:41] [+] Run 22 complete.
[21:04:41] 
[21:04:41] ==========================================
[21:04:41]  RUN 23 / 30 - WannaCry @ T+180s (rep 4)
[21:04:41] ==========================================
[21:04:41] [+] Stopping VM...
[21:04:44] [+] Reverting to CleanFamily3...
[21:04:45]     -> Reverted
[21:04:45] [+] Starting VM...
[21:04:58] [+] Waiting 20s for boot...
[21:05:18] [+] Launching WannaCry...
[21:05:19]     -> WannaCry launched
[21:05:19] [+] Sleeping 179s (target T+180s)...
[21:08:18] [+] Snapshot at T+180s: WannaCry_T180_rep04
[21:09:05]     -> Taken
[21:09:05] [+] Waiting 30s for VMware to flush vmem...
[21:09:35]   [VMEM] Copying -> D:\Patrick\VMSnapshots\WannaCry_20260326_193131\T180_rep04\WannaCry_T180_rep04.vmem
[21:10:10]   [VMEM] Copied 2048 MB
[21:10:18] [+] Run 23 complete.
[21:10:18] 
[21:10:18] ==========================================
[21:10:18]  RUN 24 / 30 - WannaCry @ T+240s (rep 4)
[21:10:18] ==========================================
[21:10:18] [+] Stopping VM...
[21:10:22] [+] Reverting to CleanFamily3...
[21:10:23]     -> Reverted
[21:10:23] [+] Starting VM...
[21:10:36] [+] Waiting 20s for boot...
[21:10:56] [+] Launching WannaCry...
[21:10:57]     -> WannaCry launched
[21:10:57] [+] Sleeping 239s (target T+240s)...
[21:14:56] [+] Snapshot at T+240s: WannaCry_T240_rep04
[21:15:43]     -> Taken
[21:15:43] [+] Waiting 30s for VMware to flush vmem...
[21:16:13]   [VMEM] Copying -> D:\Patrick\VMSnapshots\WannaCry_20260326_193131\T240_rep04\WannaCry_T240_rep04.vmem
[21:16:25]   [VMEM] Copied 2048 MB
[21:17:51] [+] Run 24 complete.
[21:17:51] 
[21:17:51] ==========================================
[21:17:51]  RUN 25 / 30 - WannaCry @ T+15s (rep 5)
[21:17:51] ==========================================
[21:17:51] [+] Stopping VM...
[21:17:55] [+] Reverting to CleanFamily3...
[21:17:56]     -> Reverted
[21:17:56] [+] Starting VM...
[21:18:09] [+] Waiting 20s for boot...
[21:18:29] [+] Launching WannaCry...
[21:18:30]     -> WannaCry launched
[21:18:30] [+] Sleeping 14s (target T+15s)...
[21:18:44] [+] Snapshot at T+15s: WannaCry_T015_rep05
[21:19:29]     -> Taken
[21:19:29] [+] Waiting 30s for VMware to flush vmem...
[21:19:59]   [VMEM] Copying -> D:\Patrick\VMSnapshots\WannaCry_20260326_193131\T015_rep05\WannaCry_T015_rep05.vmem
[21:20:30]   [VMEM] Copied 2048 MB
[21:20:42] [+] Run 25 complete.
[21:20:42] 
[21:20:42] ==========================================
[21:20:42]  RUN 26 / 30 - WannaCry @ T+30s (rep 5)
[21:20:42] ==========================================
[21:20:42] [+] Stopping VM...
[21:20:46] [+] Reverting to CleanFamily3...
[21:20:47]     -> Reverted
[21:20:47] [+] Starting VM...
[21:21:00] [+] Waiting 20s for boot...
[21:21:20] [+] Launching WannaCry...
[21:21:21]     -> WannaCry launched
[21:21:21] [+] Sleeping 29s (target T+30s)...
[21:21:50] [+] Snapshot at T+30s: WannaCry_T030_rep05
[21:22:36]     -> Taken
[21:22:36] [+] Waiting 30s for VMware to flush vmem...
[21:23:06]   [VMEM] Copying -> D:\Patrick\VMSnapshots\WannaCry_20260326_193131\T030_rep05\WannaCry_T030_rep05.vmem
[21:23:32]   [VMEM] Copied 2048 MB
[21:23:41] [+] Run 26 complete.
[21:23:41] 
[21:23:41] ==========================================
[21:23:41]  RUN 27 / 30 - WannaCry @ T+60s (rep 5)
[21:23:41] ==========================================
[21:23:41] [+] Stopping VM...
[21:23:44] [+] Reverting to CleanFamily3...
[21:23:45]     -> Reverted
[21:23:45] [+] Starting VM...
[21:23:58] [+] Waiting 20s for boot...
[21:24:18] [+] Launching WannaCry...
[21:24:19]     -> WannaCry launched
[21:24:19] [+] Sleeping 59s (target T+60s)...
[21:25:18] [+] Snapshot at T+60s: WannaCry_T060_rep05
[21:26:05]     -> Taken
[21:26:05] [+] Waiting 30s for VMware to flush vmem...
[21:26:35]   [VMEM] Copying -> D:\Patrick\VMSnapshots\WannaCry_20260326_193131\T060_rep05\WannaCry_T060_rep05.vmem
[21:27:03]   [VMEM] Copied 2048 MB
[21:27:11] [+] Run 27 complete.
[21:27:11] 
[21:27:11] ==========================================
[21:27:11]  RUN 28 / 30 - WannaCry @ T+120s (rep 5)
[21:27:11] ==========================================
[21:27:11] [+] Stopping VM...
[21:27:15] [+] Reverting to CleanFamily3...
[21:27:16]     -> Reverted
[21:27:16] [+] Starting VM...
[21:27:29] [+] Waiting 20s for boot...
[21:27:49] [+] Launching WannaCry...
[21:27:50]     -> WannaCry launched
[21:27:50] [+] Sleeping 119s (target T+120s)...
[21:29:49] [+] Snapshot at T+120s: WannaCry_T120_rep05
[21:30:34]     -> Taken
[21:30:34] [+] Waiting 30s for VMware to flush vmem...
[21:31:04]   [VMEM] Copying -> D:\Patrick\VMSnapshots\WannaCry_20260326_193131\T120_rep05\WannaCry_T120_rep05.vmem
[21:31:34]   [VMEM] Copied 2048 MB
[21:31:49] [+] Run 28 complete.
[21:31:49] 
[21:31:49] ==========================================
[21:31:49]  RUN 29 / 30 - WannaCry @ T+180s (rep 5)
[21:31:49] ==========================================
[21:31:49] [+] Stopping VM...
[21:31:52] [+] Reverting to CleanFamily3...
[21:31:53]     -> Reverted
[21:31:53] [+] Starting VM...
[21:32:06] [+] Waiting 20s for boot...
[21:32:26] [+] Launching WannaCry...
[21:32:27]     -> WannaCry launched
[21:32:27] [+] Sleeping 179s (target T+180s)...
[21:35:26] [+] Snapshot at T+180s: WannaCry_T180_rep05
[21:36:13]     -> Taken
[21:36:13] [+] Waiting 30s for VMware to flush vmem...
[21:36:43]   [VMEM] Copying -> D:\Patrick\VMSnapshots\WannaCry_20260326_193131\T180_rep05\WannaCry_T180_rep05.vmem
[21:37:05]   [VMEM] Copied 2048 MB
[21:37:38] [+] Run 29 complete.
[21:37:38] 
[21:37:38] ==========================================
[21:37:38]  RUN 30 / 30 - WannaCry @ T+240s (rep 5)
[21:37:38] ==========================================
[21:37:38] [+] Stopping VM...
[21:37:41] [+] Reverting to CleanFamily3...
[21:37:42]     -> Reverted
[21:37:42] [+] Starting VM...
[21:37:56] [+] Waiting 20s for boot...
[21:38:16] [+] Launching WannaCry...
[21:38:17]     -> WannaCry launched
[21:38:17] [+] Sleeping 239s (target T+240s)...
[21:42:16] [+] Snapshot at T+240s: WannaCry_T240_rep05
[21:43:04]     -> Taken
[21:43:04] [+] Waiting 30s for VMware to flush vmem...
[21:43:34]   [VMEM] Copying -> D:\Patrick\VMSnapshots\WannaCry_20260326_193131\T240_rep05\WannaCry_T240_rep05.vmem
[21:43:45]   [VMEM] Copied 2048 MB
[21:45:13] [+] Run 30 complete.
[21:45:13] 
[21:45:13] [+] All cycles done. Reverting to clean snapshot...
[21:45:18]     -> Reverted to CleanFamily3
[21:45:18] 
[21:45:18] ============================================
[21:45:18]  Session complete.
[21:45:18]  Family:  WannaCry
[21:45:18]  Output:  D:\Patrick\VMSnapshots\WannaCry_20260326_193131
[21:45:18] ============================================
