==================================================
 Volatility 3 Feature Extraction
 Family:    Dharma
 Snapshot:  /mnt/d/Patrick/VMSnapshots/Dharma_20260330_034041/T030_rep04/Dharma_T030_rep04.vmem
 Started:   2026-03-30 13:42:57
==================================================

[+] Running windows.pstree to find Dharma PIDs (hints: ['dharma', 'csrss'])...
    -> Parsed 97 processes
    [+] Found Dharma process: csrss.exe PID=420
    [+] Found Dharma process: Dharma.exe PID=7268
    [+] Found Dharma process: csrss.exe PID=504
    [+] Added child: cmd.exe PID=3708
    [+] Added child: mode.com PID=9112
    [+] Added child: vssadmin.exe PID=8420
    [+] Total Dharma PIDs: ['420', '504', '3708', '7268', '8420', '9112']
[+] Done: windows.pslist
[+] Done: windows.cmdline
[+] Done: windows.privileges
[+] Done: windows.netstat
[+] Done: windows.svcscan
[+] Done: windows.dlllist
[+] Done: windows.ldrmodules
[+] Done: windows.psscan
[+] Done: windows.handles
[+] Done: windows.filescan
[+] Done: windows.malfind
[+] Done: windows.vadinfo
    windows.pslist: 6 rows
    windows.psscan: 6 rows
    windows.cmdline: 6 rows
    windows.dlllist: 51 rows
    windows.ldrmodules: 35 rows
    windows.malfind: 0 rows
    windows.vadinfo: 332 rows
    windows.handles: 1059 rows
    windows.filescan: 5424 rows
    windows.svcscan: 0 rows
    windows.privileges: 210 rows
    windows.netstat: 40 rows

[✓] CSV saved: /mnt/d/Patrick/VMSnapshots/Dharma_20260330_034041/T030_rep04/vol3_combined.csv
[✓] Total rows: 7169
[+] Done. Total time: 0:03:40.046746
[+] Output directory: /mnt/d/Patrick/VMSnapshots/Dharma_20260330_034041/T030_rep04
