==================================================
 Volatility 3 Feature Extraction
 Family:    WannaCry
 Snapshot:  /mnt/d/Patrick/VMSnapshots/WannaCry_20260326_193131/T060_rep02/WannaCry_T060_rep02.vmem
 Started:   2026-03-29 14:45:16
==================================================

[+] Running windows.pstree to find WannaCry PIDs (hints: ['wannacry', 'tasksche', 'mssecsvc'])...
==================================================
 Volatility 3 Feature Extraction
 Family:    WannaCry
 Snapshot:  /mnt/d/Patrick/VMSnapshots/WannaCry_20260326_193131/T060_rep02/WannaCry_T060_rep02.vmem
 Started:   2026-03-29 14:47:51
==================================================

[+] Running windows.pstree to find WannaCry PIDs (hints: ['wannacry', 'tasksche', 'mssecsvc'])...
==================================================
 Volatility 3 Feature Extraction
 Family:    WannaCry
 Snapshot:  /mnt/d/Patrick/VMSnapshots/WannaCry_20260326_193131/T060_rep02/WannaCry_T060_rep02.vmem
 Started:   2026-03-29 20:25:34
==================================================

[+] Running windows.pstree to find WannaCry PIDs (hints: ['wannacry', 'tasksche', 'mssecsvc'])...
    -> Parsed 105 processes
    [+] Found WannaCry process: WannaCry.exe PID=4920
    [+] Added child: @WanaDecryptor PID=7264
    [+] Added child: taskhsvc.exe PID=3348
    [+] Added child: conhost.exe PID=6072
    [+] Added child: @WanaDecryptor PID=8108
    [+] Total WannaCry PIDs: ['3348', '4920', '6072', '7264', '8108']

[+] Running windows.pslist...
    5 rows

[+] Running windows.psscan...
    5 rows

[+] Running windows.cmdline...
    5 rows

[+] Running windows.dlllist...
    175 rows

[+] Running windows.ldrmodules...
    171 rows

[+] Running windows.malfind...
    4 rows

[+] Running windows.vadinfo...
    436 rows

[+] Running windows.handles...
    792 rows

[+] Running windows.filescan...
    4149 rows

[+] Running windows.svcscan...
    47961 rows

[+] Running windows.privileges...
    175 rows

[+] Running windows.netstat...
    5 rows

[✓] CSV saved: /mnt/d/Patrick/VMSnapshots/WannaCry_20260326_193131/T060_rep02/vol3_combined.csv
[✓] Total rows: 53883
[+] Done. Total time: 0:12:57.934604
[+] Output directory: /mnt/d/Patrick/VMSnapshots/WannaCry_20260326_193131/T060_rep02
