==================================================
 Volatility 3 Feature Extraction
 Family:    Cerber
 Snapshot:  /mnt/d/Patrick/VMSnapshots/Cerber_20260326_150808/T060_rep04/Cerber_T060_rep04.vmem
 Started:   2026-03-29 17:03:52
==================================================

[+] Running windows.pstree to find Cerber PIDs (hints: ['cerber'])...
    -> Parsed 101 processes
    [!] No Cerber processes found. Running without PID filter.

[+] Running windows.pslist...
    101 rows

[+] Running windows.psscan...
    101 rows

[+] Running windows.cmdline...
    101 rows

[+] Running windows.dlllist...
    5254 rows

[+] Running windows.ldrmodules...
    5423 rows

[+] Running windows.malfind...
    16 rows

[+] Running windows.vadinfo...
    17339 rows

[+] Running windows.handles...
    43486 rows

[+] Running windows.filescan...
    4739 rows

[+] Running windows.svcscan...
    0 rows

[+] Running windows.privileges...
    3535 rows

[+] Running windows.netstat...
    41 rows

[✓] CSV saved: /mnt/d/Patrick/VMSnapshots/Cerber_20260326_150808/T060_rep04/vol3_combined.csv
[✓] Total rows: 80136
[+] Done. Total time: 0:08:27.844022
[+] Output directory: /mnt/d/Patrick/VMSnapshots/Cerber_20260326_150808/T060_rep04
