==================================================
 Volatility 3 Feature Extraction
 Family:    WannaCry
 Snapshot:  /mnt/d/Patrick/VMSnapshots/WannaCry_20260326_193131/T180_rep01/WannaCry_T180_rep01.vmem
 Started:   2026-03-29 14:45:17
==================================================

[+] Running windows.pstree to find WannaCry PIDs (hints: ['wannacry', 'tasksche', 'mssecsvc'])...
==================================================
 Volatility 3 Feature Extraction
 Family:    WannaCry
 Snapshot:  /mnt/d/Patrick/VMSnapshots/WannaCry_20260326_193131/T180_rep01/WannaCry_T180_rep01.vmem
 Started:   2026-03-29 14:47:53
==================================================

[+] Running windows.pstree to find WannaCry PIDs (hints: ['wannacry', 'tasksche', 'mssecsvc'])...
==================================================
 Volatility 3 Feature Extraction
 Family:    WannaCry
 Snapshot:  /mnt/d/Patrick/VMSnapshots/WannaCry_20260326_193131/T180_rep01/WannaCry_T180_rep01.vmem
 Started:   2026-03-29 20:18:09
==================================================

[+] Running windows.pstree to find WannaCry PIDs (hints: ['wannacry', 'tasksche', 'mssecsvc'])...
    -> Parsed 98 processes
    [+] Found WannaCry process: WannaCry.exe PID=7984
    [+] Added child: @WanaDecryptor PID=5672
    [+] Added child: taskhsvc.exe PID=5468
    [+] Added child: conhost.exe PID=6076
    [+] Added child: @WanaDecryptor PID=8076
    [+] Total WannaCry PIDs: ['5468', '5672', '6076', '7984', '8076']

[+] Running windows.pslist...
    5 rows

[+] Running windows.psscan...
    5 rows

[+] Running windows.cmdline...
    5 rows

[+] Running windows.dlllist...
    109 rows

[+] Running windows.ldrmodules...
    2 rows

[+] Running windows.malfind...
    0 rows

[+] Running windows.vadinfo...
    405 rows

[+] Running windows.handles...
    624 rows

[+] Running windows.filescan...
    3446 rows

[+] Running windows.svcscan...
    13680 rows

[+] Running windows.privileges...
    175 rows

[+] Running windows.netstat...
    5 rows

[✓] CSV saved: /mnt/d/Patrick/VMSnapshots/WannaCry_20260326_193131/T180_rep01/vol3_combined.csv
[✓] Total rows: 18461
[+] Done. Total time: 0:07:57.613876
[+] Output directory: /mnt/d/Patrick/VMSnapshots/WannaCry_20260326_193131/T180_rep01
