==================================================
 Volatility 3 Feature Extraction
 Family:    Dharma
 Snapshot:  /mnt/d/Patrick/VMSnapshots/Dharma_20260329_230514/T015_rep03/Dharma_T015_rep03.vmem
 Started:   2026-03-30 01:26:46
==================================================

[+] Running windows.pstree to find Dharma PIDs (hints: ['dharma', 'csrss'])...
==================================================
 Volatility 3 Feature Extraction
 Family:    Dharma
 Snapshot:  /mnt/d/Patrick/VMSnapshots/Dharma_20260329_230514/T015_rep03/Dharma_T015_rep03.vmem
 Started:   2026-03-30 01:26:51
==================================================

[+] Running windows.pstree to find Dharma PIDs (hints: ['dharma', 'csrss'])...
    -> Parsed 98 processes
    [+] Found Dharma process: csrss.exe PID=420
    [+] Found Dharma process: Dharma.exe PID=9992
    [+] Found Dharma process: csrss.exe PID=504
    [+] Added child: cmd.exe PID=5472
    [+] Added child: mode.com PID=3800
    [+] Added child: vssadmin.exe PID=9280
    [+] Total Dharma PIDs: ['420', '504', '3800', '5472', '9280', '9992']
[+] Done: windows.pslist
[+] Done: windows.cmdline
[+] Done: windows.privileges
[+] Done: windows.netstat
[+] Done: windows.dlllist
[+] Done: windows.ldrmodules
[+] Done: windows.psscan
[+] Done: windows.handles
[+] Done: windows.filescan
[+] Done: windows.malfind
[+] Done: windows.vadinfo
[+] Done: windows.svcscan
    windows.pslist: 6 rows
    windows.psscan: 6 rows
    windows.cmdline: 6 rows
    windows.dlllist: 71 rows
    windows.ldrmodules: 36 rows
    windows.malfind: 0 rows
    windows.vadinfo: 336 rows
    windows.handles: 1078 rows
    windows.filescan: 6356 rows
    windows.svcscan: 49931 rows
    windows.privileges: 210 rows
    windows.netstat: 40 rows

[✓] CSV saved: /mnt/d/Patrick/VMSnapshots/Dharma_20260329_230514/T015_rep03/vol3_combined.csv
[✓] Total rows: 58076
[+] Done. Total time: 0:04:54.090988
[+] Output directory: /mnt/d/Patrick/VMSnapshots/Dharma_20260329_230514/T015_rep03
