==================================================
 Volatility 3 Feature Extraction
 Family:    Cerber
 Snapshot:  /mnt/d/Patrick/VMSnapshots/Cerber_20260330_020139/T060_rep02/Cerber_T060_rep02.vmem
 Started:   2026-03-30 11:03:17
==================================================

[+] Running windows.pstree to find Cerber PIDs (hints: ['cerber'])...
    -> Parsed 91 processes
    [!] No Cerber processes found. Running without PID filter.
[+] Done: windows.cmdline
[+] Done: windows.pslist
[+] Done: windows.netstat
[+] Done: windows.privileges
[+] Done: windows.dlllist
[+] Done: windows.svcscan
[+] Done: windows.psscan
[+] Done: windows.ldrmodules
[+] Done: windows.filescan
[+] Done: windows.handles
[+] Done: windows.malfind
[+] Done: windows.vadinfo
    windows.pslist: 91 rows
    windows.psscan: 101 rows
    windows.cmdline: 91 rows
    windows.dlllist: 5117 rows
    windows.ldrmodules: 248 rows
    windows.malfind: 4 rows
    windows.vadinfo: 16638 rows
    windows.handles: 38240 rows
    windows.filescan: 5889 rows
    windows.svcscan: 1379 rows
    windows.privileges: 3185 rows
    windows.netstat: 40 rows

[✓] CSV saved: /mnt/d/Patrick/VMSnapshots/Cerber_20260330_020139/T060_rep02/vol3_combined.csv
[✓] Total rows: 71023
[+] Done. Total time: 0:03:41.035310
[+] Output directory: /mnt/d/Patrick/VMSnapshots/Cerber_20260330_020139/T060_rep02
