==================================================
 Volatility 3 Feature Extraction
 Family:    Dharma
 Snapshot:  /mnt/d/Patrick/VMSnapshots/Dharma_20260329_230514/T240_rep04/Dharma_T240_rep04.vmem
 Started:   2026-03-30 13:05:54
==================================================

[+] Running windows.pstree to find Dharma PIDs (hints: ['dharma', 'csrss'])...
    -> Parsed 101 processes
    [+] Found Dharma process: csrss.exe PID=420
    [+] Found Dharma process: Dharma.exe PID=9664
    [+] Found Dharma process: csrss.exe PID=504
    [+] Added child: mshta.exe PID=5996
    [+] Added child: cmd.exe PID=3964
    [+] Added child: mode.com PID=8844
    [+] Added child: vssadmin.exe PID=1084
    [+] Added child: mshta.exe PID=8268
    [+] Added child: cmd.exe PID=6980
    [+] Added child: mode.com PID=576
    [+] Added child: vssadmin.exe PID=6080
    [+] Total Dharma PIDs: ['420', '504', '576', '1084', '3964', '5996', '6080', '6980', '8268', '8844', '9664']
[+] Done: windows.pslist
[+] Done: windows.privileges
[+] Done: windows.netstat
[+] Done: windows.cmdline
[+] Done: windows.dlllist
[+] Done: windows.svcscan
[+] Done: windows.ldrmodules
[+] Done: windows.psscan
[+] Done: windows.filescan
[+] Done: windows.handles
[+] Done: windows.malfind
[+] Done: windows.vadinfo
    windows.pslist: 11 rows
    windows.psscan: 11 rows
    windows.cmdline: 11 rows
    windows.dlllist: 206 rows
    windows.ldrmodules: 0 rows
    windows.malfind: 10 rows
    windows.vadinfo: 638 rows
    windows.handles: 1914 rows
    windows.filescan: 6887 rows
    windows.svcscan: 1362 rows
    windows.privileges: 385 rows
    windows.netstat: 40 rows

[✓] CSV saved: /mnt/d/Patrick/VMSnapshots/Dharma_20260329_230514/T240_rep04/vol3_combined.csv
[✓] Total rows: 11475
[+] Done. Total time: 0:03:46.424320
[+] Output directory: /mnt/d/Patrick/VMSnapshots/Dharma_20260329_230514/T240_rep04
