==================================================
 Volatility 3 Feature Extraction
 Family:    Jigsaw
 Snapshot:  /mnt/d/Patrick/VMSnapshots/Jigsaw_20260326_171020/T015_rep05/Jigsaw_T015_rep05.vmem
 Started:   2026-03-29 13:41:56
==================================================

[+] Running windows.pstree to find Jigsaw PIDs (hints: ['jigsaw'])...
    -> Parsed 90 processes
    [!] No Jigsaw processes found. Running without PID filter.

[+] Running windows.pslist...
    90 rows

[+] Running windows.psscan...
    92 rows

[+] Running windows.cmdline...
    90 rows

[+] Running windows.dlllist...
    5192 rows

[+] Running windows.ldrmodules...
    895 rows

[+] Running windows.malfind...
    6 rows

[+] Running windows.vadinfo...
    15992 rows

[+] Running windows.handles...
    39436 rows

[+] Running windows.filescan...
    4355 rows

[+] Running windows.svcscan...
    1395 rows

[+] Running windows.privileges...
    3150 rows

[+] Running windows.netstat...
    39 rows

[✓] CSV saved: /mnt/d/Patrick/VMSnapshots/Jigsaw_20260326_171020/T015_rep05/vol3_combined.csv
[✓] Total rows: 70732
[+] Done. Total time: 0:10:24.964013
[+] Output directory: /mnt/d/Patrick/VMSnapshots/Jigsaw_20260326_171020/T015_rep05
