==================================================
 Volatility 3 Feature Extraction
 Family:    Benign
 Snapshot:  /mnt/d/Patrick/VMSnapshots/Datasets/Benign_20260409_121408/T180_rep09/Benign_T180_rep09_152502.vmem
 Started:   2026-04-09 20:27:48
==================================================

[+] Benign family — no PID filter, capturing all processes.
[+] Done: windows.privileges
[+] Done: windows.pslist
[+] Done: windows.netstat
[+] Done: windows.cmdline
[+] Done: windows.dlllist
[+] Done: windows.svcscan
[+] Done: windows.psscan
[+] Done: windows.ldrmodules
[+] Done: windows.filescan
[+] Done: windows.handles
[+] Done: windows.malfind
[+] Done: windows.vadinfo
    windows.pslist: 92 rows
    windows.psscan: 108 rows
    windows.cmdline: 92 rows
    windows.dlllist: 5150 rows
    windows.ldrmodules: 124 rows
    windows.malfind: 3 rows
    windows.vadinfo: 16770 rows
    windows.handles: 38373 rows
    windows.filescan: 5966 rows
    windows.svcscan: 1367 rows
    windows.privileges: 3220 rows
    windows.netstat: 40 rows

[✓] CSV saved: /mnt/d/Patrick/VMSnapshots/Datasets/Benign_20260409_121408/T180_rep09/vol3_combined.csv
[✓] Total rows: 71305
[+] Done. Total time: 0:03:53.809846
[+] Output directory: /mnt/d/Patrick/VMSnapshots/Datasets/Benign_20260409_121408/T180_rep09
