==================================================
 Volatility 3 Feature Extraction
 Family:    Jigsaw
 Snapshot:  /mnt/d/Patrick/VMSnapshots/Jigsaw_20260326_171020/T060_rep04/Jigsaw_T060_rep04.vmem
 Started:   2026-03-29 16:04:48
==================================================

[+] Running windows.pstree to find Jigsaw PIDs (hints: ['jigsaw'])...
    -> Parsed 97 processes
    [!] No Jigsaw processes found. Running without PID filter.

[+] Running windows.pslist...
    97 rows

[+] Running windows.psscan...
    99 rows

[+] Running windows.cmdline...
    97 rows

[+] Running windows.dlllist...
    5679 rows

[+] Running windows.ldrmodules...
    5153 rows

[+] Running windows.malfind...
    18 rows

[+] Running windows.vadinfo...
    16823 rows

[+] Running windows.handles...
    42257 rows

[+] Running windows.filescan...
    4517 rows

[+] Running windows.svcscan...
    1366 rows

[+] Running windows.privileges...
    3395 rows

[+] Running windows.netstat...
    41 rows

[✓] CSV saved: /mnt/d/Patrick/VMSnapshots/Jigsaw_20260326_171020/T060_rep04/vol3_combined.csv
[✓] Total rows: 79542
[+] Done. Total time: 0:07:16.701038
[+] Output directory: /mnt/d/Patrick/VMSnapshots/Jigsaw_20260326_171020/T060_rep04
