==================================================
 Volatility 3 Feature Extraction
 Family:    WannaCry
 Snapshot:  /mnt/d/Patrick/VMSnapshots/WannaCry_20260330_065934/T015_rep04/WannaCry_T015_rep04.vmem
 Started:   2026-03-30 16:38:57
==================================================

[+] Running windows.pstree to find WannaCry PIDs (hints: ['wannacry', 'tasksche', 'mssecsvc'])...
    -> Parsed 94 processes
    [+] Found WannaCry process: WannaCry.exe PID=8352
    [+] Total WannaCry PIDs: ['8352']
[+] Done: windows.pslist
[+] Done: windows.cmdline
[+] Done: windows.privileges
[+] Done: windows.netstat
[+] Done: windows.svcscan
[+] Done: windows.dlllist
[+] Done: windows.ldrmodules
[+] Done: windows.psscan
[+] Done: windows.filescan
[+] Done: windows.handles
[+] Done: windows.malfind
[+] Done: windows.vadinfo
    windows.pslist: 1 rows
    windows.psscan: 1 rows
    windows.cmdline: 1 rows
    windows.dlllist: 34 rows
    windows.ldrmodules: 34 rows
    windows.malfind: 3 rows
    windows.vadinfo: 93 rows
    windows.handles: 172 rows
    windows.filescan: 7188 rows
    windows.svcscan: 0 rows
    windows.privileges: 35 rows
    windows.netstat: 40 rows

[✓] CSV saved: /mnt/d/Patrick/VMSnapshots/WannaCry_20260330_065934/T015_rep04/vol3_combined.csv
[✓] Total rows: 7602
[+] Done. Total time: 0:03:43.497112
[+] Output directory: /mnt/d/Patrick/VMSnapshots/WannaCry_20260330_065934/T015_rep04
