[06:59:34] ============================================
[06:59:34]  WannaCry Collection Session
[06:59:34]  Guest path:  C:\Malware\WannaCry\WannaCry.exe
[06:59:34]  Runs/offset: 5
[06:59:34]  Offsets:     15s, 30s, 60s, 120s, 180s
[06:59:34]  Total runs:  25
[06:59:34]  Output:      D:\Patrick\VMSnapshots\WannaCry_20260330_065934
[06:59:34] ============================================
[06:59:34] 
[06:59:34] ==========================================
[06:59:34]  RUN 1 / 25 - WannaCry @ T+15s (rep 1)
[06:59:34] ==========================================
[06:59:34] [+] Stopping VM...
[06:59:35]   [vmrun] stop error: Error: The virtual machine is not powered on: C:\Users\Patrick\Documents\Virtual Machines\Windows 10 x64\Windows 10 x64.vmx
[06:59:37] [+] Reverting to CleanFamily5...
[06:59:37]     -> Reverted
[06:59:37] [+] Starting VM...
[06:59:55] [+] Waiting 20s for boot...
[07:00:15] [+] Launching WannaCry...
[07:00:16]     -> WannaCry launched
[07:00:16] [+] Sleeping 14s (target T+15s)...
[07:00:30] [+] Snapshot at T+15s: WannaCry_T015_rep01
[07:01:24]     -> Taken
[07:01:24] [+] Waiting 30s for VMware to flush vmem...
[07:01:54]   [VMEM] Copying -> D:\Patrick\VMSnapshots\WannaCry_20260330_065934\T015_rep01\WannaCry_T015_rep01.vmem
[07:02:13]   [VMEM] Copied 2048 MB
[07:02:23] [+] Run 1 complete.
[07:02:23] 
[07:02:23] ==========================================
[07:02:23]  RUN 2 / 25 - WannaCry @ T+30s (rep 1)
[07:02:23] ==========================================
[07:02:23] [+] Stopping VM...
[07:02:32] [+] Reverting to CleanFamily5...
[07:02:33]     -> Reverted
[07:02:33] [+] Starting VM...
[07:02:47] [+] Waiting 20s for boot...
[07:03:07] [+] Launching WannaCry...
[07:03:08]     -> WannaCry launched
[07:03:08] [+] Sleeping 29s (target T+30s)...
[07:03:37] [+] Snapshot at T+30s: WannaCry_T030_rep01
[07:04:35]     -> Taken
[07:04:35] [+] Waiting 30s for VMware to flush vmem...
[07:05:05]   [VMEM] Copying -> D:\Patrick\VMSnapshots\WannaCry_20260330_065934\T030_rep01\WannaCry_T030_rep01.vmem
[07:05:17]   [VMEM] Copied 2048 MB
[07:05:23] [+] Run 2 complete.
[07:05:23] 
[07:05:23] ==========================================
[07:05:23]  RUN 3 / 25 - WannaCry @ T+60s (rep 1)
[07:05:23] ==========================================
[07:05:23] [+] Stopping VM...
[07:05:26] [+] Reverting to CleanFamily5...
[07:05:28]     -> Reverted
[07:05:28] [+] Starting VM...
[07:05:45] [+] Waiting 20s for boot...
[07:06:05] [+] Launching WannaCry...
[07:06:06]     -> WannaCry launched
[07:06:06] [+] Sleeping 59s (target T+60s)...
[07:07:05] [+] Snapshot at T+60s: WannaCry_T060_rep01
[07:08:04]     -> Taken
[07:08:04] [+] Waiting 30s for VMware to flush vmem...
[07:08:34]   [VMEM] Copying -> D:\Patrick\VMSnapshots\WannaCry_20260330_065934\T060_rep01\WannaCry_T060_rep01.vmem
[07:08:54]   [VMEM] Copied 2048 MB
[07:09:04] [+] Run 3 complete.
[07:09:04] 
[07:09:04] ==========================================
[07:09:04]  RUN 4 / 25 - WannaCry @ T+120s (rep 1)
[07:09:04] ==========================================
[07:09:04] [+] Stopping VM...
[07:09:07] [+] Reverting to CleanFamily5...
[07:09:08]     -> Reverted
[07:09:08] [+] Starting VM...
[07:09:26] [+] Waiting 20s for boot...
[07:09:46] [+] Launching WannaCry...
[07:09:47]     -> WannaCry launched
[07:09:47] [+] Sleeping 119s (target T+120s)...
[07:11:46] [+] Snapshot at T+120s: WannaCry_T120_rep01
[07:12:43]     -> Taken
[07:12:43] [+] Waiting 30s for VMware to flush vmem...
[07:13:13]   [VMEM] Copying -> D:\Patrick\VMSnapshots\WannaCry_20260330_065934\T120_rep01\WannaCry_T120_rep01.vmem
[07:13:27]   [VMEM] Copied 2048 MB
[07:13:35] [+] Run 4 complete.
[07:13:35] 
[07:13:35] ==========================================
[07:13:35]  RUN 5 / 25 - WannaCry @ T+180s (rep 1)
[07:13:35] ==========================================
[07:13:35] [+] Stopping VM...
[07:13:39] [+] Reverting to CleanFamily5...
[07:13:40]     -> Reverted
[07:13:40] [+] Starting VM...
[07:13:54] [+] Waiting 20s for boot...
[07:14:14] [+] Launching WannaCry...
[07:14:15]     -> WannaCry launched
[07:14:15] [+] Sleeping 179s (target T+180s)...
[07:17:14] [+] Snapshot at T+180s: WannaCry_T180_rep01
[07:18:11]     -> Taken
[07:18:11] [+] Waiting 30s for VMware to flush vmem...
[07:18:41]   [VMEM] Copying -> D:\Patrick\VMSnapshots\WannaCry_20260330_065934\T180_rep01\WannaCry_T180_rep01.vmem
[07:18:51]   [VMEM] Copied 2048 MB
[07:19:53] [+] Run 5 complete.
[07:19:53] 
[07:19:54] ==========================================
[07:19:54]  RUN 6 / 25 - WannaCry @ T+15s (rep 2)
[07:19:54] ==========================================
[07:19:54] [+] Stopping VM...
[07:19:57] [+] Reverting to CleanFamily5...
[07:19:58]     -> Reverted
[07:19:58] [+] Starting VM...
[07:20:13] [+] Waiting 20s for boot...
[07:20:33] [+] Launching WannaCry...
[07:20:34]     -> WannaCry launched
[07:20:34] [+] Sleeping 14s (target T+15s)...
[07:20:48] [+] Snapshot at T+15s: WannaCry_T015_rep02
[07:21:48]     -> Taken
[07:21:48] [+] Waiting 30s for VMware to flush vmem...
[07:22:18]   [VMEM] Copying -> D:\Patrick\VMSnapshots\WannaCry_20260330_065934\T015_rep02\WannaCry_T015_rep02.vmem
[07:22:43]   [VMEM] Copied 2048 MB
[07:22:55] [+] Run 6 complete.
[07:22:55] 
[07:22:55] ==========================================
[07:22:55]  RUN 7 / 25 - WannaCry @ T+30s (rep 2)
[07:22:55] ==========================================
[07:22:55] [+] Stopping VM...
[07:22:58] [+] Reverting to CleanFamily5...
[07:22:59]     -> Reverted
[07:22:59] [+] Starting VM...
[07:23:14] [+] Waiting 20s for boot...
[07:23:34] [+] Launching WannaCry...
[07:23:35]     -> WannaCry launched
[07:23:35] [+] Sleeping 29s (target T+30s)...
[07:24:04] [+] Snapshot at T+30s: WannaCry_T030_rep02
[07:25:02]     -> Taken
[07:25:02] [+] Waiting 30s for VMware to flush vmem...
[07:25:32]   [VMEM] Copying -> D:\Patrick\VMSnapshots\WannaCry_20260330_065934\T030_rep02\WannaCry_T030_rep02.vmem
[07:25:55]   [VMEM] Copied 2048 MB
[07:26:04] [+] Run 7 complete.
[07:26:04] 
[07:26:04] ==========================================
[07:26:04]  RUN 8 / 25 - WannaCry @ T+60s (rep 2)
[07:26:04] ==========================================
[07:26:04] [+] Stopping VM...
[07:26:08] [+] Reverting to CleanFamily5...
[07:26:09]     -> Reverted
[07:26:09] [+] Starting VM...
[07:26:26] [+] Waiting 20s for boot...
[07:26:46] [+] Launching WannaCry...
[07:26:47]     -> WannaCry launched
[07:26:47] [+] Sleeping 59s (target T+60s)...
[07:27:46] [+] Snapshot at T+60s: WannaCry_T060_rep02
[07:28:43]     -> Taken
[07:28:43] [+] Waiting 30s for VMware to flush vmem...
[07:29:13]   [VMEM] Copying -> D:\Patrick\VMSnapshots\WannaCry_20260330_065934\T060_rep02\WannaCry_T060_rep02.vmem
[07:29:22]   [VMEM] Copied 2048 MB
[07:29:30] [+] Run 8 complete.
[07:29:30] 
[07:29:30] ==========================================
[07:29:30]  RUN 9 / 25 - WannaCry @ T+120s (rep 2)
[07:29:30] ==========================================
[07:29:30] [+] Stopping VM...
[07:29:34] [+] Reverting to CleanFamily5...
[07:29:35]     -> Reverted
[07:29:35] [+] Starting VM...
[07:29:49] [+] Waiting 20s for boot...
[07:30:09] [+] Launching WannaCry...
[07:30:10]     -> WannaCry launched
[07:30:10] [+] Sleeping 119s (target T+120s)...
[07:32:09] [+] Snapshot at T+120s: WannaCry_T120_rep02
[07:33:14]     -> Taken
[07:33:14] [+] Waiting 30s for VMware to flush vmem...
[07:33:44]   [VMEM] Copying -> D:\Patrick\VMSnapshots\WannaCry_20260330_065934\T120_rep02\WannaCry_T120_rep02.vmem
[07:34:01]   [VMEM] Copied 2048 MB
[07:34:09] [+] Run 9 complete.
[07:34:09] 
[07:34:09] ==========================================
[07:34:09]  RUN 10 / 25 - WannaCry @ T+180s (rep 2)
[07:34:09] ==========================================
[07:34:09] [+] Stopping VM...
[07:34:13] [+] Reverting to CleanFamily5...
[07:34:14]     -> Reverted
[07:34:14] [+] Starting VM...
[07:34:28] [+] Waiting 20s for boot...
[07:34:48] [+] Launching WannaCry...
[07:34:49]     -> WannaCry launched
[07:34:49] [+] Sleeping 179s (target T+180s)...
[07:37:48] [+] Snapshot at T+180s: WannaCry_T180_rep02
[07:38:45]     -> Taken
[07:38:45] [+] Waiting 30s for VMware to flush vmem...
[07:39:15]   [VMEM] Copying -> D:\Patrick\VMSnapshots\WannaCry_20260330_065934\T180_rep02\WannaCry_T180_rep02.vmem
[07:39:25]   [VMEM] Copied 2048 MB
[07:40:32] [+] Run 10 complete.
[07:40:32] 
[07:40:32] ==========================================
[07:40:32]  RUN 11 / 25 - WannaCry @ T+15s (rep 3)
[07:40:32] ==========================================
[07:40:32] [+] Stopping VM...
[07:40:35] [+] Reverting to CleanFamily5...
[07:40:36]     -> Reverted
[07:40:36] [+] Starting VM...
[07:40:51] [+] Waiting 20s for boot...
[07:41:11] [+] Launching WannaCry...
[07:41:12]     -> WannaCry launched
[07:41:12] [+] Sleeping 14s (target T+15s)...
[07:41:26] [+] Snapshot at T+15s: WannaCry_T015_rep03
[07:42:24]     -> Taken
[07:42:24] [+] Waiting 30s for VMware to flush vmem...
[07:42:54]   [VMEM] Copying -> D:\Patrick\VMSnapshots\WannaCry_20260330_065934\T015_rep03\WannaCry_T015_rep03.vmem
[07:43:13]   [VMEM] Copied 2048 MB
[07:43:24] [+] Run 11 complete.
[07:43:24] 
[07:43:24] ==========================================
[07:43:24]  RUN 12 / 25 - WannaCry @ T+30s (rep 3)
[07:43:24] ==========================================
[07:43:24] [+] Stopping VM...
[07:43:27] [+] Reverting to CleanFamily5...
[07:43:28]     -> Reverted
[07:43:28] [+] Starting VM...
[07:43:46] [+] Waiting 20s for boot...
[07:44:06] [+] Launching WannaCry...
[07:44:06]     -> WannaCry launched
[07:44:06] [+] Sleeping 29s (target T+30s)...
[07:44:35] [+] Snapshot at T+30s: WannaCry_T030_rep03
[07:45:31]     -> Taken
[07:45:31] [+] Waiting 30s for VMware to flush vmem...
[07:46:02]   [VMEM] Copying -> D:\Patrick\VMSnapshots\WannaCry_20260330_065934\T030_rep03\WannaCry_T030_rep03.vmem
[07:46:27]   [VMEM] Copied 2048 MB
[07:46:38] [+] Run 12 complete.
[07:46:38] 
[07:46:38] ==========================================
[07:46:38]  RUN 13 / 25 - WannaCry @ T+60s (rep 3)
[07:46:38] ==========================================
[07:46:38] [+] Stopping VM...
[07:46:41] [+] Reverting to CleanFamily5...
[07:46:42]     -> Reverted
[07:46:42] [+] Starting VM...
[07:46:59] [+] Waiting 20s for boot...
[07:47:19] [+] Launching WannaCry...
[07:47:20]     -> WannaCry launched
[07:47:20] [+] Sleeping 59s (target T+60s)...
[07:48:19] [+] Snapshot at T+60s: WannaCry_T060_rep03
[07:49:15]     -> Taken
[07:49:15] [+] Waiting 30s for VMware to flush vmem...
[07:49:45]   [VMEM] Copying -> D:\Patrick\VMSnapshots\WannaCry_20260330_065934\T060_rep03\WannaCry_T060_rep03.vmem
[07:49:50]   [VMEM] Copied 2048 MB
[07:49:56] [+] Run 13 complete.
[07:49:56] 
[07:49:56] ==========================================
[07:49:56]  RUN 14 / 25 - WannaCry @ T+120s (rep 3)
[07:49:56] ==========================================
[07:49:56] [+] Stopping VM...
[07:50:00] [+] Reverting to CleanFamily5...
[07:50:01]     -> Reverted
[07:50:01] [+] Starting VM...
[07:50:18] [+] Waiting 20s for boot...
[07:50:38] [+] Launching WannaCry...
[07:50:39]     -> WannaCry launched
[07:50:39] [+] Sleeping 119s (target T+120s)...
[07:52:38] [+] Snapshot at T+120s: WannaCry_T120_rep03
[07:53:35]     -> Taken
[07:53:35] [+] Waiting 30s for VMware to flush vmem...
[07:54:05]   [VMEM] Copying -> D:\Patrick\VMSnapshots\WannaCry_20260330_065934\T120_rep03\WannaCry_T120_rep03.vmem
[07:54:25]   [VMEM] Copied 2048 MB
[07:54:33] [+] Run 14 complete.
[07:54:33] 
[07:54:33] ==========================================
[07:54:33]  RUN 15 / 25 - WannaCry @ T+180s (rep 3)
[07:54:33] ==========================================
[07:54:33] [+] Stopping VM...
[07:54:37] [+] Reverting to CleanFamily5...
[07:54:38]     -> Reverted
[07:54:38] [+] Starting VM...
[07:54:55] [+] Waiting 20s for boot...
[07:55:15] [+] Launching WannaCry...
[07:55:15]     -> WannaCry launched
[07:55:15] [+] Sleeping 179s (target T+180s)...
[07:58:14] [+] Snapshot at T+180s: WannaCry_T180_rep03
[07:59:12]     -> Taken
[07:59:12] [+] Waiting 30s for VMware to flush vmem...
[07:59:42]   [VMEM] Copying -> D:\Patrick\VMSnapshots\WannaCry_20260330_065934\T180_rep03\WannaCry_T180_rep03.vmem
[07:59:51]   [VMEM] Copied 2048 MB
[08:01:03] [+] Run 15 complete.
[08:01:03] 
[08:01:03] ==========================================
[08:01:03]  RUN 16 / 25 - WannaCry @ T+15s (rep 4)
[08:01:03] ==========================================
[08:01:03] [+] Stopping VM...
[08:01:07] [+] Reverting to CleanFamily5...
[08:01:08]     -> Reverted
[08:01:08] [+] Starting VM...
[08:01:25] [+] Waiting 20s for boot...
[08:01:45] [+] Launching WannaCry...
[08:01:46]     -> WannaCry launched
[08:01:46] [+] Sleeping 14s (target T+15s)...
[08:02:00] [+] Snapshot at T+15s: WannaCry_T015_rep04
[08:02:57]     -> Taken
[08:02:57] [+] Waiting 30s for VMware to flush vmem...
[08:03:27]   [VMEM] Copying -> D:\Patrick\VMSnapshots\WannaCry_20260330_065934\T015_rep04\WannaCry_T015_rep04.vmem
[08:03:47]   [VMEM] Copied 2048 MB
[08:04:06] [+] Run 16 complete.
[08:04:06] 
[08:04:06] ==========================================
[08:04:06]  RUN 17 / 25 - WannaCry @ T+30s (rep 4)
[08:04:06] ==========================================
[08:04:06] [+] Stopping VM...
[08:04:10] [+] Reverting to CleanFamily5...
[08:04:11]     -> Reverted
[08:04:11] [+] Starting VM...
[08:04:25] [+] Waiting 20s for boot...
[08:04:45] [+] Launching WannaCry...
[08:04:46]     -> WannaCry launched
[08:04:46] [+] Sleeping 29s (target T+30s)...
[08:05:15] [+] Snapshot at T+30s: WannaCry_T030_rep04
[08:06:12]     -> Taken
[08:06:12] [+] Waiting 30s for VMware to flush vmem...
[08:06:42]   [VMEM] Copying -> D:\Patrick\VMSnapshots\WannaCry_20260330_065934\T030_rep04\WannaCry_T030_rep04.vmem
[08:06:57]   [VMEM] Copied 2048 MB
[08:07:05] [+] Run 17 complete.
[08:07:05] 
[08:07:05] ==========================================
[08:07:05]  RUN 18 / 25 - WannaCry @ T+60s (rep 4)
[08:07:05] ==========================================
[08:07:05] [+] Stopping VM...
[08:07:09] [+] Reverting to CleanFamily5...
[08:07:10]     -> Reverted
[08:07:10] [+] Starting VM...
[08:07:27] [+] Waiting 20s for boot...
[08:07:47] [+] Launching WannaCry...
[08:07:48]     -> WannaCry launched
[08:07:48] [+] Sleeping 59s (target T+60s)...
[08:08:47] [+] Snapshot at T+60s: WannaCry_T060_rep04
[08:09:45]     -> Taken
[08:09:45] [+] Waiting 30s for VMware to flush vmem...
[08:10:15]   [VMEM] Copying -> D:\Patrick\VMSnapshots\WannaCry_20260330_065934\T060_rep04\WannaCry_T060_rep04.vmem
[08:10:30]   [VMEM] Copied 2048 MB
[08:10:41] [+] Run 18 complete.
[08:10:41] 
[08:10:41] ==========================================
[08:10:41]  RUN 19 / 25 - WannaCry @ T+120s (rep 4)
[08:10:41] ==========================================
[08:10:41] [+] Stopping VM...
[08:10:44] [+] Reverting to CleanFamily5...
[08:10:45]     -> Reverted
[08:10:45] [+] Starting VM...
[08:11:00] [+] Waiting 20s for boot...
[08:11:20] [+] Launching WannaCry...
[08:11:20]     -> WannaCry launched
[08:11:20] [+] Sleeping 119s (target T+120s)...
[08:13:19] [+] Snapshot at T+120s: WannaCry_T120_rep04
[08:14:17]     -> Taken
[08:14:17] [+] Waiting 30s for VMware to flush vmem...
[08:14:47]   [VMEM] Copying -> D:\Patrick\VMSnapshots\WannaCry_20260330_065934\T120_rep04\WannaCry_T120_rep04.vmem
[08:15:00]   [VMEM] Copied 2048 MB
[08:15:07] [+] Run 19 complete.
[08:15:07] 
[08:15:07] ==========================================
[08:15:07]  RUN 20 / 25 - WannaCry @ T+180s (rep 4)
[08:15:07] ==========================================
[08:15:07] [+] Stopping VM...
[08:15:11] [+] Reverting to CleanFamily5...
[08:15:12]     -> Reverted
[08:15:12] [+] Starting VM...
[08:15:29] [+] Waiting 20s for boot...
[08:15:49] [+] Launching WannaCry...
[08:15:50]     -> WannaCry launched
[08:15:50] [+] Sleeping 179s (target T+180s)...
[08:18:49] [+] Snapshot at T+180s: WannaCry_T180_rep04
[08:19:47]     -> Taken
[08:19:47] [+] Waiting 30s for VMware to flush vmem...
[08:20:17]   [VMEM] Copying -> D:\Patrick\VMSnapshots\WannaCry_20260330_065934\T180_rep04\WannaCry_T180_rep04.vmem
[08:20:25]   [VMEM] Copied 2048 MB
[08:21:31] [+] Run 20 complete.
[08:21:31] 
[08:21:31] ==========================================
[08:21:31]  RUN 21 / 25 - WannaCry @ T+15s (rep 5)
[08:21:31] ==========================================
[08:21:31] [+] Stopping VM...
[08:21:34] [+] Reverting to CleanFamily5...
[08:21:36]     -> Reverted
[08:21:36] [+] Starting VM...
[08:21:50] [+] Waiting 20s for boot...
[08:22:10] [+] Launching WannaCry...
[08:22:11]     -> WannaCry launched
[08:22:11] [+] Sleeping 14s (target T+15s)...
[08:22:25] [+] Snapshot at T+15s: WannaCry_T015_rep05
[08:23:22]     -> Taken
[08:23:22] [+] Waiting 30s for VMware to flush vmem...
[08:23:52]   [VMEM] Copying -> D:\Patrick\VMSnapshots\WannaCry_20260330_065934\T015_rep05\WannaCry_T015_rep05.vmem
[08:24:06]   [VMEM] Copied 2048 MB
[08:24:16] [+] Run 21 complete.
[08:24:16] 
[08:24:16] ==========================================
[08:24:16]  RUN 22 / 25 - WannaCry @ T+30s (rep 5)
[08:24:16] ==========================================
[08:24:16] [+] Stopping VM...
[08:24:19] [+] Reverting to CleanFamily5...
[08:24:21]     -> Reverted
[08:24:21] [+] Starting VM...
[08:24:38] [+] Waiting 20s for boot...
[08:24:58] [+] Launching WannaCry...
[08:24:59]     -> WannaCry launched
[08:24:59] [+] Sleeping 29s (target T+30s)...
[08:25:28] [+] Snapshot at T+30s: WannaCry_T030_rep05
[08:26:25]     -> Taken
[08:26:25] [+] Waiting 30s for VMware to flush vmem...
[08:26:55]   [VMEM] Copying -> D:\Patrick\VMSnapshots\WannaCry_20260330_065934\T030_rep05\WannaCry_T030_rep05.vmem
[08:27:16]   [VMEM] Copied 2048 MB
[08:27:24] [+] Run 22 complete.
[08:27:24] 
[08:27:24] ==========================================
[08:27:24]  RUN 23 / 25 - WannaCry @ T+60s (rep 5)
[08:27:24] ==========================================
[08:27:24] [+] Stopping VM...
[08:27:27] [+] Reverting to CleanFamily5...
[08:27:28]     -> Reverted
[08:27:28] [+] Starting VM...
[08:27:46] [+] Waiting 20s for boot...
[08:28:06] [+] Launching WannaCry...
[08:28:07]     -> WannaCry launched
[08:28:07] [+] Sleeping 59s (target T+60s)...
[08:29:06] [+] Snapshot at T+60s: WannaCry_T060_rep05
[08:30:06]     -> Taken
[08:30:06] [+] Waiting 30s for VMware to flush vmem...
[08:30:36]   [VMEM] Copying -> D:\Patrick\VMSnapshots\WannaCry_20260330_065934\T060_rep05\WannaCry_T060_rep05.vmem
[08:30:52]   [VMEM] Copied 2048 MB
[08:31:00] [+] Run 23 complete.
[08:31:00] 
[08:31:00] ==========================================
[08:31:00]  RUN 24 / 25 - WannaCry @ T+120s (rep 5)
[08:31:00] ==========================================
[08:31:00] [+] Stopping VM...
[08:31:04] [+] Reverting to CleanFamily5...
[08:31:05]     -> Reverted
[08:31:05] [+] Starting VM...
[08:31:19] [+] Waiting 20s for boot...
[08:31:39] [+] Launching WannaCry...
[08:31:40]     -> WannaCry launched
[08:31:40] [+] Sleeping 119s (target T+120s)...
[08:33:39] [+] Snapshot at T+120s: WannaCry_T120_rep05
[08:34:36]     -> Taken
[08:34:36] [+] Waiting 30s for VMware to flush vmem...
[08:35:06]   [VMEM] Copying -> D:\Patrick\VMSnapshots\WannaCry_20260330_065934\T120_rep05\WannaCry_T120_rep05.vmem
[08:35:24]   [VMEM] Copied 2048 MB
[08:35:32] [+] Run 24 complete.
[08:35:32] 
[08:35:32] ==========================================
[08:35:32]  RUN 25 / 25 - WannaCry @ T+180s (rep 5)
[08:35:32] ==========================================
[08:35:32] [+] Stopping VM...
[08:35:36] [+] Reverting to CleanFamily5...
[08:35:37]     -> Reverted
[08:35:37] [+] Starting VM...
[08:35:51] [+] Waiting 20s for boot...
[08:36:11] [+] Launching WannaCry...
[08:36:12]     -> WannaCry launched
[08:36:12] [+] Sleeping 179s (target T+180s)...
[08:39:11] [+] Snapshot at T+180s: WannaCry_T180_rep05
[08:40:08]     -> Taken
[08:40:08] [+] Waiting 30s for VMware to flush vmem...
[08:40:38]   [VMEM] Copying -> D:\Patrick\VMSnapshots\WannaCry_20260330_065934\T180_rep05\WannaCry_T180_rep05.vmem
[08:40:48]   [VMEM] Copied 2048 MB
[08:41:50] [+] Run 25 complete.
[08:41:50] 
[08:41:50] [+] All cycles done. Reverting to clean snapshot...
[08:41:55]     -> Reverted to CleanFamily5
[08:41:55] 
[08:41:55] ============================================
[08:41:55]  Session complete.
[08:41:55]  Family:  WannaCry
[08:41:55]  Output:  D:\Patrick\VMSnapshots\WannaCry_20260330_065934
[08:41:55] ============================================
