==================================================
 Volatility 3 Feature Extraction
 Family:    WannaCry
 Snapshot:  /mnt/d/Patrick/VMSnapshots/WannaCry_20260326_193131/T060_rep05/WannaCry_T060_rep05.vmem
 Started:   2026-03-29 14:45:16
==================================================

[+] Running windows.pstree to find WannaCry PIDs (hints: ['wannacry', 'tasksche', 'mssecsvc'])...
==================================================
 Volatility 3 Feature Extraction
 Family:    WannaCry
 Snapshot:  /mnt/d/Patrick/VMSnapshots/WannaCry_20260326_193131/T060_rep05/WannaCry_T060_rep05.vmem
 Started:   2026-03-29 14:47:52
==================================================

[+] Running windows.pstree to find WannaCry PIDs (hints: ['wannacry', 'tasksche', 'mssecsvc'])...
==================================================
 Volatility 3 Feature Extraction
 Family:    WannaCry
 Snapshot:  /mnt/d/Patrick/VMSnapshots/WannaCry_20260326_193131/T060_rep05/WannaCry_T060_rep05.vmem
 Started:   2026-03-29 21:02:23
==================================================

[+] Running windows.pstree to find WannaCry PIDs (hints: ['wannacry', 'tasksche', 'mssecsvc'])...
    -> Parsed 105 processes
    [+] Found WannaCry process: WannaCry.exe PID=936
    [+] Added child: @WanaDecryptor PID=4500
    [+] Added child: @WanaDecryptor PID=7796
    [+] Added child: taskhsvc.exe PID=3892
    [+] Added child: conhost.exe PID=3792
    [+] Total WannaCry PIDs: ['936', '3792', '3892', '4500', '7796']

[+] Running windows.pslist...
    5 rows

[+] Running windows.psscan...
    5 rows

[+] Running windows.cmdline...
    5 rows

[+] Running windows.dlllist...
    104 rows

[+] Running windows.ldrmodules...
    171 rows

[+] Running windows.malfind...
    4 rows

[+] Running windows.vadinfo...
    434 rows

[+] Running windows.handles...
    789 rows

[+] Running windows.filescan...
    4137 rows

[+] Running windows.svcscan...
    0 rows

[+] Running windows.privileges...
    175 rows

[+] Running windows.netstat...
    5 rows

[✓] CSV saved: /mnt/d/Patrick/VMSnapshots/WannaCry_20260326_193131/T060_rep05/vol3_combined.csv
[✓] Total rows: 5834
[+] Done. Total time: 0:07:55.445211
[+] Output directory: /mnt/d/Patrick/VMSnapshots/WannaCry_20260326_193131/T060_rep05
