[05:20:31] ============================================
[05:20:31]  Jigsaw Collection Session
[05:20:31]  Guest path:  C:\Malware\Jigsaw\jigsaw
[05:20:31]  Runs/offset: 5
[05:20:31]  Offsets:     15s, 30s, 60s, 120s, 180s
[05:20:31]  Total runs:  25
[05:20:31]  Output:      D:\Patrick\VMSnapshots\Jigsaw_20260330_052031
[05:20:31] ============================================
[05:20:31] 
[05:20:31] ==========================================
[05:20:31]  RUN 1 / 25 - Jigsaw @ T+15s (rep 1)
[05:20:31] ==========================================
[05:20:31] [+] Stopping VM...
[05:20:32]   [vmrun] stop error: Error: The virtual machine is not powered on: C:\Users\Patrick\Documents\Virtual Machines\Windows 10 x64\Windows 10 x64.vmx
[05:20:34] [+] Reverting to CleanFamily5...
[05:20:35]     -> Reverted
[05:20:35] [+] Starting VM...
[05:20:49] [+] Waiting 20s for boot...
[05:21:09] [+] Launching Jigsaw...
[05:21:10]     -> Jigsaw launched
[05:21:10] [+] Sleeping 14s (target T+15s)...
[05:21:24] [+] Snapshot at T+15s: Jigsaw_T015_rep01
[05:22:30]     -> Taken
[05:22:30] [+] Waiting 30s for VMware to flush vmem...
[05:23:01]   [VMEM] Copying -> D:\Patrick\VMSnapshots\Jigsaw_20260330_052031\T015_rep01\Jigsaw_T015_rep01.vmem
[05:23:28]   [VMEM] Copied 2048 MB
[05:23:30] [+] Run 1 complete.
[05:23:30] 
[05:23:30] ==========================================
[05:23:30]  RUN 2 / 25 - Jigsaw @ T+30s (rep 1)
[05:23:30] ==========================================
[05:23:30] [+] Stopping VM...
[05:23:34] [+] Reverting to CleanFamily5...
[05:23:35]     -> Reverted
[05:23:35] [+] Starting VM...
[05:23:48] [+] Waiting 20s for boot...
[05:24:08] [+] Launching Jigsaw...
[05:24:09]     -> Jigsaw launched
[05:24:09] [+] Sleeping 29s (target T+30s)...
[05:24:38] [+] Snapshot at T+30s: Jigsaw_T030_rep01
[05:25:48]     -> Taken
[05:25:48] [+] Waiting 30s for VMware to flush vmem...
[05:26:18]   [VMEM] Copying -> D:\Patrick\VMSnapshots\Jigsaw_20260330_052031\T030_rep01\Jigsaw_T030_rep01.vmem
[05:26:36]   [VMEM] Copied 2048 MB
[05:26:38] [+] Run 2 complete.
[05:26:38] 
[05:26:38] ==========================================
[05:26:38]  RUN 3 / 25 - Jigsaw @ T+60s (rep 1)
[05:26:38] ==========================================
[05:26:38] [+] Stopping VM...
[05:26:42] [+] Reverting to CleanFamily5...
[05:26:43]     -> Reverted
[05:26:43] [+] Starting VM...
[05:26:56] [+] Waiting 20s for boot...
[05:27:16] [+] Launching Jigsaw...
[05:27:17]     -> Jigsaw launched
[05:27:17] [+] Sleeping 59s (target T+60s)...
[05:28:16] [+] Snapshot at T+60s: Jigsaw_T060_rep01
[05:29:16]     -> Taken
[05:29:16] [+] Waiting 30s for VMware to flush vmem...
[05:29:46]   [VMEM] Copying -> D:\Patrick\VMSnapshots\Jigsaw_20260330_052031\T060_rep01\Jigsaw_T060_rep01.vmem
[05:30:09]   [VMEM] Copied 2048 MB
[05:30:11] [+] Run 3 complete.
[05:30:11] 
[05:30:11] ==========================================
[05:30:11]  RUN 4 / 25 - Jigsaw @ T+120s (rep 1)
[05:30:11] ==========================================
[05:30:11] [+] Stopping VM...
[05:30:14] [+] Reverting to CleanFamily5...
[05:30:15]     -> Reverted
[05:30:15] [+] Starting VM...
[05:30:33] [+] Waiting 20s for boot...
[05:30:53] [+] Launching Jigsaw...
[05:30:53]     -> Jigsaw launched
[05:30:53] [+] Sleeping 119s (target T+120s)...
[05:32:52] [+] Snapshot at T+120s: Jigsaw_T120_rep01
[05:33:59]     -> Taken
[05:33:59] [+] Waiting 30s for VMware to flush vmem...
[05:34:29]   [VMEM] Copying -> D:\Patrick\VMSnapshots\Jigsaw_20260330_052031\T120_rep01\Jigsaw_T120_rep01.vmem
[05:34:46]   [VMEM] Copied 2048 MB
[05:34:49] [+] Run 4 complete.
[05:34:49] 
[05:34:49] ==========================================
[05:34:49]  RUN 5 / 25 - Jigsaw @ T+180s (rep 1)
[05:34:49] ==========================================
[05:34:49] [+] Stopping VM...
[05:34:53] [+] Reverting to CleanFamily5...
[05:34:54]     -> Reverted
[05:34:54] [+] Starting VM...
[05:35:11] [+] Waiting 20s for boot...
[05:35:31] [+] Launching Jigsaw...
[05:35:32]     -> Jigsaw launched
[05:35:32] [+] Sleeping 179s (target T+180s)...
[05:38:31] [+] Snapshot at T+180s: Jigsaw_T180_rep01
[05:39:26]     -> Taken
[05:39:26] [+] Waiting 30s for VMware to flush vmem...
[05:39:56]   [VMEM] Copying -> D:\Patrick\VMSnapshots\Jigsaw_20260330_052031\T180_rep01\Jigsaw_T180_rep01.vmem
[05:40:05]   [VMEM] Copied 2048 MB
[05:40:17] [+] Run 5 complete.
[05:40:17] 
[05:40:17] ==========================================
[05:40:17]  RUN 6 / 25 - Jigsaw @ T+15s (rep 2)
[05:40:17] ==========================================
[05:40:17] [+] Stopping VM...
[05:40:21] [+] Reverting to CleanFamily5...
[05:40:22]     -> Reverted
[05:40:22] [+] Starting VM...
[05:40:37] [+] Waiting 20s for boot...
[05:40:57] [+] Launching Jigsaw...
[05:40:57]     -> Jigsaw launched
[05:40:57] [+] Sleeping 14s (target T+15s)...
[05:41:11] [+] Snapshot at T+15s: Jigsaw_T015_rep02
[05:42:20]     -> Taken
[05:42:20] [+] Waiting 30s for VMware to flush vmem...
[05:42:50]   [VMEM] Copying -> D:\Patrick\VMSnapshots\Jigsaw_20260330_052031\T015_rep02\Jigsaw_T015_rep02.vmem
[05:43:05]   [VMEM] Copied 2048 MB
[05:43:07] [+] Run 6 complete.
[05:43:07] 
[05:43:07] ==========================================
[05:43:07]  RUN 7 / 25 - Jigsaw @ T+30s (rep 2)
[05:43:07] ==========================================
[05:43:07] [+] Stopping VM...
[05:43:10] [+] Reverting to CleanFamily5...
[05:43:11]     -> Reverted
[05:43:11] [+] Starting VM...
[05:43:25] [+] Waiting 20s for boot...
[05:43:45] [+] Launching Jigsaw...
[05:43:45]     -> Jigsaw launched
[05:43:45] [+] Sleeping 29s (target T+30s)...
[05:44:14] [+] Snapshot at T+30s: Jigsaw_T030_rep02
[05:45:23]     -> Taken
[05:45:23] [+] Waiting 30s for VMware to flush vmem...
[05:45:53]   [VMEM] Copying -> D:\Patrick\VMSnapshots\Jigsaw_20260330_052031\T030_rep02\Jigsaw_T030_rep02.vmem
[05:46:06]   [VMEM] Copied 2048 MB
[05:46:09] [+] Run 7 complete.
[05:46:09] 
[05:46:09] ==========================================
[05:46:09]  RUN 8 / 25 - Jigsaw @ T+60s (rep 2)
[05:46:09] ==========================================
[05:46:09] [+] Stopping VM...
[05:46:12] [+] Reverting to CleanFamily5...
[05:46:13]     -> Reverted
[05:46:13] [+] Starting VM...
[05:46:26] [+] Waiting 20s for boot...
[05:46:46] [+] Launching Jigsaw...
[05:46:46]     -> Jigsaw launched
[05:46:46] [+] Sleeping 59s (target T+60s)...
[05:47:45] [+] Snapshot at T+60s: Jigsaw_T060_rep02
[05:48:42]     -> Taken
[05:48:42] [+] Waiting 30s for VMware to flush vmem...
[05:49:12]   [VMEM] Copying -> D:\Patrick\VMSnapshots\Jigsaw_20260330_052031\T060_rep02\Jigsaw_T060_rep02.vmem
[05:49:26]   [VMEM] Copied 2048 MB
[05:49:29] [+] Run 8 complete.
[05:49:29] 
[05:49:29] ==========================================
[05:49:29]  RUN 9 / 25 - Jigsaw @ T+120s (rep 2)
[05:49:29] ==========================================
[05:49:29] [+] Stopping VM...
[05:49:32] [+] Reverting to CleanFamily5...
[05:49:33]     -> Reverted
[05:49:33] [+] Starting VM...
[05:49:47] [+] Waiting 20s for boot...
[05:50:07] [+] Launching Jigsaw...
[05:50:08]     -> Jigsaw launched
[05:50:08] [+] Sleeping 119s (target T+120s)...
[05:52:07] [+] Snapshot at T+120s: Jigsaw_T120_rep02
[05:53:15]     -> Taken
[05:53:15] [+] Waiting 30s for VMware to flush vmem...
[05:53:45]   [VMEM] Copying -> D:\Patrick\VMSnapshots\Jigsaw_20260330_052031\T120_rep02\Jigsaw_T120_rep02.vmem
[05:54:05]   [VMEM] Copied 2048 MB
[05:54:11] [+] Run 9 complete.
[05:54:11] 
[05:54:11] ==========================================
[05:54:11]  RUN 10 / 25 - Jigsaw @ T+180s (rep 2)
[05:54:11] ==========================================
[05:54:11] [+] Stopping VM...
[05:54:15] [+] Reverting to CleanFamily5...
[05:54:16]     -> Reverted
[05:54:16] [+] Starting VM...
[05:54:30] [+] Waiting 20s for boot...
[05:54:50] [+] Launching Jigsaw...
[05:54:50]     -> Jigsaw launched
[05:54:50] [+] Sleeping 179s (target T+180s)...
[05:57:49] [+] Snapshot at T+180s: Jigsaw_T180_rep02
[05:58:45]     -> Taken
[05:58:45] [+] Waiting 30s for VMware to flush vmem...
[05:59:15]   [VMEM] Copying -> D:\Patrick\VMSnapshots\Jigsaw_20260330_052031\T180_rep02\Jigsaw_T180_rep02.vmem
[05:59:22]   [VMEM] Copied 2048 MB
[05:59:43] [+] Run 10 complete.
[05:59:43] 
[05:59:43] ==========================================
[05:59:43]  RUN 11 / 25 - Jigsaw @ T+15s (rep 3)
[05:59:43] ==========================================
[05:59:43] [+] Stopping VM...
[05:59:46] [+] Reverting to CleanFamily5...
[05:59:48]     -> Reverted
[05:59:48] [+] Starting VM...
[06:00:05] [+] Waiting 20s for boot...
[06:00:25] [+] Launching Jigsaw...
[06:00:26]     -> Jigsaw launched
[06:00:26] [+] Sleeping 14s (target T+15s)...
[06:00:40] [+] Snapshot at T+15s: Jigsaw_T015_rep03
[06:01:48]     -> Taken
[06:01:48] [+] Waiting 30s for VMware to flush vmem...
[06:02:18]   [VMEM] Copying -> D:\Patrick\VMSnapshots\Jigsaw_20260330_052031\T015_rep03\Jigsaw_T015_rep03.vmem
[06:02:37]   [VMEM] Copied 2048 MB
[06:02:39] [+] Run 11 complete.
[06:02:39] 
[06:02:39] ==========================================
[06:02:39]  RUN 12 / 25 - Jigsaw @ T+30s (rep 3)
[06:02:39] ==========================================
[06:02:39] [+] Stopping VM...
[06:02:42] [+] Reverting to CleanFamily5...
[06:02:43]     -> Reverted
[06:02:43] [+] Starting VM...
[06:02:57] [+] Waiting 20s for boot...
[06:03:17] [+] Launching Jigsaw...
[06:03:18]     -> Jigsaw launched
[06:03:18] [+] Sleeping 29s (target T+30s)...
[06:03:47] [+] Snapshot at T+30s: Jigsaw_T030_rep03
[06:04:54]     -> Taken
[06:04:54] [+] Waiting 30s for VMware to flush vmem...
[06:05:24]   [VMEM] Copying -> D:\Patrick\VMSnapshots\Jigsaw_20260330_052031\T030_rep03\Jigsaw_T030_rep03.vmem
[06:05:34]   [VMEM] Copied 2048 MB
[06:05:36] [+] Run 12 complete.
[06:05:36] 
[06:05:36] ==========================================
[06:05:36]  RUN 13 / 25 - Jigsaw @ T+60s (rep 3)
[06:05:36] ==========================================
[06:05:36] [+] Stopping VM...
[06:05:39] [+] Reverting to CleanFamily5...
[06:05:40]     -> Reverted
[06:05:40] [+] Starting VM...
[06:05:54] [+] Waiting 20s for boot...
[06:06:14] [+] Launching Jigsaw...
[06:06:14]     -> Jigsaw launched
[06:06:14] [+] Sleeping 59s (target T+60s)...
[06:07:13] [+] Snapshot at T+60s: Jigsaw_T060_rep03
[06:08:12]     -> Taken
[06:08:12] [+] Waiting 30s for VMware to flush vmem...
[06:08:42]   [VMEM] Copying -> D:\Patrick\VMSnapshots\Jigsaw_20260330_052031\T060_rep03\Jigsaw_T060_rep03.vmem
[06:09:14]   [VMEM] Copied 2048 MB
[06:09:16] [+] Run 13 complete.
[06:09:16] 
[06:09:16] ==========================================
[06:09:16]  RUN 14 / 25 - Jigsaw @ T+120s (rep 3)
[06:09:16] ==========================================
[06:09:16] [+] Stopping VM...
[06:09:20] [+] Reverting to CleanFamily5...
[06:09:21]     -> Reverted
[06:09:21] [+] Starting VM...
[06:09:35] [+] Waiting 20s for boot...
[06:09:55] [+] Launching Jigsaw...
[06:09:56]     -> Jigsaw launched
[06:09:56] [+] Sleeping 119s (target T+120s)...
[06:11:55] [+] Snapshot at T+120s: Jigsaw_T120_rep03
[06:12:58]     -> Taken
[06:12:58] [+] Waiting 30s for VMware to flush vmem...
[06:13:28]   [VMEM] Copying -> D:\Patrick\VMSnapshots\Jigsaw_20260330_052031\T120_rep03\Jigsaw_T120_rep03.vmem
[06:13:43]   [VMEM] Copied 2048 MB
[06:13:49] [+] Run 14 complete.
[06:13:49] 
[06:13:49] ==========================================
[06:13:49]  RUN 15 / 25 - Jigsaw @ T+180s (rep 3)
[06:13:49] ==========================================
[06:13:49] [+] Stopping VM...
[06:13:52] [+] Reverting to CleanFamily5...
[06:13:53]     -> Reverted
[06:13:53] [+] Starting VM...
[06:14:11] [+] Waiting 20s for boot...
[06:14:31] [+] Launching Jigsaw...
[06:14:32]     -> Jigsaw launched
[06:14:32] [+] Sleeping 179s (target T+180s)...
[06:17:31] [+] Snapshot at T+180s: Jigsaw_T180_rep03
[06:18:25]     -> Taken
[06:18:25] [+] Waiting 30s for VMware to flush vmem...
[06:18:55]   [VMEM] Copying -> D:\Patrick\VMSnapshots\Jigsaw_20260330_052031\T180_rep03\Jigsaw_T180_rep03.vmem
[06:19:04]   [VMEM] Copied 2048 MB
[06:19:18] [+] Run 15 complete.
[06:19:18] 
[06:19:18] ==========================================
[06:19:18]  RUN 16 / 25 - Jigsaw @ T+15s (rep 4)
[06:19:18] ==========================================
[06:19:18] [+] Stopping VM...
[06:19:22] [+] Reverting to CleanFamily5...
[06:19:23]     -> Reverted
[06:19:23] [+] Starting VM...
[06:19:37] [+] Waiting 20s for boot...
[06:19:57] [+] Launching Jigsaw...
[06:19:58]     -> Jigsaw launched
[06:19:58] [+] Sleeping 14s (target T+15s)...
[06:20:12] [+] Snapshot at T+15s: Jigsaw_T015_rep04
[06:21:20]     -> Taken
[06:21:20] [+] Waiting 30s for VMware to flush vmem...
[06:21:50]   [VMEM] Copying -> D:\Patrick\VMSnapshots\Jigsaw_20260330_052031\T015_rep04\Jigsaw_T015_rep04.vmem
[06:22:15]   [VMEM] Copied 2048 MB
[06:22:17] [+] Run 16 complete.
[06:22:17] 
[06:22:17] ==========================================
[06:22:17]  RUN 17 / 25 - Jigsaw @ T+30s (rep 4)
[06:22:17] ==========================================
[06:22:17] [+] Stopping VM...
[06:22:20] [+] Reverting to CleanFamily5...
[06:22:21]     -> Reverted
[06:22:21] [+] Starting VM...
[06:22:38] [+] Waiting 20s for boot...
[06:22:58] [+] Launching Jigsaw...
[06:22:59]     -> Jigsaw launched
[06:22:59] [+] Sleeping 29s (target T+30s)...
[06:23:28] [+] Snapshot at T+30s: Jigsaw_T030_rep04
[06:24:38]     -> Taken
[06:24:38] [+] Waiting 30s for VMware to flush vmem...
[06:25:08]   [VMEM] Copying -> D:\Patrick\VMSnapshots\Jigsaw_20260330_052031\T030_rep04\Jigsaw_T030_rep04.vmem
[06:25:26]   [VMEM] Copied 2048 MB
[06:25:28] [+] Run 17 complete.
[06:25:28] 
[06:25:28] ==========================================
[06:25:28]  RUN 18 / 25 - Jigsaw @ T+60s (rep 4)
[06:25:28] ==========================================
[06:25:28] [+] Stopping VM...
[06:25:31] [+] Reverting to CleanFamily5...
[06:25:32]     -> Reverted
[06:25:32] [+] Starting VM...
[06:25:45] [+] Waiting 20s for boot...
[06:26:05] [+] Launching Jigsaw...
[06:26:06]     -> Jigsaw launched
[06:26:06] [+] Sleeping 59s (target T+60s)...
[06:27:05] [+] Snapshot at T+60s: Jigsaw_T060_rep04
[06:28:03]     -> Taken
[06:28:03] [+] Waiting 30s for VMware to flush vmem...
[06:28:33]   [VMEM] Copying -> D:\Patrick\VMSnapshots\Jigsaw_20260330_052031\T060_rep04\Jigsaw_T060_rep04.vmem
[06:28:51]   [VMEM] Copied 2048 MB
[06:28:53] [+] Run 18 complete.
[06:28:53] 
[06:28:53] ==========================================
[06:28:53]  RUN 19 / 25 - Jigsaw @ T+120s (rep 4)
[06:28:53] ==========================================
[06:28:53] [+] Stopping VM...
[06:28:56] [+] Reverting to CleanFamily5...
[06:28:57]     -> Reverted
[06:28:57] [+] Starting VM...
[06:29:12] [+] Waiting 20s for boot...
[06:29:32] [+] Launching Jigsaw...
[06:29:33]     -> Jigsaw launched
[06:29:33] [+] Sleeping 119s (target T+120s)...
[06:31:32] [+] Snapshot at T+120s: Jigsaw_T120_rep04
[06:32:41]     -> Taken
[06:32:41] [+] Waiting 30s for VMware to flush vmem...
[06:33:12]   [VMEM] Copying -> D:\Patrick\VMSnapshots\Jigsaw_20260330_052031\T120_rep04\Jigsaw_T120_rep04.vmem
[06:33:30]   [VMEM] Copied 2048 MB
[06:33:37] [+] Run 19 complete.
[06:33:37] 
[06:33:37] ==========================================
[06:33:37]  RUN 20 / 25 - Jigsaw @ T+180s (rep 4)
[06:33:37] ==========================================
[06:33:37] [+] Stopping VM...
[06:33:40] [+] Reverting to CleanFamily5...
[06:33:41]     -> Reverted
[06:33:41] [+] Starting VM...
[06:33:58] [+] Waiting 20s for boot...
[06:34:18] [+] Launching Jigsaw...
[06:34:19]     -> Jigsaw launched
[06:34:19] [+] Sleeping 179s (target T+180s)...
[06:37:18] [+] Snapshot at T+180s: Jigsaw_T180_rep04
[06:38:14]     -> Taken
[06:38:14] [+] Waiting 30s for VMware to flush vmem...
[06:38:44]   [VMEM] Copying -> D:\Patrick\VMSnapshots\Jigsaw_20260330_052031\T180_rep04\Jigsaw_T180_rep04.vmem
[06:38:52]   [VMEM] Copied 2048 MB
[06:39:31] [+] Run 20 complete.
[06:39:31] 
[06:39:31] ==========================================
[06:39:31]  RUN 21 / 25 - Jigsaw @ T+15s (rep 5)
[06:39:31] ==========================================
[06:39:31] [+] Stopping VM...
[06:39:35] [+] Reverting to CleanFamily5...
[06:39:36]     -> Reverted
[06:39:36] [+] Starting VM...
[06:39:53] [+] Waiting 20s for boot...
[06:40:13] [+] Launching Jigsaw...
[06:40:14]     -> Jigsaw launched
[06:40:14] [+] Sleeping 14s (target T+15s)...
[06:40:28] [+] Snapshot at T+15s: Jigsaw_T015_rep05
[06:41:31]     -> Taken
[06:41:31] [+] Waiting 30s for VMware to flush vmem...
[06:42:01]   [VMEM] Copying -> D:\Patrick\VMSnapshots\Jigsaw_20260330_052031\T015_rep05\Jigsaw_T015_rep05.vmem
[06:42:28]   [VMEM] Copied 2048 MB
[06:42:30] [+] Run 21 complete.
[06:42:30] 
[06:42:30] ==========================================
[06:42:30]  RUN 22 / 25 - Jigsaw @ T+30s (rep 5)
[06:42:30] ==========================================
[06:42:30] [+] Stopping VM...
[06:42:34] [+] Reverting to CleanFamily5...
[06:42:35]     -> Reverted
[06:42:35] [+] Starting VM...
[06:42:52] [+] Waiting 20s for boot...
[06:43:12] [+] Launching Jigsaw...
[06:43:13]     -> Jigsaw launched
[06:43:13] [+] Sleeping 29s (target T+30s)...
[06:43:42] [+] Snapshot at T+30s: Jigsaw_T030_rep05
[06:44:51]     -> Taken
[06:44:51] [+] Waiting 30s for VMware to flush vmem...
[06:45:21]   [VMEM] Copying -> D:\Patrick\VMSnapshots\Jigsaw_20260330_052031\T030_rep05\Jigsaw_T030_rep05.vmem
[06:45:48]   [VMEM] Copied 2048 MB
[06:45:51] [+] Run 22 complete.
[06:45:51] 
[06:45:51] ==========================================
[06:45:51]  RUN 23 / 25 - Jigsaw @ T+60s (rep 5)
[06:45:51] ==========================================
[06:45:51] [+] Stopping VM...
[06:45:54] [+] Reverting to CleanFamily5...
[06:45:55]     -> Reverted
[06:45:55] [+] Starting VM...
[06:46:13] [+] Waiting 20s for boot...
[06:46:33] [+] Launching Jigsaw...
[06:46:34]     -> Jigsaw launched
[06:46:34] [+] Sleeping 59s (target T+60s)...
[06:47:33] [+] Snapshot at T+60s: Jigsaw_T060_rep05
[06:48:29]     -> Taken
[06:48:29] [+] Waiting 30s for VMware to flush vmem...
[06:48:59]   [VMEM] Copying -> D:\Patrick\VMSnapshots\Jigsaw_20260330_052031\T060_rep05\Jigsaw_T060_rep05.vmem
[06:49:23]   [VMEM] Copied 2048 MB
[06:49:25] [+] Run 23 complete.
[06:49:25] 
[06:49:25] ==========================================
[06:49:25]  RUN 24 / 25 - Jigsaw @ T+120s (rep 5)
[06:49:25] ==========================================
[06:49:25] [+] Stopping VM...
[06:49:29] [+] Reverting to CleanFamily5...
[06:49:30]     -> Reverted
[06:49:30] [+] Starting VM...
[06:49:44] [+] Waiting 20s for boot...
[06:50:04] [+] Launching Jigsaw...
[06:50:05]     -> Jigsaw launched
[06:50:05] [+] Sleeping 119s (target T+120s)...
[06:52:04] [+] Snapshot at T+120s: Jigsaw_T120_rep05
[06:53:05]     -> Taken
[06:53:05] [+] Waiting 30s for VMware to flush vmem...
[06:53:35]   [VMEM] Copying -> D:\Patrick\VMSnapshots\Jigsaw_20260330_052031\T120_rep05\Jigsaw_T120_rep05.vmem
[06:53:59]   [VMEM] Copied 2048 MB
[06:54:05] [+] Run 24 complete.
[06:54:05] 
[06:54:05] ==========================================
[06:54:05]  RUN 25 / 25 - Jigsaw @ T+180s (rep 5)
[06:54:05] ==========================================
[06:54:05] [+] Stopping VM...
[06:54:08] [+] Reverting to CleanFamily5...
[06:54:09]     -> Reverted
[06:54:09] [+] Starting VM...
[06:54:27] [+] Waiting 20s for boot...
[06:54:47] [+] Launching Jigsaw...
[06:54:47]     -> Jigsaw launched
[06:54:47] [+] Sleeping 179s (target T+180s)...
[06:57:46] [+] Snapshot at T+180s: Jigsaw_T180_rep05
[06:58:40]     -> Taken
[06:58:40] [+] Waiting 30s for VMware to flush vmem...
[06:59:10]   [VMEM] Copying -> D:\Patrick\VMSnapshots\Jigsaw_20260330_052031\T180_rep05\Jigsaw_T180_rep05.vmem
[06:59:18]   [VMEM] Copied 2048 MB
[06:59:29] [+] Run 25 complete.
[06:59:29] 
[06:59:29] [+] All cycles done. Reverting to clean snapshot...
[06:59:34]     -> Reverted to CleanFamily5
[06:59:34] 
[06:59:34] ============================================
[06:59:34]  Session complete.
[06:59:34]  Family:  Jigsaw
[06:59:34]  Output:  D:\Patrick\VMSnapshots\Jigsaw_20260330_052031
[06:59:34] ============================================
