==================================================
 Volatility 3 Feature Extraction
 Family:    Benign
 Snapshot:  /mnt/d/Patrick/VMSnapshots/Datasets/Benign_20260409_121408/T030_rep04/Benign_T030_rep04_132426.vmem
 Started:   2026-04-09 17:40:25
==================================================

[+] Benign family — no PID filter, capturing all processes.
[+] Done: windows.privileges
[+] Done: windows.pslist
[+] Done: windows.netstat
[+] Done: windows.cmdline
[+] Done: windows.dlllist
[+] Done: windows.svcscan
[+] Done: windows.psscan
[+] Done: windows.ldrmodules
[+] Done: windows.filescan
[+] Done: windows.handles
[+] Done: windows.malfind
[+] Done: windows.vadinfo
    windows.pslist: 110 rows
    windows.psscan: 112 rows
    windows.cmdline: 110 rows
    windows.dlllist: 2996 rows
    windows.ldrmodules: 893 rows
    windows.malfind: 34 rows
    windows.vadinfo: 20228 rows
    windows.handles: 37694 rows
    windows.filescan: 4900 rows
    windows.svcscan: 1809 rows
    windows.privileges: 3780 rows
    windows.netstat: 44 rows

[✓] CSV saved: /mnt/d/Patrick/VMSnapshots/Datasets/Benign_20260409_121408/T030_rep04/vol3_combined.csv
[✓] Total rows: 72710
[+] Done. Total time: 0:04:53.171391
[+] Output directory: /mnt/d/Patrick/VMSnapshots/Datasets/Benign_20260409_121408/T030_rep04
