==================================================
 Volatility 3 Feature Extraction
 Family:    WannaCry
 Snapshot:  /mnt/d/Patrick/VMSnapshots/WannaCry_20260326_193131/T120_rep01/WannaCry_T120_rep01.vmem
 Started:   2026-03-29 14:45:17
==================================================

[+] Running windows.pstree to find WannaCry PIDs (hints: ['wannacry', 'tasksche', 'mssecsvc'])...
==================================================
 Volatility 3 Feature Extraction
 Family:    WannaCry
 Snapshot:  /mnt/d/Patrick/VMSnapshots/WannaCry_20260326_193131/T120_rep01/WannaCry_T120_rep01.vmem
 Started:   2026-03-29 14:47:52
==================================================

[+] Running windows.pstree to find WannaCry PIDs (hints: ['wannacry', 'tasksche', 'mssecsvc'])...
==================================================
 Volatility 3 Feature Extraction
 Family:    WannaCry
 Snapshot:  /mnt/d/Patrick/VMSnapshots/WannaCry_20260326_193131/T120_rep01/WannaCry_T120_rep01.vmem
 Started:   2026-03-29 19:27:34
==================================================

[+] Running windows.pstree to find WannaCry PIDs (hints: ['wannacry', 'tasksche', 'mssecsvc'])...
    -> Parsed 96 processes
    [+] Found WannaCry process: WannaCry.exe PID=1008
    [+] Added child: @WanaDecryptor PID=5660
    [+] Added child: taskhsvc.exe PID=7376
    [+] Added child: conhost.exe PID=7320
    [+] Added child: @WanaDecryptor PID=8020
    [+] Total WannaCry PIDs: ['1008', '5660', '7320', '7376', '8020']

[+] Running windows.pslist...
    5 rows

[+] Running windows.psscan...
    5 rows

[+] Running windows.cmdline...
    5 rows

[+] Running windows.dlllist...
    75 rows

[+] Running windows.ldrmodules...
    2 rows

[+] Running windows.malfind...
    4 rows

[+] Running windows.vadinfo...
    416 rows

[+] Running windows.handles...
    628 rows

[+] Running windows.filescan...
    3607 rows

[+] Running windows.svcscan...
    17940 rows

[+] Running windows.privileges...
    175 rows

[+] Running windows.netstat...
    5 rows

[✓] CSV saved: /mnt/d/Patrick/VMSnapshots/WannaCry_20260326_193131/T120_rep01/vol3_combined.csv
[✓] Total rows: 22867
[+] Done. Total time: 0:07:48.745995
[+] Output directory: /mnt/d/Patrick/VMSnapshots/WannaCry_20260326_193131/T120_rep01
