==================================================
 Volatility 3 Feature Extraction
 Family:    Dharma
 Snapshot:  /mnt/d/Patrick/VMSnapshots/Dharma_20260330_034041/T030_rep02/Dharma_T030_rep02.vmem
 Started:   2026-03-30 13:35:29
==================================================

[+] Running windows.pstree to find Dharma PIDs (hints: ['dharma', 'csrss'])...
    -> Parsed 97 processes
    [+] Found Dharma process: csrss.exe PID=420
    [+] Found Dharma process: Dharma.exe PID=7156
    [+] Found Dharma process: csrss.exe PID=504
    [+] Added child: cmd.exe PID=10172
    [+] Added child: mode.com PID=9344
    [+] Added child: vssadmin.exe PID=7572
    [+] Total Dharma PIDs: ['420', '504', '7156', '7572', '9344', '10172']
[+] Done: windows.pslist
[+] Done: windows.privileges
[+] Done: windows.cmdline
[+] Done: windows.netstat
[+] Done: windows.dlllist
[+] Done: windows.svcscan
[+] Done: windows.ldrmodules
[+] Done: windows.psscan
[+] Done: windows.handles
[+] Done: windows.filescan
[+] Done: windows.malfind
[+] Done: windows.vadinfo
    windows.pslist: 6 rows
    windows.psscan: 6 rows
    windows.cmdline: 6 rows
    windows.dlllist: 51 rows
    windows.ldrmodules: 35 rows
    windows.malfind: 0 rows
    windows.vadinfo: 318 rows
    windows.handles: 1060 rows
    windows.filescan: 6261 rows
    windows.svcscan: 1376 rows
    windows.privileges: 210 rows
    windows.netstat: 40 rows

[✓] CSV saved: /mnt/d/Patrick/VMSnapshots/Dharma_20260330_034041/T030_rep02/vol3_combined.csv
[✓] Total rows: 9369
[+] Done. Total time: 0:03:42.561642
[+] Output directory: /mnt/d/Patrick/VMSnapshots/Dharma_20260330_034041/T030_rep02
