==================================================
 Volatility 3 Feature Extraction
 Family:    Jigsaw
 Snapshot:  /mnt/d/Patrick/VMSnapshots/Jigsaw_20260326_171020/T015_rep02/Jigsaw_T015_rep02.vmem
 Started:   2026-03-29 13:12:42
==================================================

[+] Running windows.pstree to find Jigsaw PIDs (hints: ['jigsaw'])...
    -> Parsed 89 processes
    [!] No Jigsaw processes found. Running without PID filter.

[+] Running windows.pslist...
    89 rows

[+] Running windows.psscan...
    92 rows

[+] Running windows.cmdline...
    89 rows

[+] Running windows.dlllist...
    5101 rows

[+] Running windows.ldrmodules...
    892 rows

[+] Running windows.malfind...
    6 rows

[+] Running windows.vadinfo...
    16127 rows

[+] Running windows.handles...
    39329 rows

[+] Running windows.filescan...
    4351 rows

[+] Running windows.svcscan...
    1395 rows

[+] Running windows.privileges...
    3115 rows

[+] Running windows.netstat...
    39 rows

[✓] CSV saved: /mnt/d/Patrick/VMSnapshots/Jigsaw_20260326_171020/T015_rep02/vol3_combined.csv
[✓] Total rows: 70625
[+] Done. Total time: 0:10:01.945138
[+] Output directory: /mnt/d/Patrick/VMSnapshots/Jigsaw_20260326_171020/T015_rep02
