==================================================
 Volatility 3 Feature Extraction
 Family:    Benign
 Snapshot:  /mnt/d/Patrick/VMSnapshots/Datasets/Benign_20260409_121408/T030_rep10/Benign_T030_rep10_153243.vmem
 Started:   2026-04-09 18:05:22
==================================================

[+] Benign family — no PID filter, capturing all processes.
[+] Done: windows.pslist
[+] Done: windows.privileges
[+] Done: windows.netstat
[+] Done: windows.cmdline
[+] Done: windows.dlllist
[+] Done: windows.psscan
[+] Done: windows.ldrmodules
[+] Done: windows.filescan
[+] Done: windows.handles
[+] Done: windows.svcscan
[+] Done: windows.malfind
[+] Done: windows.vadinfo
    windows.pslist: 111 rows
    windows.psscan: 113 rows
    windows.cmdline: 111 rows
    windows.dlllist: 2572 rows
    windows.ldrmodules: 403 rows
    windows.malfind: 11 rows
    windows.vadinfo: 20808 rows
    windows.handles: 37443 rows
    windows.filescan: 5057 rows
    windows.svcscan: 18407 rows
    windows.privileges: 3850 rows
    windows.netstat: 44 rows

[✓] CSV saved: /mnt/d/Patrick/VMSnapshots/Datasets/Benign_20260409_121408/T030_rep10/vol3_combined.csv
[✓] Total rows: 88930
[+] Done. Total time: 0:05:17.582551
[+] Output directory: /mnt/d/Patrick/VMSnapshots/Datasets/Benign_20260409_121408/T030_rep10
