==================================================
 Volatility 3 Feature Extraction
 Family:    Jigsaw
 Snapshot:  /mnt/d/Patrick/VMSnapshots/Jigsaw_20260330_052031/T015_rep01/Jigsaw_T015_rep01.vmem
 Started:   2026-03-30 14:56:22
==================================================

[+] Running windows.pstree to find Jigsaw PIDs (hints: ['jigsaw'])...
    -> Parsed 89 processes
    [!] No Jigsaw processes found. Running without PID filter.
[+] Done: windows.privileges
[+] Done: windows.pslist
[+] Done: windows.netstat
[+] Done: windows.cmdline
[+] Done: windows.dlllist
[+] Done: windows.svcscan
[+] Done: windows.psscan
[+] Done: windows.ldrmodules
[+] Done: windows.filescan
[+] Done: windows.handles
[+] Done: windows.malfind
[+] Done: windows.vadinfo
    windows.pslist: 89 rows
    windows.psscan: 103 rows
    windows.cmdline: 89 rows
    windows.dlllist: 5006 rows
    windows.ldrmodules: 346 rows
    windows.malfind: 4 rows
    windows.vadinfo: 16297 rows
    windows.handles: 37339 rows
    windows.filescan: 5666 rows
    windows.svcscan: 1380 rows
    windows.privileges: 3115 rows
    windows.netstat: 40 rows

[✓] CSV saved: /mnt/d/Patrick/VMSnapshots/Jigsaw_20260330_052031/T015_rep01/vol3_combined.csv
[✓] Total rows: 69474
[+] Done. Total time: 0:04:15.248272
[+] Output directory: /mnt/d/Patrick/VMSnapshots/Jigsaw_20260330_052031/T015_rep01
