==================================================
 Volatility 3 Feature Extraction
 Family:    WannaCry
 Snapshot:  /mnt/d/Patrick/VMSnapshots/WannaCry_20260330_065934/T030_rep02/WannaCry_T030_rep02.vmem
 Started:   2026-03-30 16:50:02
==================================================

[+] Running windows.pstree to find WannaCry PIDs (hints: ['wannacry', 'tasksche', 'mssecsvc'])...
    -> Parsed 95 processes
    [+] Found WannaCry process: WannaCry.exe PID=8352
    [+] Added child: @WanaDecryptor PID=8748
    [+] Added child: taskhsvc.exe PID=524
    [+] Added child: conhost.exe PID=6764
    [+] Total WannaCry PIDs: ['524', '6764', '8352', '8748']
[+] Done: windows.privileges
[+] Done: windows.pslist
[+] Done: windows.cmdline
[+] Done: windows.netstat
[+] Done: windows.dlllist
[+] Done: windows.ldrmodules
[+] Done: windows.psscan
[+] Done: windows.svcscan
[+] Done: windows.filescan
[+] Done: windows.handles
[+] Done: windows.malfind
[+] Done: windows.vadinfo
    windows.pslist: 4 rows
    windows.psscan: 4 rows
    windows.cmdline: 4 rows
    windows.dlllist: 136 rows
    windows.ldrmodules: 138 rows
    windows.malfind: 2 rows
    windows.vadinfo: 332 rows
    windows.handles: 630 rows
    windows.filescan: 4210 rows
    windows.svcscan: 10966 rows
    windows.privileges: 140 rows
    windows.netstat: 43 rows

[✓] CSV saved: /mnt/d/Patrick/VMSnapshots/WannaCry_20260330_065934/T030_rep02/vol3_combined.csv
[✓] Total rows: 16609
[+] Done. Total time: 0:03:51.937506
[+] Output directory: /mnt/d/Patrick/VMSnapshots/WannaCry_20260330_065934/T030_rep02
