==================================================
 Volatility 3 Feature Extraction
 Family:    Dharma
 Snapshot:  /mnt/d/Patrick/VMSnapshots/Dharma_20260329_230514/T015_rep02/Dharma_T015_rep02.vmem
 Started:   2026-03-30 01:21:39
==================================================

[+] Running windows.pstree to find Dharma PIDs (hints: ['dharma', 'csrss'])...
    -> Parsed 96 processes
    [+] Found Dharma process: csrss.exe PID=420
    [+] Found Dharma process: Dharma.exe PID=2456
    [+] Found Dharma process: csrss.exe PID=504
    [+] Added child: cmd.exe PID=6436
    [+] Added child: mode.com PID=3280
    [+] Added child: vssadmin.exe PID=4688
    [+] Total Dharma PIDs: ['420', '504', '2456', '3280', '4688', '6436']
[+] Done: windows.pslist
[+] Done: windows.cmdline
[+] Done: windows.dlllist
[+] Done: windows.ldrmodules
[+] Done: windows.psscan
[+] Done: windows.privileges
[+] Done: windows.netstat
[+] Done: windows.handles
[+] Done: windows.filescan
[+] Done: windows.malfind
[+] Done: windows.vadinfo
[+] Done: windows.svcscan
    windows.pslist: 6 rows
    windows.psscan: 6 rows
    windows.cmdline: 6 rows
    windows.dlllist: 59 rows
    windows.ldrmodules: 35 rows
    windows.malfind: 1 rows
    windows.vadinfo: 335 rows
    windows.handles: 1039 rows
    windows.filescan: 6032 rows
    windows.svcscan: 49491 rows
    windows.privileges: 210 rows
    windows.netstat: 40 rows

[✓] CSV saved: /mnt/d/Patrick/VMSnapshots/Dharma_20260329_230514/T015_rep02/vol3_combined.csv
[✓] Total rows: 57260
[+] Done. Total time: 0:05:06.701238
[+] Output directory: /mnt/d/Patrick/VMSnapshots/Dharma_20260329_230514/T015_rep02
