==================================================
 Volatility 3 Feature Extraction
 Family:    WannaCry
 Snapshot:  /mnt/d/Patrick/VMSnapshots/WannaCry_20260326_193131/T180_rep04/WannaCry_T180_rep04.vmem
 Started:   2026-03-29 14:45:18
==================================================

[+] Running windows.pstree to find WannaCry PIDs (hints: ['wannacry', 'tasksche', 'mssecsvc'])...
==================================================
 Volatility 3 Feature Extraction
 Family:    WannaCry
 Snapshot:  /mnt/d/Patrick/VMSnapshots/WannaCry_20260326_193131/T180_rep04/WannaCry_T180_rep04.vmem
 Started:   2026-03-29 14:47:53
==================================================

[+] Running windows.pstree to find WannaCry PIDs (hints: ['wannacry', 'tasksche', 'mssecsvc'])...
==================================================
 Volatility 3 Feature Extraction
 Family:    WannaCry
 Snapshot:  /mnt/d/Patrick/VMSnapshots/WannaCry_20260326_193131/T180_rep04/WannaCry_T180_rep04.vmem
 Started:   2026-03-29 20:43:52
==================================================

[+] Running windows.pstree to find WannaCry PIDs (hints: ['wannacry', 'tasksche', 'mssecsvc'])...
    -> Parsed 95 processes
    [+] Found WannaCry process: WannaCry.exe PID=2292
    [+] Added child: @WanaDecryptor PID=4504
    [+] Added child: @WanaDecryptor PID=7228
    [+] Added child: taskhsvc.exe PID=3212
    [+] Added child: conhost.exe PID=3260
    [+] Total WannaCry PIDs: ['2292', '3212', '3260', '4504', '7228']

[+] Running windows.pslist...
    5 rows

[+] Running windows.psscan...
    5 rows

[+] Running windows.cmdline...
    5 rows

[+] Running windows.dlllist...
    104 rows

[+] Running windows.ldrmodules...
    2 rows

[+] Running windows.malfind...
    1 rows

[+] Running windows.vadinfo...
    403 rows

[+] Running windows.handles...
    623 rows

[+] Running windows.filescan...
    3396 rows

[+] Running windows.svcscan...
    52687 rows

[+] Running windows.privileges...
    175 rows

[+] Running windows.netstat...
    5 rows

[✓] CSV saved: /mnt/d/Patrick/VMSnapshots/WannaCry_20260326_193131/T180_rep04/vol3_combined.csv
[✓] Total rows: 57411
[+] Done. Total time: 0:12:35.393602
[+] Output directory: /mnt/d/Patrick/VMSnapshots/WannaCry_20260326_193131/T180_rep04
