==================================================
 Volatility 3 Feature Extraction
 Family:    Dharma
 Snapshot:  /mnt/d/Patrick/VMSnapshots/Dharma_20260330_034041/T120_rep05/Dharma_T120_rep05.vmem
 Started:   2026-03-30 14:27:04
==================================================

[+] Running windows.pstree to find Dharma PIDs (hints: ['dharma', 'csrss'])...
    -> Parsed 103 processes
    [+] Found Dharma process: csrss.exe PID=420
    [+] Found Dharma process: Dharma.exe PID=2936
    [+] Found Dharma process: csrss.exe PID=504
    [+] Added child: mshta.exe PID=6172
    [+] Added child: mshta.exe PID=8580
    [+] Added child: cmd.exe PID=9100
    [+] Added child: mode.com PID=9112
    [+] Added child: vssadmin.exe PID=8384
    [+] Added child: cmd.exe PID=4892
    [+] Added child: vssadmin.exe PID=7440
    [+] Added child: mode.com PID=1060
    [+] Total Dharma PIDs: ['420', '504', '1060', '2936', '4892', '6172', '7440', '8384', '8580', '9100', '9112']
[+] Done: windows.netstat
[+] Done: windows.cmdline
[+] Done: windows.pslist
[+] Done: windows.privileges
[+] Done: windows.svcscan
[+] Done: windows.dlllist
[+] Done: windows.ldrmodules
[+] Done: windows.psscan
[+] Done: windows.handles
[+] Done: windows.filescan
[+] Done: windows.malfind
[+] Done: windows.vadinfo
    windows.pslist: 11 rows
    windows.psscan: 11 rows
    windows.cmdline: 11 rows
    windows.dlllist: 182 rows
    windows.ldrmodules: 3 rows
    windows.malfind: 0 rows
    windows.vadinfo: 656 rows
    windows.handles: 1932 rows
    windows.filescan: 6250 rows
    windows.svcscan: 0 rows
    windows.privileges: 385 rows
    windows.netstat: 40 rows

[✓] CSV saved: /mnt/d/Patrick/VMSnapshots/Dharma_20260330_034041/T120_rep05/vol3_combined.csv
[✓] Total rows: 9481
[+] Done. Total time: 0:03:51.557864
[+] Output directory: /mnt/d/Patrick/VMSnapshots/Dharma_20260330_034041/T120_rep05
