==================================================
 Volatility 3 Feature Extraction
 Family:    Cerber
 Snapshot:  /mnt/d/Patrick/VMSnapshots/Cerber_20260326_150808/T180_rep03/Cerber_T180_rep03.vmem
 Started:   2026-03-29 18:16:34
==================================================

[+] Running windows.pstree to find Cerber PIDs (hints: ['cerber'])...
    -> Parsed 92 processes
    [!] No Cerber processes found. Running without PID filter.

[+] Running windows.pslist...
    92 rows

[+] Running windows.psscan...
    98 rows

[+] Running windows.cmdline...
    92 rows

[+] Running windows.dlllist...
    5054 rows

[+] Running windows.ldrmodules...
    82 rows

[+] Running windows.malfind...
    6 rows

[+] Running windows.vadinfo...
    16032 rows

[+] Running windows.handles...
    37178 rows

[+] Running windows.filescan...
    4277 rows

[+] Running windows.svcscan...
    1415 rows

[+] Running windows.privileges...
    3220 rows

[+] Running windows.netstat...
    41 rows

[✓] CSV saved: /mnt/d/Patrick/VMSnapshots/Cerber_20260326_150808/T180_rep03/vol3_combined.csv
[✓] Total rows: 67587
[+] Done. Total time: 0:07:58.091036
[+] Output directory: /mnt/d/Patrick/VMSnapshots/Cerber_20260326_150808/T180_rep03
