==================================================
 Volatility 3 Feature Extraction
 Family:    Cerber
 Snapshot:  /mnt/d/Patrick/VMSnapshots/Cerber_20260326_150808/T120_rep05/Cerber_T120_rep05.vmem
 Started:   2026-03-29 17:53:04
==================================================

[+] Running windows.pstree to find Cerber PIDs (hints: ['cerber'])...
    -> Parsed 94 processes
    [!] No Cerber processes found. Running without PID filter.

[+] Running windows.pslist...
    94 rows

[+] Running windows.psscan...
    94 rows

[+] Running windows.cmdline...
    94 rows

[+] Running windows.dlllist...
    4850 rows

[+] Running windows.ldrmodules...
    131 rows

[+] Running windows.malfind...
    11 rows

[+] Running windows.vadinfo...
    16372 rows

[+] Running windows.handles...
    37759 rows

[+] Running windows.filescan...
    4146 rows

[+] Running windows.svcscan...
    1385 rows

[+] Running windows.privileges...
    3290 rows

[+] Running windows.netstat...
    41 rows

[✓] CSV saved: /mnt/d/Patrick/VMSnapshots/Cerber_20260326_150808/T120_rep05/vol3_combined.csv
[✓] Total rows: 68267
[+] Done. Total time: 0:08:05.389924
[+] Output directory: /mnt/d/Patrick/VMSnapshots/Cerber_20260326_150808/T120_rep05
