==================================================
 Volatility 3 Feature Extraction
 Family:    Dharma
 Snapshot:  /mnt/d/Patrick/VMSnapshots/Dharma_20260329_230514/T180_rep05/Dharma_T180_rep05.vmem
 Started:   2026-03-30 12:46:17
==================================================

[+] Running windows.pstree to find Dharma PIDs (hints: ['dharma', 'csrss'])...
    -> Parsed 97 processes
    [+] Found Dharma process: csrss.exe PID=420
    [+] Found Dharma process: csrss.exe PID=504
    [+] Total Dharma PIDs: ['420', '504']
[+] Done: windows.pslist
[+] Done: windows.cmdline
[+] Done: windows.privileges
[+] Done: windows.netstat
[+] Done: windows.dlllist
[+] Done: windows.svcscan
[+] Done: windows.ldrmodules
[+] Done: windows.psscan
[+] Done: windows.handles
[+] Done: windows.filescan
[+] Done: windows.malfind
[+] Done: windows.vadinfo
    windows.pslist: 2 rows
    windows.psscan: 2 rows
    windows.cmdline: 2 rows
    windows.dlllist: 0 rows
    windows.ldrmodules: 2 rows
    windows.malfind: 7 rows
    windows.vadinfo: 222 rows
    windows.handles: 825 rows
    windows.filescan: 6384 rows
    windows.svcscan: 1392 rows
    windows.privileges: 70 rows
    windows.netstat: 40 rows

[✓] CSV saved: /mnt/d/Patrick/VMSnapshots/Dharma_20260329_230514/T180_rep05/vol3_combined.csv
[✓] Total rows: 8948
[+] Done. Total time: 0:02:40.161641
[+] Output directory: /mnt/d/Patrick/VMSnapshots/Dharma_20260329_230514/T180_rep05
