==================================================
 Volatility 3 Feature Extraction
 Family:    WannaCry
 Snapshot:  /mnt/d/Patrick/VMSnapshots/WannaCry_20260330_065934/T120_rep04/WannaCry_T120_rep04.vmem
 Started:   2026-03-30 17:36:54
==================================================

[+] Running windows.pstree to find WannaCry PIDs (hints: ['wannacry', 'tasksche', 'mssecsvc'])...
    -> Parsed 95 processes
    [+] Found WannaCry process: WannaCry.exe PID=8548
    [+] Added child: @WanaDecryptor PID=1000
    [+] Added child: @WanaDecryptor PID=9388
    [+] Added child: taskhsvc.exe PID=8936
    [+] Added child: conhost.exe PID=7248
    [+] Total WannaCry PIDs: ['1000', '7248', '8548', '8936', '9388']
[+] Done: windows.pslist
[+] Done: windows.privileges
[+] Done: windows.cmdline
[+] Done: windows.netstat
[+] Done: windows.svcscan
[+] Done: windows.dlllist
[+] Done: windows.psscan
[+] Done: windows.ldrmodules
[+] Done: windows.filescan
[+] Done: windows.handles
[+] Done: windows.malfind
[+] Done: windows.vadinfo
    windows.pslist: 5 rows
    windows.psscan: 5 rows
    windows.cmdline: 5 rows
    windows.dlllist: 175 rows
    windows.ldrmodules: 2 rows
    windows.malfind: 0 rows
    windows.vadinfo: 416 rows
    windows.handles: 789 rows
    windows.filescan: 3855 rows
    windows.svcscan: 0 rows
    windows.privileges: 175 rows
    windows.netstat: 45 rows

[✓] CSV saved: /mnt/d/Patrick/VMSnapshots/WannaCry_20260330_065934/T120_rep04/vol3_combined.csv
[✓] Total rows: 5472
[+] Done. Total time: 0:03:54.472054
[+] Output directory: /mnt/d/Patrick/VMSnapshots/WannaCry_20260330_065934/T120_rep04
