[23:05:14] ============================================
[23:05:14]  Dharma Collection Session
[23:05:14]  Guest path:  C:\Malware\Dharma\Dharma\Dharma.exe
[23:05:14]  Runs/offset: 5
[23:05:14]  Offsets:     15s, 30s, 60s, 120s, 180s, 240s
[23:05:14]  Total runs:  30
[23:05:14]  Output:      D:\Patrick\VMSnapshots\Dharma_20260329_230514
[23:05:14] ============================================
[23:05:14] 
[23:05:14] ==========================================
[23:05:14]  RUN 1 / 30 - Dharma @ T+15s (rep 1)
[23:05:14] ==========================================
[23:05:14] [+] Stopping VM...
[23:05:18] [+] Reverting to CleanFamily4...
[23:05:18]     -> Reverted
[23:05:18] [+] Starting VM...
[23:05:24] [+] Waiting 20s for boot...
[23:05:44] [+] Launching Dharma...
[23:05:45]     -> Dharma launched
[23:05:45] [+] Sleeping 14s (target T+15s)...
[23:05:59] [+] Snapshot at T+15s: Dharma_T015_rep01
[23:06:48]     -> Taken
[23:06:48] [+] Waiting 30s for VMware to flush vmem...
[23:07:19]   [VMEM] Copying -> D:\Patrick\VMSnapshots\Dharma_20260329_230514\T015_rep01\Dharma_T015_rep01.vmem
[23:07:49]   [VMEM] Copied 2048 MB
[23:07:56] [+] Run 1 complete.
[23:07:56] 
[23:07:56] ==========================================
[23:07:56]  RUN 2 / 30 - Dharma @ T+30s (rep 1)
[23:07:56] ==========================================
[23:07:56] [+] Stopping VM...
[23:07:59] [+] Reverting to CleanFamily4...
[23:08:00]     -> Reverted
[23:08:00] [+] Starting VM...
[23:08:13] [+] Waiting 20s for boot...
[23:08:33] [+] Launching Dharma...
[23:08:33]     -> Dharma launched
[23:08:33] [+] Sleeping 29s (target T+30s)...
[23:09:03] [+] Snapshot at T+30s: Dharma_T030_rep01
[23:09:52]     -> Taken
[23:09:52] [+] Waiting 30s for VMware to flush vmem...
[23:10:22]   [VMEM] Copying -> D:\Patrick\VMSnapshots\Dharma_20260329_230514\T030_rep01\Dharma_T030_rep01.vmem
[23:10:56]   [VMEM] Copied 2048 MB
[23:10:59] [+] Run 2 complete.
[23:10:59] 
[23:10:59] ==========================================
[23:10:59]  RUN 3 / 30 - Dharma @ T+60s (rep 1)
[23:10:59] ==========================================
[23:10:59] [+] Stopping VM...
[23:11:02] [+] Reverting to CleanFamily4...
[23:11:03]     -> Reverted
[23:11:03] [+] Starting VM...
[23:11:16] [+] Waiting 20s for boot...
[23:11:36] [+] Launching Dharma...
[23:11:37]     -> Dharma launched
[23:11:37] [+] Sleeping 59s (target T+60s)...
[23:12:36] [+] Snapshot at T+60s: Dharma_T060_rep01
[23:13:28]     -> Taken
[23:13:28] [+] Waiting 30s for VMware to flush vmem...
[23:13:58]   [VMEM] Copying -> D:\Patrick\VMSnapshots\Dharma_20260329_230514\T060_rep01\Dharma_T060_rep01.vmem
[23:14:22]   [VMEM] Copied 2048 MB
[23:14:24] [+] Run 3 complete.
[23:14:24] 
[23:14:24] ==========================================
[23:14:24]  RUN 4 / 30 - Dharma @ T+120s (rep 1)
[23:14:24] ==========================================
[23:14:24] [+] Stopping VM...
[23:14:27] [+] Reverting to CleanFamily4...
[23:14:28]     -> Reverted
[23:14:28] [+] Starting VM...
[23:14:41] [+] Waiting 20s for boot...
[23:15:01] [+] Launching Dharma...
[23:15:02]     -> Dharma launched
[23:15:02] [+] Sleeping 119s (target T+120s)...
[23:17:01] [+] Snapshot at T+120s: Dharma_T120_rep01
[23:18:05]     -> Taken
[23:18:05] [+] Waiting 30s for VMware to flush vmem...
[23:18:35]   [VMEM] Copying -> D:\Patrick\VMSnapshots\Dharma_20260329_230514\T120_rep01\Dharma_T120_rep01.vmem
[23:18:56]   [VMEM] Copied 2048 MB
[23:19:02] [+] Run 4 complete.
[23:19:02] 
[23:19:02] ==========================================
[23:19:02]  RUN 5 / 30 - Dharma @ T+180s (rep 1)
[23:19:02] ==========================================
[23:19:02] [+] Stopping VM...
[23:19:05] [+] Reverting to CleanFamily4...
[23:19:06]     -> Reverted
[23:19:06] [+] Starting VM...
[23:19:20] [+] Waiting 20s for boot...
[23:19:40] [+] Launching Dharma...
[23:19:40]     -> Dharma launched
[23:19:40] [+] Sleeping 179s (target T+180s)...
[23:22:39] [+] Snapshot at T+180s: Dharma_T180_rep01
[23:23:24]     -> Taken
[23:23:24] [+] Waiting 30s for VMware to flush vmem...
[23:23:54]   [VMEM] Copying -> D:\Patrick\VMSnapshots\Dharma_20260329_230514\T180_rep01\Dharma_T180_rep01.vmem
[23:24:03]   [VMEM] Copied 2048 MB
[23:24:45] [+] Run 5 complete.
[23:24:45] 
[23:24:45] ==========================================
[23:24:45]  RUN 6 / 30 - Dharma @ T+240s (rep 1)
[23:24:45] ==========================================
[23:24:45] [+] Stopping VM...
[23:24:48] [+] Reverting to CleanFamily4...
[23:24:49]     -> Reverted
[23:24:49] [+] Starting VM...
[23:25:03] [+] Waiting 20s for boot...
[23:25:23] [+] Launching Dharma...
[23:25:23]     -> Dharma launched
[23:25:23] [+] Sleeping 239s (target T+240s)...
[23:29:22] [+] Snapshot at T+240s: Dharma_T240_rep01
[23:30:10]     -> Taken
[23:30:10] [+] Waiting 30s for VMware to flush vmem...
[23:30:40]   [VMEM] Copying -> D:\Patrick\VMSnapshots\Dharma_20260329_230514\T240_rep01\Dharma_T240_rep01.vmem
[23:30:50]   [VMEM] Copied 2048 MB
[23:31:37] [+] Run 6 complete.
[23:31:37] 
[23:31:37] ==========================================
[23:31:37]  RUN 7 / 30 - Dharma @ T+15s (rep 2)
[23:31:37] ==========================================
[23:31:37] [+] Stopping VM...
[23:31:41] [+] Reverting to CleanFamily4...
[23:31:42]     -> Reverted
[23:31:42] [+] Starting VM...
[23:31:56] [+] Waiting 20s for boot...
[23:32:16] [+] Launching Dharma...
[23:32:17]     -> Dharma launched
[23:32:17] [+] Sleeping 13s (target T+15s)...
[23:32:30] [+] Snapshot at T+15s: Dharma_T015_rep02
[23:33:17]     -> Taken
[23:33:17] [+] Waiting 30s for VMware to flush vmem...
[23:33:47]   [VMEM] Copying -> D:\Patrick\VMSnapshots\Dharma_20260329_230514\T015_rep02\Dharma_T015_rep02.vmem
[23:34:22]   [VMEM] Copied 2048 MB
[23:34:29] [+] Run 7 complete.
[23:34:29] 
[23:34:29] ==========================================
[23:34:29]  RUN 8 / 30 - Dharma @ T+30s (rep 2)
[23:34:29] ==========================================
[23:34:29] [+] Stopping VM...
[23:34:32] [+] Reverting to CleanFamily4...
[23:34:33]     -> Reverted
[23:34:33] [+] Starting VM...
[23:34:47] [+] Waiting 20s for boot...
[23:35:07] [+] Launching Dharma...
[23:35:07]     -> Dharma launched
[23:35:07] [+] Sleeping 29s (target T+30s)...
[23:35:36] [+] Snapshot at T+30s: Dharma_T030_rep02
[23:36:27]     -> Taken
[23:36:27] [+] Waiting 30s for VMware to flush vmem...
[23:36:57]   [VMEM] Copying -> D:\Patrick\VMSnapshots\Dharma_20260329_230514\T030_rep02\Dharma_T030_rep02.vmem
[23:37:10]   [VMEM] Copied 2048 MB
[23:37:13] [+] Run 8 complete.
[23:37:13] 
[23:37:13] ==========================================
[23:37:13]  RUN 9 / 30 - Dharma @ T+60s (rep 2)
[23:37:13] ==========================================
[23:37:13] [+] Stopping VM...
[23:37:16] [+] Reverting to CleanFamily4...
[23:37:17]     -> Reverted
[23:37:17] [+] Starting VM...
[23:37:30] [+] Waiting 20s for boot...
[23:37:50] [+] Launching Dharma...
[23:37:51]     -> Dharma launched
[23:37:51] [+] Sleeping 59s (target T+60s)...
[23:38:50] [+] Snapshot at T+60s: Dharma_T060_rep02
[23:39:45]     -> Taken
[23:39:45] [+] Waiting 30s for VMware to flush vmem...
[23:40:15]   [VMEM] Copying -> D:\Patrick\VMSnapshots\Dharma_20260329_230514\T060_rep02\Dharma_T060_rep02.vmem
[23:40:49]   [VMEM] Copied 2048 MB
[23:40:51] [+] Run 9 complete.
[23:40:51] 
[23:40:51] ==========================================
[23:40:51]  RUN 10 / 30 - Dharma @ T+120s (rep 2)
[23:40:51] ==========================================
[23:40:51] [+] Stopping VM...
[23:40:54] [+] Reverting to CleanFamily4...
[23:40:55]     -> Reverted
[23:40:55] [+] Starting VM...
[23:41:08] [+] Waiting 20s for boot...
[23:41:28] [+] Launching Dharma...
[23:41:29]     -> Dharma launched
[23:41:29] [+] Sleeping 119s (target T+120s)...
[23:43:28] [+] Snapshot at T+120s: Dharma_T120_rep02
[23:44:29]     -> Taken
[23:44:29] [+] Waiting 30s for VMware to flush vmem...
[23:44:59]   [VMEM] Copying -> D:\Patrick\VMSnapshots\Dharma_20260329_230514\T120_rep02\Dharma_T120_rep02.vmem
[23:45:26]   [VMEM] Copied 2048 MB
[23:45:33] [+] Run 10 complete.
[23:45:33] 
[23:45:33] ==========================================
[23:45:33]  RUN 11 / 30 - Dharma @ T+180s (rep 2)
[23:45:33] ==========================================
[23:45:33] [+] Stopping VM...
[23:45:37] [+] Reverting to CleanFamily4...
[23:45:38]     -> Reverted
[23:45:38] [+] Starting VM...
[23:45:51] [+] Waiting 20s for boot...
[23:46:11] [+] Launching Dharma...
[23:46:12]     -> Dharma launched
[23:46:12] [+] Sleeping 179s (target T+180s)...
[23:49:11] [+] Snapshot at T+180s: Dharma_T180_rep02
[23:49:57]     -> Taken
[23:49:57] [+] Waiting 30s for VMware to flush vmem...
[23:50:27]   [VMEM] Copying -> D:\Patrick\VMSnapshots\Dharma_20260329_230514\T180_rep02\Dharma_T180_rep02.vmem
[23:50:36]   [VMEM] Copied 2048 MB
[23:51:25] [+] Run 11 complete.
[23:51:25] 
[23:51:25] ==========================================
[23:51:25]  RUN 12 / 30 - Dharma @ T+240s (rep 2)
[23:51:25] ==========================================
[23:51:25] [+] Stopping VM...
[23:51:28] [+] Reverting to CleanFamily4...
[23:51:29]     -> Reverted
[23:51:29] [+] Starting VM...
[23:51:43] [+] Waiting 20s for boot...
[23:52:03] [+] Launching Dharma...
[23:52:04]     -> Dharma launched
[23:52:04] [+] Sleeping 239s (target T+240s)...
[23:56:03] [+] Snapshot at T+240s: Dharma_T240_rep02
[23:56:47]     -> Taken
[23:56:47] [+] Waiting 30s for VMware to flush vmem...
[23:57:17]   [VMEM] Copying -> D:\Patrick\VMSnapshots\Dharma_20260329_230514\T240_rep02\Dharma_T240_rep02.vmem
[23:57:25]   [VMEM] Copied 2048 MB
[23:57:58] [+] Run 12 complete.
[23:57:58] 
[23:57:58] ==========================================
[23:57:58]  RUN 13 / 30 - Dharma @ T+15s (rep 3)
[23:57:58] ==========================================
[23:57:58] [+] Stopping VM...
[23:58:01] [+] Reverting to CleanFamily4...
[23:58:02]     -> Reverted
[23:58:02] [+] Starting VM...
[23:58:16] [+] Waiting 20s for boot...
[23:58:36] [+] Launching Dharma...
[23:58:37]     -> Dharma launched
[23:58:37] [+] Sleeping 14s (target T+15s)...
[23:58:51] [+] Snapshot at T+15s: Dharma_T015_rep03
[23:59:38]     -> Taken
[23:59:38] [+] Waiting 30s for VMware to flush vmem...
[00:00:08]   [VMEM] Copying -> D:\Patrick\VMSnapshots\Dharma_20260329_230514\T015_rep03\Dharma_T015_rep03.vmem
[00:00:34]   [VMEM] Copied 2048 MB
[00:00:40] [+] Run 13 complete.
[00:00:40] 
[00:00:40] ==========================================
[00:00:41]  RUN 14 / 30 - Dharma @ T+30s (rep 3)
[00:00:41] ==========================================
[00:00:41] [+] Stopping VM...
[00:00:44] [+] Reverting to CleanFamily4...
[00:00:45]     -> Reverted
[00:00:45] [+] Starting VM...
[00:00:58] [+] Waiting 20s for boot...
[00:01:18] [+] Launching Dharma...
[00:01:19]     -> Dharma launched
[00:01:19] [+] Sleeping 29s (target T+30s)...
[00:01:48] [+] Snapshot at T+30s: Dharma_T030_rep03
[00:02:35]     -> Taken
[00:02:35] [+] Waiting 30s for VMware to flush vmem...
[00:03:05]   [VMEM] Copying -> D:\Patrick\VMSnapshots\Dharma_20260329_230514\T030_rep03\Dharma_T030_rep03.vmem
[00:03:47]   [VMEM] Copied 2048 MB
[00:03:50] [+] Run 14 complete.
[00:03:50] 
[00:03:50] ==========================================
[00:03:50]  RUN 15 / 30 - Dharma @ T+60s (rep 3)
[00:03:50] ==========================================
[00:03:50] [+] Stopping VM...
[00:03:53] [+] Reverting to CleanFamily4...
[00:03:54]     -> Reverted
[00:03:54] [+] Starting VM...
[00:04:07] [+] Waiting 20s for boot...
[00:04:27] [+] Launching Dharma...
[00:04:28]     -> Dharma launched
[00:04:28] [+] Sleeping 59s (target T+60s)...
[00:05:27] [+] Snapshot at T+60s: Dharma_T060_rep03
[00:06:31]     -> Taken
[00:06:31] [+] Waiting 30s for VMware to flush vmem...
[00:07:01]   [VMEM] Copying -> D:\Patrick\VMSnapshots\Dharma_20260329_230514\T060_rep03\Dharma_T060_rep03.vmem
[00:07:13]   [VMEM] Copied 2048 MB
[00:07:14] [+] Run 15 complete.
[00:07:14] 
[00:07:14] ==========================================
[00:07:14]  RUN 16 / 30 - Dharma @ T+120s (rep 3)
[00:07:14] ==========================================
[00:07:14] [+] Stopping VM...
[00:07:18] [+] Reverting to CleanFamily4...
[00:07:18]     -> Reverted
[00:07:18] [+] Starting VM...
[00:07:32] [+] Waiting 20s for boot...
[00:07:52] [+] Launching Dharma...
[00:07:52]     -> Dharma launched
[00:07:52] [+] Sleeping 119s (target T+120s)...
[00:09:51] [+] Snapshot at T+120s: Dharma_T120_rep03
[00:10:50]     -> Taken
[00:10:50] [+] Waiting 30s for VMware to flush vmem...
[00:11:20]   [VMEM] Copying -> D:\Patrick\VMSnapshots\Dharma_20260329_230514\T120_rep03\Dharma_T120_rep03.vmem
[00:11:45]   [VMEM] Copied 2048 MB
[00:11:52] [+] Run 16 complete.
[00:11:52] 
[00:11:52] ==========================================
[00:11:52]  RUN 17 / 30 - Dharma @ T+180s (rep 3)
[00:11:53] ==========================================
[00:11:53] [+] Stopping VM...
[00:11:56] [+] Reverting to CleanFamily4...
[00:11:57]     -> Reverted
[00:11:57] [+] Starting VM...
[00:12:10] [+] Waiting 20s for boot...
[00:12:30] [+] Launching Dharma...
[00:12:31]     -> Dharma launched
[00:12:31] [+] Sleeping 179s (target T+180s)...
[00:15:30] [+] Snapshot at T+180s: Dharma_T180_rep03
[00:16:13]     -> Taken
[00:16:13] [+] Waiting 30s for VMware to flush vmem...
[00:16:43]   [VMEM] Copying -> D:\Patrick\VMSnapshots\Dharma_20260329_230514\T180_rep03\Dharma_T180_rep03.vmem
[00:16:52]   [VMEM] Copied 2048 MB
[00:17:38] [+] Run 17 complete.
[00:17:38] 
[00:17:38] ==========================================
[00:17:38]  RUN 18 / 30 - Dharma @ T+240s (rep 3)
[00:17:38] ==========================================
[00:17:38] [+] Stopping VM...
[00:17:42] [+] Reverting to CleanFamily4...
[00:17:43]     -> Reverted
[00:17:43] [+] Starting VM...
[00:17:56] [+] Waiting 20s for boot...
[00:18:16] [+] Launching Dharma...
[00:18:16]     -> Dharma launched
[00:18:16] [+] Sleeping 239s (target T+240s)...
[00:22:15] [+] Snapshot at T+240s: Dharma_T240_rep03
[00:23:10]     -> Taken
[00:23:10] [+] Waiting 30s for VMware to flush vmem...
[00:23:40]   [VMEM] Copying -> D:\Patrick\VMSnapshots\Dharma_20260329_230514\T240_rep03\Dharma_T240_rep03.vmem
[00:23:48]   [VMEM] Copied 2048 MB
[00:24:30] [+] Run 18 complete.
[00:24:30] 
[00:24:30] ==========================================
[00:24:30]  RUN 19 / 30 - Dharma @ T+15s (rep 4)
[00:24:30] ==========================================
[00:24:30] [+] Stopping VM...
[00:24:34] [+] Reverting to CleanFamily4...
[00:24:35]     -> Reverted
[00:24:35] [+] Starting VM...
[00:24:49] [+] Waiting 20s for boot...
[00:25:09] [+] Launching Dharma...
[00:25:09]     -> Dharma launched
[00:25:09] [+] Sleeping 14s (target T+15s)...
[00:25:23] [+] Snapshot at T+15s: Dharma_T015_rep04
[00:26:11]     -> Taken
[00:26:11] [+] Waiting 30s for VMware to flush vmem...
[00:26:41]   [VMEM] Copying -> D:\Patrick\VMSnapshots\Dharma_20260329_230514\T015_rep04\Dharma_T015_rep04.vmem
[00:27:01]   [VMEM] Copied 2048 MB
[00:27:08] [+] Run 19 complete.
[00:27:08] 
[00:27:08] ==========================================
[00:27:08]  RUN 20 / 30 - Dharma @ T+30s (rep 4)
[00:27:08] ==========================================
[00:27:08] [+] Stopping VM...
[00:27:11] [+] Reverting to CleanFamily4...
[00:27:12]     -> Reverted
[00:27:12] [+] Starting VM...
[00:27:25] [+] Waiting 20s for boot...
[00:27:45] [+] Launching Dharma...
[00:27:46]     -> Dharma launched
[00:27:46] [+] Sleeping 29s (target T+30s)...
[00:28:15] [+] Snapshot at T+30s: Dharma_T030_rep04
[00:29:00]     -> Taken
[00:29:00] [+] Waiting 30s for VMware to flush vmem...
[00:29:30]   [VMEM] Copying -> D:\Patrick\VMSnapshots\Dharma_20260329_230514\T030_rep04\Dharma_T030_rep04.vmem
[00:30:02]   [VMEM] Copied 2048 MB
[00:30:07] [+] Run 20 complete.
[00:30:07] 
[00:30:07] ==========================================
[00:30:07]  RUN 21 / 30 - Dharma @ T+60s (rep 4)
[00:30:07] ==========================================
[00:30:07] [+] Stopping VM...
[00:30:11] [+] Reverting to CleanFamily4...
[00:30:12]     -> Reverted
[00:30:12] [+] Starting VM...
[00:30:25] [+] Waiting 20s for boot...
[00:30:45] [+] Launching Dharma...
[00:30:46]     -> Dharma launched
[00:30:46] [+] Sleeping 59s (target T+60s)...
[00:31:45] [+] Snapshot at T+60s: Dharma_T060_rep04
[00:32:31]     -> Taken
[00:32:31] [+] Waiting 30s for VMware to flush vmem...
[00:33:01]   [VMEM] Copying -> D:\Patrick\VMSnapshots\Dharma_20260329_230514\T060_rep04\Dharma_T060_rep04.vmem
[00:33:28]   [VMEM] Copied 2048 MB
[00:33:34] [+] Run 21 complete.
[00:33:34] 
[00:33:34] ==========================================
[00:33:34]  RUN 22 / 30 - Dharma @ T+120s (rep 4)
[00:33:34] ==========================================
[00:33:34] [+] Stopping VM...
[00:33:38] [+] Reverting to CleanFamily4...
[00:33:39]     -> Reverted
[00:33:39] [+] Starting VM...
[00:33:52] [+] Waiting 20s for boot...
[00:34:12] [+] Launching Dharma...
[00:34:13]     -> Dharma launched
[00:34:13] [+] Sleeping 119s (target T+120s)...
[00:36:12] [+] Snapshot at T+120s: Dharma_T120_rep04
[00:37:00]     -> Taken
[00:37:00] [+] Waiting 30s for VMware to flush vmem...
[00:37:30]   [VMEM] Copying -> D:\Patrick\VMSnapshots\Dharma_20260329_230514\T120_rep04\Dharma_T120_rep04.vmem
[00:38:02]   [VMEM] Copied 2048 MB
[00:38:05] [+] Run 22 complete.
[00:38:05] 
[00:38:05] ==========================================
[00:38:05]  RUN 23 / 30 - Dharma @ T+180s (rep 4)
[00:38:05] ==========================================
[00:38:05] [+] Stopping VM...
[00:38:09] [+] Reverting to CleanFamily4...
[00:38:09]     -> Reverted
[00:38:09] [+] Starting VM...
[00:38:23] [+] Waiting 20s for boot...
[00:38:43] [+] Launching Dharma...
[00:38:44]     -> Dharma launched
[00:38:44] [+] Sleeping 179s (target T+180s)...
[00:41:43] [+] Snapshot at T+180s: Dharma_T180_rep04
[00:42:30]     -> Taken
[00:42:30] [+] Waiting 30s for VMware to flush vmem...
[00:43:00]   [VMEM] Copying -> D:\Patrick\VMSnapshots\Dharma_20260329_230514\T180_rep04\Dharma_T180_rep04.vmem
[00:43:33]   [VMEM] Copied 2048 MB
[00:43:35] [+] Run 23 complete.
[00:43:35] 
[00:43:35] ==========================================
[00:43:35]  RUN 24 / 30 - Dharma @ T+240s (rep 4)
[00:43:35] ==========================================
[00:43:35] [+] Stopping VM...
[00:43:38] [+] Reverting to CleanFamily4...
[00:43:39]     -> Reverted
[00:43:39] [+] Starting VM...
[00:43:52] [+] Waiting 20s for boot...
[00:44:12] [+] Launching Dharma...
[00:44:13]     -> Dharma launched
[00:44:13] [+] Sleeping 239s (target T+240s)...
[00:48:12] [+] Snapshot at T+240s: Dharma_T240_rep04
[00:49:02]     -> Taken
[00:49:02] [+] Waiting 30s for VMware to flush vmem...
[00:49:32]   [VMEM] Copying -> D:\Patrick\VMSnapshots\Dharma_20260329_230514\T240_rep04\Dharma_T240_rep04.vmem
[00:49:54]   [VMEM] Copied 2048 MB
[00:49:56] [+] Run 24 complete.
[00:49:56] 
[00:49:56] ==========================================
[00:49:56]  RUN 25 / 30 - Dharma @ T+15s (rep 5)
[00:49:56] ==========================================
[00:49:56] [+] Stopping VM...
[00:50:00] [+] Reverting to CleanFamily4...
[00:50:01]     -> Reverted
[00:50:01] [+] Starting VM...
[00:50:14] [+] Waiting 20s for boot...
[00:50:34] [+] Launching Dharma...
[00:50:35]     -> Dharma launched
[00:50:35] [+] Sleeping 14s (target T+15s)...
[00:50:49] [+] Snapshot at T+15s: Dharma_T015_rep05
[00:51:37]     -> Taken
[00:51:37] [+] Waiting 30s for VMware to flush vmem...
[00:52:07]   [VMEM] Copying -> D:\Patrick\VMSnapshots\Dharma_20260329_230514\T015_rep05\Dharma_T015_rep05.vmem
[00:52:32]   [VMEM] Copied 2048 MB
[00:52:41] [+] Run 25 complete.
[00:52:41] 
[00:52:41] ==========================================
[00:52:41]  RUN 26 / 30 - Dharma @ T+30s (rep 5)
[00:52:41] ==========================================
[00:52:41] [+] Stopping VM...
[00:52:44] [+] Reverting to CleanFamily4...
[00:52:45]     -> Reverted
[00:52:45] [+] Starting VM...
[00:52:59] [+] Waiting 20s for boot...
[00:53:19] [+] Launching Dharma...
[00:53:20]     -> Dharma launched
[00:53:20] [+] Sleeping 29s (target T+30s)...
[00:53:49] [+] Snapshot at T+30s: Dharma_T030_rep05
[00:54:34]     -> Taken
[00:54:34] [+] Waiting 30s for VMware to flush vmem...
[00:55:04]   [VMEM] Copying -> D:\Patrick\VMSnapshots\Dharma_20260329_230514\T030_rep05\Dharma_T030_rep05.vmem
[00:55:30]   [VMEM] Copied 2048 MB
[00:55:32] [+] Run 26 complete.
[00:55:32] 
[00:55:32] ==========================================
[00:55:32]  RUN 27 / 30 - Dharma @ T+60s (rep 5)
[00:55:32] ==========================================
[00:55:32] [+] Stopping VM...
[00:55:36] [+] Reverting to CleanFamily4...
[00:55:36]     -> Reverted
[00:55:36] [+] Starting VM...
[00:55:51] [+] Waiting 20s for boot...
[00:56:11] [+] Launching Dharma...
[00:56:11]     -> Dharma launched
[00:56:11] [+] Sleeping 59s (target T+60s)...
[00:57:10] [+] Snapshot at T+60s: Dharma_T060_rep05
[00:57:56]     -> Taken
[00:57:56] [+] Waiting 30s for VMware to flush vmem...
[00:58:26]   [VMEM] Copying -> D:\Patrick\VMSnapshots\Dharma_20260329_230514\T060_rep05\Dharma_T060_rep05.vmem
[00:58:56]   [VMEM] Copied 2048 MB
[00:58:59] [+] Run 27 complete.
[00:58:59] 
[00:58:59] ==========================================
[00:58:59]  RUN 28 / 30 - Dharma @ T+120s (rep 5)
[00:58:59] ==========================================
[00:58:59] [+] Stopping VM...
[00:59:03] [+] Reverting to CleanFamily4...
[00:59:03]     -> Reverted
[00:59:03] [+] Starting VM...
[00:59:17] [+] Waiting 20s for boot...
[00:59:37] [+] Launching Dharma...
[00:59:38]     -> Dharma launched
[00:59:38] [+] Sleeping 119s (target T+120s)...
[01:01:37] [+] Snapshot at T+120s: Dharma_T120_rep05
[01:02:23]     -> Taken
[01:02:23] [+] Waiting 30s for VMware to flush vmem...
[01:02:53]   [VMEM] Copying -> D:\Patrick\VMSnapshots\Dharma_20260329_230514\T120_rep05\Dharma_T120_rep05.vmem
[01:03:32]   [VMEM] Copied 2048 MB
[01:03:35] [+] Run 28 complete.
[01:03:35] 
[01:03:35] ==========================================
[01:03:35]  RUN 29 / 30 - Dharma @ T+180s (rep 5)
[01:03:35] ==========================================
[01:03:35] [+] Stopping VM...
[01:03:38] [+] Reverting to CleanFamily4...
[01:03:39]     -> Reverted
[01:03:39] [+] Starting VM...
[01:03:53] [+] Waiting 20s for boot...
[01:04:13] [+] Launching Dharma...
[01:04:13]     -> Dharma launched
[01:04:13] [+] Sleeping 179s (target T+180s)...
[01:07:12] [+] Snapshot at T+180s: Dharma_T180_rep05
[01:07:58]     -> Taken
[01:07:58] [+] Waiting 30s for VMware to flush vmem...
[01:08:28]   [VMEM] Copying -> D:\Patrick\VMSnapshots\Dharma_20260329_230514\T180_rep05\Dharma_T180_rep05.vmem
[01:08:44]   [VMEM] Copied 2048 MB
[01:08:52] [+] Run 29 complete.
[01:08:52] 
[01:08:52] ==========================================
[01:08:52]  RUN 30 / 30 - Dharma @ T+240s (rep 5)
[01:08:52] ==========================================
[01:08:52] [+] Stopping VM...
[01:08:55] [+] Reverting to CleanFamily4...
[01:08:56]     -> Reverted
[01:08:56] [+] Starting VM...
[01:09:09] [+] Waiting 20s for boot...
[01:09:29] [+] Launching Dharma...
[01:09:30]     -> Dharma launched
[01:09:30] [+] Sleeping 239s (target T+240s)...
[01:13:29] [+] Snapshot at T+240s: Dharma_T240_rep05
[01:14:17]     -> Taken
[01:14:17] [+] Waiting 30s for VMware to flush vmem...
[01:14:47]   [VMEM] Copying -> D:\Patrick\VMSnapshots\Dharma_20260329_230514\T240_rep05\Dharma_T240_rep05.vmem
[01:15:17]   [VMEM] Copied 2048 MB
[01:15:19] [+] Run 30 complete.
[01:15:19] 
[01:15:19] [+] All cycles done. Reverting to clean snapshot...
[01:15:23]     -> Reverted to CleanFamily4
[01:15:23] 
[01:15:23] ============================================
[01:15:23]  Session complete.
[01:15:23]  Family:  Dharma
[01:15:23]  Output:  D:\Patrick\VMSnapshots\Dharma_20260329_230514
[01:15:23] ============================================
