==================================================
 Volatility 3 Feature Extraction
 Family:    Cerber
 Snapshot:  /mnt/d/Patrick/VMSnapshots/Cerber_20260326_150808/T240_rep01/Cerber_T240_rep01.vmem
 Started:   2026-03-29 18:44:24
==================================================

[+] Running windows.pstree to find Cerber PIDs (hints: ['cerber'])...
    -> Parsed 115 processes
    [!] No Cerber processes found. Running without PID filter.

[+] Running windows.pslist...
    115 rows

[+] Running windows.psscan...
    115 rows

[+] Running windows.cmdline...
    115 rows

[+] Running windows.dlllist...
    2537 rows

[+] Running windows.ldrmodules...
    486 rows

[+] Running windows.malfind...
    13 rows

[+] Running windows.vadinfo...
    18360 rows

[+] Running windows.handles...
    36149 rows

[+] Running windows.filescan...
    11225 rows

[+] Running windows.svcscan...
    4316 rows

[+] Running windows.privileges...
    4025 rows

[+] Running windows.netstat...
    41 rows

[✓] CSV saved: /mnt/d/Patrick/VMSnapshots/Cerber_20260326_150808/T240_rep01/vol3_combined.csv
[✓] Total rows: 77497
[+] Done. Total time: 0:08:53.673545
[+] Output directory: /mnt/d/Patrick/VMSnapshots/Cerber_20260326_150808/T240_rep01
