==================================================
 Volatility 3 Feature Extraction
 Family:    WannaCry
 Snapshot:  /mnt/d/Patrick/VMSnapshots/WannaCry_20260326_193131/T120_rep02/WannaCry_T120_rep02.vmem
 Started:   2026-03-29 14:45:17
==================================================

[+] Running windows.pstree to find WannaCry PIDs (hints: ['wannacry', 'tasksche', 'mssecsvc'])...
==================================================
 Volatility 3 Feature Extraction
 Family:    WannaCry
 Snapshot:  /mnt/d/Patrick/VMSnapshots/WannaCry_20260326_193131/T120_rep02/WannaCry_T120_rep02.vmem
 Started:   2026-03-29 14:47:52
==================================================

[+] Running windows.pstree to find WannaCry PIDs (hints: ['wannacry', 'tasksche', 'mssecsvc'])...
==================================================
 Volatility 3 Feature Extraction
 Family:    WannaCry
 Snapshot:  /mnt/d/Patrick/VMSnapshots/WannaCry_20260326_193131/T120_rep02/WannaCry_T120_rep02.vmem
 Started:   2026-03-29 19:35:43
==================================================

[+] Running windows.pstree to find WannaCry PIDs (hints: ['wannacry', 'tasksche', 'mssecsvc'])...
    -> Parsed 96 processes
    [+] Found WannaCry process: WannaCry.exe PID=7988
    [+] Added child: @WanaDecryptor PID=7248
    [+] Added child: taskhsvc.exe PID=6112
    [+] Added child: conhost.exe PID=4020
    [+] Added child: @WanaDecryptor PID=4504
    [+] Total WannaCry PIDs: ['4020', '4504', '6112', '7248', '7988']

[+] Running windows.pslist...
    5 rows

[+] Running windows.psscan...
    5 rows

[+] Running windows.cmdline...
    5 rows

[+] Running windows.dlllist...
    29 rows

[+] Running windows.ldrmodules...
    2 rows

[+] Running windows.malfind...
    3 rows

[+] Running windows.vadinfo...
    418 rows

[+] Running windows.handles...
    628 rows

[+] Running windows.filescan...
    3528 rows

[+] Running windows.svcscan...
    0 rows

[+] Running windows.privileges...
    175 rows

[+] Running windows.netstat...
    5 rows

[✓] CSV saved: /mnt/d/Patrick/VMSnapshots/WannaCry_20260326_193131/T120_rep02/vol3_combined.csv
[✓] Total rows: 4803
[+] Done. Total time: 0:07:08.696665
[+] Output directory: /mnt/d/Patrick/VMSnapshots/WannaCry_20260326_193131/T120_rep02
