==================================================
 Volatility 3 Feature Extraction
 Family:    Dharma
 Snapshot:  /mnt/d/Patrick/VMSnapshots/Dharma_20260330_034041/T180_rep01/Dharma_T180_rep01.vmem
 Started:   2026-03-30 14:30:56
==================================================

[+] Running windows.pstree to find Dharma PIDs (hints: ['dharma', 'csrss'])...
    -> Parsed 99 processes
    [+] Found Dharma process: csrss.exe PID=420
    [+] Found Dharma process: Dharma.exe PID=7156
    [+] Found Dharma process: csrss.exe PID=504
    [+] Added child: mshta.exe PID=10144
    [+] Added child: cmd.exe PID=10172
    [+] Added child: mode.com PID=6760
    [+] Added child: vssadmin.exe PID=4056
    [+] Added child: cmd.exe PID=2308
    [+] Added child: mode.com PID=6256
    [+] Added child: vssadmin.exe PID=5428
    [+] Added child: mshta.exe PID=4892
    [+] Total Dharma PIDs: ['420', '504', '2308', '4056', '4892', '5428', '6256', '6760', '7156', '10144', '10172']
[+] Done: windows.pslist
[+] Done: windows.privileges
[+] Done: windows.cmdline
[+] Done: windows.netstat
[+] Done: windows.svcscan
[+] Done: windows.dlllist
[+] Done: windows.ldrmodules
[+] Done: windows.psscan
[+] Done: windows.handles
[+] Done: windows.filescan
[+] Done: windows.malfind
[+] Done: windows.vadinfo
    windows.pslist: 11 rows
    windows.psscan: 11 rows
    windows.cmdline: 11 rows
    windows.dlllist: 186 rows
    windows.ldrmodules: 4 rows
    windows.malfind: 0 rows
    windows.vadinfo: 640 rows
    windows.handles: 1881 rows
    windows.filescan: 5748 rows
    windows.svcscan: 0 rows
    windows.privileges: 385 rows
    windows.netstat: 40 rows

[✓] CSV saved: /mnt/d/Patrick/VMSnapshots/Dharma_20260330_034041/T180_rep01/vol3_combined.csv
[✓] Total rows: 8917
[+] Done. Total time: 0:03:52.288534
[+] Output directory: /mnt/d/Patrick/VMSnapshots/Dharma_20260330_034041/T180_rep01
