==================================================
 Volatility 3 Feature Extraction
 Family:    Benign
 Snapshot:  /mnt/d/Patrick/VMSnapshots/Datasets/Benign_20260409_121408/T015_rep06/Benign_T015_rep06_140327.vmem
 Started:   2026-04-09 17:03:14
==================================================

[+] Benign family — no PID filter, capturing all processes.
[+] Done: windows.pslist
[+] Done: windows.privileges
[+] Done: windows.cmdline
[+] Done: windows.netstat
[+] Done: windows.svcscan
[+] Done: windows.dlllist
[+] Done: windows.psscan
[+] Done: windows.ldrmodules
[+] Done: windows.filescan
[+] Done: windows.handles
[+] Done: windows.malfind
[+] Done: windows.vadinfo
    windows.pslist: 110 rows
    windows.psscan: 113 rows
    windows.cmdline: 110 rows
    windows.dlllist: 2867 rows
    windows.ldrmodules: 693 rows
    windows.malfind: 25 rows
    windows.vadinfo: 20610 rows
    windows.handles: 32691 rows
    windows.filescan: 4556 rows
    windows.svcscan: 0 rows
    windows.privileges: 3815 rows
    windows.netstat: 44 rows

[✓] CSV saved: /mnt/d/Patrick/VMSnapshots/Datasets/Benign_20260409_121408/T015_rep06/vol3_combined.csv
[✓] Total rows: 65634
[+] Done. Total time: 0:05:07.575305
[+] Output directory: /mnt/d/Patrick/VMSnapshots/Datasets/Benign_20260409_121408/T015_rep06
