==================================================
 Volatility 3 Feature Extraction
 Family:    WannaCry
 Snapshot:  /mnt/d/Patrick/VMSnapshots/WannaCry_20260326_193131/T030_rep04/WannaCry_T030_rep04.vmem
 Started:   2026-03-29 14:45:16
==================================================

[+] Running windows.pstree to find WannaCry PIDs (hints: ['wannacry', 'tasksche', 'mssecsvc'])...
==================================================
 Volatility 3 Feature Extraction
 Family:    WannaCry
 Snapshot:  /mnt/d/Patrick/VMSnapshots/WannaCry_20260326_193131/T030_rep04/WannaCry_T030_rep04.vmem
 Started:   2026-03-29 14:47:51
==================================================

[+] Running windows.pstree to find WannaCry PIDs (hints: ['wannacry', 'tasksche', 'mssecsvc'])...
==================================================
 Volatility 3 Feature Extraction
 Family:    WannaCry
 Snapshot:  /mnt/d/Patrick/VMSnapshots/WannaCry_20260326_193131/T030_rep04/WannaCry_T030_rep04.vmem
 Started:   2026-03-29 19:57:49
==================================================

[+] Running windows.pstree to find WannaCry PIDs (hints: ['wannacry', 'tasksche', 'mssecsvc'])...
    -> Parsed 96 processes
    [+] Found WannaCry process: WannaCry.exe PID=1160
    [+] Added child: @WanaDecryptor PID=5668
    [+] Added child: taskhsvc.exe PID=4256
    [+] Added child: conhost.exe PID=3256
    [+] Total WannaCry PIDs: ['1160', '3256', '4256', '5668']

[+] Running windows.pslist...
    4 rows

[+] Running windows.psscan...
    4 rows

[+] Running windows.cmdline...
    4 rows

[+] Running windows.dlllist...
    136 rows

[+] Running windows.ldrmodules...
    138 rows

[+] Running windows.malfind...
    4 rows

[+] Running windows.vadinfo...
    336 rows

[+] Running windows.handles...
    630 rows

[+] Running windows.filescan...
    4060 rows

[+] Running windows.svcscan...
    1398 rows

[+] Running windows.privileges...
    140 rows

[+] Running windows.netstat...
    3 rows

[✓] CSV saved: /mnt/d/Patrick/VMSnapshots/WannaCry_20260326_193131/T030_rep04/vol3_combined.csv
[✓] Total rows: 6857
[+] Done. Total time: 0:07:19.485859
[+] Output directory: /mnt/d/Patrick/VMSnapshots/WannaCry_20260326_193131/T030_rep04
