==================================================
 Volatility 3 Feature Extraction
 Family:    Jigsaw
 Snapshot:  /mnt/d/Patrick/VMSnapshots/Jigsaw_20260326_171020/T120_rep02/Jigsaw_T120_rep02.vmem
 Started:   2026-03-29 16:28:37
==================================================

[+] Running windows.pstree to find Jigsaw PIDs (hints: ['jigsaw'])...
    -> Parsed 89 processes
    [!] No Jigsaw processes found. Running without PID filter.

[+] Running windows.pslist...
    89 rows

[+] Running windows.psscan...
    91 rows

[+] Running windows.cmdline...
    89 rows

[+] Running windows.dlllist...
    5060 rows

[+] Running windows.ldrmodules...
    121 rows

[+] Running windows.malfind...
    10 rows

[+] Running windows.vadinfo...
    15788 rows

[+] Running windows.handles...
    37116 rows

[+] Running windows.filescan...
    4189 rows

[+] Running windows.svcscan...
    1417 rows

[+] Running windows.privileges...
    3115 rows

[+] Running windows.netstat...
    41 rows

[✓] CSV saved: /mnt/d/Patrick/VMSnapshots/Jigsaw_20260326_171020/T120_rep02/vol3_combined.csv
[✓] Total rows: 67126
[+] Done. Total time: 0:07:03.692484
[+] Output directory: /mnt/d/Patrick/VMSnapshots/Jigsaw_20260326_171020/T120_rep02
