==================================================
 Volatility 3 Feature Extraction
 Family:    Benign
 Snapshot:  /mnt/d/Patrick/VMSnapshots/Datasets/Benign_20260409_121408/T120_rep05/Benign_T120_rep05_135351.vmem
 Started:   2026-04-09 19:16:36
==================================================

[+] Benign family — no PID filter, capturing all processes.
[+] Done: windows.pslist
[+] Done: windows.privileges
[+] Done: windows.netstat
[+] Done: windows.cmdline
[+] Done: windows.dlllist
[+] Done: windows.svcscan
[+] Done: windows.psscan
[+] Done: windows.ldrmodules
[+] Done: windows.filescan
[+] Done: windows.handles
[+] Done: windows.malfind
[+] Done: windows.vadinfo
    windows.pslist: 96 rows
    windows.psscan: 108 rows
    windows.cmdline: 96 rows
    windows.dlllist: 5339 rows
    windows.ldrmodules: 280 rows
    windows.malfind: 4 rows
    windows.vadinfo: 17162 rows
    windows.handles: 39792 rows
    windows.filescan: 5964 rows
    windows.svcscan: 1360 rows
    windows.privileges: 3360 rows
    windows.netstat: 40 rows

[✓] CSV saved: /mnt/d/Patrick/VMSnapshots/Datasets/Benign_20260409_121408/T120_rep05/vol3_combined.csv
[✓] Total rows: 73601
[+] Done. Total time: 0:03:53.881843
[+] Output directory: /mnt/d/Patrick/VMSnapshots/Datasets/Benign_20260409_121408/T120_rep05
