==================================================
 Volatility 3 Feature Extraction
 Family:    Dharma
 Snapshot:  /mnt/d/Patrick/VMSnapshots/Dharma_20260330_034041/T015_rep01/Dharma_T015_rep01.vmem
 Started:   2026-03-30 13:13:26
==================================================

[+] Running windows.pstree to find Dharma PIDs (hints: ['dharma', 'csrss'])...
    -> Parsed 97 processes
    [+] Found Dharma process: csrss.exe PID=420
    [+] Found Dharma process: Dharma.exe PID=3780
    [+] Found Dharma process: csrss.exe PID=504
    [+] Added child: cmd.exe PID=5136
    [+] Added child: vssadmin.exe PID=3548
    [+] Added child: mode.com PID=9404
    [+] Total Dharma PIDs: ['420', '504', '3548', '3780', '5136', '9404']
[+] Done: windows.pslist
[+] Done: windows.privileges
[+] Done: windows.netstat
[+] Done: windows.cmdline
[+] Done: windows.svcscan
[+] Done: windows.dlllist
[+] Done: windows.ldrmodules
[+] Done: windows.psscan
[+] Done: windows.handles
[+] Done: windows.filescan
[+] Done: windows.malfind
[+] Done: windows.vadinfo
    windows.pslist: 6 rows
    windows.psscan: 6 rows
    windows.cmdline: 6 rows
    windows.dlllist: 71 rows
    windows.ldrmodules: 35 rows
    windows.malfind: 3 rows
    windows.vadinfo: 336 rows
    windows.handles: 1081 rows
    windows.filescan: 5969 rows
    windows.svcscan: 0 rows
    windows.privileges: 210 rows
    windows.netstat: 40 rows

[✓] CSV saved: /mnt/d/Patrick/VMSnapshots/Dharma_20260330_034041/T015_rep01/vol3_combined.csv
[✓] Total rows: 7763
[+] Done. Total time: 0:03:44.565083
[+] Output directory: /mnt/d/Patrick/VMSnapshots/Dharma_20260330_034041/T015_rep01
