==================================================
 Volatility 3 Feature Extraction
 Family:    Cerber
 Snapshot:  /mnt/d/Patrick/VMSnapshots/Cerber_20260326_150808/T240_rep04/Cerber_T240_rep04.vmem
 Started:   2026-03-29 19:10:18
==================================================

[+] Running windows.pstree to find Cerber PIDs (hints: ['cerber'])...
    -> Parsed 118 processes
    [!] No Cerber processes found. Running without PID filter.

[+] Running windows.pslist...
    118 rows

[+] Running windows.psscan...
    118 rows

[+] Running windows.cmdline...
    118 rows

[+] Running windows.dlllist...
    3367 rows

[+] Running windows.ldrmodules...
    502 rows

[+] Running windows.malfind...
    2 rows

[+] Running windows.vadinfo...
    18471 rows

[+] Running windows.handles...
    37707 rows

[+] Running windows.filescan...
    8855 rows

[+] Running windows.svcscan...
    3793 rows

[+] Running windows.privileges...
    4130 rows

[+] Running windows.netstat...
    41 rows

[✓] CSV saved: /mnt/d/Patrick/VMSnapshots/Cerber_20260326_150808/T240_rep04/vol3_combined.csv
[✓] Total rows: 77222
[+] Done. Total time: 0:06:44.434650
[+] Output directory: /mnt/d/Patrick/VMSnapshots/Cerber_20260326_150808/T240_rep04
