==================================================
 Volatility 3 Feature Extraction
 Family:    Benign
 Snapshot:  /mnt/d/Patrick/VMSnapshots/Datasets/Benign_20260409_121408/T120_rep08/Benign_T120_rep08_145827.vmem
 Started:   2026-04-09 19:30:27
==================================================

[+] Benign family — no PID filter, capturing all processes.
[+] Done: windows.pslist
[+] Done: windows.privileges
[+] Done: windows.netstat
[+] Done: windows.cmdline
[+] Done: windows.dlllist
[+] Done: windows.psscan
[+] Done: windows.ldrmodules
[+] Done: windows.filescan
[+] Done: windows.handles
[+] Done: windows.malfind
[+] Done: windows.vadinfo
[+] Done: windows.svcscan
    windows.pslist: 108 rows
    windows.psscan: 113 rows
    windows.cmdline: 108 rows
    windows.dlllist: 4271 rows
    windows.ldrmodules: 226 rows
    windows.malfind: 9 rows
    windows.vadinfo: 20468 rows
    windows.handles: 40031 rows
    windows.filescan: 5237 rows
    windows.svcscan: 48534 rows
    windows.privileges: 3780 rows
    windows.netstat: 44 rows

[✓] CSV saved: /mnt/d/Patrick/VMSnapshots/Datasets/Benign_20260409_121408/T120_rep08/vol3_combined.csv
[✓] Total rows: 122929
[+] Done. Total time: 0:07:45.696609
[+] Output directory: /mnt/d/Patrick/VMSnapshots/Datasets/Benign_20260409_121408/T120_rep08
