==================================================
 Volatility 3 Feature Extraction
 Family:    Benign
 Snapshot:  /mnt/d/Patrick/VMSnapshots/Datasets/Benign_20260409_121408/T120_rep03/Benign_T120_rep03_131141.vmem
 Started:   2026-04-09 19:05:31
==================================================

[+] Benign family — no PID filter, capturing all processes.
[+] Done: windows.pslist
[+] Done: windows.netstat
[+] Done: windows.privileges
[+] Done: windows.cmdline
[+] Done: windows.dlllist
[+] Done: windows.psscan
[+] Done: windows.ldrmodules
[+] Done: windows.filescan
[+] Done: windows.handles
[+] Done: windows.malfind
[+] Done: windows.vadinfo
[+] Done: windows.svcscan
    windows.pslist: 109 rows
    windows.psscan: 113 rows
    windows.cmdline: 109 rows
    windows.dlllist: 4364 rows
    windows.ldrmodules: 240 rows
    windows.malfind: 9 rows
    windows.vadinfo: 20689 rows
    windows.handles: 41014 rows
    windows.filescan: 5084 rows
    windows.svcscan: 45269 rows
    windows.privileges: 3815 rows
    windows.netstat: 44 rows

[✓] CSV saved: /mnt/d/Patrick/VMSnapshots/Datasets/Benign_20260409_121408/T120_rep03/vol3_combined.csv
[✓] Total rows: 120859
[+] Done. Total time: 0:06:48.174161
[+] Output directory: /mnt/d/Patrick/VMSnapshots/Datasets/Benign_20260409_121408/T120_rep03
