==================================================
 Volatility 3 Feature Extraction
 Family:    WannaCry
 Snapshot:  /mnt/d/Patrick/VMSnapshots/WannaCry_20260330_065934/T120_rep03/WannaCry_T120_rep03.vmem
 Started:   2026-03-30 17:33:02
==================================================

[+] Running windows.pstree to find WannaCry PIDs (hints: ['wannacry', 'tasksche', 'mssecsvc'])...
    -> Parsed 96 processes
    [+] Found WannaCry process: WannaCry.exe PID=8552
    [+] Added child: @WanaDecryptor PID=8816
    [+] Added child: taskhsvc.exe PID=1840
    [+] Added child: conhost.exe PID=1664
    [+] Added child: @WanaDecryptor PID=4620
    [+] Total WannaCry PIDs: ['1664', '1840', '4620', '8552', '8816']
[+] Done: windows.pslist
[+] Done: windows.cmdline
[+] Done: windows.privileges
[+] Done: windows.netstat
[+] Done: windows.svcscan
[+] Done: windows.dlllist
[+] Done: windows.psscan
[+] Done: windows.ldrmodules
[+] Done: windows.filescan
[+] Done: windows.handles
[+] Done: windows.malfind
[+] Done: windows.vadinfo
    windows.pslist: 5 rows
    windows.psscan: 5 rows
    windows.cmdline: 5 rows
    windows.dlllist: 175 rows
    windows.ldrmodules: 2 rows
    windows.malfind: 0 rows
    windows.vadinfo: 416 rows
    windows.handles: 785 rows
    windows.filescan: 4086 rows
    windows.svcscan: 0 rows
    windows.privileges: 175 rows
    windows.netstat: 45 rows

[✓] CSV saved: /mnt/d/Patrick/VMSnapshots/WannaCry_20260330_065934/T120_rep03/vol3_combined.csv
[✓] Total rows: 5699
[+] Done. Total time: 0:03:52.604932
[+] Output directory: /mnt/d/Patrick/VMSnapshots/WannaCry_20260330_065934/T120_rep03
