==================================================
 Volatility 3 Feature Extraction
 Family:    Benign
 Snapshot:  /mnt/d/Patrick/VMSnapshots/Datasets/Benign_20260409_121408/T120_rep04/Benign_T120_rep04_133229.vmem
 Started:   2026-04-09 19:12:19
==================================================

[+] Benign family — no PID filter, capturing all processes.
[+] Done: windows.pslist
[+] Done: windows.privileges
[+] Done: windows.netstat
[+] Done: windows.cmdline
[+] Done: windows.dlllist
[+] Done: windows.svcscan
[+] Done: windows.psscan
[+] Done: windows.ldrmodules
[+] Done: windows.filescan
[+] Done: windows.handles
[+] Done: windows.malfind
[+] Done: windows.vadinfo
    windows.pslist: 97 rows
    windows.psscan: 109 rows
    windows.cmdline: 97 rows
    windows.dlllist: 5322 rows
    windows.ldrmodules: 283 rows
    windows.malfind: 3 rows
    windows.vadinfo: 17779 rows
    windows.handles: 38972 rows
    windows.filescan: 6145 rows
    windows.svcscan: 1356 rows
    windows.privileges: 3395 rows
    windows.netstat: 40 rows

[✓] CSV saved: /mnt/d/Patrick/VMSnapshots/Datasets/Benign_20260409_121408/T120_rep04/vol3_combined.csv
[✓] Total rows: 73598
[+] Done. Total time: 0:04:17.045217
[+] Output directory: /mnt/d/Patrick/VMSnapshots/Datasets/Benign_20260409_121408/T120_rep04
