==================================================
 Volatility 3 Feature Extraction
 Family:    Cerber
 Snapshot:  /mnt/d/Patrick/VMSnapshots/Cerber_20260326_150808/T240_rep05/Cerber_T240_rep05.vmem
 Started:   2026-03-29 19:17:03
==================================================

[+] Running windows.pstree to find Cerber PIDs (hints: ['cerber'])...
    -> Parsed 117 processes
    [!] No Cerber processes found. Running without PID filter.

[+] Running windows.pslist...
    117 rows

[+] Running windows.psscan...
    117 rows

[+] Running windows.cmdline...
    117 rows

[+] Running windows.dlllist...
    4076 rows

[+] Running windows.ldrmodules...
    497 rows

[+] Running windows.malfind...
    17 rows

[+] Running windows.vadinfo...
    18400 rows

[+] Running windows.handles...
    38980 rows

[+] Running windows.filescan...
    12783 rows

[+] Running windows.svcscan...
    5137 rows

[+] Running windows.privileges...
    4095 rows

[+] Running windows.netstat...
    41 rows

[✓] CSV saved: /mnt/d/Patrick/VMSnapshots/Cerber_20260326_150808/T240_rep05/vol3_combined.csv
[✓] Total rows: 84377
[+] Done. Total time: 0:09:08.997226
[+] Output directory: /mnt/d/Patrick/VMSnapshots/Cerber_20260326_150808/T240_rep05
