==================================================
 Volatility 3 Feature Extraction
 Family:    Benign
 Snapshot:  /mnt/d/Patrick/VMSnapshots/Datasets/Benign_20260409_121408/T180_rep02/Benign_T180_rep02_125536.vmem
 Started:   2026-04-09 19:52:26
==================================================

[+] Benign family — no PID filter, capturing all processes.
[+] Done: windows.pslist
[+] Done: windows.privileges
[+] Done: windows.netstat
[+] Done: windows.cmdline
[+] Done: windows.dlllist
[+] Done: windows.psscan
[+] Done: windows.ldrmodules
[+] Done: windows.filescan
[+] Done: windows.handles
[+] Done: windows.malfind
[+] Done: windows.vadinfo
[+] Done: windows.svcscan
    windows.pslist: 107 rows
    windows.psscan: 112 rows
    windows.cmdline: 107 rows
    windows.dlllist: 5240 rows
    windows.ldrmodules: 54 rows
    windows.malfind: 9 rows
    windows.vadinfo: 20592 rows
    windows.handles: 41693 rows
    windows.filescan: 5163 rows
    windows.svcscan: 45157 rows
    windows.privileges: 3745 rows
    windows.netstat: 44 rows

[✓] CSV saved: /mnt/d/Patrick/VMSnapshots/Datasets/Benign_20260409_121408/T180_rep02/vol3_combined.csv
[✓] Total rows: 122023
[+] Done. Total time: 0:07:03.312882
[+] Output directory: /mnt/d/Patrick/VMSnapshots/Datasets/Benign_20260409_121408/T180_rep02
