==================================================
 Volatility 3 Feature Extraction
 Family:    WannaCry
 Snapshot:  /mnt/d/Patrick/VMSnapshots/WannaCry_20260326_193131/T240_rep01/WannaCry_T240_rep01.vmem
 Started:   2026-03-29 14:45:18
==================================================

[+] Running windows.pstree to find WannaCry PIDs (hints: ['wannacry', 'tasksche', 'mssecsvc'])...
==================================================
 Volatility 3 Feature Extraction
 Family:    WannaCry
 Snapshot:  /mnt/d/Patrick/VMSnapshots/WannaCry_20260326_193131/T240_rep01/WannaCry_T240_rep01.vmem
 Started:   2026-03-29 14:47:53
==================================================

[+] Running windows.pstree to find WannaCry PIDs (hints: ['wannacry', 'tasksche', 'mssecsvc'])...
==================================================
 Volatility 3 Feature Extraction
 Family:    WannaCry
 Snapshot:  /mnt/d/Patrick/VMSnapshots/WannaCry_20260326_193131/T240_rep01/WannaCry_T240_rep01.vmem
 Started:   2026-03-29 21:10:18
==================================================

[+] Running windows.pstree to find WannaCry PIDs (hints: ['wannacry', 'tasksche', 'mssecsvc'])...
    -> Parsed 121 processes
    [+] Found WannaCry process: WannaCry.exe PID=8152
    [+] Added child: @WanaDecryptor PID=7280
    [+] Added child: taskhsvc.exe PID=7732
    [+] Added child: conhost.exe PID=5652
    [+] Added child: @WanaDecryptor PID=8108
    [+] Total WannaCry PIDs: ['5652', '7280', '7732', '8108', '8152']

[+] Running windows.pslist...
    5 rows

[+] Running windows.psscan...
    5 rows

[+] Running windows.cmdline...
    5 rows

[+] Running windows.dlllist...
    29 rows

[+] Running windows.ldrmodules...
    2 rows

[+] Running windows.malfind...
    15 rows

[+] Running windows.vadinfo...
    404 rows

[+] Running windows.handles...
    616 rows

[+] Running windows.filescan...
    9204 rows

[+] Running windows.svcscan...
    51488 rows

[+] Running windows.privileges...
    175 rows

[+] Running windows.netstat...
    5 rows

[✓] CSV saved: /mnt/d/Patrick/VMSnapshots/WannaCry_20260326_193131/T240_rep01/vol3_combined.csv
[✓] Total rows: 61953
[+] Done. Total time: 0:12:36.164545
[+] Output directory: /mnt/d/Patrick/VMSnapshots/WannaCry_20260326_193131/T240_rep01
