==================================================
 Volatility 3 Feature Extraction
 Family:    Benign
 Snapshot:  /mnt/d/Patrick/VMSnapshots/Datasets/Benign_20260409_121408/T060_rep09/Benign_T060_rep09_151512.vmem
 Started:   2026-04-09 18:46:21
==================================================

[+] Benign family — no PID filter, capturing all processes.
[+] Done: windows.pslist
[+] Done: windows.privileges
[+] Done: windows.netstat
[+] Done: windows.cmdline
[+] Done: windows.dlllist
[+] Done: windows.svcscan
[+] Done: windows.psscan
[+] Done: windows.ldrmodules
[+] Done: windows.filescan
[+] Done: windows.handles
[+] Done: windows.malfind
[+] Done: windows.vadinfo
    windows.pslist: 96 rows
    windows.psscan: 109 rows
    windows.cmdline: 96 rows
    windows.dlllist: 5051 rows
    windows.ldrmodules: 486 rows
    windows.malfind: 4 rows
    windows.vadinfo: 17399 rows
    windows.handles: 39835 rows
    windows.filescan: 5993 rows
    windows.svcscan: 1404 rows
    windows.privileges: 3360 rows
    windows.netstat: 40 rows

[✓] CSV saved: /mnt/d/Patrick/VMSnapshots/Datasets/Benign_20260409_121408/T060_rep09/vol3_combined.csv
[✓] Total rows: 73873
[+] Done. Total time: 0:04:08.939409
[+] Output directory: /mnt/d/Patrick/VMSnapshots/Datasets/Benign_20260409_121408/T060_rep09
