==================================================
 Volatility 3 Feature Extraction
 Family:    Dharma
 Snapshot:  /mnt/d/Patrick/VMSnapshots/Dharma_20260329_230514/T060_rep01/Dharma_T060_rep01.vmem
 Started:   2026-03-30 01:57:50
==================================================

[+] Running windows.pstree to find Dharma PIDs (hints: ['dharma', 'csrss'])...
==================================================
 Volatility 3 Feature Extraction
 Family:    Dharma
 Snapshot:  /mnt/d/Patrick/VMSnapshots/Dharma_20260329_230514/T060_rep01/Dharma_T060_rep01.vmem
 Started:   2026-03-30 11:50:39
==================================================

[+] Running windows.pstree to find Dharma PIDs (hints: ['dharma', 'csrss'])...
    -> Parsed 104 processes
    [+] Found Dharma process: csrss.exe PID=420
    [+] Found Dharma process: Dharma.exe PID=8916
    [+] Found Dharma process: csrss.exe PID=504
    [+] Added child: cmd.exe PID=4960
    [+] Added child: mode.com PID=2348
    [+] Added child: vssadmin.exe PID=7516
    [+] Added child: mshta.exe PID=8944
    [+] Added child: mshta.exe PID=2228
    [+] Added child: cmd.exe PID=432
    [+] Added child: mode.com PID=6128
    [+] Added child: vssadmin.exe PID=4324
    [+] Total Dharma PIDs: ['420', '432', '504', '2228', '2348', '4324', '4960', '6128', '7516', '8916', '8944']
[+] Done: windows.privileges
[+] Done: windows.pslist
[+] Done: windows.cmdline
[+] Done: windows.netstat
[+] Done: windows.svcscan
[+] Done: windows.dlllist
[+] Done: windows.ldrmodules
[+] Done: windows.psscan
[+] Done: windows.handles
[+] Done: windows.filescan
[+] Done: windows.malfind
[+] Done: windows.vadinfo
    windows.pslist: 11 rows
    windows.psscan: 11 rows
    windows.cmdline: 11 rows
    windows.dlllist: 215 rows
    windows.ldrmodules: 179 rows
    windows.malfind: 8 rows
    windows.vadinfo: 678 rows
    windows.handles: 1963 rows
    windows.filescan: 6629 rows
    windows.svcscan: 0 rows
    windows.privileges: 385 rows
    windows.netstat: 40 rows

[✓] CSV saved: /mnt/d/Patrick/VMSnapshots/Dharma_20260329_230514/T060_rep01/vol3_combined.csv
[✓] Total rows: 10130
[+] Done. Total time: 0:04:04.929766
[+] Output directory: /mnt/d/Patrick/VMSnapshots/Dharma_20260329_230514/T060_rep01
