==================================================
 Volatility 3 Feature Extraction
 Family:    Benign
 Snapshot:  /mnt/d/Patrick/VMSnapshots/Datasets/Benign_20260409_121408/T120_rep10/Benign_T120_rep10_154055.vmem
 Started:   2026-04-09 19:42:00
==================================================

[+] Benign family — no PID filter, capturing all processes.
[+] Done: windows.privileges
[+] Done: windows.pslist
[+] Done: windows.netstat
[+] Done: windows.cmdline
[+] Done: windows.dlllist
[+] Done: windows.psscan
[+] Done: windows.ldrmodules
[+] Done: windows.filescan
[+] Done: windows.handles
[+] Done: windows.malfind
[+] Done: windows.vadinfo
[+] Done: windows.svcscan
    windows.pslist: 108 rows
    windows.psscan: 114 rows
    windows.cmdline: 108 rows
    windows.dlllist: 3459 rows
    windows.ldrmodules: 147 rows
    windows.malfind: 10 rows
    windows.vadinfo: 21008 rows
    windows.handles: 37655 rows
    windows.filescan: 4976 rows
    windows.svcscan: 44352 rows
    windows.privileges: 3780 rows
    windows.netstat: 44 rows

[✓] CSV saved: /mnt/d/Patrick/VMSnapshots/Datasets/Benign_20260409_121408/T120_rep10/vol3_combined.csv
[✓] Total rows: 115761
[+] Done. Total time: 0:06:34.107516
[+] Output directory: /mnt/d/Patrick/VMSnapshots/Datasets/Benign_20260409_121408/T120_rep10
