==================================================
 Volatility 3 Feature Extraction
 Family:    Cerber
 Snapshot:  /mnt/d/Patrick/VMSnapshots/Cerber_20260326_150808/T180_rep01/Cerber_T180_rep01.vmem
 Started:   2026-03-29 18:01:09
==================================================

[+] Running windows.pstree to find Cerber PIDs (hints: ['cerber'])...
    -> Parsed 91 processes
    [!] No Cerber processes found. Running without PID filter.

[+] Running windows.pslist...
    91 rows

[+] Running windows.psscan...
    95 rows

[+] Running windows.cmdline...
    91 rows

[+] Running windows.dlllist...
    5258 rows

[+] Running windows.ldrmodules...
    68 rows

[+] Running windows.malfind...
    14 rows

[+] Running windows.vadinfo...
    15994 rows

[+] Running windows.handles...
    39071 rows

[+] Running windows.filescan...
    4575 rows

[+] Running windows.svcscan...
    1389 rows

[+] Running windows.privileges...
    3185 rows

[+] Running windows.netstat...
    41 rows

[✓] CSV saved: /mnt/d/Patrick/VMSnapshots/Cerber_20260326_150808/T180_rep01/vol3_combined.csv
[✓] Total rows: 69872
[+] Done. Total time: 0:07:35.067696
[+] Output directory: /mnt/d/Patrick/VMSnapshots/Cerber_20260326_150808/T180_rep01
