==================================================
 Volatility 3 Feature Extraction
 Family:    Dharma
 Snapshot:  /mnt/d/Patrick/VMSnapshots/Dharma_20260330_034041/T060_rep04/Dharma_T060_rep04.vmem
 Started:   2026-03-30 14:02:11
==================================================

[+] Running windows.pstree to find Dharma PIDs (hints: ['dharma', 'csrss'])...
    -> Parsed 103 processes
    [+] Found Dharma process: csrss.exe PID=420
    [+] Found Dharma process: Dharma.exe PID=3708
    [+] Found Dharma process: csrss.exe PID=504
    [+] Added child: cmd.exe PID=3192
    [+] Added child: mode.com PID=5268
    [+] Added child: vssadmin.exe PID=1276
    [+] Added child: mshta.exe PID=4864
    [+] Added child: mshta.exe PID=6728
    [+] Added child: cmd.exe PID=7764
    [+] Added child: mode.com PID=8348
    [+] Added child: vssadmin.exe PID=8428
    [+] Total Dharma PIDs: ['420', '504', '1276', '3192', '3708', '4864', '5268', '6728', '7764', '8348', '8428']
[+] Done: windows.pslist
[+] Done: windows.netstat
[+] Done: windows.privileges
[+] Done: windows.cmdline
[+] Done: windows.svcscan
[+] Done: windows.dlllist
[+] Done: windows.ldrmodules
[+] Done: windows.psscan
[+] Done: windows.handles
[+] Done: windows.filescan
[+] Done: windows.malfind
[+] Done: windows.vadinfo
    windows.pslist: 11 rows
    windows.psscan: 11 rows
    windows.cmdline: 11 rows
    windows.dlllist: 214 rows
    windows.ldrmodules: 187 rows
    windows.malfind: 10 rows
    windows.vadinfo: 678 rows
    windows.handles: 1984 rows
    windows.filescan: 6671 rows
    windows.svcscan: 0 rows
    windows.privileges: 385 rows
    windows.netstat: 40 rows

[✓] CSV saved: /mnt/d/Patrick/VMSnapshots/Dharma_20260330_034041/T060_rep04/vol3_combined.csv
[✓] Total rows: 10202
[+] Done. Total time: 0:03:55.462309
[+] Output directory: /mnt/d/Patrick/VMSnapshots/Dharma_20260330_034041/T060_rep04
