==================================================
 Volatility 3 Feature Extraction
 Family:    Dharma
 Snapshot:  /mnt/d/Patrick/VMSnapshots/Dharma_20260330_034041/T030_rep05/Dharma_T030_rep05.vmem
 Started:   2026-03-30 13:46:37
==================================================

[+] Running windows.pstree to find Dharma PIDs (hints: ['dharma', 'csrss'])...
    -> Parsed 96 processes
    [+] Found Dharma process: csrss.exe PID=420
    [+] Found Dharma process: Dharma.exe PID=7916
    [+] Found Dharma process: csrss.exe PID=504
    [+] Added child: cmd.exe PID=7056
    [+] Added child: vssadmin.exe PID=8384
    [+] Added child: mode.com PID=9156
    [+] Total Dharma PIDs: ['420', '504', '7056', '7916', '8384', '9156']
[+] Done: windows.privileges
[+] Done: windows.pslist
[+] Done: windows.cmdline
[+] Done: windows.netstat
[+] Done: windows.dlllist
[+] Done: windows.ldrmodules
[+] Done: windows.svcscan
[+] Done: windows.psscan
[+] Done: windows.handles
[+] Done: windows.filescan
[+] Done: windows.malfind
[+] Done: windows.vadinfo
    windows.pslist: 6 rows
    windows.psscan: 6 rows
    windows.cmdline: 6 rows
    windows.dlllist: 35 rows
    windows.ldrmodules: 35 rows
    windows.malfind: 0 rows
    windows.vadinfo: 317 rows
    windows.handles: 1034 rows
    windows.filescan: 6419 rows
    windows.svcscan: 10388 rows
    windows.privileges: 210 rows
    windows.netstat: 40 rows

[✓] CSV saved: /mnt/d/Patrick/VMSnapshots/Dharma_20260330_034041/T030_rep05/vol3_combined.csv
[✓] Total rows: 18496
[+] Done. Total time: 0:03:44.598443
[+] Output directory: /mnt/d/Patrick/VMSnapshots/Dharma_20260330_034041/T030_rep05
