==================================================
 Volatility 3 Feature Extraction
 Family:    Jigsaw
 Snapshot:  /mnt/d/Patrick/VMSnapshots/Jigsaw_20260326_171020/T060_rep01/Jigsaw_T060_rep01.vmem
 Started:   2026-03-29 15:39:19
==================================================

[+] Running windows.pstree to find Jigsaw PIDs (hints: ['jigsaw'])...
    -> Parsed 97 processes
    [!] No Jigsaw processes found. Running without PID filter.

[+] Running windows.pslist...
    97 rows

[+] Running windows.psscan...
    99 rows

[+] Running windows.cmdline...
    97 rows

[+] Running windows.dlllist...
    5674 rows

[+] Running windows.ldrmodules...
    5173 rows

[+] Running windows.malfind...
    18 rows

[+] Running windows.vadinfo...
    16811 rows

[+] Running windows.handles...
    42099 rows

[+] Running windows.filescan...
    4533 rows

[+] Running windows.svcscan...
    1369 rows

[+] Running windows.privileges...
    3395 rows

[+] Running windows.netstat...
    41 rows

[✓] CSV saved: /mnt/d/Patrick/VMSnapshots/Jigsaw_20260326_171020/T060_rep01/vol3_combined.csv
[✓] Total rows: 79406
[+] Done. Total time: 0:10:30.694651
[+] Output directory: /mnt/d/Patrick/VMSnapshots/Jigsaw_20260326_171020/T060_rep01
