==================================================
 Volatility 3 Feature Extraction
 Family:    Cerber
 Snapshot:  /mnt/d/Patrick/VMSnapshots/Cerber_20260326_150808/T015_rep02/Cerber_T015_rep02.vmem
 Started:   2026-03-29 13:02:30
==================================================

[+] Running windows.pstree to find Cerber PIDs (hints: ['cerber'])...
    -> Parsed 93 processes
    [!] No Cerber processes found. Running without PID filter.

[+] Running windows.pslist...
    93 rows

[+] Running windows.psscan...
==================================================
 Volatility 3 Feature Extraction
 Family:    Cerber
 Snapshot:  /mnt/d/Patrick/VMSnapshots/Cerber_20260326_150808/T015_rep02/Cerber_T015_rep02.vmem
 Started:   2026-03-29 15:31:16
==================================================

[+] Running windows.pstree to find Cerber PIDs (hints: ['cerber'])...
    -> Parsed 93 processes
    [!] No Cerber processes found. Running without PID filter.

[+] Running windows.pslist...
    93 rows

[+] Running windows.psscan...
==================================================
 Volatility 3 Feature Extraction
 Family:    Cerber
 Snapshot:  /mnt/d/Patrick/VMSnapshots/Cerber_20260326_150808/T015_rep02/Cerber_T015_rep02.vmem
 Started:   2026-03-29 15:32:28
==================================================

[+] Running windows.pstree to find Cerber PIDs (hints: ['cerber'])...
    -> Parsed 93 processes
    [!] No Cerber processes found. Running without PID filter.

[+] Running windows.pslist...
    93 rows

[+] Running windows.psscan...
    99 rows

[+] Running windows.cmdline...
    93 rows

[+] Running windows.dlllist...
    5193 rows

[+] Running windows.ldrmodules...
    1108 rows

[+] Running windows.malfind...
    6 rows

[+] Running windows.vadinfo...
    16585 rows

[+] Running windows.handles...
    40530 rows

[+] Running windows.filescan...
    4590 rows

[+] Running windows.svcscan...
    1395 rows

[+] Running windows.privileges...
    3255 rows

[+] Running windows.netstat...
    39 rows

[✓] CSV saved: /mnt/d/Patrick/VMSnapshots/Cerber_20260326_150808/T015_rep02/vol3_combined.csv
[✓] Total rows: 72986
[+] Done. Total time: 0:10:28.768385
[+] Output directory: /mnt/d/Patrick/VMSnapshots/Cerber_20260326_150808/T015_rep02
