==================================================
 Volatility 3 Feature Extraction
 Family:    Jigsaw
 Snapshot:  /mnt/d/Patrick/VMSnapshots/Jigsaw_20260326_171020/T015_rep01/Jigsaw_T015_rep01.vmem
 Started:   2026-03-29 13:02:51
==================================================

[+] Running windows.pstree to find Jigsaw PIDs (hints: ['jigsaw'])...
    -> Parsed 89 processes
    [!] No Jigsaw processes found. Running without PID filter.

[+] Running windows.pslist...
    89 rows

[+] Running windows.psscan...
    93 rows

[+] Running windows.cmdline...
    89 rows

[+] Running windows.dlllist...
    4960 rows

[+] Running windows.ldrmodules...
    895 rows

[+] Running windows.malfind...
    6 rows

[+] Running windows.vadinfo...
    16144 rows

[+] Running windows.handles...
    39337 rows

[+] Running windows.filescan...
    4353 rows

[+] Running windows.svcscan...
    1395 rows

[+] Running windows.privileges...
    3115 rows

[+] Running windows.netstat...
    39 rows

[✓] CSV saved: /mnt/d/Patrick/VMSnapshots/Jigsaw_20260326_171020/T015_rep01/vol3_combined.csv
[✓] Total rows: 70515
[+] Done. Total time: 0:09:51.452136
[+] Output directory: /mnt/d/Patrick/VMSnapshots/Jigsaw_20260326_171020/T015_rep01
