==================================================
 Volatility 3 Feature Extraction
 Family:    Cerber
 Snapshot:  /mnt/d/Patrick/VMSnapshots/Cerber_20260330_020139/T180_rep03/Cerber_T180_rep03.vmem
 Started:   2026-03-30 11:40:00
==================================================

[+] Running windows.pstree to find Cerber PIDs (hints: ['cerber'])...
    -> Parsed 89 processes
    [!] No Cerber processes found. Running without PID filter.
[+] Done: windows.pslist
[+] Done: windows.privileges
[+] Done: windows.cmdline
[+] Done: windows.netstat
[+] Done: windows.dlllist
[+] Done: windows.svcscan
[+] Done: windows.psscan
[+] Done: windows.ldrmodules
[+] Done: windows.filescan
[+] Done: windows.handles
[+] Done: windows.malfind
[+] Done: windows.vadinfo
    windows.pslist: 89 rows
    windows.psscan: 99 rows
    windows.cmdline: 89 rows
    windows.dlllist: 5075 rows
    windows.ldrmodules: 38 rows
    windows.malfind: 3 rows
    windows.vadinfo: 15781 rows
    windows.handles: 37406 rows
    windows.filescan: 5930 rows
    windows.svcscan: 1395 rows
    windows.privileges: 3115 rows
    windows.netstat: 40 rows

[✓] CSV saved: /mnt/d/Patrick/VMSnapshots/Cerber_20260330_020139/T180_rep03/vol3_combined.csv
[✓] Total rows: 69060
[+] Done. Total time: 0:03:34.401801
[+] Output directory: /mnt/d/Patrick/VMSnapshots/Cerber_20260330_020139/T180_rep03
