==================================================
 Volatility 3 Feature Extraction
 Family:    Benign
 Snapshot:  /mnt/d/Patrick/VMSnapshots/Datasets/Benign_20260409_121408/T030_rep09/Benign_T030_rep09_151131.vmem
 Started:   2026-04-09 18:01:24
==================================================

[+] Benign family — no PID filter, capturing all processes.
[+] Done: windows.privileges
[+] Done: windows.pslist
[+] Done: windows.cmdline
[+] Done: windows.netstat
[+] Done: windows.dlllist
[+] Done: windows.svcscan
[+] Done: windows.psscan
[+] Done: windows.ldrmodules
[+] Done: windows.filescan
[+] Done: windows.handles
[+] Done: windows.malfind
[+] Done: windows.vadinfo
    windows.pslist: 96 rows
    windows.psscan: 107 rows
    windows.cmdline: 96 rows
    windows.dlllist: 5127 rows
    windows.ldrmodules: 166 rows
    windows.malfind: 4 rows
    windows.vadinfo: 17209 rows
    windows.handles: 38876 rows
    windows.filescan: 5911 rows
    windows.svcscan: 1430 rows
    windows.privileges: 3360 rows
    windows.netstat: 40 rows

[✓] CSV saved: /mnt/d/Patrick/VMSnapshots/Datasets/Benign_20260409_121408/T030_rep09/vol3_combined.csv
[✓] Total rows: 72422
[+] Done. Total time: 0:03:57.760969
[+] Output directory: /mnt/d/Patrick/VMSnapshots/Datasets/Benign_20260409_121408/T030_rep09
