==================================================
 Volatility 3 Feature Extraction
 Family:    Jigsaw
 Snapshot:  /mnt/d/Patrick/VMSnapshots/Jigsaw_20260326_171020/T240_rep01/Jigsaw_T240_rep01.vmem
 Started:   2026-03-29 17:58:54
==================================================

[+] Running windows.pstree to find Jigsaw PIDs (hints: ['jigsaw'])...
    -> Parsed 114 processes
    [!] No Jigsaw processes found. Running without PID filter.

[+] Running windows.pslist...
    114 rows

[+] Running windows.psscan...
    114 rows

[+] Running windows.cmdline...
    114 rows

[+] Running windows.dlllist...
    3442 rows

[+] Running windows.ldrmodules...
    550 rows

[+] Running windows.malfind...
    16 rows

[+] Running windows.vadinfo...
    18033 rows

[+] Running windows.handles...
    37963 rows

[+] Running windows.filescan...
    12440 rows

[+] Running windows.svcscan...
    5428 rows

[+] Running windows.privileges...
    3990 rows

[+] Running windows.netstat...
    41 rows

[✓] CSV saved: /mnt/d/Patrick/VMSnapshots/Jigsaw_20260326_171020/T240_rep01/vol3_combined.csv
[✓] Total rows: 82245
[+] Done. Total time: 0:08:15.470747
[+] Output directory: /mnt/d/Patrick/VMSnapshots/Jigsaw_20260326_171020/T240_rep01
