==================================================
 Volatility 3 Feature Extraction
 Family:    Dharma
 Snapshot:  /mnt/d/Patrick/VMSnapshots/Dharma_20260329_230514/T015_rep01/Dharma_T015_rep01.vmem
 Started:   2026-03-30 01:16:28
==================================================

[+] Running windows.pstree to find Dharma PIDs (hints: ['dharma', 'csrss'])...
    -> Parsed 96 processes
    [+] Found Dharma process: csrss.exe PID=420
    [+] Found Dharma process: Dharma.exe PID=3968
    [+] Found Dharma process: csrss.exe PID=504
    [+] Added child: cmd.exe PID=3068
    [+] Added child: mode.com PID=3256
    [+] Added child: vssadmin.exe PID=7420
    [+] Total Dharma PIDs: ['420', '504', '3068', '3256', '3968', '7420']
[+] Done: windows.pslist
[+] Done: windows.cmdline
[+] Done: windows.dlllist
[+] Done: windows.ldrmodules
[+] Done: windows.psscan
[+] Done: windows.privileges
[+] Done: windows.netstat
[+] Done: windows.handles
[+] Done: windows.filescan
[+] Done: windows.malfind
[+] Done: windows.vadinfo
[+] Done: windows.svcscan
    windows.pslist: 6 rows
    windows.psscan: 6 rows
    windows.cmdline: 6 rows
    windows.dlllist: 51 rows
    windows.ldrmodules: 35 rows
    windows.malfind: 1 rows
    windows.vadinfo: 334 rows
    windows.handles: 1031 rows
    windows.filescan: 5946 rows
    windows.svcscan: 49070 rows
    windows.privileges: 210 rows
    windows.netstat: 40 rows

[✓] CSV saved: /mnt/d/Patrick/VMSnapshots/Dharma_20260329_230514/T015_rep01/vol3_combined.csv
[✓] Total rows: 56736
[+] Done. Total time: 0:05:11.165029
[+] Output directory: /mnt/d/Patrick/VMSnapshots/Dharma_20260329_230514/T015_rep01
