==================================================
 Volatility 3 Feature Extraction
 Family:    WannaCry
 Snapshot:  /mnt/d/Patrick/VMSnapshots/WannaCry_20260326_193131/T030_rep02/WannaCry_T030_rep02.vmem
 Started:   2026-03-29 14:45:15
==================================================

[+] Running windows.pstree to find WannaCry PIDs (hints: ['wannacry', 'tasksche', 'mssecsvc'])...
==================================================
 Volatility 3 Feature Extraction
 Family:    WannaCry
 Snapshot:  /mnt/d/Patrick/VMSnapshots/WannaCry_20260326_193131/T030_rep02/WannaCry_T030_rep02.vmem
 Started:   2026-03-29 14:47:51
==================================================

[+] Running windows.pstree to find WannaCry PIDs (hints: ['wannacry', 'tasksche', 'mssecsvc'])...
==================================================
 Volatility 3 Feature Extraction
 Family:    WannaCry
 Snapshot:  /mnt/d/Patrick/VMSnapshots/WannaCry_20260326_193131/T030_rep02/WannaCry_T030_rep02.vmem
 Started:   2026-03-29 19:37:56
==================================================

[+] Running windows.pstree to find WannaCry PIDs (hints: ['wannacry', 'tasksche', 'mssecsvc'])...
    -> Parsed 96 processes
    [+] Found WannaCry process: WannaCry.exe PID=4868
    [+] Added child: @WanaDecryptor PID=5848
    [+] Added child: taskhsvc.exe PID=7320
    [+] Added child: conhost.exe PID=6784
    [+] Total WannaCry PIDs: ['4868', '5848', '6784', '7320']

[+] Running windows.pslist...
    4 rows

[+] Running windows.psscan...
    4 rows

[+] Running windows.cmdline...
    4 rows

[+] Running windows.dlllist...
    136 rows

[+] Running windows.ldrmodules...
    138 rows

[+] Running windows.malfind...
    4 rows

[+] Running windows.vadinfo...
    336 rows

[+] Running windows.handles...
    632 rows

[+] Running windows.filescan...
    4042 rows

[+] Running windows.svcscan...
    1402 rows

[+] Running windows.privileges...
    140 rows

[+] Running windows.netstat...
    3 rows

[✓] CSV saved: /mnt/d/Patrick/VMSnapshots/WannaCry_20260326_193131/T030_rep02/vol3_combined.csv
[✓] Total rows: 6845
[+] Done. Total time: 0:08:21.104742
[+] Output directory: /mnt/d/Patrick/VMSnapshots/WannaCry_20260326_193131/T030_rep02
