==================================================
 Volatility 3 Feature Extraction
 Family:    Cerber
 Snapshot:  /mnt/d/Patrick/VMSnapshots/Cerber_20260326_150808/T060_rep01/Cerber_T060_rep01.vmem
 Started:   2026-03-29 16:39:23
==================================================

[+] Running windows.pstree to find Cerber PIDs (hints: ['cerber'])...
    -> Parsed 100 processes
    [!] No Cerber processes found. Running without PID filter.

[+] Running windows.pslist...
    100 rows

[+] Running windows.psscan...
    100 rows

[+] Running windows.cmdline...
    100 rows

[+] Running windows.dlllist...
    5153 rows

[+] Running windows.ldrmodules...
    5409 rows

[+] Running windows.malfind...
    9 rows

[+] Running windows.vadinfo...
    17183 rows

[+] Running windows.handles...
    43242 rows

[+] Running windows.filescan...
    4695 rows

[+] Running windows.svcscan...
    1504 rows

[+] Running windows.privileges...
    3500 rows

[+] Running windows.netstat...
    41 rows

[✓] CSV saved: /mnt/d/Patrick/VMSnapshots/Cerber_20260326_150808/T060_rep01/vol3_combined.csv
[✓] Total rows: 81036
[+] Done. Total time: 0:08:39.804899
[+] Output directory: /mnt/d/Patrick/VMSnapshots/Cerber_20260326_150808/T060_rep01
