==================================================
 Volatility 3 Feature Extraction
 Family:    Cerber
 Snapshot:  /mnt/d/Patrick/VMSnapshots/Cerber_20260326_150808/T030_rep04/Cerber_T030_rep04.vmem
 Started:   2026-03-29 16:24:27
==================================================

[+] Running windows.pstree to find Cerber PIDs (hints: ['cerber'])...
    -> Parsed 97 processes
    [!] No Cerber processes found. Running without PID filter.

[+] Running windows.pslist...
    97 rows

[+] Running windows.psscan...
    98 rows

[+] Running windows.cmdline...
    97 rows

[+] Running windows.dlllist...
    5104 rows

[+] Running windows.ldrmodules...
    5637 rows

[+] Running windows.malfind...
    8 rows

[+] Running windows.vadinfo...
    17030 rows

[+] Running windows.handles...
    41781 rows

[+] Running windows.filescan...
    4525 rows

[+] Running windows.svcscan...
    1398 rows

[+] Running windows.privileges...
    3395 rows

[+] Running windows.netstat...
    39 rows

[✓] CSV saved: /mnt/d/Patrick/VMSnapshots/Cerber_20260326_150808/T030_rep04/vol3_combined.csv
[✓] Total rows: 79209
[+] Done. Total time: 0:07:28.481132
[+] Output directory: /mnt/d/Patrick/VMSnapshots/Cerber_20260326_150808/T030_rep04
