==================================================
 Volatility 3 Feature Extraction
 Family:    WannaCry
 Snapshot:  /mnt/d/Patrick/VMSnapshots/WannaCry_20260330_065934/T180_rep04/WannaCry_T180_rep04.vmem
 Started:   2026-03-30 18:02:51
==================================================

[+] Running windows.pstree to find WannaCry PIDs (hints: ['wannacry', 'tasksche', 'mssecsvc'])...
    -> Parsed 91 processes
    [+] Found WannaCry process: WannaCry.exe PID=8388
    [+] Added child: @WanaDecryptor PID=9388
    [+] Added child: taskhsvc.exe PID=9884
    [+] Added child: conhost.exe PID=8936
    [+] Added child: @WanaDecryptor PID=3916
    [+] Total WannaCry PIDs: ['3916', '8388', '8936', '9388', '9884']
[+] Done: windows.pslist
[+] Done: windows.privileges
[+] Done: windows.netstat
[+] Done: windows.cmdline
[+] Done: windows.dlllist
[+] Done: windows.psscan
[+] Done: windows.ldrmodules
[+] Done: windows.filescan
[+] Done: windows.handles
[+] Done: windows.svcscan
[+] Done: windows.malfind
[+] Done: windows.vadinfo
    windows.pslist: 5 rows
    windows.psscan: 5 rows
    windows.cmdline: 5 rows
    windows.dlllist: 101 rows
    windows.ldrmodules: 2 rows
    windows.malfind: 0 rows
    windows.vadinfo: 404 rows
    windows.handles: 615 rows
    windows.filescan: 3057 rows
    windows.svcscan: 22179 rows
    windows.privileges: 175 rows
    windows.netstat: 43 rows

[✓] CSV saved: /mnt/d/Patrick/VMSnapshots/WannaCry_20260330_065934/T180_rep04/vol3_combined.csv
[✓] Total rows: 26591
[+] Done. Total time: 0:03:38.026157
[+] Output directory: /mnt/d/Patrick/VMSnapshots/WannaCry_20260330_065934/T180_rep04
