==================================================
 Volatility 3 Feature Extraction
 Family:    Benign
 Snapshot:  /mnt/d/Patrick/VMSnapshots/Datasets/Benign_20260409_121408/T180_rep10/Benign_T180_rep10_154615.vmem
 Started:   2026-04-09 20:31:42
==================================================

[+] Benign family — no PID filter, capturing all processes.
[+] Done: windows.pslist
[+] Done: windows.privileges
[+] Done: windows.cmdline
[+] Done: windows.netstat
[+] Done: windows.svcscan
[+] Done: windows.dlllist
[+] Done: windows.psscan
[+] Done: windows.ldrmodules
[+] Done: windows.filescan
[+] Done: windows.handles
[+] Done: windows.malfind
[+] Done: windows.vadinfo
    windows.pslist: 95 rows
    windows.psscan: 108 rows
    windows.cmdline: 95 rows
    windows.dlllist: 4519 rows
    windows.ldrmodules: 129 rows
    windows.malfind: 10 rows
    windows.vadinfo: 17120 rows
    windows.handles: 37384 rows
    windows.filescan: 5527 rows
    windows.svcscan: 0 rows
    windows.privileges: 3325 rows
    windows.netstat: 40 rows

[✓] CSV saved: /mnt/d/Patrick/VMSnapshots/Datasets/Benign_20260409_121408/T180_rep10/vol3_combined.csv
[✓] Total rows: 68352
[+] Done. Total time: 0:04:09.625337
[+] Output directory: /mnt/d/Patrick/VMSnapshots/Datasets/Benign_20260409_121408/T180_rep10
