[12:14:08] ============================================
[12:14:08]  Benign Collection Session
[12:14:08]  Guest path:  BENIGN
[12:14:08]  Runs/offset: 50
[12:14:08]  Offsets:     15s, 30s, 60s, 120s, 180s
[12:14:08]  Total runs:  250
[12:14:08]  Output:      D:\Patrick\VMSnapshots\Datasets\Benign_20260409_121408
[12:14:08] ============================================
[12:14:08] 
[12:14:08] ==========================================
[12:14:08]  RUN 1 / 250 - Benign @ T+15s (rep 1)
[12:14:08] ==========================================
[12:14:08] [+] Stopping VM...
[12:14:12] [+] Reverting to CleanFamily5...
[12:14:13]     -> Reverted
[12:14:13] [+] Starting VM...
[12:14:27] [+] Waiting 20s for boot...
[12:14:47] [+] Launching 5 benign processes: Notepad, SnippingTool, Paint, Excel, Calculator
[12:14:48]     -> Notepad launched
[12:15:04]     -> SnippingTool launched
[12:15:20]     -> Paint launched
[12:15:35]   [vmrun] -gu error: Error: A file was not found
[12:15:35]     [!] Excel failed to launch (exit -1) - skipping it
[12:15:51]     -> Calculator launched
[12:16:06]     -> Benign process list saved to benign_processes.txt
[12:16:06] [+] Snapshot at T+79s: Benign_T015_rep01_121606
[12:17:09]     -> Taken
[12:17:09] [+] Waiting 30s for VMware to flush vmem...
[12:17:39]   [VMEM] Copying -> D:\Patrick\VMSnapshots\Datasets\Benign_20260409_121408\T015_rep01\Benign_T015_rep01_121606.vmem
[12:17:47]   [VMEM] Copied 2048 MB
[12:17:49] [+] Run 1 complete.
[12:17:49] 
[12:17:49] ==========================================
[12:17:49]  RUN 2 / 250 - Benign @ T+30s (rep 1)
[12:17:49] ==========================================
[12:17:49] [+] Stopping VM...
[12:17:53] [+] Reverting to CleanFamily5...
[12:17:54]     -> Reverted
[12:17:54] [+] Starting VM...
[12:18:08] [+] Waiting 20s for boot...
[12:18:28] [+] Launching 5 benign processes: CMD, Word, Explorer, WordPad, Excel
[12:18:29]     -> CMD launched
[12:18:45]   [vmrun] -gu error: Error: A file was not found
[12:18:45]     [!] Word failed to launch (exit -1) - skipping it
[12:19:00]     -> Explorer launched
[12:19:16]     -> WordPad launched
[12:19:32]   [vmrun] -gu error: Error: A file was not found
[12:19:32]     [!] Excel failed to launch (exit -1) - skipping it
[12:19:47]     -> Benign process list saved to benign_processes.txt
[12:19:47] [+] Snapshot at T+79s: Benign_T030_rep01_121947
[12:20:46]     -> Taken
[12:20:46] [+] Waiting 30s for VMware to flush vmem...
[12:21:16]   [VMEM] Copying -> D:\Patrick\VMSnapshots\Datasets\Benign_20260409_121408\T030_rep01\Benign_T030_rep01_121947.vmem
[12:21:23]   [VMEM] Copied 2048 MB
[12:21:26] [+] Run 2 complete.
[12:21:26] 
[12:21:26] ==========================================
[12:21:26]  RUN 3 / 250 - Benign @ T+60s (rep 1)
[12:21:26] ==========================================
[12:21:26] [+] Stopping VM...
[12:21:29] [+] Reverting to CleanFamily5...
[12:21:30]     -> Reverted
[12:21:30] [+] Starting VM...
[12:21:44] [+] Waiting 20s for boot...
[12:22:04] [+] Launching 5 benign processes: MediaPlayer, Excel, CMD, Chrome, Notepad
[12:22:05]     -> MediaPlayer launched
[12:22:21]   [vmrun] -gu error: Error: A file was not found
[12:22:21]     [!] Excel failed to launch (exit -1) - skipping it
[12:22:37]     -> CMD launched
[12:22:53]   [vmrun] -gu error: Error: A file was not found
[12:22:53]     [!] Chrome failed to launch (exit -1) - skipping it
[12:23:08]     -> Notepad launched
[12:23:23]     -> Benign process list saved to benign_processes.txt
[12:23:23] [+] Snapshot at T+79s: Benign_T060_rep01_122323
[12:24:21]     -> Taken
[12:24:21] [+] Waiting 30s for VMware to flush vmem...
[12:24:51]   [VMEM] Copying -> D:\Patrick\VMSnapshots\Datasets\Benign_20260409_121408\T060_rep01\Benign_T060_rep01_122323.vmem
[12:25:05]   [VMEM] Copied 2048 MB
[12:25:08] [+] Run 3 complete.
[12:25:08] 
[12:25:08] ==========================================
[12:25:08]  RUN 4 / 250 - Benign @ T+120s (rep 1)
[12:25:08] ==========================================
[12:25:08] [+] Stopping VM...
[12:25:11] [+] Reverting to CleanFamily5...
[12:25:12]     -> Reverted
[12:25:12] [+] Starting VM...
[12:25:26] [+] Waiting 20s for boot...
[12:25:46] [+] Launching 5 benign processes: TaskManager, MediaPlayer, Firefox, Explorer, Notepad
[12:25:47]     -> TaskManager launched
[12:26:03]     -> MediaPlayer launched
[12:26:19]     -> Firefox launched
[12:26:34]     -> Explorer launched
[12:26:50]     -> Notepad launched
[12:27:05]     -> Benign process list saved to benign_processes.txt
[12:27:05] [+] Sleeping 41s (target T+120s)...
[12:27:46] [+] Snapshot at T+120s: Benign_T120_rep01_122746
[12:28:43]     -> Taken
[12:28:43] [+] Waiting 30s for VMware to flush vmem...
[12:29:13]   [VMEM] Copying -> D:\Patrick\VMSnapshots\Datasets\Benign_20260409_121408\T120_rep01\Benign_T120_rep01_122746.vmem
[12:29:27]   [VMEM] Copied 2048 MB
[12:29:30] [+] Run 4 complete.
[12:29:30] 
[12:29:30] ==========================================
[12:29:30]  RUN 5 / 250 - Benign @ T+180s (rep 1)
[12:29:30] ==========================================
[12:29:30] [+] Stopping VM...
[12:29:33] [+] Reverting to CleanFamily5...
[12:29:34]     -> Reverted
[12:29:34] [+] Starting VM...
[12:29:52] [+] Waiting 20s for boot...
[12:30:12] [+] Launching 5 benign processes: Chrome, SnippingTool, TaskManager, PowerShell, Paint
[12:30:13]   [vmrun] -gu error: Error: A file was not found
[12:30:13]     [!] Chrome failed to launch (exit -1) - skipping it
[12:30:28]     -> SnippingTool launched
[12:30:44]     -> TaskManager launched
[12:31:00]     -> PowerShell launched
[12:31:16]     -> Paint launched
[12:31:31]     -> Benign process list saved to benign_processes.txt
[12:31:31] [+] Sleeping 101s (target T+180s)...
[12:33:12] [+] Snapshot at T+180s: Benign_T180_rep01_123312
[12:34:15]     -> Taken
[12:34:15] [+] Waiting 30s for VMware to flush vmem...
[12:34:45]   [VMEM] Copying -> D:\Patrick\VMSnapshots\Datasets\Benign_20260409_121408\T180_rep01\Benign_T180_rep01_123312.vmem
[12:34:57]   [VMEM] Copied 2048 MB
[12:35:54] [+] Run 5 complete.
[12:35:54] 
[12:35:54] ==========================================
[12:35:54]  RUN 6 / 250 - Benign @ T+15s (rep 2)
[12:35:54] ==========================================
[12:35:54] [+] Stopping VM...
[12:35:57] [+] Reverting to CleanFamily5...
[12:35:59]     -> Reverted
[12:35:59] [+] Starting VM...
[12:36:16] [+] Waiting 20s for boot...
[12:36:36] [+] Launching 5 benign processes: MediaPlayer, Chrome, Firefox, Calculator, Excel
[12:36:37]     -> MediaPlayer launched
[12:36:53]   [vmrun] -gu error: Error: A file was not found
[12:36:53]     [!] Chrome failed to launch (exit -1) - skipping it
[12:37:09]     -> Firefox launched
[12:37:24]     -> Calculator launched
[12:37:40]   [vmrun] -gu error: Error: A file was not found
[12:37:40]     [!] Excel failed to launch (exit -1) - skipping it
[12:37:55]     -> Benign process list saved to benign_processes.txt
[12:37:55] [+] Snapshot at T+79s: Benign_T015_rep02_123755
[12:38:54]     -> Taken
[12:38:54] [+] Waiting 30s for VMware to flush vmem...
[12:39:24]   [VMEM] Copying -> D:\Patrick\VMSnapshots\Datasets\Benign_20260409_121408\T015_rep02\Benign_T015_rep02_123755.vmem
[12:39:47]   [VMEM] Copied 2048 MB
[12:39:49] [+] Run 6 complete.
[12:39:50] 
[12:39:50] ==========================================
[12:39:50]  RUN 7 / 250 - Benign @ T+30s (rep 2)
[12:39:50] ==========================================
[12:39:50] [+] Stopping VM...
[12:39:53] [+] Reverting to CleanFamily5...
[12:39:54]     -> Reverted
[12:39:54] [+] Starting VM...
[12:40:09] [+] Waiting 20s for boot...
[12:40:29] [+] Launching 5 benign processes: CMD, Firefox, Word, Excel, Chrome
[12:40:30]     -> CMD launched
[12:40:45]     -> Firefox launched
[12:41:01]   [vmrun] -gu error: Error: A file was not found
[12:41:01]     [!] Word failed to launch (exit -1) - skipping it
[12:41:17]   [vmrun] -gu error: Error: A file was not found
[12:41:17]     [!] Excel failed to launch (exit -1) - skipping it
[12:41:33]   [vmrun] -gu error: Error: A file was not found
[12:41:33]     [!] Chrome failed to launch (exit -1) - skipping it
[12:41:48]     -> Benign process list saved to benign_processes.txt
[12:41:48] [+] Snapshot at T+79s: Benign_T030_rep02_124148
[12:42:46]     -> Taken
[12:42:46] [+] Waiting 30s for VMware to flush vmem...
[12:43:16]   [VMEM] Copying -> D:\Patrick\VMSnapshots\Datasets\Benign_20260409_121408\T030_rep02\Benign_T030_rep02_124148.vmem
[12:43:33]   [VMEM] Copied 2048 MB
[12:43:36] [+] Run 7 complete.
[12:43:36] 
[12:43:36] ==========================================
[12:43:36]  RUN 8 / 250 - Benign @ T+60s (rep 2)
[12:43:36] ==========================================
[12:43:36] [+] Stopping VM...
[12:43:39] [+] Reverting to CleanFamily5...
[12:43:40]     -> Reverted
[12:43:40] [+] Starting VM...
[12:43:58] [+] Waiting 20s for boot...
[12:44:18] [+] Launching 5 benign processes: Paint, MediaPlayer, Firefox, PowerShell, CMD
[12:44:19]     -> Paint launched
[12:44:34]     -> MediaPlayer launched
[12:44:50]     -> Firefox launched
[12:45:06]     -> PowerShell launched
[12:45:22]     -> CMD launched
[12:45:37]     -> Benign process list saved to benign_processes.txt
[12:45:37] [+] Snapshot at T+79s: Benign_T060_rep02_124537
[12:46:34]     -> Taken
[12:46:34] [+] Waiting 30s for VMware to flush vmem...
[12:47:04]   [VMEM] Copying -> D:\Patrick\VMSnapshots\Datasets\Benign_20260409_121408\T060_rep02\Benign_T060_rep02_124537.vmem
[12:47:22]   [VMEM] Copied 2048 MB
[12:47:24] [+] Run 8 complete.
[12:47:24] 
[12:47:24] ==========================================
[12:47:24]  RUN 9 / 250 - Benign @ T+120s (rep 2)
[12:47:24] ==========================================
[12:47:24] [+] Stopping VM...
[12:47:28] [+] Reverting to CleanFamily5...
[12:47:29]     -> Reverted
[12:47:29] [+] Starting VM...
[12:47:46] [+] Waiting 20s for boot...
[12:48:06] [+] Launching 5 benign processes: TaskManager, Paint, Explorer, CMD, WordPad
[12:48:07]     -> TaskManager launched
[12:48:23]     -> Paint launched
[12:48:39]     -> Explorer launched
[12:48:54]     -> CMD launched
[12:49:10]     -> WordPad launched
[12:49:25]     -> Benign process list saved to benign_processes.txt
[12:49:25] [+] Sleeping 41s (target T+120s)...
[12:50:06] [+] Snapshot at T+120s: Benign_T120_rep02_125006
[12:51:10]     -> Taken
[12:51:10] [+] Waiting 30s for VMware to flush vmem...
[12:51:40]   [VMEM] Copying -> D:\Patrick\VMSnapshots\Datasets\Benign_20260409_121408\T120_rep02\Benign_T120_rep02_125006.vmem
[12:51:55]   [VMEM] Copied 2048 MB
[12:51:58] [+] Run 9 complete.
[12:51:58] 
[12:51:58] ==========================================
[12:51:58]  RUN 10 / 250 - Benign @ T+180s (rep 2)
[12:51:58] ==========================================
[12:51:58] [+] Stopping VM...
[12:52:01] [+] Reverting to CleanFamily5...
[12:52:02]     -> Reverted
[12:52:02] [+] Starting VM...
[12:52:16] [+] Waiting 20s for boot...
[12:52:36] [+] Launching 5 benign processes: Firefox, Explorer, Calculator, Excel, MediaPlayer
[12:52:37]     -> Firefox launched
[12:52:53]     -> Explorer launched
[12:53:09]     -> Calculator launched
[12:53:24]   [vmrun] -gu error: Error: A file was not found
[12:53:24]     [!] Excel failed to launch (exit -1) - skipping it
[12:53:40]     -> MediaPlayer launched
[12:53:55]     -> Benign process list saved to benign_processes.txt
[12:53:55] [+] Sleeping 101s (target T+180s)...
[12:55:36] [+] Snapshot at T+180s: Benign_T180_rep02_125536
[12:56:37]     -> Taken
[12:56:37] [+] Waiting 30s for VMware to flush vmem...
[12:57:07]   [VMEM] Copying -> D:\Patrick\VMSnapshots\Datasets\Benign_20260409_121408\T180_rep02\Benign_T180_rep02_125536.vmem
[12:57:20]   [VMEM] Copied 2048 MB
[12:57:22] [+] Run 10 complete.
[12:57:22] 
[12:57:22] ==========================================
[12:57:22]  RUN 11 / 250 - Benign @ T+15s (rep 3)
[12:57:22] ==========================================
[12:57:22] [+] Stopping VM...
[12:57:26] [+] Reverting to CleanFamily5...
[12:57:27]     -> Reverted
[12:57:27] [+] Starting VM...
[12:57:45] [+] Waiting 20s for boot...
[12:58:05] [+] Launching 5 benign processes: Firefox, Explorer, CMD, Word, TaskManager
[12:58:05]     -> Firefox launched
[12:58:21]     -> Explorer launched
[12:58:37]     -> CMD launched
[12:58:53]   [vmrun] -gu error: Error: A file was not found
[12:58:53]     [!] Word failed to launch (exit -1) - skipping it
[12:59:08]     -> TaskManager launched
[12:59:23]     -> Benign process list saved to benign_processes.txt
[12:59:23] [+] Snapshot at T+79s: Benign_T015_rep03_125923
[13:00:21]     -> Taken
[13:00:21] [+] Waiting 30s for VMware to flush vmem...
[13:00:51]   [VMEM] Copying -> D:\Patrick\VMSnapshots\Datasets\Benign_20260409_121408\T015_rep03\Benign_T015_rep03_125923.vmem
[13:01:07]   [VMEM] Copied 2048 MB
[13:01:09] [+] Run 11 complete.
[13:01:09] 
[13:01:09] ==========================================
[13:01:09]  RUN 12 / 250 - Benign @ T+30s (rep 3)
[13:01:09] ==========================================
[13:01:10] [+] Stopping VM...
[13:01:13] [+] Reverting to CleanFamily5...
[13:01:14]     -> Reverted
[13:01:14] [+] Starting VM...
[13:01:32] [+] Waiting 20s for boot...
[13:01:52] [+] Launching 5 benign processes: CMD, Paint, Excel, WordPad, Notepad
[13:01:53]     -> CMD launched
[13:02:08]     -> Paint launched
[13:02:24]   [vmrun] -gu error: Error: A file was not found
[13:02:24]     [!] Excel failed to launch (exit -1) - skipping it
[13:02:40]     -> WordPad launched
[13:02:56]     -> Notepad launched
[13:03:11]     -> Benign process list saved to benign_processes.txt
[13:03:11] [+] Snapshot at T+79s: Benign_T030_rep03_130311
[13:04:10]     -> Taken
[13:04:10] [+] Waiting 30s for VMware to flush vmem...
[13:04:40]   [VMEM] Copying -> D:\Patrick\VMSnapshots\Datasets\Benign_20260409_121408\T030_rep03\Benign_T030_rep03_130311.vmem
[13:05:03]   [VMEM] Copied 2048 MB
[13:05:06] [+] Run 12 complete.
[13:05:06] 
[13:05:06] ==========================================
[13:05:06]  RUN 13 / 250 - Benign @ T+60s (rep 3)
[13:05:06] ==========================================
[13:05:06] [+] Stopping VM...
[13:05:09] [+] Reverting to CleanFamily5...
[13:05:10]     -> Reverted
[13:05:10] [+] Starting VM...
[13:05:25] [+] Waiting 20s for boot...
[13:05:45] [+] Launching 5 benign processes: CMD, Word, MediaPlayer, TaskManager, Paint
[13:05:46]     -> CMD launched
[13:06:01]   [vmrun] -gu error: Error: A file was not found
[13:06:01]     [!] Word failed to launch (exit -1) - skipping it
[13:06:17]     -> MediaPlayer launched
[13:06:33]     -> TaskManager launched
[13:06:49]     -> Paint launched
[13:07:04]     -> Benign process list saved to benign_processes.txt
[13:07:04] [+] Snapshot at T+79s: Benign_T060_rep03_130704
[13:08:06]     -> Taken
[13:08:06] [+] Waiting 30s for VMware to flush vmem...
[13:08:36]   [VMEM] Copying -> D:\Patrick\VMSnapshots\Datasets\Benign_20260409_121408\T060_rep03\Benign_T060_rep03_130704.vmem
[13:08:59]   [VMEM] Copied 2048 MB
[13:09:02] [+] Run 13 complete.
[13:09:02] 
[13:09:02] ==========================================
[13:09:02]  RUN 14 / 250 - Benign @ T+120s (rep 3)
[13:09:02] ==========================================
[13:09:02] [+] Stopping VM...
[13:09:06] [+] Reverting to CleanFamily5...
[13:09:07]     -> Reverted
[13:09:07] [+] Starting VM...
[13:09:21] [+] Waiting 20s for boot...
[13:09:41] [+] Launching 5 benign processes: Explorer, Firefox, Calculator, Excel, Notepad
[13:09:42]     -> Explorer launched
[13:09:58]     -> Firefox launched
[13:10:13]     -> Calculator launched
[13:10:29]   [vmrun] -gu error: Error: A file was not found
[13:10:29]     [!] Excel failed to launch (exit -1) - skipping it
[13:10:45]     -> Notepad launched
[13:11:00]     -> Benign process list saved to benign_processes.txt
[13:11:00] [+] Sleeping 41s (target T+120s)...
[13:11:41] [+] Snapshot at T+120s: Benign_T120_rep03_131141
[13:12:39]     -> Taken
[13:12:39] [+] Waiting 30s for VMware to flush vmem...
[13:13:09]   [VMEM] Copying -> D:\Patrick\VMSnapshots\Datasets\Benign_20260409_121408\T120_rep03\Benign_T120_rep03_131141.vmem
[13:13:17]   [VMEM] Copied 2048 MB
[13:13:20] [+] Run 14 complete.
[13:13:20] 
[13:13:20] ==========================================
[13:13:20]  RUN 15 / 250 - Benign @ T+180s (rep 3)
[13:13:20] ==========================================
[13:13:20] [+] Stopping VM...
[13:13:24] [+] Reverting to CleanFamily5...
[13:13:25]     -> Reverted
[13:13:25] [+] Starting VM...
[13:13:42] [+] Waiting 20s for boot...
[13:14:02] [+] Launching 5 benign processes: Explorer, PowerShell, Calculator, Paint, Firefox
[13:14:03]     -> Explorer launched
[13:14:19]     -> PowerShell launched
[13:14:34]     -> Calculator launched
[13:14:50]     -> Paint launched
[13:15:06]     -> Firefox launched
[13:15:21]     -> Benign process list saved to benign_processes.txt
[13:15:21] [+] Sleeping 101s (target T+180s)...
[13:17:02] [+] Snapshot at T+180s: Benign_T180_rep03_131702
[13:18:02]     -> Taken
[13:18:02] [+] Waiting 30s for VMware to flush vmem...
[13:18:32]   [VMEM] Copying -> D:\Patrick\VMSnapshots\Datasets\Benign_20260409_121408\T180_rep03\Benign_T180_rep03_131702.vmem
[13:18:41]   [VMEM] Copied 2048 MB
[13:18:44] [+] Run 15 complete.
[13:18:44] 
[13:18:44] ==========================================
[13:18:44]  RUN 16 / 250 - Benign @ T+15s (rep 4)
[13:18:44] ==========================================
[13:18:44] [+] Stopping VM...
[13:18:48] [+] Reverting to CleanFamily5...
[13:18:49]     -> Reverted
[13:18:49] [+] Starting VM...
[13:19:03] [+] Waiting 20s for boot...
[13:19:23] [+] Launching 5 benign processes: Notepad, SnippingTool, Excel, TaskManager, Word
[13:19:24]     -> Notepad launched
[13:19:40]     -> SnippingTool launched
[13:19:56]   [vmrun] -gu error: Error: A file was not found
[13:19:56]     [!] Excel failed to launch (exit -1) - skipping it
[13:20:11]     -> TaskManager launched
[13:20:27]   [vmrun] -gu error: Error: A file was not found
[13:20:27]     [!] Word failed to launch (exit -1) - skipping it
[13:20:42]     -> Benign process list saved to benign_processes.txt
[13:20:42] [+] Snapshot at T+79s: Benign_T015_rep04_132042
[13:21:43]     -> Taken
[13:21:43] [+] Waiting 30s for VMware to flush vmem...
[13:22:13]   [VMEM] Copying -> D:\Patrick\VMSnapshots\Datasets\Benign_20260409_121408\T015_rep04\Benign_T015_rep04_132042.vmem
[13:22:25]   [VMEM] Copied 2048 MB
[13:22:28] [+] Run 16 complete.
[13:22:28] 
[13:22:28] ==========================================
[13:22:28]  RUN 17 / 250 - Benign @ T+30s (rep 4)
[13:22:28] ==========================================
[13:22:28] [+] Stopping VM...
[13:22:31] [+] Reverting to CleanFamily5...
[13:22:32]     -> Reverted
[13:22:32] [+] Starting VM...
[13:22:47] [+] Waiting 20s for boot...
[13:23:07] [+] Launching 5 benign processes: Word, PowerShell, Chrome, Firefox, Paint
[13:23:08]   [vmrun] -gu error: Error: A file was not found
[13:23:08]     [!] Word failed to launch (exit -1) - skipping it
[13:23:24]     -> PowerShell launched
[13:23:39]   [vmrun] -gu error: Error: A file was not found
[13:23:39]     [!] Chrome failed to launch (exit -1) - skipping it
[13:23:55]     -> Firefox launched
[13:24:11]     -> Paint launched
[13:24:26]     -> Benign process list saved to benign_processes.txt
[13:24:26] [+] Snapshot at T+79s: Benign_T030_rep04_132426
[13:25:26]     -> Taken
[13:25:26] [+] Waiting 30s for VMware to flush vmem...
[13:25:56]   [VMEM] Copying -> D:\Patrick\VMSnapshots\Datasets\Benign_20260409_121408\T030_rep04\Benign_T030_rep04_132426.vmem
[13:26:04]   [VMEM] Copied 2048 MB
[13:26:07] [+] Run 17 complete.
[13:26:07] 
[13:26:07] ==========================================
[13:26:07]  RUN 18 / 250 - Benign @ T+60s (rep 4)
[13:26:07] ==========================================
[13:26:07] [+] Stopping VM...
[13:26:10] [+] Reverting to CleanFamily5...
[13:26:11]     -> Reverted
[13:26:11] [+] Starting VM...
[13:26:28] [+] Waiting 20s for boot...
[13:26:48] [+] Launching 5 benign processes: Firefox, Notepad, Word, PowerShell, WordPad
[13:26:49]     -> Firefox launched
[13:27:05]     -> Notepad launched
[13:27:21]   [vmrun] -gu error: Error: A file was not found
[13:27:21]     [!] Word failed to launch (exit -1) - skipping it
[13:27:36]     -> PowerShell launched
[13:27:52]     -> WordPad launched
[13:28:07]     -> Benign process list saved to benign_processes.txt
[13:28:07] [+] Snapshot at T+79s: Benign_T060_rep04_132807
[13:29:07]     -> Taken
[13:29:07] [+] Waiting 30s for VMware to flush vmem...
[13:29:37]   [VMEM] Copying -> D:\Patrick\VMSnapshots\Datasets\Benign_20260409_121408\T060_rep04\Benign_T060_rep04_132807.vmem
[13:29:45]   [VMEM] Copied 2048 MB
[13:29:47] [+] Run 18 complete.
[13:29:47] 
[13:29:47] ==========================================
[13:29:47]  RUN 19 / 250 - Benign @ T+120s (rep 4)
[13:29:47] ==========================================
[13:29:47] [+] Stopping VM...
[13:29:51] [+] Reverting to CleanFamily5...
[13:29:52]     -> Reverted
[13:29:52] [+] Starting VM...
[13:30:09] [+] Waiting 20s for boot...
[13:30:29] [+] Launching 5 benign processes: Paint, TaskManager, PowerShell, MediaPlayer, WordPad
[13:30:30]     -> Paint launched
[13:30:46]     -> TaskManager launched
[13:31:01]     -> PowerShell launched
[13:31:17]     -> MediaPlayer launched
[13:31:33]     -> WordPad launched
[13:31:48]     -> Benign process list saved to benign_processes.txt
[13:31:48] [+] Sleeping 41s (target T+120s)...
[13:32:29] [+] Snapshot at T+120s: Benign_T120_rep04_133229
[13:33:29]     -> Taken
[13:33:29] [+] Waiting 30s for VMware to flush vmem...
[13:33:59]   [VMEM] Copying -> D:\Patrick\VMSnapshots\Datasets\Benign_20260409_121408\T120_rep04\Benign_T120_rep04_133229.vmem
[13:34:15]   [VMEM] Copied 2048 MB
[13:34:18] [+] Run 19 complete.
[13:34:18] 
[13:34:18] ==========================================
[13:34:18]  RUN 20 / 250 - Benign @ T+180s (rep 4)
[13:34:18] ==========================================
[13:34:18] [+] Stopping VM...
[13:34:22] [+] Reverting to CleanFamily5...
[13:34:23]     -> Reverted
[13:34:23] [+] Starting VM...
[13:34:37] [+] Waiting 20s for boot...
[13:34:57] [+] Launching 5 benign processes: Word, MediaPlayer, Chrome, Calculator, Paint
[13:34:58]   [vmrun] -gu error: Error: A file was not found
[13:34:58]     [!] Word failed to launch (exit -1) - skipping it
[13:35:14]     -> MediaPlayer launched
[13:35:30]   [vmrun] -gu error: Error: A file was not found
[13:35:30]     [!] Chrome failed to launch (exit -1) - skipping it
[13:35:45]     -> Calculator launched
[13:36:01]     -> Paint launched
[13:36:16]     -> Benign process list saved to benign_processes.txt
[13:36:16] [+] Sleeping 101s (target T+180s)...
[13:37:57] [+] Snapshot at T+180s: Benign_T180_rep04_133757
[13:39:08]     -> Taken
[13:39:08] [+] Waiting 30s for VMware to flush vmem...
[13:39:38]   [VMEM] Copying -> D:\Patrick\VMSnapshots\Datasets\Benign_20260409_121408\T180_rep04\Benign_T180_rep04_133757.vmem
[13:39:56]   [VMEM] Copied 2048 MB
[13:39:59] [+] Run 20 complete.
[13:39:59] 
[13:39:59] ==========================================
[13:39:59]  RUN 21 / 250 - Benign @ T+15s (rep 5)
[13:39:59] ==========================================
[13:39:59] [+] Stopping VM...
[13:40:02] [+] Reverting to CleanFamily5...
[13:40:03]     -> Reverted
[13:40:03] [+] Starting VM...
[13:40:17] [+] Waiting 20s for boot...
[13:40:37] [+] Launching 5 benign processes: Paint, Excel, Chrome, SnippingTool, Firefox
[13:40:38]     -> Paint launched
[13:40:54]   [vmrun] -gu error: Error: A file was not found
[13:40:54]     [!] Excel failed to launch (exit -1) - skipping it
[13:41:10]   [vmrun] -gu error: Error: A file was not found
[13:41:10]     [!] Chrome failed to launch (exit -1) - skipping it
[13:41:25]     -> SnippingTool launched
[13:41:41]     -> Firefox launched
[13:41:56]     -> Benign process list saved to benign_processes.txt
[13:41:56] [+] Snapshot at T+79s: Benign_T015_rep05_134156
[13:42:56]     -> Taken
[13:42:56] [+] Waiting 30s for VMware to flush vmem...
[13:43:26]   [VMEM] Copying -> D:\Patrick\VMSnapshots\Datasets\Benign_20260409_121408\T015_rep05\Benign_T015_rep05_134156.vmem
[13:43:35]   [VMEM] Copied 2048 MB
[13:43:38] [+] Run 21 complete.
[13:43:38] 
[13:43:38] ==========================================
[13:43:38]  RUN 22 / 250 - Benign @ T+30s (rep 5)
[13:43:38] ==========================================
[13:43:38] [+] Stopping VM...
[13:43:42] [+] Reverting to CleanFamily5...
[13:43:43]     -> Reverted
[13:43:43] [+] Starting VM...
[13:44:01] [+] Waiting 20s for boot...
[13:44:21] [+] Launching 5 benign processes: Explorer, SnippingTool, CMD, Paint, Word
[13:44:22]     -> Explorer launched
[13:44:37]     -> SnippingTool launched
[13:44:53]     -> CMD launched
[13:45:09]     -> Paint launched
[13:45:25]   [vmrun] -gu error: Error: A file was not found
[13:45:25]     [!] Word failed to launch (exit -1) - skipping it
[13:45:40]     -> Benign process list saved to benign_processes.txt
[13:45:40] [+] Snapshot at T+79s: Benign_T030_rep05_134540
[13:46:37]     -> Taken
[13:46:37] [+] Waiting 30s for VMware to flush vmem...
[13:47:07]   [VMEM] Copying -> D:\Patrick\VMSnapshots\Datasets\Benign_20260409_121408\T030_rep05\Benign_T030_rep05_134540.vmem
[13:47:26]   [VMEM] Copied 2048 MB
[13:47:28] [+] Run 22 complete.
[13:47:28] 
[13:47:28] ==========================================
[13:47:28]  RUN 23 / 250 - Benign @ T+60s (rep 5)
[13:47:28] ==========================================
[13:47:28] [+] Stopping VM...
[13:47:31] [+] Reverting to CleanFamily5...
[13:47:32]     -> Reverted
[13:47:32] [+] Starting VM...
[13:47:47] [+] Waiting 20s for boot...
[13:48:07] [+] Launching 5 benign processes: Word, TaskManager, SnippingTool, Excel, Explorer
[13:48:08]   [vmrun] -gu error: Error: A file was not found
[13:48:08]     [!] Word failed to launch (exit -1) - skipping it
[13:48:23]     -> TaskManager launched
[13:48:39]     -> SnippingTool launched
[13:48:55]   [vmrun] -gu error: Error: A file was not found
[13:48:55]     [!] Excel failed to launch (exit -1) - skipping it
[13:49:11]     -> Explorer launched
[13:49:26]     -> Benign process list saved to benign_processes.txt
[13:49:26] [+] Snapshot at T+79s: Benign_T060_rep05_134926
[13:50:23]     -> Taken
[13:50:23] [+] Waiting 30s for VMware to flush vmem...
[13:50:53]   [VMEM] Copying -> D:\Patrick\VMSnapshots\Datasets\Benign_20260409_121408\T060_rep05\Benign_T060_rep05_134926.vmem
[13:51:07]   [VMEM] Copied 2048 MB
[13:51:09] [+] Run 23 complete.
[13:51:09] 
[13:51:09] ==========================================
[13:51:09]  RUN 24 / 250 - Benign @ T+120s (rep 5)
[13:51:09] ==========================================
[13:51:09] [+] Stopping VM...
[13:51:13] [+] Reverting to CleanFamily5...
[13:51:14]     -> Reverted
[13:51:14] [+] Starting VM...
[13:51:31] [+] Waiting 20s for boot...
[13:51:51] [+] Launching 5 benign processes: SnippingTool, CMD, Word, MediaPlayer, Calculator
[13:51:52]     -> SnippingTool launched
[13:52:08]     -> CMD launched
[13:52:24]   [vmrun] -gu error: Error: A file was not found
[13:52:24]     [!] Word failed to launch (exit -1) - skipping it
[13:52:40]     -> MediaPlayer launched
[13:52:55]     -> Calculator launched
[13:53:10]     -> Benign process list saved to benign_processes.txt
[13:53:10] [+] Sleeping 41s (target T+120s)...
[13:53:51] [+] Snapshot at T+120s: Benign_T120_rep05_135351
[13:54:53]     -> Taken
[13:54:53] [+] Waiting 30s for VMware to flush vmem...
[13:55:23]   [VMEM] Copying -> D:\Patrick\VMSnapshots\Datasets\Benign_20260409_121408\T120_rep05\Benign_T120_rep05_135351.vmem
[13:55:46]   [VMEM] Copied 2048 MB
[13:55:49] [+] Run 24 complete.
[13:55:49] 
[13:55:49] ==========================================
[13:55:49]  RUN 25 / 250 - Benign @ T+180s (rep 5)
[13:55:49] ==========================================
[13:55:49] [+] Stopping VM...
[13:55:52] [+] Reverting to CleanFamily5...
[13:55:53]     -> Reverted
[13:55:53] [+] Starting VM...
[13:56:11] [+] Waiting 20s for boot...
[13:56:31] [+] Launching 5 benign processes: Excel, Paint, Explorer, CMD, SnippingTool
[13:56:32]   [vmrun] -gu error: Error: A file was not found
[13:56:32]     [!] Excel failed to launch (exit -1) - skipping it
[13:56:48]     -> Paint launched
[13:57:03]     -> Explorer launched
[13:57:19]     -> CMD launched
[13:57:35]     -> SnippingTool launched
[13:57:50]     -> Benign process list saved to benign_processes.txt
[13:57:50] [+] Sleeping 101s (target T+180s)...
[13:59:31] [+] Snapshot at T+180s: Benign_T180_rep05_135931
[14:00:45]     -> Taken
[14:00:45] [+] Waiting 30s for VMware to flush vmem...
[14:01:15]   [VMEM] Copying -> D:\Patrick\VMSnapshots\Datasets\Benign_20260409_121408\T180_rep05\Benign_T180_rep05_135931.vmem
[14:01:23]   [VMEM] Copied 2048 MB
[14:01:25] [+] Run 25 complete.
[14:01:25] 
[14:01:25] ==========================================
[14:01:25]  RUN 26 / 250 - Benign @ T+15s (rep 6)
[14:01:25] ==========================================
[14:01:25] [+] Stopping VM...
[14:01:29] [+] Reverting to CleanFamily5...
[14:01:30]     -> Reverted
[14:01:30] [+] Starting VM...
[14:01:48] [+] Waiting 20s for boot...
[14:02:08] [+] Launching 5 benign processes: SnippingTool, Excel, Firefox, Notepad, PowerShell
[14:02:09]     -> SnippingTool launched
[14:02:24]   [vmrun] -gu error: Error: A file was not found
[14:02:24]     [!] Excel failed to launch (exit -1) - skipping it
[14:02:40]     -> Firefox launched
[14:02:56]     -> Notepad launched
[14:03:12]     -> PowerShell launched
[14:03:27]     -> Benign process list saved to benign_processes.txt
[14:03:27] [+] Snapshot at T+79s: Benign_T015_rep06_140327
[14:04:24]     -> Taken
[14:04:24] [+] Waiting 30s for VMware to flush vmem...
[14:04:54]   [VMEM] Copying -> D:\Patrick\VMSnapshots\Datasets\Benign_20260409_121408\T015_rep06\Benign_T015_rep06_140327.vmem
[14:05:01]   [VMEM] Copied 2048 MB
[14:05:03] [+] Run 26 complete.
[14:05:03] 
[14:05:03] ==========================================
[14:05:03]  RUN 27 / 250 - Benign @ T+30s (rep 6)
[14:05:03] ==========================================
[14:05:03] [+] Stopping VM...
[14:05:07] [+] Reverting to CleanFamily5...
[14:05:08]     -> Reverted
[14:05:08] [+] Starting VM...
[14:05:25] [+] Waiting 20s for boot...
[14:05:45] [+] Launching 5 benign processes: Excel, Notepad, SnippingTool, Chrome, MediaPlayer
[14:05:46]   [vmrun] -gu error: Error: A file was not found
[14:05:46]     [!] Excel failed to launch (exit -1) - skipping it
[14:06:02]     -> Notepad launched
[14:06:18]     -> SnippingTool launched
[14:06:33]   [vmrun] -gu error: Error: A file was not found
[14:06:33]     [!] Chrome failed to launch (exit -1) - skipping it
[14:06:49]     -> MediaPlayer launched
[14:07:04]     -> Benign process list saved to benign_processes.txt
[14:07:04] [+] Snapshot at T+79s: Benign_T030_rep06_140704
[14:08:01]     -> Taken
[14:08:01] [+] Waiting 30s for VMware to flush vmem...
[14:08:31]   [VMEM] Copying -> D:\Patrick\VMSnapshots\Datasets\Benign_20260409_121408\T030_rep06\Benign_T030_rep06_140704.vmem
[14:08:46]   [VMEM] Copied 2048 MB
[14:08:49] [+] Run 27 complete.
[14:08:49] 
[14:08:49] ==========================================
[14:08:49]  RUN 28 / 250 - Benign @ T+60s (rep 6)
[14:08:49] ==========================================
[14:08:49] [+] Stopping VM...
[14:08:53] [+] Reverting to CleanFamily5...
[14:08:54]     -> Reverted
[14:08:54] [+] Starting VM...
[14:09:08] [+] Waiting 20s for boot...
[14:09:28] [+] Launching 5 benign processes: Notepad, Chrome, MediaPlayer, Word, SnippingTool
[14:09:29]     -> Notepad launched
[14:09:45]   [vmrun] -gu error: Error: A file was not found
[14:09:45]     [!] Chrome failed to launch (exit -1) - skipping it
[14:10:01]     -> MediaPlayer launched
[14:10:17]   [vmrun] -gu error: Error: A file was not found
[14:10:17]     [!] Word failed to launch (exit -1) - skipping it
[14:10:32]     -> SnippingTool launched
[14:10:47]     -> Benign process list saved to benign_processes.txt
[14:10:47] [+] Snapshot at T+79s: Benign_T060_rep06_141047
[14:11:44]     -> Taken
[14:11:44] [+] Waiting 30s for VMware to flush vmem...
[14:12:14]   [VMEM] Copying -> D:\Patrick\VMSnapshots\Datasets\Benign_20260409_121408\T060_rep06\Benign_T060_rep06_141047.vmem
[14:12:27]   [VMEM] Copied 2048 MB
[14:12:30] [+] Run 28 complete.
[14:12:30] 
[14:12:30] ==========================================
[14:12:30]  RUN 29 / 250 - Benign @ T+120s (rep 6)
[14:12:30] ==========================================
[14:12:30] [+] Stopping VM...
[14:12:33] [+] Reverting to CleanFamily5...
[14:12:34]     -> Reverted
[14:12:34] [+] Starting VM...
[14:12:52] [+] Waiting 20s for boot...
[14:13:12] [+] Launching 5 benign processes: WordPad, CMD, PowerShell, TaskManager, Paint
[14:13:12]     -> WordPad launched
[14:13:28]     -> CMD launched
[14:13:44]     -> PowerShell launched
[14:14:00]     -> TaskManager launched
[14:14:15]     -> Paint launched
[14:14:30]     -> Benign process list saved to benign_processes.txt
[14:14:30] [+] Sleeping 41s (target T+120s)...
[14:15:11] [+] Snapshot at T+120s: Benign_T120_rep06_141511
[14:16:10]     -> Taken
[14:16:10] [+] Waiting 30s for VMware to flush vmem...
[14:16:40]   [VMEM] Copying -> D:\Patrick\VMSnapshots\Datasets\Benign_20260409_121408\T120_rep06\Benign_T120_rep06_141511.vmem
[14:16:50]   [VMEM] Copied 2048 MB
[14:16:53] [+] Run 29 complete.
[14:16:53] 
[14:16:53] ==========================================
[14:16:53]  RUN 30 / 250 - Benign @ T+180s (rep 6)
[14:16:53] ==========================================
[14:16:53] [+] Stopping VM...
[14:16:57] [+] Reverting to CleanFamily5...
[14:16:58]     -> Reverted
[14:16:58] [+] Starting VM...
[14:17:13] [+] Waiting 20s for boot...
[14:17:33] [+] Launching 5 benign processes: Chrome, Excel, TaskManager, Word, Calculator
[14:17:34]   [vmrun] -gu error: Error: A file was not found
[14:17:34]     [!] Chrome failed to launch (exit -1) - skipping it
[14:17:49]   [vmrun] -gu error: Error: A file was not found
[14:17:49]     [!] Excel failed to launch (exit -1) - skipping it
[14:18:05]     -> TaskManager launched
[14:18:21]   [vmrun] -gu error: Error: A file was not found
[14:18:21]     [!] Word failed to launch (exit -1) - skipping it
[14:18:36]     -> Calculator launched
[14:18:51]     -> Benign process list saved to benign_processes.txt
[14:18:51] [+] Sleeping 101s (target T+180s)...
[14:20:32] [+] Snapshot at T+180s: Benign_T180_rep06_142032
[14:21:44]     -> Taken
[14:21:44] [+] Waiting 30s for VMware to flush vmem...
[14:22:14]   [VMEM] Copying -> D:\Patrick\VMSnapshots\Datasets\Benign_20260409_121408\T180_rep06\Benign_T180_rep06_142032.vmem
[14:22:29]   [VMEM] Copied 2048 MB
[14:22:31] [+] Run 30 complete.
[14:22:31] 
[14:22:31] ==========================================
[14:22:31]  RUN 31 / 250 - Benign @ T+15s (rep 7)
[14:22:31] ==========================================
[14:22:31] [+] Stopping VM...
[14:22:35] [+] Reverting to CleanFamily5...
[14:22:35]     -> Reverted
[14:22:35] [+] Starting VM...
[14:22:53] [+] Waiting 20s for boot...
[14:23:13] [+] Launching 5 benign processes: Chrome, TaskManager, Excel, PowerShell, Paint
[14:23:14]   [vmrun] -gu error: Error: A file was not found
[14:23:14]     [!] Chrome failed to launch (exit -1) - skipping it
[14:23:30]     -> TaskManager launched
[14:23:46]   [vmrun] -gu error: Error: A file was not found
[14:23:46]     [!] Excel failed to launch (exit -1) - skipping it
[14:24:01]     -> PowerShell launched
[14:24:17]     -> Paint launched
[14:24:32]     -> Benign process list saved to benign_processes.txt
[14:24:32] [+] Snapshot at T+79s: Benign_T015_rep07_142432
[14:25:31]     -> Taken
[14:25:31] [+] Waiting 30s for VMware to flush vmem...
[14:26:01]   [VMEM] Copying -> D:\Patrick\VMSnapshots\Datasets\Benign_20260409_121408\T015_rep07\Benign_T015_rep07_142432.vmem
[14:26:09]   [VMEM] Copied 2048 MB
[14:26:12] [+] Run 31 complete.
[14:26:12] 
[14:26:12] ==========================================
[14:26:12]  RUN 32 / 250 - Benign @ T+30s (rep 7)
[14:26:12] ==========================================
[14:26:12] [+] Stopping VM...
[14:26:16] [+] Reverting to CleanFamily5...
[14:26:17]     -> Reverted
[14:26:17] [+] Starting VM...
[14:26:31] [+] Waiting 20s for boot...
[14:26:51] [+] Launching 5 benign processes: Notepad, TaskManager, Paint, MediaPlayer, Calculator
[14:26:52]     -> Notepad launched
[14:27:08]     -> TaskManager launched
[14:27:24]     -> Paint launched
[14:27:40]     -> MediaPlayer launched
[14:27:55]     -> Calculator launched
[14:28:10]     -> Benign process list saved to benign_processes.txt
[14:28:10] [+] Snapshot at T+79s: Benign_T030_rep07_142810
[14:29:10]     -> Taken
[14:29:10] [+] Waiting 30s for VMware to flush vmem...
[14:29:40]   [VMEM] Copying -> D:\Patrick\VMSnapshots\Datasets\Benign_20260409_121408\T030_rep07\Benign_T030_rep07_142810.vmem
[14:29:50]   [VMEM] Copied 2048 MB
[14:29:53] [+] Run 32 complete.
[14:29:53] 
[14:29:53] ==========================================
[14:29:53]  RUN 33 / 250 - Benign @ T+60s (rep 7)
[14:29:53] ==========================================
[14:29:53] [+] Stopping VM...
[14:29:56] [+] Reverting to CleanFamily5...
[14:29:57]     -> Reverted
[14:29:57] [+] Starting VM...
[14:30:15] [+] Waiting 20s for boot...
[14:30:35] [+] Launching 5 benign processes: TaskManager, MediaPlayer, WordPad, Explorer, SnippingTool
[14:30:36]     -> TaskManager launched
[14:30:52]     -> MediaPlayer launched
[14:31:07]     -> WordPad launched
[14:31:23]     -> Explorer launched
[14:31:39]     -> SnippingTool launched
[14:31:54]     -> Benign process list saved to benign_processes.txt
[14:31:54] [+] Snapshot at T+79s: Benign_T060_rep07_143154
[14:32:58]     -> Taken
[14:32:58] [+] Waiting 30s for VMware to flush vmem...
[14:33:28]   [VMEM] Copying -> D:\Patrick\VMSnapshots\Datasets\Benign_20260409_121408\T060_rep07\Benign_T060_rep07_143154.vmem
[14:33:39]   [VMEM] Copied 2048 MB
[14:33:41] [+] Run 33 complete.
[14:33:41] 
[14:33:41] ==========================================
[14:33:41]  RUN 34 / 250 - Benign @ T+120s (rep 7)
[14:33:41] ==========================================
[14:33:41] [+] Stopping VM...
[14:33:45] [+] Reverting to CleanFamily5...
[14:33:46]     -> Reverted
[14:33:46] [+] Starting VM...
[14:34:00] [+] Waiting 20s for boot...
[14:34:20] [+] Launching 5 benign processes: Paint, CMD, Calculator, Firefox, SnippingTool
[14:34:21]     -> Paint launched
[14:34:37]     -> CMD launched
[14:34:53]     -> Calculator launched
[14:35:08]     -> Firefox launched
[14:35:24]     -> SnippingTool launched
[14:35:39]     -> Benign process list saved to benign_processes.txt
[14:35:39] [+] Sleeping 41s (target T+120s)...
[14:36:20] [+] Snapshot at T+120s: Benign_T120_rep07_143620
[14:37:47]     -> Taken
[14:37:47] [+] Waiting 30s for VMware to flush vmem...
[14:38:17]   [VMEM] Copying -> D:\Patrick\VMSnapshots\Datasets\Benign_20260409_121408\T120_rep07\Benign_T120_rep07_143620.vmem
[14:38:26]   [VMEM] Copied 2048 MB
[14:38:29] [+] Run 34 complete.
[14:38:29] 
[14:38:29] ==========================================
[14:38:29]  RUN 35 / 250 - Benign @ T+180s (rep 7)
[14:38:29] ==========================================
[14:38:29] [+] Stopping VM...
[14:38:33] [+] Reverting to CleanFamily5...
[14:38:34]     -> Reverted
[14:38:34] [+] Starting VM...
[14:38:49] [+] Waiting 20s for boot...
[14:39:09] [+] Launching 5 benign processes: MediaPlayer, Excel, Firefox, SnippingTool, Chrome
[14:39:10]     -> MediaPlayer launched
[14:39:26]   [vmrun] -gu error: Error: A file was not found
[14:39:26]     [!] Excel failed to launch (exit -1) - skipping it
[14:39:42]     -> Firefox launched
[14:39:58]     -> SnippingTool launched
[14:40:14]   [vmrun] -gu error: Error: A file was not found
[14:40:14]     [!] Chrome failed to launch (exit -1) - skipping it
[14:40:29]     -> Benign process list saved to benign_processes.txt
[14:40:29] [+] Sleeping 101s (target T+180s)...
[14:42:10] [+] Snapshot at T+181s: Benign_T180_rep07_144210
[14:43:19]     -> Taken
[14:43:19] [+] Waiting 30s for VMware to flush vmem...
[14:43:49]   [VMEM] Copying -> D:\Patrick\VMSnapshots\Datasets\Benign_20260409_121408\T180_rep07\Benign_T180_rep07_144210.vmem
[14:43:57]   [VMEM] Copied 2048 MB
[14:44:00] [+] Run 35 complete.
[14:44:00] 
[14:44:00] ==========================================
[14:44:00]  RUN 36 / 250 - Benign @ T+15s (rep 8)
[14:44:00] ==========================================
[14:44:00] [+] Stopping VM...
[14:44:04] [+] Reverting to CleanFamily5...
[14:44:05]     -> Reverted
[14:44:05] [+] Starting VM...
[14:44:22] [+] Waiting 20s for boot...
[14:44:42] [+] Launching 5 benign processes: CMD, WordPad, Notepad, Paint, Word
[14:44:43]     -> CMD launched
[14:44:58]     -> WordPad launched
[14:45:14]     -> Notepad launched
[14:45:30]     -> Paint launched
[14:45:46]   [vmrun] -gu error: Error: A file was not found
[14:45:46]     [!] Word failed to launch (exit -1) - skipping it
[14:46:01]     -> Benign process list saved to benign_processes.txt
[14:46:01] [+] Snapshot at T+79s: Benign_T015_rep08_144601
[14:47:14]     -> Taken
[14:47:14] [+] Waiting 30s for VMware to flush vmem...
[14:47:44]   [VMEM] Copying -> D:\Patrick\VMSnapshots\Datasets\Benign_20260409_121408\T015_rep08\Benign_T015_rep08_144601.vmem
[14:47:59]   [VMEM] Copied 2048 MB
[14:48:02] [+] Run 36 complete.
[14:48:02] 
[14:48:02] ==========================================
[14:48:02]  RUN 37 / 250 - Benign @ T+30s (rep 8)
[14:48:02] ==========================================
[14:48:02] [+] Stopping VM...
[14:48:06] [+] Reverting to CleanFamily5...
[14:48:08]     -> Reverted
[14:48:08] [+] Starting VM...
[14:48:25] [+] Waiting 20s for boot...
[14:48:45] [+] Launching 5 benign processes: Explorer, Paint, Chrome, Notepad, MediaPlayer
[14:48:46]     -> Explorer launched
[14:49:02]     -> Paint launched
[14:49:18]   [vmrun] -gu error: Error: A file was not found
[14:49:18]     [!] Chrome failed to launch (exit -1) - skipping it
[14:49:34]     -> Notepad launched
[14:49:49]     -> MediaPlayer launched
[14:50:04]     -> Benign process list saved to benign_processes.txt
[14:50:04] [+] Snapshot at T+79s: Benign_T030_rep08_145004
[14:51:09]     -> Taken
[14:51:09] [+] Waiting 30s for VMware to flush vmem...
[14:51:39]   [VMEM] Copying -> D:\Patrick\VMSnapshots\Datasets\Benign_20260409_121408\T030_rep08\Benign_T030_rep08_145004.vmem
[14:51:56]   [VMEM] Copied 2048 MB
[14:51:59] [+] Run 37 complete.
[14:51:59] 
[14:51:59] ==========================================
[14:51:59]  RUN 38 / 250 - Benign @ T+60s (rep 8)
[14:51:59] ==========================================
[14:51:59] [+] Stopping VM...
[14:52:03] [+] Reverting to CleanFamily5...
[14:52:04]     -> Reverted
[14:52:04] [+] Starting VM...
[14:52:22] [+] Waiting 20s for boot...
[14:52:42] [+] Launching 5 benign processes: Excel, Paint, Firefox, Notepad, Word
[14:52:43]   [vmrun] -gu error: Error: A file was not found
[14:52:43]     [!] Excel failed to launch (exit -1) - skipping it
[14:52:58]     -> Paint launched
[14:53:14]     -> Firefox launched
[14:53:30]     -> Notepad launched
[14:53:46]   [vmrun] -gu error: Error: A file was not found
[14:53:46]     [!] Word failed to launch (exit -1) - skipping it
[14:54:01]     -> Benign process list saved to benign_processes.txt
[14:54:01] [+] Snapshot at T+79s: Benign_T060_rep08_145401
[14:55:02]     -> Taken
[14:55:02] [+] Waiting 30s for VMware to flush vmem...
[14:55:33]   [VMEM] Copying -> D:\Patrick\VMSnapshots\Datasets\Benign_20260409_121408\T060_rep08\Benign_T060_rep08_145401.vmem
[14:55:40]   [VMEM] Copied 2048 MB
[14:55:44] [+] Run 38 complete.
[14:55:44] 
[14:55:44] ==========================================
[14:55:44]  RUN 39 / 250 - Benign @ T+120s (rep 8)
[14:55:44] ==========================================
[14:55:44] [+] Stopping VM...
[14:55:48] [+] Reverting to CleanFamily5...
[14:55:49]     -> Reverted
[14:55:49] [+] Starting VM...
[14:56:07] [+] Waiting 20s for boot...
[14:56:27] [+] Launching 5 benign processes: MediaPlayer, Firefox, TaskManager, Excel, Explorer
[14:56:28]     -> MediaPlayer launched
[14:56:43]     -> Firefox launched
[14:56:59]     -> TaskManager launched
[14:57:15]   [vmrun] -gu error: Error: A file was not found
[14:57:15]     [!] Excel failed to launch (exit -1) - skipping it
[14:57:31]     -> Explorer launched
[14:57:46]     -> Benign process list saved to benign_processes.txt
[14:57:46] [+] Sleeping 41s (target T+120s)...
[14:58:27] [+] Snapshot at T+120s: Benign_T120_rep08_145827
[14:59:24]     -> Taken
[14:59:24] [+] Waiting 30s for VMware to flush vmem...
[14:59:54]   [VMEM] Copying -> D:\Patrick\VMSnapshots\Datasets\Benign_20260409_121408\T120_rep08\Benign_T120_rep08_145827.vmem
[15:00:13]   [VMEM] Copied 2048 MB
[15:00:16] [+] Run 39 complete.
[15:00:16] 
[15:00:16] ==========================================
[15:00:16]  RUN 40 / 250 - Benign @ T+180s (rep 8)
[15:00:16] ==========================================
[15:00:16] [+] Stopping VM...
[15:00:19] [+] Reverting to CleanFamily5...
[15:00:20]     -> Reverted
[15:00:20] [+] Starting VM...
[15:00:38] [+] Waiting 20s for boot...
[15:00:58] [+] Launching 5 benign processes: PowerShell, Chrome, Paint, Calculator, TaskManager
[15:00:58]     -> PowerShell launched
[15:01:14]   [vmrun] -gu error: Error: A file was not found
[15:01:14]     [!] Chrome failed to launch (exit -1) - skipping it
[15:01:30]     -> Paint launched
[15:01:46]     -> Calculator launched
[15:02:01]     -> TaskManager launched
[15:02:16]     -> Benign process list saved to benign_processes.txt
[15:02:16] [+] Sleeping 101s (target T+180s)...
[15:03:57] [+] Snapshot at T+180s: Benign_T180_rep08_150357
[15:05:04]     -> Taken
[15:05:04] [+] Waiting 30s for VMware to flush vmem...
[15:05:34]   [VMEM] Copying -> D:\Patrick\VMSnapshots\Datasets\Benign_20260409_121408\T180_rep08\Benign_T180_rep08_150357.vmem
[15:05:46]   [VMEM] Copied 2048 MB
[15:05:48] [+] Run 40 complete.
[15:05:48] 
[15:05:48] ==========================================
[15:05:48]  RUN 41 / 250 - Benign @ T+15s (rep 9)
[15:05:48] ==========================================
[15:05:48] [+] Stopping VM...
[15:05:52] [+] Reverting to CleanFamily5...
[15:05:53]     -> Reverted
[15:05:53] [+] Starting VM...
[15:06:10] [+] Waiting 20s for boot...
[15:06:30] [+] Launching 5 benign processes: Firefox, Word, TaskManager, CMD, PowerShell
[15:06:31]     -> Firefox launched
[15:06:47]   [vmrun] -gu error: Error: A file was not found
[15:06:47]     [!] Word failed to launch (exit -1) - skipping it
[15:07:03]     -> TaskManager launched
[15:07:18]     -> CMD launched
[15:07:34]     -> PowerShell launched
[15:07:49]     -> Benign process list saved to benign_processes.txt
[15:07:49] [+] Snapshot at T+79s: Benign_T015_rep09_150749
[15:08:47]     -> Taken
[15:08:47] [+] Waiting 30s for VMware to flush vmem...
[15:09:17]   [VMEM] Copying -> D:\Patrick\VMSnapshots\Datasets\Benign_20260409_121408\T015_rep09\Benign_T015_rep09_150749.vmem
[15:09:27]   [VMEM] Copied 2048 MB
[15:09:30] [+] Run 41 complete.
[15:09:30] 
[15:09:30] ==========================================
[15:09:30]  RUN 42 / 250 - Benign @ T+30s (rep 9)
[15:09:30] ==========================================
[15:09:30] [+] Stopping VM...
[15:09:33] [+] Reverting to CleanFamily5...
[15:09:34]     -> Reverted
[15:09:34] [+] Starting VM...
[15:09:52] [+] Waiting 20s for boot...
[15:10:12] [+] Launching 5 benign processes: TaskManager, Explorer, Excel, SnippingTool, Notepad
[15:10:13]     -> TaskManager launched
[15:10:28]     -> Explorer launched
[15:10:44]   [vmrun] -gu error: Error: A file was not found
[15:10:44]     [!] Excel failed to launch (exit -1) - skipping it
[15:11:00]     -> SnippingTool launched
[15:11:16]     -> Notepad launched
[15:11:31]     -> Benign process list saved to benign_processes.txt
[15:11:31] [+] Snapshot at T+79s: Benign_T030_rep09_151131
[15:12:29]     -> Taken
[15:12:29] [+] Waiting 30s for VMware to flush vmem...
[15:12:59]   [VMEM] Copying -> D:\Patrick\VMSnapshots\Datasets\Benign_20260409_121408\T030_rep09\Benign_T030_rep09_151131.vmem
[15:13:08]   [VMEM] Copied 2048 MB
[15:13:11] [+] Run 42 complete.
[15:13:11] 
[15:13:11] ==========================================
[15:13:11]  RUN 43 / 250 - Benign @ T+60s (rep 9)
[15:13:11] ==========================================
[15:13:11] [+] Stopping VM...
[15:13:15] [+] Reverting to CleanFamily5...
[15:13:16]     -> Reverted
[15:13:16] [+] Starting VM...
[15:13:33] [+] Waiting 20s for boot...
[15:13:53] [+] Launching 5 benign processes: TaskManager, Excel, Calculator, MediaPlayer, Explorer
[15:13:54]     -> TaskManager launched
[15:14:09]   [vmrun] -gu error: Error: A file was not found
[15:14:09]     [!] Excel failed to launch (exit -1) - skipping it
[15:14:25]     -> Calculator launched
[15:14:41]     -> MediaPlayer launched
[15:14:57]     -> Explorer launched
[15:15:12]     -> Benign process list saved to benign_processes.txt
[15:15:12] [+] Snapshot at T+79s: Benign_T060_rep09_151512
[15:16:11]     -> Taken
[15:16:11] [+] Waiting 30s for VMware to flush vmem...
[15:16:41]   [VMEM] Copying -> D:\Patrick\VMSnapshots\Datasets\Benign_20260409_121408\T060_rep09\Benign_T060_rep09_151512.vmem
[15:16:52]   [VMEM] Copied 2048 MB
[15:16:54] [+] Run 43 complete.
[15:16:54] 
[15:16:54] ==========================================
[15:16:54]  RUN 44 / 250 - Benign @ T+120s (rep 9)
[15:16:54] ==========================================
[15:16:54] [+] Stopping VM...
[15:16:58] [+] Reverting to CleanFamily5...
[15:16:59]     -> Reverted
[15:16:59] [+] Starting VM...
[15:17:16] [+] Waiting 20s for boot...
[15:17:36] [+] Launching 5 benign processes: Chrome, MediaPlayer, PowerShell, SnippingTool, TaskManager
[15:17:37]   [vmrun] -gu error: Error: A file was not found
[15:17:37]     [!] Chrome failed to launch (exit -1) - skipping it
[15:17:52]     -> MediaPlayer launched
[15:18:08]     -> PowerShell launched
[15:18:24]     -> SnippingTool launched
[15:18:40]     -> TaskManager launched
[15:18:55]     -> Benign process list saved to benign_processes.txt
[15:18:55] [+] Sleeping 41s (target T+120s)...
[15:19:36] [+] Snapshot at T+120s: Benign_T120_rep09_151936
[15:20:41]     -> Taken
[15:20:41] [+] Waiting 30s for VMware to flush vmem...
[15:21:11]   [VMEM] Copying -> D:\Patrick\VMSnapshots\Datasets\Benign_20260409_121408\T120_rep09\Benign_T120_rep09_151936.vmem
[15:21:20]   [VMEM] Copied 2048 MB
[15:21:23] [+] Run 44 complete.
[15:21:23] 
[15:21:23] ==========================================
[15:21:23]  RUN 45 / 250 - Benign @ T+180s (rep 9)
[15:21:23] ==========================================
[15:21:23] [+] Stopping VM...
[15:21:26] [+] Reverting to CleanFamily5...
[15:21:27]     -> Reverted
[15:21:27] [+] Starting VM...
[15:21:42] [+] Waiting 20s for boot...
[15:22:02] [+] Launching 5 benign processes: CMD, MediaPlayer, PowerShell, Explorer, Word
[15:22:03]     -> CMD launched
[15:22:19]     -> MediaPlayer launched
[15:22:34]     -> PowerShell launched
[15:22:50]     -> Explorer launched
[15:23:06]   [vmrun] -gu error: Error: A file was not found
[15:23:06]     [!] Word failed to launch (exit -1) - skipping it
[15:23:21]     -> Benign process list saved to benign_processes.txt
[15:23:21] [+] Sleeping 101s (target T+180s)...
[15:25:02] [+] Snapshot at T+180s: Benign_T180_rep09_152502
[15:26:22]     -> Taken
[15:26:22] [+] Waiting 30s for VMware to flush vmem...
[15:26:53]   [VMEM] Copying -> D:\Patrick\VMSnapshots\Datasets\Benign_20260409_121408\T180_rep09\Benign_T180_rep09_152502.vmem
[15:27:00]   [VMEM] Copied 2048 MB
[15:27:03] [+] Run 45 complete.
[15:27:03] 
[15:27:03] ==========================================
[15:27:03]  RUN 46 / 250 - Benign @ T+15s (rep 10)
[15:27:03] ==========================================
[15:27:03] [+] Stopping VM...
[15:27:07] [+] Reverting to CleanFamily5...
[15:27:07]     -> Reverted
[15:27:07] [+] Starting VM...
[15:27:25] [+] Waiting 20s for boot...
[15:27:45] [+] Launching 5 benign processes: Word, Calculator, Explorer, Firefox, PowerShell
[15:27:46]   [vmrun] -gu error: Error: A file was not found
[15:27:46]     [!] Word failed to launch (exit -1) - skipping it
[15:28:01]     -> Calculator launched
[15:28:17]     -> Explorer launched
[15:28:33]     -> Firefox launched
[15:28:49]     -> PowerShell launched
[15:29:04]     -> Benign process list saved to benign_processes.txt
[15:29:04] [+] Snapshot at T+79s: Benign_T015_rep10_152904
[15:30:01]     -> Taken
[15:30:01] [+] Waiting 30s for VMware to flush vmem...
[15:30:31]   [VMEM] Copying -> D:\Patrick\VMSnapshots\Datasets\Benign_20260409_121408\T015_rep10\Benign_T015_rep10_152904.vmem
[15:30:38]   [VMEM] Copied 2048 MB
[15:30:42] [+] Run 46 complete.
[15:30:42] 
[15:30:42] ==========================================
[15:30:42]  RUN 47 / 250 - Benign @ T+30s (rep 10)
[15:30:42] ==========================================
[15:30:42] [+] Stopping VM...
[15:30:45] [+] Reverting to CleanFamily5...
[15:30:46]     -> Reverted
[15:30:46] [+] Starting VM...
[15:31:04] [+] Waiting 20s for boot...
[15:31:24] [+] Launching 5 benign processes: Firefox, Notepad, Excel, SnippingTool, Explorer
[15:31:25]     -> Firefox launched
[15:31:41]     -> Notepad launched
[15:31:56]   [vmrun] -gu error: Error: A file was not found
[15:31:56]     [!] Excel failed to launch (exit -1) - skipping it
[15:32:12]     -> SnippingTool launched
[15:32:28]     -> Explorer launched
[15:32:43]     -> Benign process list saved to benign_processes.txt
[15:32:43] [+] Snapshot at T+79s: Benign_T030_rep10_153243
[15:33:40]     -> Taken
[15:33:40] [+] Waiting 30s for VMware to flush vmem...
[15:34:10]   [VMEM] Copying -> D:\Patrick\VMSnapshots\Datasets\Benign_20260409_121408\T030_rep10\Benign_T030_rep10_153243.vmem
[15:34:18]   [VMEM] Copied 2048 MB
[15:34:21] [+] Run 47 complete.
[15:34:21] 
[15:34:21] ==========================================
[15:34:21]  RUN 48 / 250 - Benign @ T+60s (rep 10)
[15:34:21] ==========================================
[15:34:21] [+] Stopping VM...
[15:34:25] [+] Reverting to CleanFamily5...
[15:34:26]     -> Reverted
[15:34:26] [+] Starting VM...
[15:34:43] [+] Waiting 20s for boot...
[15:35:03] [+] Launching 5 benign processes: Word, Explorer, Excel, Chrome, SnippingTool
[15:35:04]   [vmrun] -gu error: Error: A file was not found
[15:35:04]     [!] Word failed to launch (exit -1) - skipping it
[15:35:20]     -> Explorer launched
[15:35:35]   [vmrun] -gu error: Error: A file was not found
[15:35:35]     [!] Excel failed to launch (exit -1) - skipping it
[15:35:51]   [vmrun] -gu error: Error: A file was not found
[15:35:51]     [!] Chrome failed to launch (exit -1) - skipping it
[15:36:07]     -> SnippingTool launched
[15:36:22]     -> Benign process list saved to benign_processes.txt
[15:36:22] [+] Snapshot at T+79s: Benign_T060_rep10_153622
[15:37:21]     -> Taken
[15:37:21] [+] Waiting 30s for VMware to flush vmem...
[15:37:51]   [VMEM] Copying -> D:\Patrick\VMSnapshots\Datasets\Benign_20260409_121408\T060_rep10\Benign_T060_rep10_153622.vmem
[15:38:11]   [VMEM] Copied 2048 MB
[15:38:14] [+] Run 48 complete.
[15:38:14] 
[15:38:14] ==========================================
[15:38:14]  RUN 49 / 250 - Benign @ T+120s (rep 10)
[15:38:14] ==========================================
[15:38:14] [+] Stopping VM...
[15:38:17] [+] Reverting to CleanFamily5...
[15:38:18]     -> Reverted
[15:38:18] [+] Starting VM...
[15:38:35] [+] Waiting 20s for boot...
[15:38:55] [+] Launching 5 benign processes: Explorer, MediaPlayer, Firefox, Chrome, WordPad
[15:38:56]     -> Explorer launched
[15:39:12]     -> MediaPlayer launched
[15:39:28]     -> Firefox launched
[15:39:43]   [vmrun] -gu error: Error: A file was not found
[15:39:43]     [!] Chrome failed to launch (exit -1) - skipping it
[15:39:59]     -> WordPad launched
[15:40:14]     -> Benign process list saved to benign_processes.txt
[15:40:14] [+] Sleeping 41s (target T+120s)...
[15:40:55] [+] Snapshot at T+120s: Benign_T120_rep10_154055
[15:41:51]     -> Taken
[15:41:51] [+] Waiting 30s for VMware to flush vmem...
[15:42:21]   [VMEM] Copying -> D:\Patrick\VMSnapshots\Datasets\Benign_20260409_121408\T120_rep10\Benign_T120_rep10_154055.vmem
[15:42:33]   [VMEM] Copied 2048 MB
[15:42:36] [+] Run 49 complete.
[15:42:36] 
[15:42:36] ==========================================
[15:42:36]  RUN 50 / 250 - Benign @ T+180s (rep 10)
[15:42:36] ==========================================
[15:42:36] [+] Stopping VM...
[15:42:39] [+] Reverting to CleanFamily5...
[15:42:40]     -> Reverted
[15:42:40] [+] Starting VM...
[15:42:55] [+] Waiting 20s for boot...
[15:43:15] [+] Launching 5 benign processes: Notepad, MediaPlayer, TaskManager, Word, Calculator
[15:43:16]     -> Notepad launched
[15:43:31]     -> MediaPlayer launched
[15:43:47]     -> TaskManager launched
[15:44:03]   [vmrun] -gu error: Error: A file was not found
[15:44:03]     [!] Word failed to launch (exit -1) - skipping it
[15:44:19]     -> Calculator launched
[15:44:34]     -> Benign process list saved to benign_processes.txt
[15:44:34] [+] Sleeping 101s (target T+180s)...
[15:46:15] [+] Snapshot at T+180s: Benign_T180_rep10_154615
[15:47:31]     -> Taken
[15:47:31] [+] Waiting 30s for VMware to flush vmem...
[15:48:01]   [VMEM] Copying -> D:\Patrick\VMSnapshots\Datasets\Benign_20260409_121408\T180_rep10\Benign_T180_rep10_154615.vmem
[15:48:17]   [VMEM] Copied 2048 MB
[15:48:19] [+] Run 50 complete.
[15:48:19] 
[15:48:19] ==========================================
[15:48:19]  RUN 51 / 250 - Benign @ T+15s (rep 11)
[15:48:19] ==========================================
[15:48:19] [+] Stopping VM...
