==================================================
 Volatility 3 Feature Extraction
 Family:    Cerber
 Snapshot:  /mnt/d/Patrick/VMSnapshots/Cerber_20260326_150808/T180_rep02/Cerber_T180_rep02.vmem
 Started:   2026-03-29 18:08:45
==================================================

[+] Running windows.pstree to find Cerber PIDs (hints: ['cerber'])...
    -> Parsed 90 processes
    [!] No Cerber processes found. Running without PID filter.

[+] Running windows.pslist...
    90 rows

[+] Running windows.psscan...
    97 rows

[+] Running windows.cmdline...
    90 rows

[+] Running windows.dlllist...
    4798 rows

[+] Running windows.ldrmodules...
    70 rows

[+] Running windows.malfind...
    1 rows

[+] Running windows.vadinfo...
    16028 rows

[+] Running windows.handles...
    36200 rows

[+] Running windows.filescan...
    4267 rows

[+] Running windows.svcscan...
    1426 rows

[+] Running windows.privileges...
    3150 rows

[+] Running windows.netstat...
    41 rows

[✓] CSV saved: /mnt/d/Patrick/VMSnapshots/Cerber_20260326_150808/T180_rep02/vol3_combined.csv
[✓] Total rows: 66258
[+] Done. Total time: 0:07:49.443991
[+] Output directory: /mnt/d/Patrick/VMSnapshots/Cerber_20260326_150808/T180_rep02
