==================================================
 Volatility 3 Feature Extraction
 Family:    Benign
 Snapshot:  /mnt/d/Patrick/VMSnapshots/Datasets/Benign_20260409_121408/T030_rep07/Benign_T030_rep07_142810.vmem
 Started:   2026-04-09 17:53:15
==================================================

[+] Benign family — no PID filter, capturing all processes.
[+] Done: windows.pslist
[+] Done: windows.privileges
[+] Done: windows.netstat
[+] Done: windows.cmdline
[+] Done: windows.dlllist
[+] Done: windows.svcscan
[+] Done: windows.psscan
[+] Done: windows.ldrmodules
[+] Done: windows.filescan
[+] Done: windows.handles
[+] Done: windows.malfind
[+] Done: windows.vadinfo
    windows.pslist: 98 rows
    windows.psscan: 105 rows
    windows.cmdline: 98 rows
    windows.dlllist: 5136 rows
    windows.ldrmodules: 510 rows
    windows.malfind: 3 rows
    windows.vadinfo: 17580 rows
    windows.handles: 39061 rows
    windows.filescan: 6000 rows
    windows.svcscan: 1409 rows
    windows.privileges: 3430 rows
    windows.netstat: 40 rows

[✓] CSV saved: /mnt/d/Patrick/VMSnapshots/Datasets/Benign_20260409_121408/T030_rep07/vol3_combined.csv
[✓] Total rows: 73470
[+] Done. Total time: 0:04:02.975234
[+] Output directory: /mnt/d/Patrick/VMSnapshots/Datasets/Benign_20260409_121408/T030_rep07
