==================================================
 Volatility 3 Feature Extraction
 Family:    Benign
 Snapshot:  /mnt/d/Patrick/VMSnapshots/Datasets/Benign_20260409_121408/T060_rep01/Benign_T060_rep01_122323.vmem
 Started:   2026-04-09 18:10:39
==================================================

[+] Benign family — no PID filter, capturing all processes.
[+] Done: windows.pslist
[+] Done: windows.privileges
[+] Done: windows.netstat
[+] Done: windows.cmdline
[+] Done: windows.dlllist
[+] Done: windows.svcscan
[+] Done: windows.psscan
[+] Done: windows.ldrmodules
[+] Done: windows.filescan
[+] Done: windows.handles
[+] Done: windows.malfind
[+] Done: windows.vadinfo
    windows.pslist: 96 rows
    windows.psscan: 109 rows
    windows.cmdline: 96 rows
    windows.dlllist: 5029 rows
    windows.ldrmodules: 121 rows
    windows.malfind: 4 rows
    windows.vadinfo: 17042 rows
    windows.handles: 38296 rows
    windows.filescan: 5868 rows
    windows.svcscan: 1399 rows
    windows.privileges: 3360 rows
    windows.netstat: 40 rows

[✓] CSV saved: /mnt/d/Patrick/VMSnapshots/Datasets/Benign_20260409_121408/T060_rep01/vol3_combined.csv
[✓] Total rows: 71460
[+] Done. Total time: 0:03:50.285171
[+] Output directory: /mnt/d/Patrick/VMSnapshots/Datasets/Benign_20260409_121408/T060_rep01
