==================================================
 Volatility 3 Feature Extraction
 Family:    Cerber
 Snapshot:  /mnt/d/Patrick/VMSnapshots/Cerber_20260326_150808/T015_rep05/Cerber_T015_rep05.vmem
 Started:   2026-03-29 16:01:36
==================================================

[+] Running windows.pstree to find Cerber PIDs (hints: ['cerber'])...
    -> Parsed 94 processes
    [!] No Cerber processes found. Running without PID filter.

[+] Running windows.pslist...
    94 rows

[+] Running windows.psscan...
    96 rows

[+] Running windows.cmdline...
    94 rows

[+] Running windows.dlllist...
    5265 rows

[+] Running windows.ldrmodules...
    1146 rows

[+] Running windows.malfind...
    6 rows

[+] Running windows.vadinfo...
    16704 rows

[+] Running windows.handles...
    40770 rows

[+] Running windows.filescan...
    4601 rows

[+] Running windows.svcscan...
    1395 rows

[+] Running windows.privileges...
    3290 rows

[+] Running windows.netstat...
    39 rows

[✓] CSV saved: /mnt/d/Patrick/VMSnapshots/Cerber_20260326_150808/T015_rep05/vol3_combined.csv
[✓] Total rows: 73500
[+] Done. Total time: 0:08:00.936377
[+] Output directory: /mnt/d/Patrick/VMSnapshots/Cerber_20260326_150808/T015_rep05
