==================================================
 Volatility 3 Feature Extraction
 Family:    WannaCry
 Snapshot:  /mnt/d/Patrick/VMSnapshots/WannaCry_20260326_193131/T030_rep03/WannaCry_T030_rep03.vmem
 Started:   2026-03-29 14:45:15
==================================================

[+] Running windows.pstree to find WannaCry PIDs (hints: ['wannacry', 'tasksche', 'mssecsvc'])...
==================================================
 Volatility 3 Feature Extraction
 Family:    WannaCry
 Snapshot:  /mnt/d/Patrick/VMSnapshots/WannaCry_20260326_193131/T030_rep03/WannaCry_T030_rep03.vmem
 Started:   2026-03-29 14:47:51
==================================================

[+] Running windows.pstree to find WannaCry PIDs (hints: ['wannacry', 'tasksche', 'mssecsvc'])...
==================================================
 Volatility 3 Feature Extraction
 Family:    WannaCry
 Snapshot:  /mnt/d/Patrick/VMSnapshots/WannaCry_20260326_193131/T030_rep03/WannaCry_T030_rep03.vmem
 Started:   2026-03-29 19:46:17
==================================================

[+] Running windows.pstree to find WannaCry PIDs (hints: ['wannacry', 'tasksche', 'mssecsvc'])...
    -> Parsed 96 processes
    [+] Found WannaCry process: WannaCry.exe PID=428
    [+] Added child: @WanaDecryptor PID=7272
    [+] Added child: taskhsvc.exe PID=3256
    [+] Added child: conhost.exe PID=3380
    [+] Total WannaCry PIDs: ['428', '3256', '3380', '7272']

[+] Running windows.pslist...
    4 rows

[+] Running windows.psscan...
    4 rows

[+] Running windows.cmdline...
    4 rows

[+] Running windows.dlllist...
    136 rows

[+] Running windows.ldrmodules...
    138 rows

[+] Running windows.malfind...
    4 rows

[+] Running windows.vadinfo...
    336 rows

[+] Running windows.handles...
    630 rows

[+] Running windows.filescan...
    4057 rows

[+] Running windows.svcscan...
    49087 rows

[+] Running windows.privileges...
    140 rows

[+] Running windows.netstat...
    3 rows

[✓] CSV saved: /mnt/d/Patrick/VMSnapshots/WannaCry_20260326_193131/T030_rep03/vol3_combined.csv
[✓] Total rows: 54543
[+] Done. Total time: 0:11:32.037537
[+] Output directory: /mnt/d/Patrick/VMSnapshots/WannaCry_20260326_193131/T030_rep03
