==================================================
 Volatility 3 Feature Extraction
 Family:    Jigsaw
 Snapshot:  /mnt/d/Patrick/VMSnapshots/Jigsaw_20260330_052031/T120_rep02/Jigsaw_T120_rep02.vmem
 Started:   2026-03-30 15:56:49
==================================================

[+] Running windows.pstree to find Jigsaw PIDs (hints: ['jigsaw'])...
    -> Parsed 90 processes
    [!] No Jigsaw processes found. Running without PID filter.
[+] Done: windows.privileges
[+] Done: windows.pslist
[+] Done: windows.cmdline
[+] Done: windows.netstat
[+] Done: windows.dlllist
[+] Done: windows.svcscan
[+] Done: windows.psscan
[+] Done: windows.ldrmodules
[+] Done: windows.filescan
[+] Done: windows.handles
[+] Done: windows.malfind
[+] Done: windows.vadinfo
    windows.pslist: 90 rows
    windows.psscan: 97 rows
    windows.cmdline: 90 rows
    windows.dlllist: 5148 rows
    windows.ldrmodules: 220 rows
    windows.malfind: 4 rows
    windows.vadinfo: 15918 rows
    windows.handles: 37568 rows
    windows.filescan: 5720 rows
    windows.svcscan: 1388 rows
    windows.privileges: 3150 rows
    windows.netstat: 40 rows

[✓] CSV saved: /mnt/d/Patrick/VMSnapshots/Jigsaw_20260330_052031/T120_rep02/vol3_combined.csv
[✓] Total rows: 69433
[+] Done. Total time: 0:03:29.686163
[+] Output directory: /mnt/d/Patrick/VMSnapshots/Jigsaw_20260330_052031/T120_rep02
