[17:10:20] ============================================
[17:10:20]  Jigsaw Collection Session
[17:10:20]  Guest path:  C:\Malware\Jigsaw\jigsaw
[17:10:20]  Runs/offset: 5
[17:10:20]  Offsets:     15s, 30s, 60s, 120s, 180s, 240s
[17:10:20]  Total runs:  30
[17:10:20]  Output:      D:\Patrick\VMSnapshots\Jigsaw_20260326_171020
[17:10:20] ============================================
[17:10:20] 
[17:10:20] ==========================================
[17:10:20]  RUN 1 / 30 - Jigsaw @ T+15s (rep 1)
[17:10:20] ==========================================
[17:10:20] [+] Stopping VM...
[17:10:21]   [vmrun] stop error: Error: The virtual machine is not powered on: C:\Users\Patrick\Documents\Virtual Machines\Windows 10 x64\Windows 10 x64.vmx
[17:10:23] [+] Reverting to CleanFamily3...
[17:10:23]     -> Reverted
[17:10:23] [+] Starting VM...
[17:10:36] [+] Waiting 20s for boot...
[17:10:56] [+] Launching Jigsaw...
[17:10:57]     -> Jigsaw launched
[17:10:57] [+] Sleeping 14s (target T+15s)...
[17:11:11] [+] Snapshot at T+15s: Jigsaw_T015_rep01
[17:12:02]     -> Taken
[17:12:02] [+] Waiting 30s for VMware to flush vmem...
[17:12:32]   [VMEM] Copying -> D:\Patrick\VMSnapshots\Jigsaw_20260326_171020\T015_rep01\Jigsaw_T015_rep01.vmem
[17:12:55]   [VMEM] Copied 2048 MB
[17:12:57] [+] Run 1 complete.
[17:12:57] 
[17:12:57] ==========================================
[17:12:57]  RUN 2 / 30 - Jigsaw @ T+30s (rep 1)
[17:12:57] ==========================================
[17:12:57] [+] Stopping VM...
[17:13:00] [+] Reverting to CleanFamily3...
[17:13:01]     -> Reverted
[17:13:01] [+] Starting VM...
[17:13:09] [+] Waiting 20s for boot...
[17:13:29] [+] Launching Jigsaw...
[17:13:29]     -> Jigsaw launched
[17:13:29] [+] Sleeping 29s (target T+30s)...
[17:13:58] [+] Snapshot at T+30s: Jigsaw_T030_rep01
[17:14:48]     -> Taken
[17:14:48] [+] Waiting 30s for VMware to flush vmem...
[17:15:18]   [VMEM] Copying -> D:\Patrick\VMSnapshots\Jigsaw_20260326_171020\T030_rep01\Jigsaw_T030_rep01.vmem
[17:15:39]   [VMEM] Copied 2048 MB
[17:15:40] [+] Run 2 complete.
[17:15:40] 
[17:15:40] ==========================================
[17:15:40]  RUN 3 / 30 - Jigsaw @ T+60s (rep 1)
[17:15:40] ==========================================
[17:15:40] [+] Stopping VM...
[17:15:44] [+] Reverting to CleanFamily3...
[17:15:44]     -> Reverted
[17:15:44] [+] Starting VM...
[17:15:52] [+] Waiting 20s for boot...
[17:16:12] [+] Launching Jigsaw...
[17:16:12]     -> Jigsaw launched
[17:16:12] [+] Sleeping 59s (target T+60s)...
[17:17:11] [+] Snapshot at T+60s: Jigsaw_T060_rep01
[17:18:09]     -> Taken
[17:18:09] [+] Waiting 30s for VMware to flush vmem...
[17:18:39]   [VMEM] Copying -> D:\Patrick\VMSnapshots\Jigsaw_20260326_171020\T060_rep01\Jigsaw_T060_rep01.vmem
[17:19:03]   [VMEM] Copied 2048 MB
[17:19:05] [+] Run 3 complete.
[17:19:05] 
[17:19:05] ==========================================
[17:19:05]  RUN 4 / 30 - Jigsaw @ T+120s (rep 1)
[17:19:05] ==========================================
[17:19:05] [+] Stopping VM...
[17:19:08] [+] Reverting to CleanFamily3...
[17:19:09]     -> Reverted
[17:19:09] [+] Starting VM...
[17:19:17] [+] Waiting 20s for boot...
[17:19:37] [+] Launching Jigsaw...
[17:19:37]     -> Jigsaw launched
[17:19:37] [+] Sleeping 119s (target T+120s)...
[17:21:36] [+] Snapshot at T+120s: Jigsaw_T120_rep01
[17:22:37]     -> Taken
[17:22:37] [+] Waiting 30s for VMware to flush vmem...
[17:23:07]   [VMEM] Copying -> D:\Patrick\VMSnapshots\Jigsaw_20260326_171020\T120_rep01\Jigsaw_T120_rep01.vmem
[17:23:32]   [VMEM] Copied 2048 MB
[17:23:37] [+] Run 4 complete.
[17:23:37] 
[17:23:37] ==========================================
[17:23:37]  RUN 5 / 30 - Jigsaw @ T+180s (rep 1)
[17:23:37] ==========================================
[17:23:37] [+] Stopping VM...
[17:23:41] [+] Reverting to CleanFamily3...
[17:23:42]     -> Reverted
[17:23:42] [+] Starting VM...
[17:23:55] [+] Waiting 20s for boot...
[17:24:15] [+] Launching Jigsaw...
[17:24:15]     -> Jigsaw launched
[17:24:15] [+] Sleeping 179s (target T+180s)...
[17:27:14] [+] Snapshot at T+180s: Jigsaw_T180_rep01
[17:28:21]     -> Taken
[17:28:21] [+] Waiting 30s for VMware to flush vmem...
[17:28:51]   [VMEM] Copying -> D:\Patrick\VMSnapshots\Jigsaw_20260326_171020\T180_rep01\Jigsaw_T180_rep01.vmem
[17:28:59]   [VMEM] Copied 2048 MB
[17:29:09] [+] Run 5 complete.
[17:29:09] 
[17:29:09] ==========================================
[17:29:09]  RUN 6 / 30 - Jigsaw @ T+240s (rep 1)
[17:29:09] ==========================================
[17:29:09] [+] Stopping VM...
[17:29:13] [+] Reverting to CleanFamily3...
[17:29:14]     -> Reverted
[17:29:14] [+] Starting VM...
[17:29:27] [+] Waiting 20s for boot...
[17:29:47] [+] Launching Jigsaw...
[17:29:48]     -> Jigsaw launched
[17:29:48] [+] Sleeping 239s (target T+240s)...
[17:33:47] [+] Snapshot at T+240s: Jigsaw_T240_rep01
[17:34:33]     -> Taken
[17:34:33] [+] Waiting 30s for VMware to flush vmem...
[17:35:03]   [VMEM] Copying -> D:\Patrick\VMSnapshots\Jigsaw_20260326_171020\T240_rep01\Jigsaw_T240_rep01.vmem
[17:35:10]   [VMEM] Copied 2048 MB
[17:35:30] [+] Run 6 complete.
[17:35:30] 
[17:35:30] ==========================================
[17:35:30]  RUN 7 / 30 - Jigsaw @ T+15s (rep 2)
[17:35:30] ==========================================
[17:35:30] [+] Stopping VM...
[17:35:33] [+] Reverting to CleanFamily3...
[17:35:34]     -> Reverted
[17:35:34] [+] Starting VM...
[17:35:47] [+] Waiting 20s for boot...
[17:36:08] [+] Launching Jigsaw...
[17:36:08]     -> Jigsaw launched
[17:36:08] [+] Sleeping 14s (target T+15s)...
[17:36:22] [+] Snapshot at T+15s: Jigsaw_T015_rep02
[17:37:13]     -> Taken
[17:37:13] [+] Waiting 30s for VMware to flush vmem...
[17:37:43]   [VMEM] Copying -> D:\Patrick\VMSnapshots\Jigsaw_20260326_171020\T015_rep02\Jigsaw_T015_rep02.vmem
[17:38:05]   [VMEM] Copied 2048 MB
[17:38:07] [+] Run 7 complete.
[17:38:07] 
[17:38:07] ==========================================
[17:38:07]  RUN 8 / 30 - Jigsaw @ T+30s (rep 2)
[17:38:07] ==========================================
[17:38:07] [+] Stopping VM...
[17:38:13] [+] Reverting to CleanFamily3...
[17:38:14]     -> Reverted
[17:38:14] [+] Starting VM...
[17:38:21] [+] Waiting 20s for boot...
[17:38:41] [+] Launching Jigsaw...
[17:38:42]     -> Jigsaw launched
[17:38:42] [+] Sleeping 29s (target T+30s)...
[17:39:11] [+] Snapshot at T+30s: Jigsaw_T030_rep02
[17:40:00]     -> Taken
[17:40:00] [+] Waiting 30s for VMware to flush vmem...
[17:40:30]   [VMEM] Copying -> D:\Patrick\VMSnapshots\Jigsaw_20260326_171020\T030_rep02\Jigsaw_T030_rep02.vmem
[17:40:55]   [VMEM] Copied 2048 MB
[17:40:57] [+] Run 8 complete.
[17:40:57] 
[17:40:57] ==========================================
[17:40:57]  RUN 9 / 30 - Jigsaw @ T+60s (rep 2)
[17:40:57] ==========================================
[17:40:57] [+] Stopping VM...
[17:41:00] [+] Reverting to CleanFamily3...
[17:41:01]     -> Reverted
[17:41:01] [+] Starting VM...
[17:41:09] [+] Waiting 20s for boot...
[17:41:29] [+] Launching Jigsaw...
[17:41:29]     -> Jigsaw launched
[17:41:29] [+] Sleeping 59s (target T+60s)...
[17:42:28] [+] Snapshot at T+60s: Jigsaw_T060_rep02
[17:43:27]     -> Taken
[17:43:27] [+] Waiting 30s for VMware to flush vmem...
[17:43:57]   [VMEM] Copying -> D:\Patrick\VMSnapshots\Jigsaw_20260326_171020\T060_rep02\Jigsaw_T060_rep02.vmem
[17:44:20]   [VMEM] Copied 2048 MB
[17:44:21] [+] Run 9 complete.
[17:44:21] 
[17:44:21] ==========================================
[17:44:21]  RUN 10 / 30 - Jigsaw @ T+120s (rep 2)
[17:44:21] ==========================================
[17:44:21] [+] Stopping VM...
[17:44:25] [+] Reverting to CleanFamily3...
[17:44:26]     -> Reverted
[17:44:26] [+] Starting VM...
[17:44:33] [+] Waiting 20s for boot...
[17:44:53] [+] Launching Jigsaw...
[17:44:54]     -> Jigsaw launched
[17:44:54] [+] Sleeping 119s (target T+120s)...
[17:46:53] [+] Snapshot at T+120s: Jigsaw_T120_rep02
[17:48:00]     -> Taken
[17:48:00] [+] Waiting 30s for VMware to flush vmem...
[17:48:30]   [VMEM] Copying -> D:\Patrick\VMSnapshots\Jigsaw_20260326_171020\T120_rep02\Jigsaw_T120_rep02.vmem
[17:48:52]   [VMEM] Copied 2048 MB
[17:48:59] [+] Run 10 complete.
[17:48:59] 
[17:48:59] ==========================================
[17:48:59]  RUN 11 / 30 - Jigsaw @ T+180s (rep 2)
[17:48:59] ==========================================
[17:48:59] [+] Stopping VM...
[17:49:02] [+] Reverting to CleanFamily3...
[17:49:03]     -> Reverted
[17:49:03] [+] Starting VM...
[17:49:17] [+] Waiting 20s for boot...
[17:49:37] [+] Launching Jigsaw...
[17:49:37]     -> Jigsaw launched
[17:49:37] [+] Sleeping 179s (target T+180s)...
[17:52:36] [+] Snapshot at T+180s: Jigsaw_T180_rep02
[17:53:22]     -> Taken
[17:53:22] [+] Waiting 30s for VMware to flush vmem...
[17:53:52]   [VMEM] Copying -> D:\Patrick\VMSnapshots\Jigsaw_20260326_171020\T180_rep02\Jigsaw_T180_rep02.vmem
[17:53:59]   [VMEM] Copied 2048 MB
[17:54:11] [+] Run 11 complete.
[17:54:11] 
[17:54:11] ==========================================
[17:54:11]  RUN 12 / 30 - Jigsaw @ T+240s (rep 2)
[17:54:11] ==========================================
[17:54:11] [+] Stopping VM...
[17:54:14] [+] Reverting to CleanFamily3...
[17:54:15]     -> Reverted
[17:54:15] [+] Starting VM...
[17:54:29] [+] Waiting 20s for boot...
[17:54:49] [+] Launching Jigsaw...
[17:54:49]     -> Jigsaw launched
[17:54:49] [+] Sleeping 239s (target T+240s)...
[17:58:48] [+] Snapshot at T+240s: Jigsaw_T240_rep02
[17:59:34]     -> Taken
[17:59:34] [+] Waiting 30s for VMware to flush vmem...
[18:00:04]   [VMEM] Copying -> D:\Patrick\VMSnapshots\Jigsaw_20260326_171020\T240_rep02\Jigsaw_T240_rep02.vmem
[18:00:11]   [VMEM] Copied 2048 MB
[18:00:33] [+] Run 12 complete.
[18:00:33] 
[18:00:33] ==========================================
[18:00:33]  RUN 13 / 30 - Jigsaw @ T+15s (rep 3)
[18:00:33] ==========================================
[18:00:33] [+] Stopping VM...
[18:00:37] [+] Reverting to CleanFamily3...
[18:00:38]     -> Reverted
[18:00:38] [+] Starting VM...
[18:00:51] [+] Waiting 20s for boot...
[18:01:11] [+] Launching Jigsaw...
[18:01:12]     -> Jigsaw launched
[18:01:12] [+] Sleeping 14s (target T+15s)...
[18:01:26] [+] Snapshot at T+15s: Jigsaw_T015_rep03
[18:02:18]     -> Taken
[18:02:18] [+] Waiting 30s for VMware to flush vmem...
[18:02:48]   [VMEM] Copying -> D:\Patrick\VMSnapshots\Jigsaw_20260326_171020\T015_rep03\Jigsaw_T015_rep03.vmem
[18:03:17]   [VMEM] Copied 2048 MB
[18:03:19] [+] Run 13 complete.
[18:03:19] 
[18:03:19] ==========================================
[18:03:19]  RUN 14 / 30 - Jigsaw @ T+30s (rep 3)
[18:03:19] ==========================================
[18:03:19] [+] Stopping VM...
[18:03:22] [+] Reverting to CleanFamily3...
[18:03:22]     -> Reverted
[18:03:22] [+] Starting VM...
[18:03:31] [+] Waiting 20s for boot...
[18:03:51] [+] Launching Jigsaw...
[18:03:51]     -> Jigsaw launched
[18:03:51] [+] Sleeping 29s (target T+30s)...
[18:04:20] [+] Snapshot at T+30s: Jigsaw_T030_rep03
[18:05:10]     -> Taken
[18:05:10] [+] Waiting 30s for VMware to flush vmem...
[18:05:40]   [VMEM] Copying -> D:\Patrick\VMSnapshots\Jigsaw_20260326_171020\T030_rep03\Jigsaw_T030_rep03.vmem
[18:06:07]   [VMEM] Copied 2048 MB
[18:06:09] [+] Run 14 complete.
[18:06:09] 
[18:06:09] ==========================================
[18:06:09]  RUN 15 / 30 - Jigsaw @ T+60s (rep 3)
[18:06:09] ==========================================
[18:06:09] [+] Stopping VM...
[18:06:12] [+] Reverting to CleanFamily3...
[18:06:13]     -> Reverted
[18:06:13] [+] Starting VM...
[18:06:21] [+] Waiting 20s for boot...
[18:06:41] [+] Launching Jigsaw...
[18:06:42]     -> Jigsaw launched
[18:06:42] [+] Sleeping 59s (target T+60s)...
[18:07:41] [+] Snapshot at T+60s: Jigsaw_T060_rep03
[18:08:45]     -> Taken
[18:08:45] [+] Waiting 30s for VMware to flush vmem...
[18:09:16]   [VMEM] Copying -> D:\Patrick\VMSnapshots\Jigsaw_20260326_171020\T060_rep03\Jigsaw_T060_rep03.vmem
[18:09:42]   [VMEM] Copied 2048 MB
[18:09:44] [+] Run 15 complete.
[18:09:44] 
[18:09:44] ==========================================
[18:09:44]  RUN 16 / 30 - Jigsaw @ T+120s (rep 3)
[18:09:44] ==========================================
[18:09:44] [+] Stopping VM...
[18:09:53] [+] Reverting to CleanFamily3...
[18:09:53]     -> Reverted
[18:09:53] [+] Starting VM...
[18:10:01] [+] Waiting 20s for boot...
[18:10:21] [+] Launching Jigsaw...
[18:10:22]     -> Jigsaw launched
[18:10:22] [+] Sleeping 119s (target T+120s)...
[18:12:21] [+] Snapshot at T+120s: Jigsaw_T120_rep03
[18:13:28]     -> Taken
[18:13:28] [+] Waiting 30s for VMware to flush vmem...
[18:13:58]   [VMEM] Copying -> D:\Patrick\VMSnapshots\Jigsaw_20260326_171020\T120_rep03\Jigsaw_T120_rep03.vmem
[18:14:20]   [VMEM] Copied 2048 MB
[18:14:27] [+] Run 16 complete.
[18:14:27] 
[18:14:27] ==========================================
[18:14:27]  RUN 17 / 30 - Jigsaw @ T+180s (rep 3)
[18:14:27] ==========================================
[18:14:27] [+] Stopping VM...
[18:14:30] [+] Reverting to CleanFamily3...
[18:14:31]     -> Reverted
[18:14:31] [+] Starting VM...
[18:14:44] [+] Waiting 20s for boot...
[18:15:04] [+] Launching Jigsaw...
[18:15:05]     -> Jigsaw launched
[18:15:05] [+] Sleeping 179s (target T+180s)...
[18:18:04] [+] Snapshot at T+180s: Jigsaw_T180_rep03
[18:18:49]     -> Taken
[18:18:49] [+] Waiting 30s for VMware to flush vmem...
[18:19:19]   [VMEM] Copying -> D:\Patrick\VMSnapshots\Jigsaw_20260326_171020\T180_rep03\Jigsaw_T180_rep03.vmem
[18:19:26]   [VMEM] Copied 2048 MB
[18:19:38] [+] Run 17 complete.
[18:19:38] 
[18:19:38] ==========================================
[18:19:38]  RUN 18 / 30 - Jigsaw @ T+240s (rep 3)
[18:19:38] ==========================================
[18:19:38] [+] Stopping VM...
[18:19:41] [+] Reverting to CleanFamily3...
[18:19:42]     -> Reverted
[18:19:42] [+] Starting VM...
[18:19:56] [+] Waiting 20s for boot...
[18:20:16] [+] Launching Jigsaw...
[18:20:16]     -> Jigsaw launched
[18:20:16] [+] Sleeping 239s (target T+240s)...
[18:24:15] [+] Snapshot at T+240s: Jigsaw_T240_rep03
[18:25:04]     -> Taken
[18:25:04] [+] Waiting 30s for VMware to flush vmem...
[18:25:34]   [VMEM] Copying -> D:\Patrick\VMSnapshots\Jigsaw_20260326_171020\T240_rep03\Jigsaw_T240_rep03.vmem
[18:25:41]   [VMEM] Copied 2048 MB
[18:26:02] [+] Run 18 complete.
[18:26:02] 
[18:26:02] ==========================================
[18:26:02]  RUN 19 / 30 - Jigsaw @ T+15s (rep 4)
[18:26:02] ==========================================
[18:26:02] [+] Stopping VM...
[18:26:05] [+] Reverting to CleanFamily3...
[18:26:06]     -> Reverted
[18:26:06] [+] Starting VM...
[18:26:20] [+] Waiting 20s for boot...
[18:26:40] [+] Launching Jigsaw...
[18:26:40]     -> Jigsaw launched
[18:26:40] [+] Sleeping 14s (target T+15s)...
[18:26:54] [+] Snapshot at T+15s: Jigsaw_T015_rep04
[18:27:45]     -> Taken
[18:27:45] [+] Waiting 30s for VMware to flush vmem...
[18:28:15]   [VMEM] Copying -> D:\Patrick\VMSnapshots\Jigsaw_20260326_171020\T015_rep04\Jigsaw_T015_rep04.vmem
[18:28:39]   [VMEM] Copied 2048 MB
[18:28:42] [+] Run 19 complete.
[18:28:42] 
[18:28:42] ==========================================
[18:28:42]  RUN 20 / 30 - Jigsaw @ T+30s (rep 4)
[18:28:42] ==========================================
[18:28:42] [+] Stopping VM...
[18:28:45] [+] Reverting to CleanFamily3...
[18:28:46]     -> Reverted
[18:28:46] [+] Starting VM...
[18:28:53] [+] Waiting 20s for boot...
[18:29:13] [+] Launching Jigsaw...
[18:29:13]     -> Jigsaw launched
[18:29:13] [+] Sleeping 29s (target T+30s)...
[18:29:42] [+] Snapshot at T+30s: Jigsaw_T030_rep04
[18:30:32]     -> Taken
[18:30:32] [+] Waiting 30s for VMware to flush vmem...
[18:31:02]   [VMEM] Copying -> D:\Patrick\VMSnapshots\Jigsaw_20260326_171020\T030_rep04\Jigsaw_T030_rep04.vmem
[18:31:20]   [VMEM] Copied 2048 MB
[18:31:22] [+] Run 20 complete.
[18:31:22] 
[18:31:22] ==========================================
[18:31:22]  RUN 21 / 30 - Jigsaw @ T+60s (rep 4)
[18:31:22] ==========================================
[18:31:22] [+] Stopping VM...
[18:31:25] [+] Reverting to CleanFamily3...
[18:31:26]     -> Reverted
[18:31:26] [+] Starting VM...
[18:31:35] [+] Waiting 20s for boot...
[18:31:55] [+] Launching Jigsaw...
[18:31:55]     -> Jigsaw launched
[18:31:55] [+] Sleeping 59s (target T+60s)...
[18:32:54] [+] Snapshot at T+60s: Jigsaw_T060_rep04
[18:33:52]     -> Taken
[18:33:52] [+] Waiting 30s for VMware to flush vmem...
[18:34:22]   [VMEM] Copying -> D:\Patrick\VMSnapshots\Jigsaw_20260326_171020\T060_rep04\Jigsaw_T060_rep04.vmem
[18:34:39]   [VMEM] Copied 2048 MB
[18:34:41] [+] Run 21 complete.
[18:34:41] 
[18:34:41] ==========================================
[18:34:41]  RUN 22 / 30 - Jigsaw @ T+120s (rep 4)
[18:34:41] ==========================================
[18:34:41] [+] Stopping VM...
[18:34:44] [+] Reverting to CleanFamily3...
[18:34:45]     -> Reverted
[18:34:45] [+] Starting VM...
[18:34:52] [+] Waiting 20s for boot...
[18:35:12] [+] Launching Jigsaw...
[18:35:13]     -> Jigsaw launched
[18:35:13] [+] Sleeping 119s (target T+120s)...
[18:37:12] [+] Snapshot at T+120s: Jigsaw_T120_rep04
[18:38:13]     -> Taken
[18:38:13] [+] Waiting 30s for VMware to flush vmem...
[18:38:43]   [VMEM] Copying -> D:\Patrick\VMSnapshots\Jigsaw_20260326_171020\T120_rep04\Jigsaw_T120_rep04.vmem
[18:39:05]   [VMEM] Copied 2048 MB
[18:39:11] [+] Run 22 complete.
[18:39:11] 
[18:39:11] ==========================================
[18:39:11]  RUN 23 / 30 - Jigsaw @ T+180s (rep 4)
[18:39:11] ==========================================
[18:39:11] [+] Stopping VM...
[18:39:15] [+] Reverting to CleanFamily3...
[18:39:16]     -> Reverted
[18:39:16] [+] Starting VM...
[18:39:29] [+] Waiting 20s for boot...
[18:39:49] [+] Launching Jigsaw...
[18:39:50]     -> Jigsaw launched
[18:39:50] [+] Sleeping 179s (target T+180s)...
[18:42:49] [+] Snapshot at T+180s: Jigsaw_T180_rep04
[18:43:56]     -> Taken
[18:43:56] [+] Waiting 30s for VMware to flush vmem...
[18:44:26]   [VMEM] Copying -> D:\Patrick\VMSnapshots\Jigsaw_20260326_171020\T180_rep04\Jigsaw_T180_rep04.vmem
[18:44:34]   [VMEM] Copied 2048 MB
[18:44:43] [+] Run 23 complete.
[18:44:43] 
[18:44:43] ==========================================
[18:44:43]  RUN 24 / 30 - Jigsaw @ T+240s (rep 4)
[18:44:43] ==========================================
[18:44:43] [+] Stopping VM...
[18:44:46] [+] Reverting to CleanFamily3...
[18:44:47]     -> Reverted
[18:44:47] [+] Starting VM...
[18:45:00] [+] Waiting 20s for boot...
[18:45:20] [+] Launching Jigsaw...
[18:45:21]     -> Jigsaw launched
[18:45:21] [+] Sleeping 239s (target T+240s)...
[18:49:20] [+] Snapshot at T+240s: Jigsaw_T240_rep04
[18:50:07]     -> Taken
[18:50:07] [+] Waiting 30s for VMware to flush vmem...
[18:50:37]   [VMEM] Copying -> D:\Patrick\VMSnapshots\Jigsaw_20260326_171020\T240_rep04\Jigsaw_T240_rep04.vmem
[18:50:44]   [VMEM] Copied 2048 MB
[18:51:06] [+] Run 24 complete.
[18:51:06] 
[18:51:06] ==========================================
[18:51:06]  RUN 25 / 30 - Jigsaw @ T+15s (rep 5)
[18:51:06] ==========================================
[18:51:06] [+] Stopping VM...
[18:51:09] [+] Reverting to CleanFamily3...
[18:51:10]     -> Reverted
[18:51:10] [+] Starting VM...
[18:51:23] [+] Waiting 20s for boot...
[18:51:43] [+] Launching Jigsaw...
[18:51:44]     -> Jigsaw launched
[18:51:44] [+] Sleeping 14s (target T+15s)...
[18:51:58] [+] Snapshot at T+15s: Jigsaw_T015_rep05
[18:52:51]     -> Taken
[18:52:51] [+] Waiting 30s for VMware to flush vmem...
[18:53:21]   [VMEM] Copying -> D:\Patrick\VMSnapshots\Jigsaw_20260326_171020\T015_rep05\Jigsaw_T015_rep05.vmem
[18:53:43]   [VMEM] Copied 2048 MB
[18:53:45] [+] Run 25 complete.
[18:53:45] 
[18:53:45] ==========================================
[18:53:45]  RUN 26 / 30 - Jigsaw @ T+30s (rep 5)
[18:53:45] ==========================================
[18:53:45] [+] Stopping VM...
[18:53:48] [+] Reverting to CleanFamily3...
[18:53:49]     -> Reverted
[18:53:49] [+] Starting VM...
[18:53:57] [+] Waiting 20s for boot...
[18:54:17] [+] Launching Jigsaw...
[18:54:18]     -> Jigsaw launched
[18:54:18] [+] Sleeping 29s (target T+30s)...
[18:54:47] [+] Snapshot at T+30s: Jigsaw_T030_rep05
[18:55:36]     -> Taken
[18:55:36] [+] Waiting 30s for VMware to flush vmem...
[18:56:06]   [VMEM] Copying -> D:\Patrick\VMSnapshots\Jigsaw_20260326_171020\T030_rep05\Jigsaw_T030_rep05.vmem
[18:56:33]   [VMEM] Copied 2048 MB
[18:56:35] [+] Run 26 complete.
[18:56:35] 
[18:56:35] ==========================================
[18:56:35]  RUN 27 / 30 - Jigsaw @ T+60s (rep 5)
[18:56:35] ==========================================
[18:56:35] [+] Stopping VM...
[18:56:38] [+] Reverting to CleanFamily3...
[18:56:39]     -> Reverted
[18:56:39] [+] Starting VM...
[18:56:47] [+] Waiting 20s for boot...
[18:57:07] [+] Launching Jigsaw...
[18:57:08]     -> Jigsaw launched
[18:57:08] [+] Sleeping 59s (target T+60s)...
[18:58:07] [+] Snapshot at T+60s: Jigsaw_T060_rep05
[18:59:02]     -> Taken
[18:59:02] [+] Waiting 30s for VMware to flush vmem...
[18:59:32]   [VMEM] Copying -> D:\Patrick\VMSnapshots\Jigsaw_20260326_171020\T060_rep05\Jigsaw_T060_rep05.vmem
[18:59:51]   [VMEM] Copied 2048 MB
[18:59:53] [+] Run 27 complete.
[18:59:53] 
[18:59:53] ==========================================
[18:59:53]  RUN 28 / 30 - Jigsaw @ T+120s (rep 5)
[18:59:53] ==========================================
[18:59:53] [+] Stopping VM...
[18:59:56] [+] Reverting to CleanFamily3...
[18:59:57]     -> Reverted
[18:59:57] [+] Starting VM...
[19:00:06] [+] Waiting 20s for boot...
[19:00:26] [+] Launching Jigsaw...
[19:00:26]     -> Jigsaw launched
[19:00:26] [+] Sleeping 119s (target T+120s)...
[19:02:26] [+] Snapshot at T+120s: Jigsaw_T120_rep05
[19:03:25]     -> Taken
[19:03:25] [+] Waiting 30s for VMware to flush vmem...
[19:03:55]   [VMEM] Copying -> D:\Patrick\VMSnapshots\Jigsaw_20260326_171020\T120_rep05\Jigsaw_T120_rep05.vmem
[19:04:23]   [VMEM] Copied 2048 MB
[19:04:25] [+] Run 28 complete.
[19:04:25] 
[19:04:25] ==========================================
[19:04:25]  RUN 29 / 30 - Jigsaw @ T+180s (rep 5)
[19:04:25] ==========================================
[19:04:25] [+] Stopping VM...
[19:04:28] [+] Reverting to CleanFamily3...
[19:04:29]     -> Reverted
[19:04:29] [+] Starting VM...
[19:04:37] [+] Waiting 20s for boot...
[19:04:57] [+] Launching Jigsaw...
[19:04:58]     -> Jigsaw launched
[19:04:58] [+] Sleeping 179s (target T+180s)...
[19:07:57] [+] Snapshot at T+180s: Jigsaw_T180_rep05
[19:08:41]     -> Taken
[19:08:41] [+] Waiting 30s for VMware to flush vmem...
[19:09:11]   [VMEM] Copying -> D:\Patrick\VMSnapshots\Jigsaw_20260326_171020\T180_rep05\Jigsaw_T180_rep05.vmem
[19:09:21]   [VMEM] Copied 2048 MB
[19:09:57] [+] Run 29 complete.
[19:09:57] 
[19:09:57] ==========================================
[19:09:57]  RUN 30 / 30 - Jigsaw @ T+240s (rep 5)
[19:09:57] ==========================================
[19:09:57] [+] Stopping VM...
[19:10:00] [+] Reverting to CleanFamily3...
[19:10:01]     -> Reverted
[19:10:01] [+] Starting VM...
[19:10:15] [+] Waiting 20s for boot...
[19:10:35] [+] Launching Jigsaw...
[19:10:36]     -> Jigsaw launched
[19:10:36] [+] Sleeping 239s (target T+240s)...
[19:14:35] [+] Snapshot at T+240s: Jigsaw_T240_rep05
[19:15:19]     -> Taken
[19:15:19] [+] Waiting 30s for VMware to flush vmem...
[19:15:49]   [VMEM] Copying -> D:\Patrick\VMSnapshots\Jigsaw_20260326_171020\T240_rep05\Jigsaw_T240_rep05.vmem
[19:15:57]   [VMEM] Copied 2048 MB
[19:16:22] [+] Run 30 complete.
[19:16:22] 
[19:16:22] [+] All cycles done. Reverting to clean snapshot...
[19:16:27]     -> Reverted to CleanFamily3
[19:16:27] 
[19:16:27] ============================================
[19:16:27]  Session complete.
[19:16:27]  Family:  Jigsaw
[19:16:27]  Output:  D:\Patrick\VMSnapshots\Jigsaw_20260326_171020
[19:16:27] ============================================
