[03:40:41] ============================================
[03:40:41]  Dharma Collection Session
[03:40:41]  Guest path:  C:\Malware\Dharma\Dharma\Dharma.exe
[03:40:41]  Runs/offset: 5
[03:40:41]  Offsets:     15s, 30s, 60s, 120s, 180s
[03:40:41]  Total runs:  25
[03:40:41]  Output:      D:\Patrick\VMSnapshots\Dharma_20260330_034041
[03:40:41] ============================================
[03:40:41] 
[03:40:41] ==========================================
[03:40:41]  RUN 1 / 25 - Dharma @ T+15s (rep 1)
[03:40:41] ==========================================
[03:40:41] [+] Stopping VM...
[03:40:41]   [vmrun] stop error: Error: The virtual machine is not powered on: C:\Users\Patrick\Documents\Virtual Machines\Windows 10 x64\Windows 10 x64.vmx
[03:40:44] [+] Reverting to CleanFamily5...
[03:40:44]     -> Reverted
[03:40:44] [+] Starting VM...
[03:40:58] [+] Waiting 20s for boot...
[03:41:18] [+] Launching Dharma...
[03:41:19]     -> Dharma launched
[03:41:19] [+] Sleeping 14s (target T+15s)...
[03:41:33] [+] Snapshot at T+15s: Dharma_T015_rep01
[03:42:31]     -> Taken
[03:42:31] [+] Waiting 30s for VMware to flush vmem...
[03:43:01]   [VMEM] Copying -> D:\Patrick\VMSnapshots\Dharma_20260330_034041\T015_rep01\Dharma_T015_rep01.vmem
[03:43:17]   [VMEM] Copied 2048 MB
[03:43:26] [+] Run 1 complete.
[03:43:26] 
[03:43:26] ==========================================
[03:43:26]  RUN 2 / 25 - Dharma @ T+30s (rep 1)
[03:43:26] ==========================================
[03:43:26] [+] Stopping VM...
[03:43:29] [+] Reverting to CleanFamily5...
[03:43:30]     -> Reverted
[03:43:30] [+] Starting VM...
[03:43:45] [+] Waiting 20s for boot...
[03:44:05] [+] Launching Dharma...
[03:44:06]     -> Dharma launched
[03:44:06] [+] Sleeping 29s (target T+30s)...
[03:44:35] [+] Snapshot at T+30s: Dharma_T030_rep01
[03:45:32]     -> Taken
[03:45:32] [+] Waiting 30s for VMware to flush vmem...
[03:46:02]   [VMEM] Copying -> D:\Patrick\VMSnapshots\Dharma_20260330_034041\T030_rep01\Dharma_T030_rep01.vmem
[03:46:14]   [VMEM] Copied 2048 MB
[03:46:19] [+] Run 2 complete.
[03:46:19] 
[03:46:19] ==========================================
[03:46:19]  RUN 3 / 25 - Dharma @ T+60s (rep 1)
[03:46:20] ==========================================
[03:46:20] [+] Stopping VM...
[03:46:23] [+] Reverting to CleanFamily5...
[03:46:24]     -> Reverted
[03:46:24] [+] Starting VM...
[03:46:38] [+] Waiting 20s for boot...
[03:46:58] [+] Launching Dharma...
[03:46:59]     -> Dharma launched
[03:46:59] [+] Sleeping 59s (target T+60s)...
[03:47:58] [+] Snapshot at T+60s: Dharma_T060_rep01
[03:48:57]     -> Taken
[03:48:57] [+] Waiting 30s for VMware to flush vmem...
[03:49:27]   [VMEM] Copying -> D:\Patrick\VMSnapshots\Dharma_20260330_034041\T060_rep01\Dharma_T060_rep01.vmem
[03:49:51]   [VMEM] Copied 2048 MB
[03:49:53] [+] Run 3 complete.
[03:49:53] 
[03:49:53] ==========================================
[03:49:53]  RUN 4 / 25 - Dharma @ T+120s (rep 1)
[03:49:53] ==========================================
[03:49:53] [+] Stopping VM...
[03:49:57] [+] Reverting to CleanFamily5...
[03:49:58]     -> Reverted
[03:49:58] [+] Starting VM...
[03:50:12] [+] Waiting 20s for boot...
[03:50:32] [+] Launching Dharma...
[03:50:32]     -> Dharma launched
[03:50:32] [+] Sleeping 119s (target T+120s)...
[03:52:31] [+] Snapshot at T+120s: Dharma_T120_rep01
[03:53:36]     -> Taken
[03:53:36] [+] Waiting 30s for VMware to flush vmem...
[03:54:06]   [VMEM] Copying -> D:\Patrick\VMSnapshots\Dharma_20260330_034041\T120_rep01\Dharma_T120_rep01.vmem
[03:54:26]   [VMEM] Copied 2048 MB
[03:54:33] [+] Run 4 complete.
[03:54:33] 
[03:54:33] ==========================================
[03:54:33]  RUN 5 / 25 - Dharma @ T+180s (rep 1)
[03:54:33] ==========================================
[03:54:33] [+] Stopping VM...
[03:54:36] [+] Reverting to CleanFamily5...
[03:54:37]     -> Reverted
[03:54:37] [+] Starting VM...
[03:54:55] [+] Waiting 20s for boot...
[03:55:15] [+] Launching Dharma...
[03:55:16]     -> Dharma launched
[03:55:16] [+] Sleeping 179s (target T+180s)...
[03:58:15] [+] Snapshot at T+180s: Dharma_T180_rep01
[03:59:10]     -> Taken
[03:59:10] [+] Waiting 30s for VMware to flush vmem...
[03:59:40]   [VMEM] Copying -> D:\Patrick\VMSnapshots\Dharma_20260330_034041\T180_rep01\Dharma_T180_rep01.vmem
[03:59:51]   [VMEM] Copied 2048 MB
[04:00:38] [+] Run 5 complete.
[04:00:38] 
[04:00:38] ==========================================
[04:00:38]  RUN 6 / 25 - Dharma @ T+15s (rep 2)
[04:00:38] ==========================================
[04:00:38] [+] Stopping VM...
[04:00:42] [+] Reverting to CleanFamily5...
[04:00:43]     -> Reverted
[04:00:43] [+] Starting VM...
[04:00:57] [+] Waiting 20s for boot...
[04:01:17] [+] Launching Dharma...
[04:01:18]     -> Dharma launched
[04:01:18] [+] Sleeping 14s (target T+15s)...
[04:01:32] [+] Snapshot at T+15s: Dharma_T015_rep02
[04:02:32]     -> Taken
[04:02:32] [+] Waiting 30s for VMware to flush vmem...
[04:03:02]   [VMEM] Copying -> D:\Patrick\VMSnapshots\Dharma_20260330_034041\T015_rep02\Dharma_T015_rep02.vmem
[04:03:18]   [VMEM] Copied 2048 MB
[04:03:26] [+] Run 6 complete.
[04:03:26] 
[04:03:26] ==========================================
[04:03:26]  RUN 7 / 25 - Dharma @ T+30s (rep 2)
[04:03:26] ==========================================
[04:03:26] [+] Stopping VM...
[04:03:30] [+] Reverting to CleanFamily5...
[04:03:31]     -> Reverted
[04:03:31] [+] Starting VM...
[04:03:48] [+] Waiting 20s for boot...
[04:04:08] [+] Launching Dharma...
[04:04:09]     -> Dharma launched
[04:04:09] [+] Sleeping 29s (target T+30s)...
[04:04:38] [+] Snapshot at T+30s: Dharma_T030_rep02
[04:05:33]     -> Taken
[04:05:33] [+] Waiting 30s for VMware to flush vmem...
[04:06:03]   [VMEM] Copying -> D:\Patrick\VMSnapshots\Dharma_20260330_034041\T030_rep02\Dharma_T030_rep02.vmem
[04:06:25]   [VMEM] Copied 2048 MB
[04:06:30] [+] Run 7 complete.
[04:06:30] 
[04:06:30] ==========================================
[04:06:30]  RUN 8 / 25 - Dharma @ T+60s (rep 2)
[04:06:30] ==========================================
[04:06:30] [+] Stopping VM...
[04:06:34] [+] Reverting to CleanFamily5...
[04:06:35]     -> Reverted
[04:06:35] [+] Starting VM...
[04:06:48] [+] Waiting 20s for boot...
[04:07:08] [+] Launching Dharma...
[04:07:09]     -> Dharma launched
[04:07:09] [+] Sleeping 59s (target T+60s)...
[04:08:08] [+] Snapshot at T+60s: Dharma_T060_rep02
[04:09:06]     -> Taken
[04:09:06] [+] Waiting 30s for VMware to flush vmem...
[04:09:36]   [VMEM] Copying -> D:\Patrick\VMSnapshots\Dharma_20260330_034041\T060_rep02\Dharma_T060_rep02.vmem
[04:10:04]   [VMEM] Copied 2048 MB
[04:10:06] [+] Run 8 complete.
[04:10:06] 
[04:10:06] ==========================================
[04:10:06]  RUN 9 / 25 - Dharma @ T+120s (rep 2)
[04:10:06] ==========================================
[04:10:06] [+] Stopping VM...
[04:10:09] [+] Reverting to CleanFamily5...
[04:10:10]     -> Reverted
[04:10:10] [+] Starting VM...
[04:10:24] [+] Waiting 20s for boot...
[04:10:44] [+] Launching Dharma...
[04:10:45]     -> Dharma launched
[04:10:45] [+] Sleeping 119s (target T+120s)...
[04:12:44] [+] Snapshot at T+120s: Dharma_T120_rep02
[04:13:49]     -> Taken
[04:13:49] [+] Waiting 30s for VMware to flush vmem...
[04:14:19]   [VMEM] Copying -> D:\Patrick\VMSnapshots\Dharma_20260330_034041\T120_rep02\Dharma_T120_rep02.vmem
[04:14:36]   [VMEM] Copied 2048 MB
[04:14:42] [+] Run 9 complete.
[04:14:42] 
[04:14:42] ==========================================
[04:14:42]  RUN 10 / 25 - Dharma @ T+180s (rep 2)
[04:14:42] ==========================================
[04:14:42] [+] Stopping VM...
[04:14:45] [+] Reverting to CleanFamily5...
[04:14:46]     -> Reverted
[04:14:46] [+] Starting VM...
[04:15:01] [+] Waiting 20s for boot...
[04:15:21] [+] Launching Dharma...
[04:15:22]     -> Dharma launched
[04:15:22] [+] Sleeping 179s (target T+180s)...
[04:18:21] [+] Snapshot at T+180s: Dharma_T180_rep02
[04:19:18]     -> Taken
[04:19:18] [+] Waiting 30s for VMware to flush vmem...
[04:19:48]   [VMEM] Copying -> D:\Patrick\VMSnapshots\Dharma_20260330_034041\T180_rep02\Dharma_T180_rep02.vmem
[04:19:58]   [VMEM] Copied 2048 MB
[04:20:43] [+] Run 10 complete.
[04:20:43] 
[04:20:43] ==========================================
[04:20:43]  RUN 11 / 25 - Dharma @ T+15s (rep 3)
[04:20:43] ==========================================
[04:20:43] [+] Stopping VM...
[04:20:46] [+] Reverting to CleanFamily5...
[04:20:47]     -> Reverted
[04:20:47] [+] Starting VM...
[04:21:02] [+] Waiting 20s for boot...
[04:21:22] [+] Launching Dharma...
[04:21:23]     -> Dharma launched
[04:21:23] [+] Sleeping 14s (target T+15s)...
[04:21:37] [+] Snapshot at T+15s: Dharma_T015_rep03
[04:22:33]     -> Taken
[04:22:33] [+] Waiting 30s for VMware to flush vmem...
[04:23:03]   [VMEM] Copying -> D:\Patrick\VMSnapshots\Dharma_20260330_034041\T015_rep03\Dharma_T015_rep03.vmem
[04:23:17]   [VMEM] Copied 2048 MB
[04:23:26] [+] Run 11 complete.
[04:23:26] 
[04:23:26] ==========================================
[04:23:26]  RUN 12 / 25 - Dharma @ T+30s (rep 3)
[04:23:26] ==========================================
[04:23:26] [+] Stopping VM...
[04:23:30] [+] Reverting to CleanFamily5...
[04:23:31]     -> Reverted
[04:23:31] [+] Starting VM...
[04:23:45] [+] Waiting 20s for boot...
[04:24:05] [+] Launching Dharma...
[04:24:06]     -> Dharma launched
[04:24:06] [+] Sleeping 29s (target T+30s)...
[04:24:35] [+] Snapshot at T+30s: Dharma_T030_rep03
[04:25:28]     -> Taken
[04:25:28] [+] Waiting 30s for VMware to flush vmem...
[04:25:58]   [VMEM] Copying -> D:\Patrick\VMSnapshots\Dharma_20260330_034041\T030_rep03\Dharma_T030_rep03.vmem
[04:26:15]   [VMEM] Copied 2048 MB
[04:26:20] [+] Run 12 complete.
[04:26:20] 
[04:26:20] ==========================================
[04:26:20]  RUN 13 / 25 - Dharma @ T+60s (rep 3)
[04:26:20] ==========================================
[04:26:20] [+] Stopping VM...
[04:26:24] [+] Reverting to CleanFamily5...
[04:26:25]     -> Reverted
[04:26:25] [+] Starting VM...
[04:26:42] [+] Waiting 20s for boot...
[04:27:02] [+] Launching Dharma...
[04:27:03]     -> Dharma launched
[04:27:03] [+] Sleeping 59s (target T+60s)...
[04:28:02] [+] Snapshot at T+60s: Dharma_T060_rep03
[04:29:00]     -> Taken
[04:29:00] [+] Waiting 30s for VMware to flush vmem...
[04:29:30]   [VMEM] Copying -> D:\Patrick\VMSnapshots\Dharma_20260330_034041\T060_rep03\Dharma_T060_rep03.vmem
[04:29:51]   [VMEM] Copied 2048 MB
[04:29:53] [+] Run 13 complete.
[04:29:53] 
[04:29:53] ==========================================
[04:29:53]  RUN 14 / 25 - Dharma @ T+120s (rep 3)
[04:29:53] ==========================================
[04:29:53] [+] Stopping VM...
[04:29:57] [+] Reverting to CleanFamily5...
[04:29:58]     -> Reverted
[04:29:58] [+] Starting VM...
[04:30:12] [+] Waiting 20s for boot...
[04:30:32] [+] Launching Dharma...
[04:30:32]     -> Dharma launched
[04:30:32] [+] Sleeping 119s (target T+120s)...
[04:32:31] [+] Snapshot at T+120s: Dharma_T120_rep03
[04:33:40]     -> Taken
[04:33:40] [+] Waiting 30s for VMware to flush vmem...
[04:34:10]   [VMEM] Copying -> D:\Patrick\VMSnapshots\Dharma_20260330_034041\T120_rep03\Dharma_T120_rep03.vmem
[04:34:26]   [VMEM] Copied 2048 MB
[04:34:34] [+] Run 14 complete.
[04:34:34] 
[04:34:34] ==========================================
[04:34:34]  RUN 15 / 25 - Dharma @ T+180s (rep 3)
[04:34:34] ==========================================
[04:34:34] [+] Stopping VM...
[04:34:37] [+] Reverting to CleanFamily5...
[04:34:38]     -> Reverted
[04:34:38] [+] Starting VM...
[04:34:53] [+] Waiting 20s for boot...
[04:35:13] [+] Launching Dharma...
[04:35:14]     -> Dharma launched
[04:35:14] [+] Sleeping 179s (target T+180s)...
[04:38:13] [+] Snapshot at T+180s: Dharma_T180_rep03
[04:39:09]     -> Taken
[04:39:09] [+] Waiting 30s for VMware to flush vmem...
[04:39:39]   [VMEM] Copying -> D:\Patrick\VMSnapshots\Dharma_20260330_034041\T180_rep03\Dharma_T180_rep03.vmem
[04:39:49]   [VMEM] Copied 2048 MB
[04:40:34] [+] Run 15 complete.
[04:40:34] 
[04:40:34] ==========================================
[04:40:34]  RUN 16 / 25 - Dharma @ T+15s (rep 4)
[04:40:34] ==========================================
[04:40:34] [+] Stopping VM...
[04:40:37] [+] Reverting to CleanFamily5...
[04:40:38]     -> Reverted
[04:40:38] [+] Starting VM...
[04:40:52] [+] Waiting 20s for boot...
[04:41:12] [+] Launching Dharma...
[04:41:13]     -> Dharma launched
[04:41:13] [+] Sleeping 14s (target T+15s)...
[04:41:27] [+] Snapshot at T+15s: Dharma_T015_rep04
[04:42:25]     -> Taken
[04:42:25] [+] Waiting 30s for VMware to flush vmem...
[04:42:55]   [VMEM] Copying -> D:\Patrick\VMSnapshots\Dharma_20260330_034041\T015_rep04\Dharma_T015_rep04.vmem
[04:43:07]   [VMEM] Copied 2048 MB
[04:43:16] [+] Run 16 complete.
[04:43:16] 
[04:43:16] ==========================================
[04:43:16]  RUN 17 / 25 - Dharma @ T+30s (rep 4)
[04:43:16] ==========================================
[04:43:16] [+] Stopping VM...
[04:43:20] [+] Reverting to CleanFamily5...
[04:43:21]     -> Reverted
[04:43:21] [+] Starting VM...
[04:43:38] [+] Waiting 20s for boot...
[04:43:58] [+] Launching Dharma...
[04:43:59]     -> Dharma launched
[04:43:59] [+] Sleeping 29s (target T+30s)...
[04:44:28] [+] Snapshot at T+30s: Dharma_T030_rep04
[04:45:23]     -> Taken
[04:45:23] [+] Waiting 30s for VMware to flush vmem...
[04:45:53]   [VMEM] Copying -> D:\Patrick\VMSnapshots\Dharma_20260330_034041\T030_rep04\Dharma_T030_rep04.vmem
[04:46:13]   [VMEM] Copied 2048 MB
[04:46:20] [+] Run 17 complete.
[04:46:20] 
[04:46:20] ==========================================
[04:46:20]  RUN 18 / 25 - Dharma @ T+60s (rep 4)
[04:46:20] ==========================================
[04:46:20] [+] Stopping VM...
[04:46:23] [+] Reverting to CleanFamily5...
[04:46:24]     -> Reverted
[04:46:24] [+] Starting VM...
[04:46:39] [+] Waiting 20s for boot...
[04:46:59] [+] Launching Dharma...
[04:47:00]     -> Dharma launched
[04:47:00] [+] Sleeping 59s (target T+60s)...
[04:47:59] [+] Snapshot at T+60s: Dharma_T060_rep04
[04:48:55]     -> Taken
[04:48:55] [+] Waiting 30s for VMware to flush vmem...
[04:49:25]   [VMEM] Copying -> D:\Patrick\VMSnapshots\Dharma_20260330_034041\T060_rep04\Dharma_T060_rep04.vmem
[04:49:42]   [VMEM] Copied 2048 MB
[04:49:45] [+] Run 18 complete.
[04:49:45] 
[04:49:45] ==========================================
[04:49:45]  RUN 19 / 25 - Dharma @ T+120s (rep 4)
[04:49:45] ==========================================
[04:49:45] [+] Stopping VM...
[04:49:48] [+] Reverting to CleanFamily5...
[04:49:49]     -> Reverted
[04:49:49] [+] Starting VM...
[04:50:06] [+] Waiting 20s for boot...
[04:50:26] [+] Launching Dharma...
[04:50:27]     -> Dharma launched
[04:50:27] [+] Sleeping 119s (target T+120s)...
[04:52:26] [+] Snapshot at T+120s: Dharma_T120_rep04
[04:53:33]     -> Taken
[04:53:33] [+] Waiting 30s for VMware to flush vmem...
[04:54:03]   [VMEM] Copying -> D:\Patrick\VMSnapshots\Dharma_20260330_034041\T120_rep04\Dharma_T120_rep04.vmem
[04:54:19]   [VMEM] Copied 2048 MB
[04:54:26] [+] Run 19 complete.
[04:54:26] 
[04:54:26] ==========================================
[04:54:26]  RUN 20 / 25 - Dharma @ T+180s (rep 4)
[04:54:26] ==========================================
[04:54:26] [+] Stopping VM...
[04:54:29] [+] Reverting to CleanFamily5...
[04:54:30]     -> Reverted
[04:54:30] [+] Starting VM...
[04:54:45] [+] Waiting 20s for boot...
[04:55:05] [+] Launching Dharma...
[04:55:06]     -> Dharma launched
[04:55:06] [+] Sleeping 179s (target T+180s)...
[04:58:05] [+] Snapshot at T+180s: Dharma_T180_rep04
[04:59:01]     -> Taken
[04:59:01] [+] Waiting 30s for VMware to flush vmem...
[04:59:31]   [VMEM] Copying -> D:\Patrick\VMSnapshots\Dharma_20260330_034041\T180_rep04\Dharma_T180_rep04.vmem
[04:59:39]   [VMEM] Copied 2048 MB
[05:00:31] [+] Run 20 complete.
[05:00:31] 
[05:00:31] ==========================================
[05:00:31]  RUN 21 / 25 - Dharma @ T+15s (rep 5)
[05:00:31] ==========================================
[05:00:31] [+] Stopping VM...
[05:00:34] [+] Reverting to CleanFamily5...
[05:00:35]     -> Reverted
[05:00:35] [+] Starting VM...
[05:00:53] [+] Waiting 20s for boot...
[05:01:13] [+] Launching Dharma...
[05:01:14]     -> Dharma launched
[05:01:14] [+] Sleeping 14s (target T+15s)...
[05:01:28] [+] Snapshot at T+15s: Dharma_T015_rep05
[05:02:23]     -> Taken
[05:02:23] [+] Waiting 30s for VMware to flush vmem...
[05:02:53]   [VMEM] Copying -> D:\Patrick\VMSnapshots\Dharma_20260330_034041\T015_rep05\Dharma_T015_rep05.vmem
[05:03:08]   [VMEM] Copied 2048 MB
[05:03:16] [+] Run 21 complete.
[05:03:16] 
[05:03:16] ==========================================
[05:03:16]  RUN 22 / 25 - Dharma @ T+30s (rep 5)
[05:03:16] ==========================================
[05:03:16] [+] Stopping VM...
[05:03:19] [+] Reverting to CleanFamily5...
[05:03:20]     -> Reverted
[05:03:20] [+] Starting VM...
[05:03:38] [+] Waiting 20s for boot...
[05:03:58] [+] Launching Dharma...
[05:03:58]     -> Dharma launched
[05:03:58] [+] Sleeping 29s (target T+30s)...
[05:04:27] [+] Snapshot at T+30s: Dharma_T030_rep05
[05:05:23]     -> Taken
[05:05:23] [+] Waiting 30s for VMware to flush vmem...
[05:05:53]   [VMEM] Copying -> D:\Patrick\VMSnapshots\Dharma_20260330_034041\T030_rep05\Dharma_T030_rep05.vmem
[05:06:11]   [VMEM] Copied 2048 MB
[05:06:16] [+] Run 22 complete.
[05:06:16] 
[05:06:16] ==========================================
[05:06:16]  RUN 23 / 25 - Dharma @ T+60s (rep 5)
[05:06:16] ==========================================
[05:06:16] [+] Stopping VM...
[05:06:19] [+] Reverting to CleanFamily5...
[05:06:20]     -> Reverted
[05:06:20] [+] Starting VM...
[05:06:34] [+] Waiting 20s for boot...
[05:06:54] [+] Launching Dharma...
[05:06:55]     -> Dharma launched
[05:06:55] [+] Sleeping 59s (target T+60s)...
[05:07:54] [+] Snapshot at T+60s: Dharma_T060_rep05
[05:08:51]     -> Taken
[05:08:51] [+] Waiting 30s for VMware to flush vmem...
[05:09:21]   [VMEM] Copying -> D:\Patrick\VMSnapshots\Dharma_20260330_034041\T060_rep05\Dharma_T060_rep05.vmem
[05:09:37]   [VMEM] Copied 2048 MB
[05:09:39] [+] Run 23 complete.
[05:09:39] 
[05:09:39] ==========================================
[05:09:39]  RUN 24 / 25 - Dharma @ T+120s (rep 5)
[05:09:39] ==========================================
[05:09:39] [+] Stopping VM...
[05:09:42] [+] Reverting to CleanFamily5...
[05:09:43]     -> Reverted
[05:09:43] [+] Starting VM...
[05:10:01] [+] Waiting 20s for boot...
[05:10:21] [+] Launching Dharma...
[05:10:22]     -> Dharma launched
[05:10:22] [+] Sleeping 119s (target T+120s)...
[05:12:21] [+] Snapshot at T+120s: Dharma_T120_rep05
[05:13:24]     -> Taken
[05:13:24] [+] Waiting 30s for VMware to flush vmem...
[05:13:54]   [VMEM] Copying -> D:\Patrick\VMSnapshots\Dharma_20260330_034041\T120_rep05\Dharma_T120_rep05.vmem
[05:14:14]   [VMEM] Copied 2048 MB
[05:14:20] [+] Run 24 complete.
[05:14:20] 
[05:14:20] ==========================================
[05:14:20]  RUN 25 / 25 - Dharma @ T+180s (rep 5)
[05:14:20] ==========================================
[05:14:20] [+] Stopping VM...
[05:14:23] [+] Reverting to CleanFamily5...
[05:14:24]     -> Reverted
[05:14:24] [+] Starting VM...
[05:14:39] [+] Waiting 20s for boot...
[05:14:59] [+] Launching Dharma...
[05:15:00]     -> Dharma launched
[05:15:00] [+] Sleeping 179s (target T+180s)...
[05:17:59] [+] Snapshot at T+180s: Dharma_T180_rep05
[05:18:56]     -> Taken
[05:18:56] [+] Waiting 30s for VMware to flush vmem...
[05:19:26]   [VMEM] Copying -> D:\Patrick\VMSnapshots\Dharma_20260330_034041\T180_rep05\Dharma_T180_rep05.vmem
[05:19:35]   [VMEM] Copied 2048 MB
[05:20:27] [+] Run 25 complete.
[05:20:27] 
[05:20:27] [+] All cycles done. Reverting to clean snapshot...
[05:20:31]     -> Reverted to CleanFamily5
[05:20:31] 
[05:20:31] ============================================
[05:20:31]  Session complete.
[05:20:31]  Family:  Dharma
[05:20:31]  Output:  D:\Patrick\VMSnapshots\Dharma_20260330_034041
[05:20:31] ============================================
