==================================================
 Volatility 3 Feature Extraction
 Family:    Benign
 Snapshot:  /mnt/d/Patrick/VMSnapshots/Datasets/Benign_20260409_121408/T060_rep08/Benign_T060_rep08_145401.vmem
 Started:   2026-04-09 18:41:05
==================================================

[+] Benign family — no PID filter, capturing all processes.
[+] Done: windows.pslist
[+] Done: windows.netstat
[+] Done: windows.privileges
[+] Done: windows.cmdline
[+] Done: windows.svcscan
[+] Done: windows.dlllist
[+] Done: windows.psscan
[+] Done: windows.ldrmodules
[+] Done: windows.filescan
[+] Done: windows.handles
[+] Done: windows.malfind
[+] Done: windows.vadinfo
    windows.pslist: 110 rows
    windows.psscan: 115 rows
    windows.cmdline: 110 rows
    windows.dlllist: 2926 rows
    windows.ldrmodules: 645 rows
    windows.malfind: 24 rows
    windows.vadinfo: 20620 rows
    windows.handles: 34329 rows
    windows.filescan: 4511 rows
    windows.svcscan: 0 rows
    windows.privileges: 3780 rows
    windows.netstat: 44 rows

[✓] CSV saved: /mnt/d/Patrick/VMSnapshots/Datasets/Benign_20260409_121408/T060_rep08/vol3_combined.csv
[✓] Total rows: 67214
[+] Done. Total time: 0:05:15.239542
[+] Output directory: /mnt/d/Patrick/VMSnapshots/Datasets/Benign_20260409_121408/T060_rep08
