==================================================
 Volatility 3 Feature Extraction
 Family:    WannaCry
 Snapshot:  /mnt/d/Patrick/VMSnapshots/WannaCry_20260330_065934/T120_rep02/WannaCry_T120_rep02.vmem
 Started:   2026-03-30 17:29:24
==================================================

[+] Running windows.pstree to find WannaCry PIDs (hints: ['wannacry', 'tasksche', 'mssecsvc'])...
    -> Parsed 96 processes
    [+] Found WannaCry process: WannaCry.exe PID=8912
    [+] Added child: @WanaDecryptor PID=8672
    [+] Added child: taskhsvc.exe PID=6992
    [+] Added child: conhost.exe PID=7004
    [+] Added child: @WanaDecryptor PID=6676
    [+] Total WannaCry PIDs: ['6676', '6992', '7004', '8672', '8912']
[+] Done: windows.cmdline
[+] Done: windows.pslist
[+] Done: windows.privileges
[+] Done: windows.netstat
[+] Done: windows.svcscan
[+] Done: windows.dlllist
[+] Done: windows.psscan
[+] Done: windows.ldrmodules
[+] Done: windows.filescan
[+] Done: windows.handles
[+] Done: windows.malfind
[+] Done: windows.vadinfo
    windows.pslist: 5 rows
    windows.psscan: 5 rows
    windows.cmdline: 5 rows
    windows.dlllist: 175 rows
    windows.ldrmodules: 2 rows
    windows.malfind: 0 rows
    windows.vadinfo: 416 rows
    windows.handles: 786 rows
    windows.filescan: 3940 rows
    windows.svcscan: 0 rows
    windows.privileges: 175 rows
    windows.netstat: 45 rows

[✓] CSV saved: /mnt/d/Patrick/VMSnapshots/WannaCry_20260330_065934/T120_rep02/vol3_combined.csv
[✓] Total rows: 5554
[+] Done. Total time: 0:03:37.356412
[+] Output directory: /mnt/d/Patrick/VMSnapshots/WannaCry_20260330_065934/T120_rep02
