==================================================
 Volatility 3 Feature Extraction
 Family:    Jigsaw
 Snapshot:  /mnt/d/Patrick/VMSnapshots/Jigsaw_20260326_171020/T180_rep04/Jigsaw_T180_rep04.vmem
 Started:   2026-03-29 17:39:19
==================================================

[+] Running windows.pstree to find Jigsaw PIDs (hints: ['jigsaw'])...
    -> Parsed 88 processes
    [!] No Jigsaw processes found. Running without PID filter.

[+] Running windows.pslist...
    88 rows

[+] Running windows.psscan...
    92 rows

[+] Running windows.cmdline...
    88 rows

[+] Running windows.dlllist...
    5107 rows

[+] Running windows.ldrmodules...
    136 rows

[+] Running windows.malfind...
    14 rows

[+] Running windows.vadinfo...
    15532 rows

[+] Running windows.handles...
    37130 rows

[+] Running windows.filescan...
    4432 rows

[+] Running windows.svcscan...
    1416 rows

[+] Running windows.privileges...
    3080 rows

[+] Running windows.netstat...
    41 rows

[✓] CSV saved: /mnt/d/Patrick/VMSnapshots/Jigsaw_20260326_171020/T180_rep04/vol3_combined.csv
[✓] Total rows: 67156
[+] Done. Total time: 0:07:20.654672
[+] Output directory: /mnt/d/Patrick/VMSnapshots/Jigsaw_20260326_171020/T180_rep04
