==================================================
 Volatility 3 Feature Extraction
 Family:    Jigsaw
 Snapshot:  /mnt/d/Patrick/VMSnapshots/Jigsaw_20260326_171020/T120_rep04/Jigsaw_T120_rep04.vmem
 Started:   2026-03-29 16:47:37
==================================================

[+] Running windows.pstree to find Jigsaw PIDs (hints: ['jigsaw'])...
    -> Parsed 89 processes
    [!] No Jigsaw processes found. Running without PID filter.

[+] Running windows.pslist...
    89 rows

[+] Running windows.psscan...
    91 rows

[+] Running windows.cmdline...
    89 rows

[+] Running windows.dlllist...
    5137 rows

[+] Running windows.ldrmodules...
    133 rows

[+] Running windows.malfind...
    9 rows

[+] Running windows.vadinfo...
    15820 rows

[+] Running windows.handles...
    37555 rows

[+] Running windows.filescan...
    4323 rows

[+] Running windows.svcscan...
    1412 rows

[+] Running windows.privileges...
    3115 rows

[+] Running windows.netstat...
    41 rows

[✓] CSV saved: /mnt/d/Patrick/VMSnapshots/Jigsaw_20260326_171020/T120_rep04/vol3_combined.csv
[✓] Total rows: 67814
[+] Done. Total time: 0:07:33.820542
[+] Output directory: /mnt/d/Patrick/VMSnapshots/Jigsaw_20260326_171020/T120_rep04
