==================================================
 Volatility 3 Feature Extraction
 Family:    Cerber
 Snapshot:  /mnt/d/Patrick/VMSnapshots/Cerber_20260326_150808/T180_rep04/Cerber_T180_rep04.vmem
 Started:   2026-03-29 18:24:32
==================================================

[+] Running windows.pstree to find Cerber PIDs (hints: ['cerber'])...
    -> Parsed 91 processes
    [!] No Cerber processes found. Running without PID filter.

[+] Running windows.pslist...
    91 rows

[+] Running windows.psscan...
    97 rows

[+] Running windows.cmdline...
    91 rows

[+] Running windows.dlllist...
    5278 rows

[+] Running windows.ldrmodules...
    86 rows

[+] Running windows.malfind...
    14 rows

[+] Running windows.vadinfo...
    16079 rows

[+] Running windows.handles...
    39210 rows

[+] Running windows.filescan...
    4762 rows

[+] Running windows.svcscan...
    1430 rows

[+] Running windows.privileges...
    3185 rows

[+] Running windows.netstat...
    41 rows

[✓] CSV saved: /mnt/d/Patrick/VMSnapshots/Cerber_20260326_150808/T180_rep04/vol3_combined.csv
[✓] Total rows: 70364
[+] Done. Total time: 0:07:36.759539
[+] Output directory: /mnt/d/Patrick/VMSnapshots/Cerber_20260326_150808/T180_rep04
