==================================================
 Volatility 3 Feature Extraction
 Family:    Cerber
 Snapshot:  /mnt/d/Patrick/VMSnapshots/Cerber_20260326_150808/T120_rep02/Cerber_T120_rep02.vmem
 Started:   2026-03-29 17:28:52
==================================================

[+] Running windows.pstree to find Cerber PIDs (hints: ['cerber'])...
    -> Parsed 94 processes
    [!] No Cerber processes found. Running without PID filter.

[+] Running windows.pslist...
    94 rows

[+] Running windows.psscan...
    97 rows

[+] Running windows.cmdline...
    94 rows

[+] Running windows.dlllist...
    4679 rows

[+] Running windows.ldrmodules...
    124 rows

[+] Running windows.malfind...
    1 rows

[+] Running windows.vadinfo...
    16425 rows

[+] Running windows.handles...
    37128 rows

[+] Running windows.filescan...
    4021 rows

[+] Running windows.svcscan...
    1384 rows

[+] Running windows.privileges...
    3290 rows

[+] Running windows.netstat...
    41 rows

[✓] CSV saved: /mnt/d/Patrick/VMSnapshots/Cerber_20260326_150808/T120_rep02/vol3_combined.csv
[✓] Total rows: 67378
[+] Done. Total time: 0:08:08.984099
[+] Output directory: /mnt/d/Patrick/VMSnapshots/Cerber_20260326_150808/T120_rep02
