==================================================
 Volatility 3 Feature Extraction
 Family:    Dharma
 Snapshot:  /mnt/d/Patrick/VMSnapshots/Dharma_20260329_230514/T060_rep03/Dharma_T060_rep03.vmem
 Started:   2026-03-30 11:58:44
==================================================

[+] Running windows.pstree to find Dharma PIDs (hints: ['dharma', 'csrss'])...
    -> Parsed 102 processes
    [+] Found Dharma process: csrss.exe PID=420
    [+] Found Dharma process: Dharma.exe PID=908
    [+] Found Dharma process: csrss.exe PID=504
    [+] Added child: cmd.exe PID=4920
    [+] Added child: mode.com PID=752
    [+] Added child: vssadmin.exe PID=8064
    [+] Added child: mshta.exe PID=6900
    [+] Added child: cmd.exe PID=8336
    [+] Added child: mode.com PID=2816
    [+] Added child: vssadmin.exe PID=4840
    [+] Added child: mshta.exe PID=5460
    [+] Total Dharma PIDs: ['420', '504', '752', '908', '2816', '4840', '4920', '5460', '6900', '8064', '8336']
[+] Done: windows.pslist
[+] Done: windows.privileges
[+] Done: windows.netstat
[+] Done: windows.cmdline
[+] Done: windows.svcscan
[+] Done: windows.dlllist
[+] Done: windows.ldrmodules
[+] Done: windows.psscan
[+] Done: windows.handles
[+] Done: windows.filescan
[+] Done: windows.malfind
[+] Done: windows.vadinfo
    windows.pslist: 11 rows
    windows.psscan: 11 rows
    windows.cmdline: 11 rows
    windows.dlllist: 205 rows
    windows.ldrmodules: 176 rows
    windows.malfind: 9 rows
    windows.vadinfo: 665 rows
    windows.handles: 1952 rows
    windows.filescan: 7160 rows
    windows.svcscan: 0 rows
    windows.privileges: 385 rows
    windows.netstat: 40 rows

[✓] CSV saved: /mnt/d/Patrick/VMSnapshots/Dharma_20260329_230514/T060_rep03/vol3_combined.csv
[✓] Total rows: 10625
[+] Done. Total time: 0:04:02.664808
[+] Output directory: /mnt/d/Patrick/VMSnapshots/Dharma_20260329_230514/T060_rep03
