==================================================
 Volatility 3 Feature Extraction
 Family:    Benign
 Snapshot:  /mnt/d/Patrick/VMSnapshots/Datasets/Benign_20260409_121408/T015_rep02/Benign_T015_rep02_123755.vmem
 Started:   2026-04-09 16:42:22
==================================================

[+] Benign family — no PID filter, capturing all processes.
[+] Done: windows.pslist
[+] Done: windows.privileges
[+] Done: windows.netstat
[+] Done: windows.cmdline
[+] Done: windows.svcscan
[+] Done: windows.dlllist
[+] Done: windows.psscan
[+] Done: windows.ldrmodules
[+] Done: windows.filescan
[+] Done: windows.handles
[+] Done: windows.malfind
[+] Done: windows.vadinfo
    windows.pslist: 111 rows
    windows.psscan: 113 rows
    windows.cmdline: 111 rows
    windows.dlllist: 2518 rows
    windows.ldrmodules: 847 rows
    windows.malfind: 26 rows
    windows.vadinfo: 21053 rows
    windows.handles: 35326 rows
    windows.filescan: 4248 rows
    windows.svcscan: 0 rows
    windows.privileges: 3815 rows
    windows.netstat: 44 rows

[✓] CSV saved: /mnt/d/Patrick/VMSnapshots/Datasets/Benign_20260409_121408/T015_rep02/vol3_combined.csv
[✓] Total rows: 68212
[+] Done. Total time: 0:05:48.228708
[+] Output directory: /mnt/d/Patrick/VMSnapshots/Datasets/Benign_20260409_121408/T015_rep02
