==================================================
 Volatility 3 Feature Extraction
 Family:    Cerber
 Snapshot:  /mnt/d/Patrick/VMSnapshots/Cerber_20260330_020139/T015_rep04/Cerber_T015_rep04.vmem
 Started:   2026-03-30 10:33:35
==================================================

[+] Running windows.pstree to find Cerber PIDs (hints: ['cerber'])...
    -> Parsed 89 processes
    [+] Found Cerber process: cerber.exe PID=1916
    [+] Total Cerber PIDs: ['1916']
[+] Done: windows.privileges
[+] Done: windows.pslist
[+] Done: windows.netstat
[+] Done: windows.cmdline
[+] Done: windows.dlllist
[+] Done: windows.svcscan
[+] Done: windows.psscan
[+] Done: windows.ldrmodules
[+] Done: windows.filescan
[+] Done: windows.handles
[+] Done: windows.malfind
[+] Done: windows.vadinfo
    windows.pslist: 1 rows
    windows.psscan: 1 rows
    windows.cmdline: 1 rows
    windows.dlllist: 59 rows
    windows.ldrmodules: 63 rows
    windows.malfind: 9 rows
    windows.vadinfo: 143 rows
    windows.handles: 268 rows
    windows.filescan: 5836 rows
    windows.svcscan: 1379 rows
    windows.privileges: 35 rows
    windows.netstat: 41 rows

[✓] CSV saved: /mnt/d/Patrick/VMSnapshots/Cerber_20260330_020139/T015_rep04/vol3_combined.csv
[✓] Total rows: 7836
[+] Done. Total time: 0:03:39.686107
[+] Output directory: /mnt/d/Patrick/VMSnapshots/Cerber_20260330_020139/T015_rep04
