==================================================
 Volatility 3 Feature Extraction
 Family:    Benign
 Snapshot:  /mnt/d/Patrick/VMSnapshots/Datasets/Benign_20260409_121408/T120_rep02/Benign_T120_rep02_125006.vmem
 Started:   2026-04-09 19:01:14
==================================================

[+] Benign family — no PID filter, capturing all processes.
[+] Done: windows.pslist
[+] Done: windows.netstat
[+] Done: windows.privileges
[+] Done: windows.cmdline
[+] Done: windows.dlllist
[+] Done: windows.svcscan
[+] Done: windows.psscan
[+] Done: windows.ldrmodules
[+] Done: windows.filescan
[+] Done: windows.handles
[+] Done: windows.malfind
[+] Done: windows.vadinfo
    windows.pslist: 98 rows
    windows.psscan: 108 rows
    windows.cmdline: 98 rows
    windows.dlllist: 5381 rows
    windows.ldrmodules: 305 rows
    windows.malfind: 3 rows
    windows.vadinfo: 17994 rows
    windows.handles: 39728 rows
    windows.filescan: 6110 rows
    windows.svcscan: 1356 rows
    windows.privileges: 3430 rows
    windows.netstat: 40 rows

[✓] CSV saved: /mnt/d/Patrick/VMSnapshots/Datasets/Benign_20260409_121408/T120_rep02/vol3_combined.csv
[✓] Total rows: 74651
[+] Done. Total time: 0:04:16.749656
[+] Output directory: /mnt/d/Patrick/VMSnapshots/Datasets/Benign_20260409_121408/T120_rep02
