==================================================
 Volatility 3 Feature Extraction
 Family:    Cerber
 Snapshot:  /mnt/d/Patrick/VMSnapshots/Cerber_20260330_020139/T060_rep05/Cerber_T060_rep05.vmem
 Started:   2026-03-30 11:14:18
==================================================

[+] Running windows.pstree to find Cerber PIDs (hints: ['cerber'])...
    -> Parsed 90 processes
    [!] No Cerber processes found. Running without PID filter.
[+] Done: windows.privileges
[+] Done: windows.pslist
[+] Done: windows.netstat
[+] Done: windows.cmdline
[+] Done: windows.dlllist
[+] Done: windows.svcscan
[+] Done: windows.psscan
[+] Done: windows.ldrmodules
[+] Done: windows.filescan
[+] Done: windows.handles
[+] Done: windows.malfind
[+] Done: windows.vadinfo
    windows.pslist: 90 rows
    windows.psscan: 102 rows
    windows.cmdline: 90 rows
    windows.dlllist: 5080 rows
    windows.ldrmodules: 245 rows
    windows.malfind: 4 rows
    windows.vadinfo: 16565 rows
    windows.handles: 37954 rows
    windows.filescan: 5869 rows
    windows.svcscan: 1379 rows
    windows.privileges: 3150 rows
    windows.netstat: 40 rows

[✓] CSV saved: /mnt/d/Patrick/VMSnapshots/Cerber_20260330_020139/T060_rep05/vol3_combined.csv
[✓] Total rows: 70568
[+] Done. Total time: 0:03:49.067018
[+] Output directory: /mnt/d/Patrick/VMSnapshots/Cerber_20260330_020139/T060_rep05
